[2026-03-31T01:53:19.542+0200] {local_task_job_runner.py:120} INFO - ::group::Pre task execution logs
[2026-03-31T01:53:19.584+0200] {taskinstance.py:2076} INFO - Dependencies all met for dep_context=non-requeueable deps ti=<TaskInstance: etl_api_to_bi.dbt_deps manual__2026-03-30T23:53:17.146949+00:00 [queued]>
[2026-03-31T01:53:19.593+0200] {taskinstance.py:2076} INFO - Dependencies all met for dep_context=requeueable deps ti=<TaskInstance: etl_api_to_bi.dbt_deps manual__2026-03-30T23:53:17.146949+00:00 [queued]>
[2026-03-31T01:53:19.594+0200] {taskinstance.py:2306} INFO - Starting attempt 1 of 3
[2026-03-31T01:53:19.610+0200] {taskinstance.py:2330} INFO - Executing <Task(BashOperator): dbt_deps> on 2026-03-30 23:53:17.146949+00:00
[2026-03-31T01:53:19.617+0200] {standard_task_runner.py:64} INFO - Started process 593 to run task
[2026-03-31T01:53:19.620+0200] {standard_task_runner.py:90} INFO - Running: ['airflow', 'tasks', 'run', 'etl_api_to_bi', 'dbt_deps', 'manual__2026-03-30T23:53:17.146949+00:00', '--job-id', '80', '--raw', '--subdir', 'DAGS_FOLDER/etl_api_to_bi.py', '--cfg-path', '/tmp/tmpp6u5ar4x']
[2026-03-31T01:53:19.623+0200] {standard_task_runner.py:91} INFO - Job 80: Subtask dbt_deps
[2026-03-31T01:53:19.701+0200] {task_command.py:426} INFO - Running <TaskInstance: etl_api_to_bi.dbt_deps manual__2026-03-30T23:53:17.146949+00:00 [running]> on host 533e6543a790
[2026-03-31T01:53:19.960+0200] {taskinstance.py:2648} INFO - Exporting env vars: AIRFLOW_CTX_DAG_OWNER='data' AIRFLOW_CTX_DAG_ID='etl_api_to_bi' AIRFLOW_CTX_TASK_ID='dbt_deps' AIRFLOW_CTX_EXECUTION_DATE='2026-03-30T23:53:17.146949+00:00' AIRFLOW_CTX_TRY_NUMBER='1' AIRFLOW_CTX_DAG_RUN_ID='manual__2026-03-30T23:53:17.146949+00:00'
[2026-03-31T01:53:19.961+0200] {taskinstance.py:430} INFO - ::endgroup::
[2026-03-31T01:53:19.972+0200] {subprocess.py:63} INFO - Tmp dir root location: /tmp
[2026-03-31T01:53:19.973+0200] {subprocess.py:75} INFO - Running command: ['/usr/bin/bash', '-c', "docker exec dbt bash -lc 'cd /usr/app && dbt deps --profiles-dir /root/.dbt'"]
[2026-03-31T01:53:19.984+0200] {subprocess.py:86} INFO - Output:
[2026-03-31T01:53:21.857+0200] {subprocess.py:93} INFO - [0m23:53:21  Running with dbt=1.8.3
[2026-03-31T01:53:22.668+0200] {subprocess.py:93} INFO - [0m23:53:22  Installing dbt-labs/dbt_utils
[2026-03-31T01:53:27.206+0200] {subprocess.py:93} INFO - [0m23:53:27  Installed from version 1.3.3
[2026-03-31T01:53:27.208+0200] {subprocess.py:93} INFO - [0m23:53:27  Up to date!
[2026-03-31T01:53:27.931+0200] {subprocess.py:97} INFO - Command exited with return code 0
[2026-03-31T01:53:27.932+0200] {taskinstance.py:441} INFO - ::group::Post task execution logs
[2026-03-31T01:53:27.964+0200] {taskinstance.py:1206} INFO - Marking task as SUCCESS. dag_id=etl_api_to_bi, task_id=dbt_deps, run_id=manual__2026-03-30T23:53:17.146949+00:00, execution_date=20260330T235317, start_date=20260330T235319, end_date=20260330T235327
[2026-03-31T01:53:28.005+0200] {local_task_job_runner.py:243} INFO - Task exited with return code 0
[2026-03-31T01:53:28.027+0200] {taskinstance.py:3503} INFO - 1 downstream tasks scheduled from follow-on schedule check
[2026-03-31T01:53:28.029+0200] {local_task_job_runner.py:222} INFO - ::endgroup::
