[2026-03-28T02:24:04.529+0100] {manager.py:470} INFO - Processing files using up to 2 processes at a time 
[2026-03-28T02:24:04.531+0100] {manager.py:471} INFO - Process each file at most once every 30 seconds
[2026-03-28T02:24:04.533+0100] {manager.py:472} INFO - Checking for new files in /opt/airflow/dags every 300 seconds
[2026-03-28T02:24:04.535+0100] {manager.py:737} INFO - Searching for files in /opt/airflow/dags
[2026-03-28T02:24:04.575+0100] {manager.py:740} INFO - There are 1 files in /opt/airflow/dags
[2026-03-28T02:24:04.816+0100] {manager.py:878} INFO - 
================================================================================
DAG File Processing Stats

File Path                             PID  Runtime      # DAGs    # Errors  Last Runtime    Last Run
----------------------------------  -----  ---------  --------  ----------  --------------  ----------
/opt/airflow/dags/etl_api_to_bi.py    172  0.06s             0           0
================================================================================
[2026-03-28T02:24:35.024+0100] {manager.py:878} INFO - 
================================================================================
DAG File Processing Stats

File Path                           PID    Runtime      # DAGs    # Errors  Last Runtime    Last Run
----------------------------------  -----  ---------  --------  ----------  --------------  -------------------
/opt/airflow/dags/etl_api_to_bi.py                           1           0  0.64s           2026-03-28T01:24:05
================================================================================
[2026-03-28T02:25:05.030+0100] {manager.py:878} INFO - 
================================================================================
DAG File Processing Stats

File Path                           PID    Runtime      # DAGs    # Errors  Last Runtime    Last Run
----------------------------------  -----  ---------  --------  ----------  --------------  -------------------
/opt/airflow/dags/etl_api_to_bi.py                           1           0  0.17s           2026-03-28T01:24:35
================================================================================
[2026-03-28T02:25:35.317+0100] {manager.py:878} INFO - 
================================================================================
DAG File Processing Stats

File Path                           PID    Runtime      # DAGs    # Errors  Last Runtime    Last Run
----------------------------------  -----  ---------  --------  ----------  --------------  -------------------
/opt/airflow/dags/etl_api_to_bi.py                           1           0  0.16s           2026-03-28T01:25:06
================================================================================
[2026-03-28T02:26:05.622+0100] {manager.py:878} INFO - 
================================================================================
DAG File Processing Stats

File Path                           PID    Runtime      # DAGs    # Errors  Last Runtime    Last Run
----------------------------------  -----  ---------  --------  ----------  --------------  -------------------
/opt/airflow/dags/etl_api_to_bi.py                           1           0  0.31s           2026-03-28T01:25:36
================================================================================
[2026-03-28T02:26:36.202+0100] {manager.py:878} INFO - 
================================================================================
DAG File Processing Stats

File Path                           PID    Runtime      # DAGs    # Errors  Last Runtime    Last Run
----------------------------------  -----  ---------  --------  ----------  --------------  -------------------
/opt/airflow/dags/etl_api_to_bi.py                           1           0  0.35s           2026-03-28T01:26:07
================================================================================
[2026-03-28T02:27:06.987+0100] {manager.py:878} INFO - 
================================================================================
DAG File Processing Stats

File Path                           PID    Runtime      # DAGs    # Errors  Last Runtime    Last Run
----------------------------------  -----  ---------  --------  ----------  --------------  -------------------
/opt/airflow/dags/etl_api_to_bi.py                           1           0  0.35s           2026-03-28T01:26:37
================================================================================
[2026-03-28T02:27:37.291+0100] {manager.py:878} INFO - 
================================================================================
DAG File Processing Stats

File Path                           PID    Runtime      # DAGs    # Errors  Last Runtime    Last Run
----------------------------------  -----  ---------  --------  ----------  --------------  -------------------
/opt/airflow/dags/etl_api_to_bi.py                           1           0  0.15s           2026-03-28T01:27:08
================================================================================
[2026-03-28T02:28:07.705+0100] {manager.py:878} INFO - 
================================================================================
DAG File Processing Stats

File Path                           PID    Runtime      # DAGs    # Errors  Last Runtime    Last Run
----------------------------------  -----  ---------  --------  ----------  --------------  -------------------
/opt/airflow/dags/etl_api_to_bi.py                           1           0  0.15s           2026-03-28T01:27:38
================================================================================
[2026-03-28T02:28:38.025+0100] {manager.py:878} INFO - 
================================================================================
DAG File Processing Stats

File Path                           PID    Runtime      # DAGs    # Errors  Last Runtime    Last Run
----------------------------------  -----  ---------  --------  ----------  --------------  -------------------
/opt/airflow/dags/etl_api_to_bi.py                           1           0  0.17s           2026-03-28T01:28:08
================================================================================
[2026-03-28T02:29:05.421+0100] {manager.py:737} INFO - Searching for files in /opt/airflow/dags
[2026-03-28T02:29:05.473+0100] {manager.py:740} INFO - There are 1 files in /opt/airflow/dags
[2026-03-28T02:29:08.518+0100] {manager.py:878} INFO - 
================================================================================
DAG File Processing Stats

File Path                           PID    Runtime      # DAGs    # Errors  Last Runtime    Last Run
----------------------------------  -----  ---------  --------  ----------  --------------  -------------------
/opt/airflow/dags/etl_api_to_bi.py                           1           0  0.18s           2026-03-28T01:28:39
================================================================================
[2026-03-28T02:29:38.824+0100] {manager.py:878} INFO - 
================================================================================
DAG File Processing Stats

File Path                           PID    Runtime      # DAGs    # Errors  Last Runtime    Last Run
----------------------------------  -----  ---------  --------  ----------  --------------  -------------------
/opt/airflow/dags/etl_api_to_bi.py                           1           0  0.19s           2026-03-28T01:29:09
================================================================================
[2026-03-28T02:30:09.279+0100] {manager.py:878} INFO - 
================================================================================
DAG File Processing Stats

File Path                           PID    Runtime      # DAGs    # Errors  Last Runtime    Last Run
----------------------------------  -----  ---------  --------  ----------  --------------  -------------------
/opt/airflow/dags/etl_api_to_bi.py                           1           0  0.15s           2026-03-28T01:29:40
================================================================================
[2026-03-28T02:30:39.559+0100] {manager.py:878} INFO - 
================================================================================
DAG File Processing Stats

File Path                           PID    Runtime      # DAGs    # Errors  Last Runtime    Last Run
----------------------------------  -----  ---------  --------  ----------  --------------  -------------------
/opt/airflow/dags/etl_api_to_bi.py                           1           0  0.17s           2026-03-28T01:30:10
================================================================================
[2026-03-28T02:31:09.966+0100] {manager.py:878} INFO - 
================================================================================
DAG File Processing Stats

File Path                           PID    Runtime      # DAGs    # Errors  Last Runtime    Last Run
----------------------------------  -----  ---------  --------  ----------  --------------  -------------------
/opt/airflow/dags/etl_api_to_bi.py                           1           0  0.19s           2026-03-28T01:30:40
================================================================================
[2026-03-28T02:31:40.260+0100] {manager.py:878} INFO - 
================================================================================
DAG File Processing Stats

File Path                           PID    Runtime      # DAGs    # Errors  Last Runtime    Last Run
----------------------------------  -----  ---------  --------  ----------  --------------  -------------------
/opt/airflow/dags/etl_api_to_bi.py                           1           0  0.17s           2026-03-28T01:31:11
================================================================================
[2026-03-28T02:32:10.643+0100] {manager.py:878} INFO - 
================================================================================
DAG File Processing Stats

File Path                           PID    Runtime      # DAGs    # Errors  Last Runtime    Last Run
----------------------------------  -----  ---------  --------  ----------  --------------  -------------------
/opt/airflow/dags/etl_api_to_bi.py                           1           0  0.17s           2026-03-28T01:31:41
================================================================================
[2026-03-28T02:32:40.922+0100] {manager.py:878} INFO - 
================================================================================
DAG File Processing Stats

File Path                           PID    Runtime      # DAGs    # Errors  Last Runtime    Last Run
----------------------------------  -----  ---------  --------  ----------  --------------  -------------------
/opt/airflow/dags/etl_api_to_bi.py                           1           0  0.18s           2026-03-28T01:32:11
================================================================================
[2026-03-28T02:33:11.317+0100] {manager.py:878} INFO - 
================================================================================
DAG File Processing Stats

File Path                           PID    Runtime      # DAGs    # Errors  Last Runtime    Last Run
----------------------------------  -----  ---------  --------  ----------  --------------  -------------------
/opt/airflow/dags/etl_api_to_bi.py                           1           0  0.16s           2026-03-28T01:32:42
================================================================================
[2026-03-28T02:33:41.597+0100] {manager.py:878} INFO - 
================================================================================
DAG File Processing Stats

File Path                           PID    Runtime      # DAGs    # Errors  Last Runtime    Last Run
----------------------------------  -----  ---------  --------  ----------  --------------  -------------------
/opt/airflow/dags/etl_api_to_bi.py                           1           0  0.18s           2026-03-28T01:33:12
================================================================================
[2026-03-28T02:34:05.960+0100] {manager.py:737} INFO - Searching for files in /opt/airflow/dags
[2026-03-28T02:34:06.001+0100] {manager.py:740} INFO - There are 1 files in /opt/airflow/dags
[2026-03-28T02:34:12.067+0100] {manager.py:878} INFO - 
================================================================================
DAG File Processing Stats

File Path                           PID    Runtime      # DAGs    # Errors  Last Runtime    Last Run
----------------------------------  -----  ---------  --------  ----------  --------------  -------------------
/opt/airflow/dags/etl_api_to_bi.py                           1           0  0.17s           2026-03-28T01:33:42
================================================================================
[2026-03-28T02:34:42.367+0100] {manager.py:878} INFO - 
================================================================================
DAG File Processing Stats

File Path                           PID    Runtime      # DAGs    # Errors  Last Runtime    Last Run
----------------------------------  -----  ---------  --------  ----------  --------------  -------------------
/opt/airflow/dags/etl_api_to_bi.py                           1           0  0.15s           2026-03-28T01:34:13
================================================================================
[2026-03-28T02:35:12.771+0100] {manager.py:878} INFO - 
================================================================================
DAG File Processing Stats

File Path                           PID    Runtime      # DAGs    # Errors  Last Runtime    Last Run
----------------------------------  -----  ---------  --------  ----------  --------------  -------------------
/opt/airflow/dags/etl_api_to_bi.py                           1           0  0.17s           2026-03-28T01:34:43
================================================================================
[2026-03-28T02:35:43.134+0100] {manager.py:878} INFO - 
================================================================================
DAG File Processing Stats

File Path                           PID    Runtime      # DAGs    # Errors  Last Runtime    Last Run
----------------------------------  -----  ---------  --------  ----------  --------------  -------------------
/opt/airflow/dags/etl_api_to_bi.py                           1           0  0.19s           2026-03-28T01:35:13
================================================================================
[2026-03-28T02:36:13.540+0100] {manager.py:878} INFO - 
================================================================================
DAG File Processing Stats

File Path                           PID    Runtime      # DAGs    # Errors  Last Runtime    Last Run
----------------------------------  -----  ---------  --------  ----------  --------------  -------------------
/opt/airflow/dags/etl_api_to_bi.py                           1           0  0.18s           2026-03-28T01:35:44
================================================================================
[2026-03-28T02:36:43.864+0100] {manager.py:878} INFO - 
================================================================================
DAG File Processing Stats

File Path                           PID    Runtime      # DAGs    # Errors  Last Runtime    Last Run
----------------------------------  -----  ---------  --------  ----------  --------------  -------------------
/opt/airflow/dags/etl_api_to_bi.py                           1           0  0.18s           2026-03-28T01:36:14
================================================================================
[2026-03-28T02:36:44.645+0100] {manager.py:452} INFO - Exiting gracefully upon receiving signal 15
