[2026-03-31T01:23:14.073+0200] {local_task_job_runner.py:120} INFO - ::group::Pre task execution logs
[2026-03-31T01:23:14.116+0200] {taskinstance.py:2076} INFO - Dependencies all met for dep_context=non-requeueable deps ti=<TaskInstance: etl_api_to_bi.dbt_build manual__2026-03-30T23:23:00.295902+00:00 [queued]>
[2026-03-31T01:23:14.126+0200] {taskinstance.py:2076} INFO - Dependencies all met for dep_context=requeueable deps ti=<TaskInstance: etl_api_to_bi.dbt_build manual__2026-03-30T23:23:00.295902+00:00 [queued]>
[2026-03-31T01:23:14.127+0200] {taskinstance.py:2306} INFO - Starting attempt 1 of 3
[2026-03-31T01:23:14.146+0200] {taskinstance.py:2330} INFO - Executing <Task(BashOperator): dbt_build> on 2026-03-30 23:23:00.295902+00:00
[2026-03-31T01:23:14.152+0200] {standard_task_runner.py:64} INFO - Started process 1144 to run task
[2026-03-31T01:23:14.155+0200] {standard_task_runner.py:90} INFO - Running: ['airflow', 'tasks', 'run', 'etl_api_to_bi', 'dbt_build', 'manual__2026-03-30T23:23:00.295902+00:00', '--job-id', '53', '--raw', '--subdir', 'DAGS_FOLDER/etl_api_to_bi.py', '--cfg-path', '/tmp/tmppe2zo2po']
[2026-03-31T01:23:14.160+0200] {standard_task_runner.py:91} INFO - Job 53: Subtask dbt_build
[2026-03-31T01:23:14.252+0200] {task_command.py:426} INFO - Running <TaskInstance: etl_api_to_bi.dbt_build manual__2026-03-30T23:23:00.295902+00:00 [running]> on host fcaa2f07ee84
[2026-03-31T01:23:14.474+0200] {taskinstance.py:2648} INFO - Exporting env vars: AIRFLOW_CTX_DAG_OWNER='data' AIRFLOW_CTX_DAG_ID='etl_api_to_bi' AIRFLOW_CTX_TASK_ID='dbt_build' AIRFLOW_CTX_EXECUTION_DATE='2026-03-30T23:23:00.295902+00:00' AIRFLOW_CTX_TRY_NUMBER='1' AIRFLOW_CTX_DAG_RUN_ID='manual__2026-03-30T23:23:00.295902+00:00'
[2026-03-31T01:23:14.475+0200] {taskinstance.py:430} INFO - ::endgroup::
[2026-03-31T01:23:14.487+0200] {subprocess.py:63} INFO - Tmp dir root location: /tmp
[2026-03-31T01:23:14.488+0200] {subprocess.py:75} INFO - Running command: ['/usr/bin/bash', '-c', "docker exec dbt bash -lc 'cd /usr/app && dbt build --fail-fast --profiles-dir /root/.dbt'"]
[2026-03-31T01:23:14.499+0200] {subprocess.py:86} INFO - Output:
[2026-03-31T01:23:16.171+0200] {subprocess.py:93} INFO - [0m23:23:16  Running with dbt=1.8.3
[2026-03-31T01:23:16.475+0200] {subprocess.py:93} INFO - [0m23:23:16  Registered adapter: postgres=1.8.2
[2026-03-31T01:23:17.924+0200] {subprocess.py:93} INFO - [0m23:23:17  Found 6 models, 11 data tests, 531 macros
[2026-03-31T01:23:17.930+0200] {subprocess.py:93} INFO - [0m23:23:17
[2026-03-31T01:23:18.171+0200] {subprocess.py:93} INFO - [0m23:23:18  Concurrency: 4 threads (target='dev')
[2026-03-31T01:23:18.172+0200] {subprocess.py:93} INFO - [0m23:23:18
[2026-03-31T01:23:18.180+0200] {subprocess.py:93} INFO - [0m23:23:18  1 of 17 START sql table model public_silver.silver_customers ................... [RUN]
[2026-03-31T01:23:18.182+0200] {subprocess.py:93} INFO - [0m23:23:18  2 of 17 START sql table model public_silver.silver_payments .................... [RUN]
[2026-03-31T01:23:18.183+0200] {subprocess.py:93} INFO - [0m23:23:18  3 of 17 START sql table model public_silver.silver_sessions .................... [RUN]
[2026-03-31T01:23:18.458+0200] {subprocess.py:93} INFO - [0m23:23:18  1 of 17 OK created sql table model public_silver.silver_customers .............. [[32mSELECT 1000[0m in 0.27s]
[2026-03-31T01:23:18.470+0200] {subprocess.py:93} INFO - [0m23:23:18  4 of 17 START test not_null_silver_customers_country ........................... [RUN]
[2026-03-31T01:23:18.472+0200] {subprocess.py:93} INFO - [0m23:23:18  5 of 17 START test not_null_silver_customers_customer_id ....................... [RUN]
[2026-03-31T01:23:18.488+0200] {subprocess.py:93} INFO - [0m23:23:18  2 of 17 OK created sql table model public_silver.silver_payments ............... [[32mSELECT 9016[0m in 0.30s]
[2026-03-31T01:23:18.517+0200] {subprocess.py:93} INFO - [0m23:23:18  6 of 17 START test unique_silver_customers_customer_id ......................... [RUN]
[2026-03-31T01:23:18.595+0200] {subprocess.py:93} INFO - [0m23:23:18  3 of 17 OK created sql table model public_silver.silver_sessions ............... [[32mSELECT 28205[0m in 0.40s]
[2026-03-31T01:23:18.613+0200] {subprocess.py:93} INFO - [0m23:23:18  7 of 17 START test accepted_values_silver_payments_status__suceeded__failed__refunded  [RUN]
[2026-03-31T01:23:18.686+0200] {subprocess.py:93} INFO - [0m23:23:18  4 of 17 PASS not_null_silver_customers_country ................................. [[32mPASS[0m in 0.21s]
[2026-03-31T01:23:18.690+0200] {subprocess.py:93} INFO - [0m23:23:18  5 of 17 PASS not_null_silver_customers_customer_id ............................. [[32mPASS[0m in 0.21s]
[2026-03-31T01:23:18.706+0200] {subprocess.py:93} INFO - [0m23:23:18  8 of 17 START test not_null_silver_payments_payment_id ......................... [RUN]
[2026-03-31T01:23:18.708+0200] {subprocess.py:93} INFO - [0m23:23:18  9 of 17 START test unique_silver_payments_payment_id ........................... [RUN]
[2026-03-31T01:23:18.718+0200] {subprocess.py:93} INFO - [0m23:23:18  6 of 17 PASS unique_silver_customers_customer_id ............................... [[32mPASS[0m in 0.19s]
[2026-03-31T01:23:18.741+0200] {subprocess.py:93} INFO - [0m23:23:18  10 of 17 START test accepted_values_silver_sessions_source__google__direct__facebook__linkedin__newsletter__referral__bing  [RUN]
[2026-03-31T01:23:18.777+0200] {subprocess.py:93} INFO - [0m23:23:18  7 of 17 FAIL 1 accepted_values_silver_payments_status__suceeded__failed__refunded  [[31mFAIL 1[0m in 0.16s]
[2026-03-31T01:23:18.789+0200] {subprocess.py:93} INFO - [0m23:23:18  11 of 17 START test not_null_silver_sessions_session_id ........................ [RUN]
[2026-03-31T01:23:18.845+0200] {subprocess.py:93} INFO - [0m23:23:18  8 of 17 PASS not_null_silver_payments_payment_id ............................... [[32mPASS[0m in 0.13s]
[2026-03-31T01:23:18.848+0200] {subprocess.py:93} INFO - [0m23:23:18  9 of 17 PASS unique_silver_payments_payment_id ................................. [[32mPASS[0m in 0.13s]
[2026-03-31T01:23:18.865+0200] {subprocess.py:93} INFO - [0m23:23:18  12 of 17 START test unique_silver_sessions_session_id .......................... [RUN]
[2026-03-31T01:23:18.871+0200] {subprocess.py:93} INFO - [0m23:23:18  13 of 17 START sql table model public_gold.dim_customer ........................ [RUN]
[2026-03-31T01:23:18.908+0200] {subprocess.py:93} INFO - [0m23:23:18  CANCEL query test.api_bi_project.unique_silver_payments_payment_id.09d6b3ec83 .. [[31mCANCEL[0m]
[2026-03-31T01:23:18.913+0200] {subprocess.py:93} INFO - [0m23:23:18  CANCEL query test.api_bi_project.accepted_values_silver_sessions_source__google__direct__facebook__linkedin__newsletter__referral__bing.717fc87c90  [[31mCANCEL[0m]
[2026-03-31T01:23:18.919+0200] {subprocess.py:93} INFO - [0m23:23:18  CANCEL query test.api_bi_project.not_null_silver_sessions_session_id.f74024a05b  [[31mCANCEL[0m]
[2026-03-31T01:23:18.938+0200] {subprocess.py:93} INFO - [0m23:23:18  10 of 17 FAIL 1 accepted_values_silver_sessions_source__google__direct__facebook__linkedin__newsletter__referral__bing  [[31mFAIL 1[0m in 0.19s]
[2026-03-31T01:23:18.939+0200] {subprocess.py:93} INFO - [0m23:23:18  CANCEL query test.api_bi_project.not_null_silver_payments_payment_id.71305d150f  [[31mCANCEL[0m]
[2026-03-31T01:23:18.945+0200] {subprocess.py:93} INFO - [0m23:23:18  11 of 17 PASS not_null_silver_sessions_session_id .............................. [[32mPASS[0m in 0.15s]
[2026-03-31T01:23:19.019+0200] {subprocess.py:93} INFO - [0m23:23:19  12 of 17 PASS unique_silver_sessions_session_id ................................ [[32mPASS[0m in 0.14s]
[2026-03-31T01:23:19.049+0200] {subprocess.py:93} INFO - [0m23:23:19  13 of 17 OK created sql table model public_gold.dim_customer ................... [[32mSELECT 1000[0m in 0.17s]
[2026-03-31T01:23:19.052+0200] {subprocess.py:93} INFO - [0m23:23:19
[2026-03-31T01:23:19.053+0200] {subprocess.py:93} INFO - [0m23:23:19  [31mFailure in test accepted_values_silver_payments_status__suceeded__failed__refunded (models/models.yml)[0m
[2026-03-31T01:23:19.055+0200] {subprocess.py:93} INFO - [0m23:23:19    Got 1 result, configured to fail if != 0
[2026-03-31T01:23:19.056+0200] {subprocess.py:93} INFO - [0m23:23:19
[2026-03-31T01:23:19.058+0200] {subprocess.py:93} INFO - [0m23:23:19    compiled code at target/compiled/api_bi_project/models/models.yml/accepted_values_silver_payment_83378c4cb60bd3def108896b63bd51b7.sql
[2026-03-31T01:23:19.082+0200] {subprocess.py:93} INFO - [0m23:23:19
[2026-03-31T01:23:19.083+0200] {subprocess.py:93} INFO - [0m23:23:19  Finished running 6 table models, 11 data tests in 0 hours 0 minutes and 1.15 seconds (1.15s).
[2026-03-31T01:23:19.157+0200] {subprocess.py:93} INFO - [0m23:23:19
[2026-03-31T01:23:19.158+0200] {subprocess.py:93} INFO - [0m23:23:19  [31mCompleted with 9 errors and 0 warnings:[0m
[2026-03-31T01:23:19.160+0200] {subprocess.py:93} INFO - [0m23:23:19
[2026-03-31T01:23:19.161+0200] {subprocess.py:93} INFO - [0m23:23:19  [31mFailure in test accepted_values_silver_payments_status__suceeded__failed__refunded (models/models.yml)[0m
[2026-03-31T01:23:19.163+0200] {subprocess.py:93} INFO - [0m23:23:19    Got 1 result, configured to fail if != 0
[2026-03-31T01:23:19.165+0200] {subprocess.py:93} INFO - [0m23:23:19
[2026-03-31T01:23:19.166+0200] {subprocess.py:93} INFO - [0m23:23:19    compiled code at target/compiled/api_bi_project/models/models.yml/accepted_values_silver_payment_83378c4cb60bd3def108896b63bd51b7.sql
[2026-03-31T01:23:19.168+0200] {subprocess.py:93} INFO - [0m23:23:19
[2026-03-31T01:23:19.169+0200] {subprocess.py:93} INFO - [0m23:23:19    Skipping due to fail_fast
[2026-03-31T01:23:19.171+0200] {subprocess.py:93} INFO - [0m23:23:19
[2026-03-31T01:23:19.172+0200] {subprocess.py:93} INFO - [0m23:23:19    Skipping due to fail_fast
[2026-03-31T01:23:19.174+0200] {subprocess.py:93} INFO - [0m23:23:19
[2026-03-31T01:23:19.175+0200] {subprocess.py:93} INFO - [0m23:23:19    Skipping due to fail_fast
[2026-03-31T01:23:19.176+0200] {subprocess.py:93} INFO - [0m23:23:19
[2026-03-31T01:23:19.178+0200] {subprocess.py:93} INFO - [0m23:23:19    Skipping due to fail_fast
[2026-03-31T01:23:19.179+0200] {subprocess.py:93} INFO - [0m23:23:19
[2026-03-31T01:23:19.181+0200] {subprocess.py:93} INFO - [0m23:23:19    Skipping due to fail_fast
[2026-03-31T01:23:19.182+0200] {subprocess.py:93} INFO - [0m23:23:19
[2026-03-31T01:23:19.183+0200] {subprocess.py:93} INFO - [0m23:23:19    Skipping due to fail_fast
[2026-03-31T01:23:19.185+0200] {subprocess.py:93} INFO - [0m23:23:19
[2026-03-31T01:23:19.186+0200] {subprocess.py:93} INFO - [0m23:23:19    Skipping due to fail_fast
[2026-03-31T01:23:19.187+0200] {subprocess.py:93} INFO - [0m23:23:19
[2026-03-31T01:23:19.189+0200] {subprocess.py:93} INFO - [0m23:23:19    Skipping due to fail_fast
[2026-03-31T01:23:19.190+0200] {subprocess.py:93} INFO - [0m23:23:19
[2026-03-31T01:23:19.192+0200] {subprocess.py:93} INFO - [0m23:23:19  Done. PASS=8 WARN=0 ERROR=1 SKIP=8 TOTAL=17
[2026-03-31T01:23:19.913+0200] {subprocess.py:97} INFO - Command exited with return code 1
[2026-03-31T01:23:19.914+0200] {taskinstance.py:441} INFO - ::group::Post task execution logs
[2026-03-31T01:23:19.930+0200] {taskinstance.py:2905} ERROR - Task failed with exception
Traceback (most recent call last):
  File "/home/airflow/.local/lib/python3.11/site-packages/airflow/models/taskinstance.py", line 465, in _execute_task
    result = _execute_callable(context=context, **execute_callable_kwargs)
             ^^^^^^^^^^^^^^^^^^^^^^^^^^^^^^^^^^^^^^^^^^^^^^^^^^^^^^^^^^^^^
  File "/home/airflow/.local/lib/python3.11/site-packages/airflow/models/taskinstance.py", line 432, in _execute_callable
    return execute_callable(context=context, **execute_callable_kwargs)
           ^^^^^^^^^^^^^^^^^^^^^^^^^^^^^^^^^^^^^^^^^^^^^^^^^^^^^^^^^^^^
  File "/home/airflow/.local/lib/python3.11/site-packages/airflow/models/baseoperator.py", line 401, in wrapper
    return func(self, *args, **kwargs)
           ^^^^^^^^^^^^^^^^^^^^^^^^^^^
  File "/home/airflow/.local/lib/python3.11/site-packages/airflow/operators/bash.py", line 243, in execute
    raise AirflowException(
airflow.exceptions.AirflowException: Bash command failed. The command returned a non-zero exit code 1.
[2026-03-31T01:23:19.935+0200] {taskinstance.py:1206} INFO - Marking task as UP_FOR_RETRY. dag_id=etl_api_to_bi, task_id=dbt_build, run_id=manual__2026-03-30T23:23:00.295902+00:00, execution_date=20260330T232300, start_date=20260330T232314, end_date=20260330T232319
[2026-03-31T01:23:19.949+0200] {standard_task_runner.py:110} ERROR - Failed to execute job 53 for task dbt_build (Bash command failed. The command returned a non-zero exit code 1.; 1144)
[2026-03-31T01:23:19.967+0200] {local_task_job_runner.py:243} INFO - Task exited with return code 1
[2026-03-31T01:23:19.986+0200] {taskinstance.py:3503} INFO - 0 downstream tasks scheduled from follow-on schedule check
[2026-03-31T01:23:19.988+0200] {local_task_job_runner.py:222} INFO - ::endgroup::
