[2026-03-31T01:27:27.315+0200] {local_task_job_runner.py:120} INFO - ::group::Pre task execution logs
[2026-03-31T01:27:27.352+0200] {taskinstance.py:2076} INFO - Dependencies all met for dep_context=non-requeueable deps ti=<TaskInstance: etl_api_to_bi.dbt_build manual__2026-03-30T23:23:00.295902+00:00 [queued]>
[2026-03-31T01:27:27.361+0200] {taskinstance.py:2076} INFO - Dependencies all met for dep_context=requeueable deps ti=<TaskInstance: etl_api_to_bi.dbt_build manual__2026-03-30T23:23:00.295902+00:00 [queued]>
[2026-03-31T01:27:27.362+0200] {taskinstance.py:2306} INFO - Starting attempt 3 of 3
[2026-03-31T01:27:27.376+0200] {taskinstance.py:2330} INFO - Executing <Task(BashOperator): dbt_build> on 2026-03-30 23:23:00.295902+00:00
[2026-03-31T01:27:27.380+0200] {standard_task_runner.py:64} INFO - Started process 1215 to run task
[2026-03-31T01:27:27.384+0200] {standard_task_runner.py:90} INFO - Running: ['airflow', 'tasks', 'run', 'etl_api_to_bi', 'dbt_build', 'manual__2026-03-30T23:23:00.295902+00:00', '--job-id', '55', '--raw', '--subdir', 'DAGS_FOLDER/etl_api_to_bi.py', '--cfg-path', '/tmp/tmpdn1skg6y']
[2026-03-31T01:27:27.387+0200] {standard_task_runner.py:91} INFO - Job 55: Subtask dbt_build
[2026-03-31T01:27:27.475+0200] {task_command.py:426} INFO - Running <TaskInstance: etl_api_to_bi.dbt_build manual__2026-03-30T23:23:00.295902+00:00 [running]> on host fcaa2f07ee84
[2026-03-31T01:27:27.735+0200] {taskinstance.py:2648} INFO - Exporting env vars: AIRFLOW_CTX_DAG_OWNER='data' AIRFLOW_CTX_DAG_ID='etl_api_to_bi' AIRFLOW_CTX_TASK_ID='dbt_build' AIRFLOW_CTX_EXECUTION_DATE='2026-03-30T23:23:00.295902+00:00' AIRFLOW_CTX_TRY_NUMBER='3' AIRFLOW_CTX_DAG_RUN_ID='manual__2026-03-30T23:23:00.295902+00:00'
[2026-03-31T01:27:27.737+0200] {taskinstance.py:430} INFO - ::endgroup::
[2026-03-31T01:27:27.747+0200] {subprocess.py:63} INFO - Tmp dir root location: /tmp
[2026-03-31T01:27:27.748+0200] {subprocess.py:75} INFO - Running command: ['/usr/bin/bash', '-c', "docker exec dbt bash -lc 'cd /usr/app && dbt build --fail-fast --profiles-dir /root/.dbt'"]
[2026-03-31T01:27:27.758+0200] {subprocess.py:86} INFO - Output:
[2026-03-31T01:27:29.217+0200] {subprocess.py:93} INFO - [0m23:27:29  Running with dbt=1.8.3
[2026-03-31T01:27:29.462+0200] {subprocess.py:93} INFO - [0m23:27:29  Registered adapter: postgres=1.8.2
[2026-03-31T01:27:30.804+0200] {subprocess.py:93} INFO - [0m23:27:30  Found 6 models, 11 data tests, 531 macros
[2026-03-31T01:27:30.811+0200] {subprocess.py:93} INFO - [0m23:27:30
[2026-03-31T01:27:30.998+0200] {subprocess.py:93} INFO - [0m23:27:30  Concurrency: 4 threads (target='dev')
[2026-03-31T01:27:30.999+0200] {subprocess.py:93} INFO - [0m23:27:30
[2026-03-31T01:27:31.008+0200] {subprocess.py:93} INFO - [0m23:27:31  1 of 17 START sql table model public_silver.silver_customers ................... [RUN]
[2026-03-31T01:27:31.009+0200] {subprocess.py:93} INFO - [0m23:27:31  2 of 17 START sql table model public_silver.silver_payments .................... [RUN]
[2026-03-31T01:27:31.011+0200] {subprocess.py:93} INFO - [0m23:27:31  3 of 17 START sql table model public_silver.silver_sessions .................... [RUN]
[2026-03-31T01:27:31.258+0200] {subprocess.py:93} INFO - [0m23:27:31  1 of 17 OK created sql table model public_silver.silver_customers .............. [[32mSELECT 1000[0m in 0.24s]
[2026-03-31T01:27:31.272+0200] {subprocess.py:93} INFO - [0m23:27:31  4 of 17 START test not_null_silver_customers_country ........................... [RUN]
[2026-03-31T01:27:31.273+0200] {subprocess.py:93} INFO - [0m23:27:31  5 of 17 START test not_null_silver_customers_customer_id ....................... [RUN]
[2026-03-31T01:27:31.282+0200] {subprocess.py:93} INFO - [0m23:27:31  2 of 17 OK created sql table model public_silver.silver_payments ............... [[32mSELECT 9016[0m in 0.26s]
[2026-03-31T01:27:31.312+0200] {subprocess.py:93} INFO - [0m23:27:31  6 of 17 START test unique_silver_customers_customer_id ......................... [RUN]
[2026-03-31T01:27:31.394+0200] {subprocess.py:93} INFO - [0m23:27:31  3 of 17 OK created sql table model public_silver.silver_sessions ............... [[32mSELECT 28205[0m in 0.30s]
[2026-03-31T01:27:31.401+0200] {subprocess.py:93} INFO - [0m23:27:31  7 of 17 START test accepted_values_silver_payments_status__suceeded__failed__refunded  [RUN]
[2026-03-31T01:27:31.471+0200] {subprocess.py:93} INFO - [0m23:27:31  5 of 17 PASS not_null_silver_customers_customer_id ............................. [[32mPASS[0m in 0.19s]
[2026-03-31T01:27:31.479+0200] {subprocess.py:93} INFO - [0m23:27:31  4 of 17 PASS not_null_silver_customers_country ................................. [[32mPASS[0m in 0.20s]
[2026-03-31T01:27:31.498+0200] {subprocess.py:93} INFO - [0m23:27:31  8 of 17 START test not_null_silver_payments_payment_id ......................... [RUN]
[2026-03-31T01:27:31.501+0200] {subprocess.py:93} INFO - [0m23:27:31  9 of 17 START test unique_silver_payments_payment_id ........................... [RUN]
[2026-03-31T01:27:31.508+0200] {subprocess.py:93} INFO - [0m23:27:31  6 of 17 PASS unique_silver_customers_customer_id ............................... [[32mPASS[0m in 0.19s]
[2026-03-31T01:27:31.535+0200] {subprocess.py:93} INFO - [0m23:27:31  10 of 17 START test accepted_values_silver_sessions_source__google__direct__facebook__linkedin__newsletter__referral__bing  [RUN]
[2026-03-31T01:27:31.538+0200] {subprocess.py:93} INFO - [0m23:27:31  7 of 17 FAIL 1 accepted_values_silver_payments_status__suceeded__failed__refunded  [[31mFAIL 1[0m in 0.13s]
[2026-03-31T01:27:31.570+0200] {subprocess.py:93} INFO - [0m23:27:31  11 of 17 START test not_null_silver_sessions_session_id ........................ [RUN]
[2026-03-31T01:27:31.643+0200] {subprocess.py:93} INFO - [0m23:27:31  8 of 17 PASS not_null_silver_payments_payment_id ............................... [[32mPASS[0m in 0.14s]
[2026-03-31T01:27:31.651+0200] {subprocess.py:93} INFO - [0m23:27:31  9 of 17 PASS unique_silver_payments_payment_id ................................. [[32mPASS[0m in 0.14s]
[2026-03-31T01:27:31.658+0200] {subprocess.py:93} INFO - [0m23:27:31  12 of 17 START test unique_silver_sessions_session_id .......................... [RUN]
[2026-03-31T01:27:31.669+0200] {subprocess.py:93} INFO - [0m23:27:31  13 of 17 START sql table model public_gold.dim_customer ........................ [RUN]
[2026-03-31T01:27:31.724+0200] {subprocess.py:93} INFO - [0m23:27:31  CANCEL query test.api_bi_project.unique_silver_sessions_session_id.9a8d5b03a8 .. [[31mCANCEL[0m]
[2026-03-31T01:27:31.729+0200] {subprocess.py:93} INFO - [0m23:27:31  CANCEL query test.api_bi_project.accepted_values_silver_sessions_source__google__direct__facebook__linkedin__newsletter__referral__bing.717fc87c90  [[31mCANCEL[0m]
[2026-03-31T01:27:31.735+0200] {subprocess.py:93} INFO - [0m23:27:31  CANCEL query test.api_bi_project.not_null_silver_sessions_session_id.f74024a05b  [[31mCANCEL[0m]
[2026-03-31T01:27:31.743+0200] {subprocess.py:93} INFO - [0m23:27:31  10 of 17 FAIL 1 accepted_values_silver_sessions_source__google__direct__facebook__linkedin__newsletter__referral__bing  [[31mFAIL 1[0m in 0.20s]
[2026-03-31T01:27:31.744+0200] {subprocess.py:93} INFO - [0m23:27:31  CANCEL query test.api_bi_project.unique_silver_payments_payment_id.09d6b3ec83 .. [[31mCANCEL[0m]
[2026-03-31T01:27:31.746+0200] {subprocess.py:93} INFO - [0m23:27:31  11 of 17 PASS not_null_silver_sessions_session_id .............................. [[32mPASS[0m in 0.17s]
[2026-03-31T01:27:31.771+0200] {subprocess.py:93} INFO - [0m23:27:31  12 of 17 ERROR unique_silver_sessions_session_id ............................... [[31mERROR[0m in 0.11s]
[2026-03-31T01:27:31.840+0200] {subprocess.py:93} INFO - [0m23:27:31  13 of 17 OK created sql table model public_gold.dim_customer ................... [[32mSELECT 1000[0m in 0.16s]
[2026-03-31T01:27:31.843+0200] {subprocess.py:93} INFO - [0m23:27:31
[2026-03-31T01:27:31.844+0200] {subprocess.py:93} INFO - [0m23:27:31  [31mFailure in test accepted_values_silver_payments_status__suceeded__failed__refunded (models/models.yml)[0m
[2026-03-31T01:27:31.845+0200] {subprocess.py:93} INFO - [0m23:27:31    Got 1 result, configured to fail if != 0
[2026-03-31T01:27:31.847+0200] {subprocess.py:93} INFO - [0m23:27:31
[2026-03-31T01:27:31.848+0200] {subprocess.py:93} INFO - [0m23:27:31    compiled code at target/compiled/api_bi_project/models/models.yml/accepted_values_silver_payment_83378c4cb60bd3def108896b63bd51b7.sql
[2026-03-31T01:27:31.869+0200] {subprocess.py:93} INFO - [0m23:27:31
[2026-03-31T01:27:31.870+0200] {subprocess.py:93} INFO - [0m23:27:31  Finished running 6 table models, 11 data tests in 0 hours 0 minutes and 1.06 seconds (1.06s).
[2026-03-31T01:27:31.936+0200] {subprocess.py:93} INFO - [0m23:27:31
[2026-03-31T01:27:31.938+0200] {subprocess.py:93} INFO - [0m23:27:31  [31mCompleted with 9 errors and 0 warnings:[0m
[2026-03-31T01:27:31.939+0200] {subprocess.py:93} INFO - [0m23:27:31
[2026-03-31T01:27:31.941+0200] {subprocess.py:93} INFO - [0m23:27:31  [31mFailure in test accepted_values_silver_payments_status__suceeded__failed__refunded (models/models.yml)[0m
[2026-03-31T01:27:31.942+0200] {subprocess.py:93} INFO - [0m23:27:31    Got 1 result, configured to fail if != 0
[2026-03-31T01:27:31.944+0200] {subprocess.py:93} INFO - [0m23:27:31
[2026-03-31T01:27:31.945+0200] {subprocess.py:93} INFO - [0m23:27:31    compiled code at target/compiled/api_bi_project/models/models.yml/accepted_values_silver_payment_83378c4cb60bd3def108896b63bd51b7.sql
[2026-03-31T01:27:31.947+0200] {subprocess.py:93} INFO - [0m23:27:31
[2026-03-31T01:27:31.948+0200] {subprocess.py:93} INFO - [0m23:27:31    Skipping due to fail_fast
[2026-03-31T01:27:31.950+0200] {subprocess.py:93} INFO - [0m23:27:31
[2026-03-31T01:27:31.952+0200] {subprocess.py:93} INFO - [0m23:27:31    Skipping due to fail_fast
[2026-03-31T01:27:31.953+0200] {subprocess.py:93} INFO - [0m23:27:31
[2026-03-31T01:27:31.955+0200] {subprocess.py:93} INFO - [0m23:27:31    Skipping due to fail_fast
[2026-03-31T01:27:31.957+0200] {subprocess.py:93} INFO - [0m23:27:31
[2026-03-31T01:27:31.958+0200] {subprocess.py:93} INFO - [0m23:27:31    Skipping due to fail_fast
[2026-03-31T01:27:31.960+0200] {subprocess.py:93} INFO - [0m23:27:31
[2026-03-31T01:27:31.961+0200] {subprocess.py:93} INFO - [0m23:27:31    Skipping due to fail_fast
[2026-03-31T01:27:31.962+0200] {subprocess.py:93} INFO - [0m23:27:31
[2026-03-31T01:27:31.964+0200] {subprocess.py:93} INFO - [0m23:27:31    Skipping due to fail_fast
[2026-03-31T01:27:31.965+0200] {subprocess.py:93} INFO - [0m23:27:31
[2026-03-31T01:27:31.967+0200] {subprocess.py:93} INFO - [0m23:27:31    Skipping due to fail_fast
[2026-03-31T01:27:31.968+0200] {subprocess.py:93} INFO - [0m23:27:31
[2026-03-31T01:27:31.969+0200] {subprocess.py:93} INFO - [0m23:27:31    Skipping due to fail_fast
[2026-03-31T01:27:31.970+0200] {subprocess.py:93} INFO - [0m23:27:31
[2026-03-31T01:27:31.972+0200] {subprocess.py:93} INFO - [0m23:27:31  Done. PASS=8 WARN=0 ERROR=1 SKIP=8 TOTAL=17
[2026-03-31T01:27:32.737+0200] {subprocess.py:97} INFO - Command exited with return code 1
[2026-03-31T01:27:32.738+0200] {taskinstance.py:441} INFO - ::group::Post task execution logs
[2026-03-31T01:27:32.753+0200] {taskinstance.py:2905} ERROR - Task failed with exception
Traceback (most recent call last):
  File "/home/airflow/.local/lib/python3.11/site-packages/airflow/models/taskinstance.py", line 465, in _execute_task
    result = _execute_callable(context=context, **execute_callable_kwargs)
             ^^^^^^^^^^^^^^^^^^^^^^^^^^^^^^^^^^^^^^^^^^^^^^^^^^^^^^^^^^^^^
  File "/home/airflow/.local/lib/python3.11/site-packages/airflow/models/taskinstance.py", line 432, in _execute_callable
    return execute_callable(context=context, **execute_callable_kwargs)
           ^^^^^^^^^^^^^^^^^^^^^^^^^^^^^^^^^^^^^^^^^^^^^^^^^^^^^^^^^^^^
  File "/home/airflow/.local/lib/python3.11/site-packages/airflow/models/baseoperator.py", line 401, in wrapper
    return func(self, *args, **kwargs)
           ^^^^^^^^^^^^^^^^^^^^^^^^^^^
  File "/home/airflow/.local/lib/python3.11/site-packages/airflow/operators/bash.py", line 243, in execute
    raise AirflowException(
airflow.exceptions.AirflowException: Bash command failed. The command returned a non-zero exit code 1.
[2026-03-31T01:27:32.757+0200] {taskinstance.py:1206} INFO - Marking task as FAILED. dag_id=etl_api_to_bi, task_id=dbt_build, run_id=manual__2026-03-30T23:23:00.295902+00:00, execution_date=20260330T232300, start_date=20260330T232727, end_date=20260330T232732
[2026-03-31T01:27:32.772+0200] {standard_task_runner.py:110} ERROR - Failed to execute job 55 for task dbt_build (Bash command failed. The command returned a non-zero exit code 1.; 1215)
[2026-03-31T01:27:32.798+0200] {local_task_job_runner.py:243} INFO - Task exited with return code 1
[2026-03-31T01:27:32.814+0200] {taskinstance.py:3503} INFO - 0 downstream tasks scheduled from follow-on schedule check
[2026-03-31T01:27:32.817+0200] {local_task_job_runner.py:222} INFO - ::endgroup::
