[2026-03-31T01:25:20.691+0200] {local_task_job_runner.py:120} INFO - ::group::Pre task execution logs
[2026-03-31T01:25:20.739+0200] {taskinstance.py:2076} INFO - Dependencies all met for dep_context=non-requeueable deps ti=<TaskInstance: etl_api_to_bi.dbt_build manual__2026-03-30T23:23:00.295902+00:00 [queued]>
[2026-03-31T01:25:20.753+0200] {taskinstance.py:2076} INFO - Dependencies all met for dep_context=requeueable deps ti=<TaskInstance: etl_api_to_bi.dbt_build manual__2026-03-30T23:23:00.295902+00:00 [queued]>
[2026-03-31T01:25:20.754+0200] {taskinstance.py:2306} INFO - Starting attempt 2 of 3
[2026-03-31T01:25:20.770+0200] {taskinstance.py:2330} INFO - Executing <Task(BashOperator): dbt_build> on 2026-03-30 23:23:00.295902+00:00
[2026-03-31T01:25:20.775+0200] {standard_task_runner.py:64} INFO - Started process 1182 to run task
[2026-03-31T01:25:20.778+0200] {standard_task_runner.py:90} INFO - Running: ['airflow', 'tasks', 'run', 'etl_api_to_bi', 'dbt_build', 'manual__2026-03-30T23:23:00.295902+00:00', '--job-id', '54', '--raw', '--subdir', 'DAGS_FOLDER/etl_api_to_bi.py', '--cfg-path', '/tmp/tmp3ljdw93o']
[2026-03-31T01:25:20.781+0200] {standard_task_runner.py:91} INFO - Job 54: Subtask dbt_build
[2026-03-31T01:25:20.867+0200] {task_command.py:426} INFO - Running <TaskInstance: etl_api_to_bi.dbt_build manual__2026-03-30T23:23:00.295902+00:00 [running]> on host fcaa2f07ee84
[2026-03-31T01:25:21.142+0200] {taskinstance.py:2648} INFO - Exporting env vars: AIRFLOW_CTX_DAG_OWNER='data' AIRFLOW_CTX_DAG_ID='etl_api_to_bi' AIRFLOW_CTX_TASK_ID='dbt_build' AIRFLOW_CTX_EXECUTION_DATE='2026-03-30T23:23:00.295902+00:00' AIRFLOW_CTX_TRY_NUMBER='2' AIRFLOW_CTX_DAG_RUN_ID='manual__2026-03-30T23:23:00.295902+00:00'
[2026-03-31T01:25:21.143+0200] {taskinstance.py:430} INFO - ::endgroup::
[2026-03-31T01:25:21.153+0200] {subprocess.py:63} INFO - Tmp dir root location: /tmp
[2026-03-31T01:25:21.155+0200] {subprocess.py:75} INFO - Running command: ['/usr/bin/bash', '-c', "docker exec dbt bash -lc 'cd /usr/app && dbt build --fail-fast --profiles-dir /root/.dbt'"]
[2026-03-31T01:25:21.167+0200] {subprocess.py:86} INFO - Output:
[2026-03-31T01:25:22.721+0200] {subprocess.py:93} INFO - [0m23:25:22  Running with dbt=1.8.3
[2026-03-31T01:25:22.966+0200] {subprocess.py:93} INFO - [0m23:25:22  Registered adapter: postgres=1.8.2
[2026-03-31T01:25:24.187+0200] {subprocess.py:93} INFO - [0m23:25:24  Found 6 models, 11 data tests, 531 macros
[2026-03-31T01:25:24.193+0200] {subprocess.py:93} INFO - [0m23:25:24
[2026-03-31T01:25:24.363+0200] {subprocess.py:93} INFO - [0m23:25:24  Concurrency: 4 threads (target='dev')
[2026-03-31T01:25:24.364+0200] {subprocess.py:93} INFO - [0m23:25:24
[2026-03-31T01:25:24.372+0200] {subprocess.py:93} INFO - [0m23:25:24  1 of 17 START sql table model public_silver.silver_customers ................... [RUN]
[2026-03-31T01:25:24.374+0200] {subprocess.py:93} INFO - [0m23:25:24  2 of 17 START sql table model public_silver.silver_payments .................... [RUN]
[2026-03-31T01:25:24.376+0200] {subprocess.py:93} INFO - [0m23:25:24  3 of 17 START sql table model public_silver.silver_sessions .................... [RUN]
[2026-03-31T01:25:24.645+0200] {subprocess.py:93} INFO - [0m23:25:24  1 of 17 OK created sql table model public_silver.silver_customers .............. [[32mSELECT 1000[0m in 0.26s]
[2026-03-31T01:25:24.647+0200] {subprocess.py:93} INFO - [0m23:25:24  2 of 17 OK created sql table model public_silver.silver_payments ............... [[32mSELECT 9016[0m in 0.26s]
[2026-03-31T01:25:24.658+0200] {subprocess.py:93} INFO - [0m23:25:24  4 of 17 START test not_null_silver_customers_country ........................... [RUN]
[2026-03-31T01:25:24.661+0200] {subprocess.py:93} INFO - [0m23:25:24  5 of 17 START test not_null_silver_customers_customer_id ....................... [RUN]
[2026-03-31T01:25:24.662+0200] {subprocess.py:93} INFO - [0m23:25:24  6 of 17 START test unique_silver_customers_customer_id ......................... [RUN]
[2026-03-31T01:25:24.717+0200] {subprocess.py:93} INFO - [0m23:25:24  3 of 17 OK created sql table model public_silver.silver_sessions ............... [[32mSELECT 28205[0m in 0.33s]
[2026-03-31T01:25:24.794+0200] {subprocess.py:93} INFO - [0m23:25:24  7 of 17 START test accepted_values_silver_payments_status__suceeded__failed__refunded  [RUN]
[2026-03-31T01:25:24.860+0200] {subprocess.py:93} INFO - [0m23:25:24  6 of 17 PASS unique_silver_customers_customer_id ............................... [[32mPASS[0m in 0.19s]
[2026-03-31T01:25:24.863+0200] {subprocess.py:93} INFO - [0m23:25:24  4 of 17 PASS not_null_silver_customers_country ................................. [[32mPASS[0m in 0.20s]
[2026-03-31T01:25:24.867+0200] {subprocess.py:93} INFO - [0m23:25:24  5 of 17 PASS not_null_silver_customers_customer_id ............................. [[32mPASS[0m in 0.20s]
[2026-03-31T01:25:24.876+0200] {subprocess.py:93} INFO - [0m23:25:24  8 of 17 START test not_null_silver_payments_payment_id ......................... [RUN]
[2026-03-31T01:25:24.879+0200] {subprocess.py:93} INFO - [0m23:25:24  9 of 17 START test unique_silver_payments_payment_id ........................... [RUN]
[2026-03-31T01:25:24.882+0200] {subprocess.py:93} INFO - [0m23:25:24  10 of 17 START test accepted_values_silver_sessions_source__google__direct__facebook__linkedin__newsletter__referral__bing  [RUN]
[2026-03-31T01:25:24.928+0200] {subprocess.py:93} INFO - [0m23:25:24  7 of 17 FAIL 1 accepted_values_silver_payments_status__suceeded__failed__refunded  [[31mFAIL 1[0m in 0.13s]
[2026-03-31T01:25:24.946+0200] {subprocess.py:93} INFO - [0m23:25:24  11 of 17 START test not_null_silver_sessions_session_id ........................ [RUN]
[2026-03-31T01:25:24.984+0200] {subprocess.py:93} INFO - [0m23:25:24  8 of 17 PASS not_null_silver_payments_payment_id ............................... [[32mPASS[0m in 0.10s]
[2026-03-31T01:25:24.994+0200] {subprocess.py:93} INFO - [0m23:25:24  12 of 17 START test unique_silver_sessions_session_id .......................... [RUN]
[2026-03-31T01:25:25.017+0200] {subprocess.py:93} INFO - [0m23:25:25  9 of 17 PASS unique_silver_payments_payment_id ................................. [[32mPASS[0m in 0.13s]
[2026-03-31T01:25:25.019+0200] {subprocess.py:93} INFO - [0m23:25:25  10 of 17 FAIL 1 accepted_values_silver_sessions_source__google__direct__facebook__linkedin__newsletter__referral__bing  [[31mFAIL 1[0m in 0.13s]
[2026-03-31T01:25:25.034+0200] {subprocess.py:93} INFO - [0m23:25:25  13 of 17 START sql table model public_gold.dim_customer ........................ [RUN]
[2026-03-31T01:25:25.067+0200] {subprocess.py:93} INFO - [0m23:25:25  CANCEL query test.api_bi_project.accepted_values_silver_sessions_source__google__direct__facebook__linkedin__newsletter__referral__bing.717fc87c90  [[31mCANCEL[0m]
[2026-03-31T01:25:25.070+0200] {subprocess.py:93} INFO - [0m23:25:25  CANCEL query test.api_bi_project.unique_silver_sessions_session_id.9a8d5b03a8 .. [[31mCANCEL[0m]
[2026-03-31T01:25:25.079+0200] {subprocess.py:93} INFO - [0m23:25:25  CANCEL query test.api_bi_project.not_null_silver_sessions_session_id.f74024a05b  [[31mCANCEL[0m]
[2026-03-31T01:25:25.083+0200] {subprocess.py:93} INFO - [0m23:25:25  CANCEL query test.api_bi_project.unique_silver_payments_payment_id.09d6b3ec83 .. [[31mCANCEL[0m]
[2026-03-31T01:25:25.086+0200] {subprocess.py:93} INFO - [0m23:25:25  11 of 17 PASS not_null_silver_sessions_session_id .............................. [[32mPASS[0m in 0.14s]
[2026-03-31T01:25:25.107+0200] {subprocess.py:93} INFO - [0m23:25:25  12 of 17 ERROR unique_silver_sessions_session_id ............................... [[31mERROR[0m in 0.11s]
[2026-03-31T01:25:25.182+0200] {subprocess.py:93} INFO - [0m23:25:25  13 of 17 OK created sql table model public_gold.dim_customer ................... [[32mSELECT 1000[0m in 0.14s]
[2026-03-31T01:25:25.185+0200] {subprocess.py:93} INFO - [0m23:25:25
[2026-03-31T01:25:25.186+0200] {subprocess.py:93} INFO - [0m23:25:25  [31mFailure in test accepted_values_silver_payments_status__suceeded__failed__refunded (models/models.yml)[0m
[2026-03-31T01:25:25.188+0200] {subprocess.py:93} INFO - [0m23:25:25    Got 1 result, configured to fail if != 0
[2026-03-31T01:25:25.189+0200] {subprocess.py:93} INFO - [0m23:25:25
[2026-03-31T01:25:25.191+0200] {subprocess.py:93} INFO - [0m23:25:25    compiled code at target/compiled/api_bi_project/models/models.yml/accepted_values_silver_payment_83378c4cb60bd3def108896b63bd51b7.sql
[2026-03-31T01:25:25.214+0200] {subprocess.py:93} INFO - [0m23:25:25
[2026-03-31T01:25:25.215+0200] {subprocess.py:93} INFO - [0m23:25:25  Finished running 6 table models, 11 data tests in 0 hours 0 minutes and 1.02 seconds (1.02s).
[2026-03-31T01:25:25.278+0200] {subprocess.py:93} INFO - [0m23:25:25
[2026-03-31T01:25:25.280+0200] {subprocess.py:93} INFO - [0m23:25:25  [31mCompleted with 9 errors and 0 warnings:[0m
[2026-03-31T01:25:25.282+0200] {subprocess.py:93} INFO - [0m23:25:25
[2026-03-31T01:25:25.284+0200] {subprocess.py:93} INFO - [0m23:25:25  [31mFailure in test accepted_values_silver_payments_status__suceeded__failed__refunded (models/models.yml)[0m
[2026-03-31T01:25:25.285+0200] {subprocess.py:93} INFO - [0m23:25:25    Got 1 result, configured to fail if != 0
[2026-03-31T01:25:25.286+0200] {subprocess.py:93} INFO - [0m23:25:25
[2026-03-31T01:25:25.288+0200] {subprocess.py:93} INFO - [0m23:25:25    compiled code at target/compiled/api_bi_project/models/models.yml/accepted_values_silver_payment_83378c4cb60bd3def108896b63bd51b7.sql
[2026-03-31T01:25:25.289+0200] {subprocess.py:93} INFO - [0m23:25:25
[2026-03-31T01:25:25.291+0200] {subprocess.py:93} INFO - [0m23:25:25    Skipping due to fail_fast
[2026-03-31T01:25:25.293+0200] {subprocess.py:93} INFO - [0m23:25:25
[2026-03-31T01:25:25.294+0200] {subprocess.py:93} INFO - [0m23:25:25    Skipping due to fail_fast
[2026-03-31T01:25:25.295+0200] {subprocess.py:93} INFO - [0m23:25:25
[2026-03-31T01:25:25.297+0200] {subprocess.py:93} INFO - [0m23:25:25    Skipping due to fail_fast
[2026-03-31T01:25:25.298+0200] {subprocess.py:93} INFO - [0m23:25:25
[2026-03-31T01:25:25.299+0200] {subprocess.py:93} INFO - [0m23:25:25    Skipping due to fail_fast
[2026-03-31T01:25:25.301+0200] {subprocess.py:93} INFO - [0m23:25:25
[2026-03-31T01:25:25.302+0200] {subprocess.py:93} INFO - [0m23:25:25    Skipping due to fail_fast
[2026-03-31T01:25:25.303+0200] {subprocess.py:93} INFO - [0m23:25:25
[2026-03-31T01:25:25.305+0200] {subprocess.py:93} INFO - [0m23:25:25    Skipping due to fail_fast
[2026-03-31T01:25:25.306+0200] {subprocess.py:93} INFO - [0m23:25:25
[2026-03-31T01:25:25.307+0200] {subprocess.py:93} INFO - [0m23:25:25    Skipping due to fail_fast
[2026-03-31T01:25:25.309+0200] {subprocess.py:93} INFO - [0m23:25:25
[2026-03-31T01:25:25.310+0200] {subprocess.py:93} INFO - [0m23:25:25    Skipping due to fail_fast
[2026-03-31T01:25:25.312+0200] {subprocess.py:93} INFO - [0m23:25:25
[2026-03-31T01:25:25.313+0200] {subprocess.py:93} INFO - [0m23:25:25  Done. PASS=8 WARN=0 ERROR=1 SKIP=8 TOTAL=17
[2026-03-31T01:25:25.993+0200] {subprocess.py:97} INFO - Command exited with return code 1
[2026-03-31T01:25:25.994+0200] {taskinstance.py:441} INFO - ::group::Post task execution logs
[2026-03-31T01:25:26.008+0200] {taskinstance.py:2905} ERROR - Task failed with exception
Traceback (most recent call last):
  File "/home/airflow/.local/lib/python3.11/site-packages/airflow/models/taskinstance.py", line 465, in _execute_task
    result = _execute_callable(context=context, **execute_callable_kwargs)
             ^^^^^^^^^^^^^^^^^^^^^^^^^^^^^^^^^^^^^^^^^^^^^^^^^^^^^^^^^^^^^
  File "/home/airflow/.local/lib/python3.11/site-packages/airflow/models/taskinstance.py", line 432, in _execute_callable
    return execute_callable(context=context, **execute_callable_kwargs)
           ^^^^^^^^^^^^^^^^^^^^^^^^^^^^^^^^^^^^^^^^^^^^^^^^^^^^^^^^^^^^
  File "/home/airflow/.local/lib/python3.11/site-packages/airflow/models/baseoperator.py", line 401, in wrapper
    return func(self, *args, **kwargs)
           ^^^^^^^^^^^^^^^^^^^^^^^^^^^
  File "/home/airflow/.local/lib/python3.11/site-packages/airflow/operators/bash.py", line 243, in execute
    raise AirflowException(
airflow.exceptions.AirflowException: Bash command failed. The command returned a non-zero exit code 1.
[2026-03-31T01:25:26.014+0200] {taskinstance.py:1206} INFO - Marking task as UP_FOR_RETRY. dag_id=etl_api_to_bi, task_id=dbt_build, run_id=manual__2026-03-30T23:23:00.295902+00:00, execution_date=20260330T232300, start_date=20260330T232520, end_date=20260330T232526
[2026-03-31T01:25:26.030+0200] {standard_task_runner.py:110} ERROR - Failed to execute job 54 for task dbt_build (Bash command failed. The command returned a non-zero exit code 1.; 1182)
[2026-03-31T01:25:26.064+0200] {local_task_job_runner.py:243} INFO - Task exited with return code 1
[2026-03-31T01:25:26.083+0200] {taskinstance.py:3503} INFO - 0 downstream tasks scheduled from follow-on schedule check
[2026-03-31T01:25:26.087+0200] {local_task_job_runner.py:222} INFO - ::endgroup::
