[2026-03-31T00:01:00.411+0200] {local_task_job_runner.py:120} INFO - ::group::Pre task execution logs
[2026-03-31T00:01:00.459+0200] {taskinstance.py:2076} INFO - Dependencies all met for dep_context=non-requeueable deps ti=<TaskInstance: etl_api_to_bi.extract_sessions scheduled__2026-03-30T21:45:00+00:00 [queued]>
[2026-03-31T00:01:00.473+0200] {taskinstance.py:2076} INFO - Dependencies all met for dep_context=requeueable deps ti=<TaskInstance: etl_api_to_bi.extract_sessions scheduled__2026-03-30T21:45:00+00:00 [queued]>
[2026-03-31T00:01:00.474+0200] {taskinstance.py:2306} INFO - Starting attempt 1 of 3
[2026-03-31T00:01:00.491+0200] {taskinstance.py:2330} INFO - Executing <Task(PythonOperator): extract_sessions> on 2026-03-30 21:45:00+00:00
[2026-03-31T00:01:00.496+0200] {standard_task_runner.py:64} INFO - Started process 180 to run task
[2026-03-31T00:01:00.503+0200] {standard_task_runner.py:90} INFO - Running: ['airflow', 'tasks', 'run', 'etl_api_to_bi', 'extract_sessions', 'scheduled__2026-03-30T21:45:00+00:00', '--job-id', '32', '--raw', '--subdir', 'DAGS_FOLDER/etl_api_to_bi.py', '--cfg-path', '/tmp/tmpkezhfqyj']
[2026-03-31T00:01:00.508+0200] {standard_task_runner.py:91} INFO - Job 32: Subtask extract_sessions
[2026-03-31T00:01:00.615+0200] {task_command.py:426} INFO - Running <TaskInstance: etl_api_to_bi.extract_sessions scheduled__2026-03-30T21:45:00+00:00 [running]> on host e771f172af05
[2026-03-31T00:01:00.979+0200] {taskinstance.py:2648} INFO - Exporting env vars: AIRFLOW_CTX_DAG_OWNER='data' AIRFLOW_CTX_DAG_ID='etl_api_to_bi' AIRFLOW_CTX_TASK_ID='extract_sessions' AIRFLOW_CTX_EXECUTION_DATE='2026-03-30T21:45:00+00:00' AIRFLOW_CTX_TRY_NUMBER='1' AIRFLOW_CTX_DAG_RUN_ID='scheduled__2026-03-30T21:45:00+00:00'
[2026-03-31T00:01:00.982+0200] {taskinstance.py:430} INFO - ::endgroup::
[2026-03-31T00:01:01.515+0200] {crypto.py:82} WARNING - empty cryptography key - values will not be stored encrypted.
[2026-03-31T00:01:01.516+0200] {base.py:84} INFO - Using connection ID 'postgres_default' for task execution.
[2026-03-31T00:01:01.524+0200] {taskinstance.py:441} INFO - ::group::Post task execution logs
[2026-03-31T00:01:01.525+0200] {taskinstance.py:2905} ERROR - Task failed with exception
Traceback (most recent call last):
  File "/home/airflow/.local/lib/python3.11/site-packages/airflow/models/taskinstance.py", line 465, in _execute_task
    result = _execute_callable(context=context, **execute_callable_kwargs)
             ^^^^^^^^^^^^^^^^^^^^^^^^^^^^^^^^^^^^^^^^^^^^^^^^^^^^^^^^^^^^^
  File "/home/airflow/.local/lib/python3.11/site-packages/airflow/models/taskinstance.py", line 432, in _execute_callable
    return execute_callable(context=context, **execute_callable_kwargs)
           ^^^^^^^^^^^^^^^^^^^^^^^^^^^^^^^^^^^^^^^^^^^^^^^^^^^^^^^^^^^^
  File "/home/airflow/.local/lib/python3.11/site-packages/airflow/models/baseoperator.py", line 401, in wrapper
    return func(self, *args, **kwargs)
           ^^^^^^^^^^^^^^^^^^^^^^^^^^^
  File "/home/airflow/.local/lib/python3.11/site-packages/airflow/operators/python.py", line 235, in execute
    return_value = self.execute_callable()
                   ^^^^^^^^^^^^^^^^^^^^^^^
  File "/home/airflow/.local/lib/python3.11/site-packages/airflow/operators/python.py", line 252, in execute_callable
    return self.python_callable(*self.op_args, **self.op_kwargs)
           ^^^^^^^^^^^^^^^^^^^^^^^^^^^^^^^^^^^^^^^^^^^^^^^^^^^^^
  File "/opt/airflow/dags/etl_api_to_bi.py", line 124, in extract_table
    cur.executemany(
psycopg2.errors.UndefinedTable: relation "bronze.sessions" does not exist
LINE 2:                         INSERT INTO bronze.sessions(session_...
                                            ^

[2026-03-31T00:01:01.540+0200] {taskinstance.py:1206} INFO - Marking task as UP_FOR_RETRY. dag_id=etl_api_to_bi, task_id=extract_sessions, run_id=scheduled__2026-03-30T21:45:00+00:00, execution_date=20260330T214500, start_date=20260330T220100, end_date=20260330T220101
[2026-03-31T00:01:01.554+0200] {standard_task_runner.py:110} ERROR - Failed to execute job 32 for task extract_sessions (relation "bronze.sessions" does not exist
LINE 2:                         INSERT INTO bronze.sessions(session_...
                                            ^
; 180)
[2026-03-31T00:01:01.601+0200] {local_task_job_runner.py:243} INFO - Task exited with return code 1
[2026-03-31T00:01:01.625+0200] {taskinstance.py:3503} INFO - 0 downstream tasks scheduled from follow-on schedule check
[2026-03-31T00:01:01.627+0200] {local_task_job_runner.py:222} INFO - ::endgroup::
[2026-03-31T00:13:25.185+0200] {local_task_job_runner.py:120} INFO - ::group::Pre task execution logs
[2026-03-31T00:13:25.241+0200] {taskinstance.py:2076} INFO - Dependencies all met for dep_context=non-requeueable deps ti=<TaskInstance: etl_api_to_bi.extract_sessions scheduled__2026-03-30T21:45:00+00:00 [queued]>
[2026-03-31T00:13:25.257+0200] {taskinstance.py:2076} INFO - Dependencies all met for dep_context=requeueable deps ti=<TaskInstance: etl_api_to_bi.extract_sessions scheduled__2026-03-30T21:45:00+00:00 [queued]>
[2026-03-31T00:13:25.258+0200] {taskinstance.py:2306} INFO - Starting attempt 1 of 3
[2026-03-31T00:13:25.278+0200] {taskinstance.py:2330} INFO - Executing <Task(PythonOperator): extract_sessions> on 2026-03-30 21:45:00+00:00
[2026-03-31T00:13:25.287+0200] {standard_task_runner.py:64} INFO - Started process 208 to run task
[2026-03-31T00:13:25.292+0200] {standard_task_runner.py:90} INFO - Running: ['airflow', 'tasks', 'run', 'etl_api_to_bi', 'extract_sessions', 'scheduled__2026-03-30T21:45:00+00:00', '--job-id', '3', '--raw', '--subdir', 'DAGS_FOLDER/etl_api_to_bi.py', '--cfg-path', '/tmp/tmpabaz3d5e']
[2026-03-31T00:13:25.298+0200] {standard_task_runner.py:91} INFO - Job 3: Subtask extract_sessions
[2026-03-31T00:13:25.433+0200] {task_command.py:426} INFO - Running <TaskInstance: etl_api_to_bi.extract_sessions scheduled__2026-03-30T21:45:00+00:00 [running]> on host c08873f45d31
[2026-03-31T00:13:25.916+0200] {taskinstance.py:2648} INFO - Exporting env vars: AIRFLOW_CTX_DAG_OWNER='data' AIRFLOW_CTX_DAG_ID='etl_api_to_bi' AIRFLOW_CTX_TASK_ID='extract_sessions' AIRFLOW_CTX_EXECUTION_DATE='2026-03-30T21:45:00+00:00' AIRFLOW_CTX_TRY_NUMBER='1' AIRFLOW_CTX_DAG_RUN_ID='scheduled__2026-03-30T21:45:00+00:00'
[2026-03-31T00:13:25.919+0200] {taskinstance.py:430} INFO - ::endgroup::
[2026-03-31T00:13:26.953+0200] {crypto.py:82} WARNING - empty cryptography key - values will not be stored encrypted.
[2026-03-31T00:13:26.954+0200] {base.py:84} INFO - Using connection ID 'postgres_default' for task execution.
[2026-03-31T00:13:28.681+0200] {base.py:84} INFO - Using connection ID 'postgres_default' for task execution.
[2026-03-31T00:13:29.396+0200] {base.py:84} INFO - Using connection ID 'postgres_default' for task execution.
[2026-03-31T00:13:30.048+0200] {base.py:84} INFO - Using connection ID 'postgres_default' for task execution.
[2026-03-31T00:13:30.620+0200] {base.py:84} INFO - Using connection ID 'postgres_default' for task execution.
[2026-03-31T00:13:31.273+0200] {base.py:84} INFO - Using connection ID 'postgres_default' for task execution.
[2026-03-31T00:13:31.889+0200] {base.py:84} INFO - Using connection ID 'postgres_default' for task execution.
[2026-03-31T00:13:32.464+0200] {base.py:84} INFO - Using connection ID 'postgres_default' for task execution.
[2026-03-31T00:13:33.151+0200] {base.py:84} INFO - Using connection ID 'postgres_default' for task execution.
[2026-03-31T00:13:33.750+0200] {base.py:84} INFO - Using connection ID 'postgres_default' for task execution.
[2026-03-31T00:13:34.340+0200] {base.py:84} INFO - Using connection ID 'postgres_default' for task execution.
[2026-03-31T00:13:34.906+0200] {base.py:84} INFO - Using connection ID 'postgres_default' for task execution.
[2026-03-31T00:13:35.303+0200] {base.py:84} INFO - Using connection ID 'postgres_default' for task execution.
[2026-03-31T00:13:35.710+0200] {base.py:84} INFO - Using connection ID 'postgres_default' for task execution.
[2026-03-31T00:13:36.123+0200] {base.py:84} INFO - Using connection ID 'postgres_default' for task execution.
[2026-03-31T00:13:36.713+0200] {base.py:84} INFO - Using connection ID 'postgres_default' for task execution.
[2026-03-31T00:13:37.253+0200] {base.py:84} INFO - Using connection ID 'postgres_default' for task execution.
[2026-03-31T00:13:37.796+0200] {base.py:84} INFO - Using connection ID 'postgres_default' for task execution.
[2026-03-31T00:13:38.414+0200] {base.py:84} INFO - Using connection ID 'postgres_default' for task execution.
[2026-03-31T00:13:38.981+0200] {base.py:84} INFO - Using connection ID 'postgres_default' for task execution.
[2026-03-31T00:13:39.539+0200] {base.py:84} INFO - Using connection ID 'postgres_default' for task execution.
[2026-03-31T00:13:40.135+0200] {base.py:84} INFO - Using connection ID 'postgres_default' for task execution.
[2026-03-31T00:13:40.702+0200] {base.py:84} INFO - Using connection ID 'postgres_default' for task execution.
[2026-03-31T00:13:41.266+0200] {base.py:84} INFO - Using connection ID 'postgres_default' for task execution.
[2026-03-31T00:13:41.826+0200] {base.py:84} INFO - Using connection ID 'postgres_default' for task execution.
[2026-03-31T00:13:42.402+0200] {base.py:84} INFO - Using connection ID 'postgres_default' for task execution.
[2026-03-31T00:14:42.960+0200] {base.py:84} INFO - Using connection ID 'postgres_default' for task execution.
[2026-03-31T00:14:43.503+0200] {base.py:84} INFO - Using connection ID 'postgres_default' for task execution.
[2026-03-31T00:14:44.043+0200] {base.py:84} INFO - Using connection ID 'postgres_default' for task execution.
[2026-03-31T00:14:44.594+0200] {base.py:84} INFO - Using connection ID 'postgres_default' for task execution.
[2026-03-31T00:14:45.124+0200] {base.py:84} INFO - Using connection ID 'postgres_default' for task execution.
[2026-03-31T00:14:45.651+0200] {base.py:84} INFO - Using connection ID 'postgres_default' for task execution.
[2026-03-31T00:14:46.167+0200] {base.py:84} INFO - Using connection ID 'postgres_default' for task execution.
[2026-03-31T00:14:46.750+0200] {base.py:84} INFO - Using connection ID 'postgres_default' for task execution.
[2026-03-31T00:14:47.292+0200] {base.py:84} INFO - Using connection ID 'postgres_default' for task execution.
[2026-03-31T00:14:47.843+0200] {base.py:84} INFO - Using connection ID 'postgres_default' for task execution.
[2026-03-31T00:14:48.415+0200] {base.py:84} INFO - Using connection ID 'postgres_default' for task execution.
[2026-03-31T00:14:48.951+0200] {base.py:84} INFO - Using connection ID 'postgres_default' for task execution.
[2026-03-31T00:14:49.545+0200] {base.py:84} INFO - Using connection ID 'postgres_default' for task execution.
[2026-03-31T00:14:50.076+0200] {base.py:84} INFO - Using connection ID 'postgres_default' for task execution.
[2026-03-31T00:14:50.602+0200] {base.py:84} INFO - Using connection ID 'postgres_default' for task execution.
[2026-03-31T00:14:51.188+0200] {base.py:84} INFO - Using connection ID 'postgres_default' for task execution.
[2026-03-31T00:14:51.746+0200] {base.py:84} INFO - Using connection ID 'postgres_default' for task execution.
[2026-03-31T00:14:52.288+0200] {base.py:84} INFO - Using connection ID 'postgres_default' for task execution.
[2026-03-31T00:14:52.801+0200] {base.py:84} INFO - Using connection ID 'postgres_default' for task execution.
[2026-03-31T00:14:53.341+0200] {base.py:84} INFO - Using connection ID 'postgres_default' for task execution.
[2026-03-31T00:14:53.927+0200] {base.py:84} INFO - Using connection ID 'postgres_default' for task execution.
[2026-03-31T00:14:54.459+0200] {base.py:84} INFO - Using connection ID 'postgres_default' for task execution.
[2026-03-31T00:14:54.973+0200] {base.py:84} INFO - Using connection ID 'postgres_default' for task execution.
[2026-03-31T00:14:55.519+0200] {base.py:84} INFO - Using connection ID 'postgres_default' for task execution.
[2026-03-31T00:14:56.100+0200] {base.py:84} INFO - Using connection ID 'postgres_default' for task execution.
[2026-03-31T00:14:56.785+0200] {base.py:84} INFO - Using connection ID 'postgres_default' for task execution.
[2026-03-31T00:14:57.693+0200] {base.py:84} INFO - Using connection ID 'postgres_default' for task execution.
[2026-03-31T00:14:58.351+0200] {base.py:84} INFO - Using connection ID 'postgres_default' for task execution.
[2026-03-31T00:14:58.933+0200] {base.py:84} INFO - Using connection ID 'postgres_default' for task execution.
[2026-03-31T00:14:59.536+0200] {base.py:84} INFO - Using connection ID 'postgres_default' for task execution.
[2026-03-31T00:16:00.088+0200] {base.py:84} INFO - Using connection ID 'postgres_default' for task execution.
[2026-03-31T00:16:00.163+0200] {python.py:237} INFO - Done. Returned value was: 28197
[2026-03-31T00:16:00.166+0200] {taskinstance.py:441} INFO - ::group::Post task execution logs
[2026-03-31T00:16:00.197+0200] {taskinstance.py:1206} INFO - Marking task as SUCCESS. dag_id=etl_api_to_bi, task_id=extract_sessions, run_id=scheduled__2026-03-30T21:45:00+00:00, execution_date=20260330T214500, start_date=20260330T221325, end_date=20260330T221600
[2026-03-31T00:16:00.234+0200] {local_task_job_runner.py:243} INFO - Task exited with return code 0
[2026-03-31T00:16:00.262+0200] {taskinstance.py:3503} INFO - 0 downstream tasks scheduled from follow-on schedule check
[2026-03-31T00:16:00.265+0200] {local_task_job_runner.py:222} INFO - ::endgroup::
