[2026-03-31T00:05:04.322+0200] {local_task_job_runner.py:120} INFO - ::group::Pre task execution logs
[2026-03-31T00:05:04.362+0200] {taskinstance.py:2076} INFO - Dependencies all met for dep_context=non-requeueable deps ti=<TaskInstance: etl_api_to_bi.extract_sessions scheduled__2026-03-30T21:45:00+00:00 [queued]>
[2026-03-31T00:05:04.370+0200] {taskinstance.py:2076} INFO - Dependencies all met for dep_context=requeueable deps ti=<TaskInstance: etl_api_to_bi.extract_sessions scheduled__2026-03-30T21:45:00+00:00 [queued]>
[2026-03-31T00:05:04.371+0200] {taskinstance.py:2306} INFO - Starting attempt 3 of 3
[2026-03-31T00:05:04.385+0200] {taskinstance.py:2330} INFO - Executing <Task(PythonOperator): extract_sessions> on 2026-03-30 21:45:00+00:00
[2026-03-31T00:05:04.390+0200] {standard_task_runner.py:64} INFO - Started process 253 to run task
[2026-03-31T00:05:04.393+0200] {standard_task_runner.py:90} INFO - Running: ['airflow', 'tasks', 'run', 'etl_api_to_bi', 'extract_sessions', 'scheduled__2026-03-30T21:45:00+00:00', '--job-id', '38', '--raw', '--subdir', 'DAGS_FOLDER/etl_api_to_bi.py', '--cfg-path', '/tmp/tmp7tafqmth']
[2026-03-31T00:05:04.396+0200] {standard_task_runner.py:91} INFO - Job 38: Subtask extract_sessions
[2026-03-31T00:05:04.471+0200] {task_command.py:426} INFO - Running <TaskInstance: etl_api_to_bi.extract_sessions scheduled__2026-03-30T21:45:00+00:00 [running]> on host e771f172af05
[2026-03-31T00:05:04.693+0200] {taskinstance.py:2648} INFO - Exporting env vars: AIRFLOW_CTX_DAG_OWNER='data' AIRFLOW_CTX_DAG_ID='etl_api_to_bi' AIRFLOW_CTX_TASK_ID='extract_sessions' AIRFLOW_CTX_EXECUTION_DATE='2026-03-30T21:45:00+00:00' AIRFLOW_CTX_TRY_NUMBER='3' AIRFLOW_CTX_DAG_RUN_ID='scheduled__2026-03-30T21:45:00+00:00'
[2026-03-31T00:05:04.695+0200] {taskinstance.py:430} INFO - ::endgroup::
[2026-03-31T00:05:04.971+0200] {crypto.py:82} WARNING - empty cryptography key - values will not be stored encrypted.
[2026-03-31T00:05:04.973+0200] {base.py:84} INFO - Using connection ID 'postgres_default' for task execution.
[2026-03-31T00:05:04.982+0200] {taskinstance.py:441} INFO - ::group::Post task execution logs
[2026-03-31T00:05:04.983+0200] {taskinstance.py:2905} ERROR - Task failed with exception
Traceback (most recent call last):
  File "/home/airflow/.local/lib/python3.11/site-packages/airflow/models/taskinstance.py", line 465, in _execute_task
    result = _execute_callable(context=context, **execute_callable_kwargs)
             ^^^^^^^^^^^^^^^^^^^^^^^^^^^^^^^^^^^^^^^^^^^^^^^^^^^^^^^^^^^^^
  File "/home/airflow/.local/lib/python3.11/site-packages/airflow/models/taskinstance.py", line 432, in _execute_callable
    return execute_callable(context=context, **execute_callable_kwargs)
           ^^^^^^^^^^^^^^^^^^^^^^^^^^^^^^^^^^^^^^^^^^^^^^^^^^^^^^^^^^^^
  File "/home/airflow/.local/lib/python3.11/site-packages/airflow/models/baseoperator.py", line 401, in wrapper
    return func(self, *args, **kwargs)
           ^^^^^^^^^^^^^^^^^^^^^^^^^^^
  File "/home/airflow/.local/lib/python3.11/site-packages/airflow/operators/python.py", line 235, in execute
    return_value = self.execute_callable()
                   ^^^^^^^^^^^^^^^^^^^^^^^
  File "/home/airflow/.local/lib/python3.11/site-packages/airflow/operators/python.py", line 252, in execute_callable
    return self.python_callable(*self.op_args, **self.op_kwargs)
           ^^^^^^^^^^^^^^^^^^^^^^^^^^^^^^^^^^^^^^^^^^^^^^^^^^^^^
  File "/opt/airflow/dags/etl_api_to_bi.py", line 124, in extract_table
    cur.executemany(
psycopg2.errors.UndefinedTable: relation "bronze.sessions" does not exist
LINE 2:                         INSERT INTO bronze.sessions(session_...
                                            ^

[2026-03-31T00:05:05.002+0200] {taskinstance.py:1206} INFO - Marking task as FAILED. dag_id=etl_api_to_bi, task_id=extract_sessions, run_id=scheduled__2026-03-30T21:45:00+00:00, execution_date=20260330T214500, start_date=20260330T220504, end_date=20260330T220505
[2026-03-31T00:05:05.015+0200] {standard_task_runner.py:110} ERROR - Failed to execute job 38 for task extract_sessions (relation "bronze.sessions" does not exist
LINE 2:                         INSERT INTO bronze.sessions(session_...
                                            ^
; 253)
[2026-03-31T00:05:05.053+0200] {local_task_job_runner.py:243} INFO - Task exited with return code 1
[2026-03-31T00:05:05.073+0200] {taskinstance.py:3503} INFO - 0 downstream tasks scheduled from follow-on schedule check
[2026-03-31T00:05:05.077+0200] {local_task_job_runner.py:222} INFO - ::endgroup::
