[2026-03-31T01:53:28.519+0200] {local_task_job_runner.py:120} INFO - ::group::Pre task execution logs
[2026-03-31T01:53:28.562+0200] {taskinstance.py:2076} INFO - Dependencies all met for dep_context=non-requeueable deps ti=<TaskInstance: etl_api_to_bi.dbt_build manual__2026-03-30T23:53:17.146949+00:00 [queued]>
[2026-03-31T01:53:28.573+0200] {taskinstance.py:2076} INFO - Dependencies all met for dep_context=requeueable deps ti=<TaskInstance: etl_api_to_bi.dbt_build manual__2026-03-30T23:53:17.146949+00:00 [queued]>
[2026-03-31T01:53:28.574+0200] {taskinstance.py:2306} INFO - Starting attempt 1 of 3
[2026-03-31T01:53:28.592+0200] {taskinstance.py:2330} INFO - Executing <Task(BashOperator): dbt_build> on 2026-03-30 23:53:17.146949+00:00
[2026-03-31T01:53:28.596+0200] {standard_task_runner.py:64} INFO - Started process 610 to run task
[2026-03-31T01:53:28.599+0200] {standard_task_runner.py:90} INFO - Running: ['airflow', 'tasks', 'run', 'etl_api_to_bi', 'dbt_build', 'manual__2026-03-30T23:53:17.146949+00:00', '--job-id', '81', '--raw', '--subdir', 'DAGS_FOLDER/etl_api_to_bi.py', '--cfg-path', '/tmp/tmp8xpp88d3']
[2026-03-31T01:53:28.602+0200] {standard_task_runner.py:91} INFO - Job 81: Subtask dbt_build
[2026-03-31T01:53:28.676+0200] {task_command.py:426} INFO - Running <TaskInstance: etl_api_to_bi.dbt_build manual__2026-03-30T23:53:17.146949+00:00 [running]> on host 533e6543a790
[2026-03-31T01:53:28.907+0200] {taskinstance.py:2648} INFO - Exporting env vars: AIRFLOW_CTX_DAG_OWNER='data' AIRFLOW_CTX_DAG_ID='etl_api_to_bi' AIRFLOW_CTX_TASK_ID='dbt_build' AIRFLOW_CTX_EXECUTION_DATE='2026-03-30T23:53:17.146949+00:00' AIRFLOW_CTX_TRY_NUMBER='1' AIRFLOW_CTX_DAG_RUN_ID='manual__2026-03-30T23:53:17.146949+00:00'
[2026-03-31T01:53:28.908+0200] {taskinstance.py:430} INFO - ::endgroup::
[2026-03-31T01:53:28.918+0200] {subprocess.py:63} INFO - Tmp dir root location: /tmp
[2026-03-31T01:53:28.920+0200] {subprocess.py:75} INFO - Running command: ['/usr/bin/bash', '-c', "docker exec dbt bash -lc 'cd /usr/app && dbt build --fail-fast --profiles-dir /root/.dbt'"]
[2026-03-31T01:53:28.929+0200] {subprocess.py:86} INFO - Output:
[2026-03-31T01:53:30.404+0200] {subprocess.py:93} INFO - [0m23:53:30  Running with dbt=1.8.3
[2026-03-31T01:53:30.670+0200] {subprocess.py:93} INFO - [0m23:53:30  Registered adapter: postgres=1.8.2
[2026-03-31T01:53:31.670+0200] {subprocess.py:93} INFO - [0m23:53:31  Unable to do partial parsing because change detected to override macro. Starting full parse.
[2026-03-31T01:53:32.704+0200] {subprocess.py:93} INFO - [0m23:53:32  [[33mWARNING[0m]: Deprecated functionality
[2026-03-31T01:53:32.705+0200] {subprocess.py:93} INFO - The `tests` config has been renamed to `data_tests`. Please see
[2026-03-31T01:53:32.705+0200] {subprocess.py:93} INFO - https://docs.getdbt.com/docs/build/data-tests#new-data_tests-syntax for more
[2026-03-31T01:53:32.706+0200] {subprocess.py:93} INFO - information.
[2026-03-31T01:53:33.092+0200] {subprocess.py:93} INFO - [0m23:53:33  Found 6 models, 11 data tests, 532 macros
[2026-03-31T01:53:33.098+0200] {subprocess.py:93} INFO - [0m23:53:33
[2026-03-31T01:53:33.293+0200] {subprocess.py:93} INFO - [0m23:53:33  Concurrency: 4 threads (target='dev')
[2026-03-31T01:53:33.296+0200] {subprocess.py:93} INFO - [0m23:53:33
[2026-03-31T01:53:33.303+0200] {subprocess.py:93} INFO - [0m23:53:33  1 of 17 START sql table model silver.silver_customers .......................... [RUN]
[2026-03-31T01:53:33.304+0200] {subprocess.py:93} INFO - [0m23:53:33  2 of 17 START sql table model silver.silver_payments ........................... [RUN]
[2026-03-31T01:53:33.306+0200] {subprocess.py:93} INFO - [0m23:53:33  3 of 17 START sql table model silver.silver_sessions ........................... [RUN]
[2026-03-31T01:53:33.552+0200] {subprocess.py:93} INFO - [0m23:53:33  1 of 17 OK created sql table model silver.silver_customers ..................... [[32mSELECT 1002[0m in 0.24s]
[2026-03-31T01:53:33.554+0200] {subprocess.py:93} INFO - [0m23:53:33  2 of 17 OK created sql table model silver.silver_payments ...................... [[32mSELECT 9021[0m in 0.24s]
[2026-03-31T01:53:33.564+0200] {subprocess.py:93} INFO - [0m23:53:33  4 of 17 START test not_null_silver_customers_country ........................... [RUN]
[2026-03-31T01:53:33.566+0200] {subprocess.py:93} INFO - [0m23:53:33  5 of 17 START test not_null_silver_customers_customer_id ....................... [RUN]
[2026-03-31T01:53:33.568+0200] {subprocess.py:93} INFO - [0m23:53:33  6 of 17 START test unique_silver_customers_customer_id ......................... [RUN]
[2026-03-31T01:53:33.628+0200] {subprocess.py:93} INFO - [0m23:53:33  3 of 17 OK created sql table model silver.silver_sessions ...................... [[32mSELECT 28216[0m in 0.31s]
[2026-03-31T01:53:33.667+0200] {subprocess.py:93} INFO - [0m23:53:33  7 of 17 START test accepted_values_silver_payments_status__suceeded__failed__refunded  [RUN]
[2026-03-31T01:53:33.759+0200] {subprocess.py:93} INFO - [0m23:53:33  4 of 17 PASS not_null_silver_customers_country ................................. [[32mPASS[0m in 0.19s]
[2026-03-31T01:53:33.761+0200] {subprocess.py:93} INFO - [0m23:53:33  5 of 17 PASS not_null_silver_customers_customer_id ............................. [[32mPASS[0m in 0.19s]
[2026-03-31T01:53:33.765+0200] {subprocess.py:93} INFO - [0m23:53:33  6 of 17 PASS unique_silver_customers_customer_id ............................... [[32mPASS[0m in 0.19s]
[2026-03-31T01:53:33.782+0200] {subprocess.py:93} INFO - [0m23:53:33  8 of 17 START test not_null_silver_payments_payment_id ......................... [RUN]
[2026-03-31T01:53:33.784+0200] {subprocess.py:93} INFO - [0m23:53:33  9 of 17 START test unique_silver_payments_payment_id ........................... [RUN]
[2026-03-31T01:53:33.787+0200] {subprocess.py:93} INFO - [0m23:53:33  10 of 17 START test accepted_values_silver_sessions_source__google__direct__facebook__linkedin__newsletter__referral__bing  [RUN]
[2026-03-31T01:53:33.827+0200] {subprocess.py:93} INFO - [0m23:53:33  7 of 17 FAIL 1 accepted_values_silver_payments_status__suceeded__failed__refunded  [[31mFAIL 1[0m in 0.16s]
[2026-03-31T01:53:33.849+0200] {subprocess.py:93} INFO - [0m23:53:33  11 of 17 START test not_null_silver_sessions_session_id ........................ [RUN]
[2026-03-31T01:53:33.922+0200] {subprocess.py:93} INFO - [0m23:53:33  8 of 17 PASS not_null_silver_payments_payment_id ............................... [[32mPASS[0m in 0.13s]
[2026-03-31T01:53:33.929+0200] {subprocess.py:93} INFO - [0m23:53:33  10 of 17 FAIL 1 accepted_values_silver_sessions_source__google__direct__facebook__linkedin__newsletter__referral__bing  [[31mFAIL 1[0m in 0.14s]
[2026-03-31T01:53:33.931+0200] {subprocess.py:93} INFO - [0m23:53:33  9 of 17 PASS unique_silver_payments_payment_id ................................. [[32mPASS[0m in 0.14s]
[2026-03-31T01:53:33.939+0200] {subprocess.py:93} INFO - [0m23:53:33  12 of 17 START test unique_silver_sessions_session_id .......................... [RUN]
[2026-03-31T01:53:33.950+0200] {subprocess.py:93} INFO - [0m23:53:33  13 of 17 START sql table model gold.dim_customer ............................... [RUN]
[2026-03-31T01:53:33.970+0200] {subprocess.py:93} INFO - [0m23:53:33  CANCEL query test.api_bi_project.accepted_values_silver_sessions_source__google__direct__facebook__linkedin__newsletter__referral__bing.717fc87c90  [[31mCANCEL[0m]
[2026-03-31T01:53:33.973+0200] {subprocess.py:93} INFO - [0m23:53:33  CANCEL query test.api_bi_project.unique_silver_payments_payment_id.09d6b3ec83 .. [[31mCANCEL[0m]
[2026-03-31T01:53:33.977+0200] {subprocess.py:93} INFO - [0m23:53:33  CANCEL query test.api_bi_project.not_null_silver_sessions_session_id.f74024a05b  [[31mCANCEL[0m]
[2026-03-31T01:53:33.989+0200] {subprocess.py:93} INFO - [0m23:53:33  CANCEL query test.api_bi_project.not_null_silver_payments_payment_id.71305d150f  [[31mCANCEL[0m]
[2026-03-31T01:53:33.992+0200] {subprocess.py:93} INFO - [0m23:53:33  11 of 17 PASS not_null_silver_sessions_session_id .............................. [[32mPASS[0m in 0.14s]
[2026-03-31T01:53:34.063+0200] {subprocess.py:93} INFO - [0m23:53:34  12 of 17 PASS unique_silver_sessions_session_id ................................ [[32mPASS[0m in 0.11s]
[2026-03-31T01:53:34.082+0200] {subprocess.py:93} INFO - [0m23:53:34  13 of 17 OK created sql table model gold.dim_customer .......................... [[32mSELECT 1002[0m in 0.13s]
[2026-03-31T01:53:34.085+0200] {subprocess.py:93} INFO - [0m23:53:34
[2026-03-31T01:53:34.087+0200] {subprocess.py:93} INFO - [0m23:53:34  [31mFailure in test accepted_values_silver_sessions_source__google__direct__facebook__linkedin__newsletter__referral__bing (models/models.yml)[0m
[2026-03-31T01:53:34.089+0200] {subprocess.py:93} INFO - [0m23:53:34    Got 1 result, configured to fail if != 0
[2026-03-31T01:53:34.090+0200] {subprocess.py:93} INFO - [0m23:53:34
[2026-03-31T01:53:34.091+0200] {subprocess.py:93} INFO - [0m23:53:34    compiled code at target/compiled/api_bi_project/models/models.yml/accepted_values_silver_session_2b1dd7cfe6c5ebf4293aff2670001faa.sql
[2026-03-31T01:53:34.114+0200] {subprocess.py:93} INFO - [0m23:53:34
[2026-03-31T01:53:34.115+0200] {subprocess.py:93} INFO - [0m23:53:34  Finished running 6 table models, 11 data tests in 0 hours 0 minutes and 1.01 seconds (1.01s).
[2026-03-31T01:53:34.289+0200] {subprocess.py:93} INFO - [0m23:53:34
[2026-03-31T01:53:34.291+0200] {subprocess.py:93} INFO - [0m23:53:34  [31mCompleted with 9 errors and 0 warnings:[0m
[2026-03-31T01:53:34.292+0200] {subprocess.py:93} INFO - [0m23:53:34
[2026-03-31T01:53:34.294+0200] {subprocess.py:93} INFO - [0m23:53:34  [31mFailure in test accepted_values_silver_payments_status__suceeded__failed__refunded (models/models.yml)[0m
[2026-03-31T01:53:34.296+0200] {subprocess.py:93} INFO - [0m23:53:34    Got 1 result, configured to fail if != 0
[2026-03-31T01:53:34.298+0200] {subprocess.py:93} INFO - [0m23:53:34
[2026-03-31T01:53:34.299+0200] {subprocess.py:93} INFO - [0m23:53:34    compiled code at target/compiled/api_bi_project/models/models.yml/accepted_values_silver_payment_83378c4cb60bd3def108896b63bd51b7.sql
[2026-03-31T01:53:34.301+0200] {subprocess.py:93} INFO - [0m23:53:34
[2026-03-31T01:53:34.303+0200] {subprocess.py:93} INFO - [0m23:53:34  [31mFailure in test accepted_values_silver_sessions_source__google__direct__facebook__linkedin__newsletter__referral__bing (models/models.yml)[0m
[2026-03-31T01:53:34.305+0200] {subprocess.py:93} INFO - [0m23:53:34    Got 1 result, configured to fail if != 0
[2026-03-31T01:53:34.306+0200] {subprocess.py:93} INFO - [0m23:53:34
[2026-03-31T01:53:34.308+0200] {subprocess.py:93} INFO - [0m23:53:34    compiled code at target/compiled/api_bi_project/models/models.yml/accepted_values_silver_session_2b1dd7cfe6c5ebf4293aff2670001faa.sql
[2026-03-31T01:53:34.309+0200] {subprocess.py:93} INFO - [0m23:53:34
[2026-03-31T01:53:34.311+0200] {subprocess.py:93} INFO - [0m23:53:34    Skipping due to fail_fast
[2026-03-31T01:53:34.313+0200] {subprocess.py:93} INFO - [0m23:53:34
[2026-03-31T01:53:34.314+0200] {subprocess.py:93} INFO - [0m23:53:34    Skipping due to fail_fast
[2026-03-31T01:53:34.315+0200] {subprocess.py:93} INFO - [0m23:53:34
[2026-03-31T01:53:34.317+0200] {subprocess.py:93} INFO - [0m23:53:34    Skipping due to fail_fast
[2026-03-31T01:53:34.318+0200] {subprocess.py:93} INFO - [0m23:53:34
[2026-03-31T01:53:34.319+0200] {subprocess.py:93} INFO - [0m23:53:34    Skipping due to fail_fast
[2026-03-31T01:53:34.321+0200] {subprocess.py:93} INFO - [0m23:53:34
[2026-03-31T01:53:34.322+0200] {subprocess.py:93} INFO - [0m23:53:34    Skipping due to fail_fast
[2026-03-31T01:53:34.323+0200] {subprocess.py:93} INFO - [0m23:53:34
[2026-03-31T01:53:34.325+0200] {subprocess.py:93} INFO - [0m23:53:34    Skipping due to fail_fast
[2026-03-31T01:53:34.326+0200] {subprocess.py:93} INFO - [0m23:53:34
[2026-03-31T01:53:34.328+0200] {subprocess.py:93} INFO - [0m23:53:34    Skipping due to fail_fast
[2026-03-31T01:53:34.330+0200] {subprocess.py:93} INFO - [0m23:53:34
[2026-03-31T01:53:34.331+0200] {subprocess.py:93} INFO - [0m23:53:34  Done. PASS=8 WARN=0 ERROR=2 SKIP=7 TOTAL=17
[2026-03-31T01:53:35.048+0200] {subprocess.py:97} INFO - Command exited with return code 1
[2026-03-31T01:53:35.049+0200] {taskinstance.py:441} INFO - ::group::Post task execution logs
[2026-03-31T01:53:35.061+0200] {taskinstance.py:2905} ERROR - Task failed with exception
Traceback (most recent call last):
  File "/home/airflow/.local/lib/python3.11/site-packages/airflow/models/taskinstance.py", line 465, in _execute_task
    result = _execute_callable(context=context, **execute_callable_kwargs)
             ^^^^^^^^^^^^^^^^^^^^^^^^^^^^^^^^^^^^^^^^^^^^^^^^^^^^^^^^^^^^^
  File "/home/airflow/.local/lib/python3.11/site-packages/airflow/models/taskinstance.py", line 432, in _execute_callable
    return execute_callable(context=context, **execute_callable_kwargs)
           ^^^^^^^^^^^^^^^^^^^^^^^^^^^^^^^^^^^^^^^^^^^^^^^^^^^^^^^^^^^^
  File "/home/airflow/.local/lib/python3.11/site-packages/airflow/models/baseoperator.py", line 401, in wrapper
    return func(self, *args, **kwargs)
           ^^^^^^^^^^^^^^^^^^^^^^^^^^^
  File "/home/airflow/.local/lib/python3.11/site-packages/airflow/operators/bash.py", line 243, in execute
    raise AirflowException(
airflow.exceptions.AirflowException: Bash command failed. The command returned a non-zero exit code 1.
[2026-03-31T01:53:35.066+0200] {taskinstance.py:1206} INFO - Marking task as UP_FOR_RETRY. dag_id=etl_api_to_bi, task_id=dbt_build, run_id=manual__2026-03-30T23:53:17.146949+00:00, execution_date=20260330T235317, start_date=20260330T235328, end_date=20260330T235335
[2026-03-31T01:53:35.081+0200] {standard_task_runner.py:110} ERROR - Failed to execute job 81 for task dbt_build (Bash command failed. The command returned a non-zero exit code 1.; 610)
[2026-03-31T01:53:35.108+0200] {local_task_job_runner.py:243} INFO - Task exited with return code 1
[2026-03-31T01:53:35.127+0200] {taskinstance.py:3503} INFO - 0 downstream tasks scheduled from follow-on schedule check
[2026-03-31T01:53:35.130+0200] {local_task_job_runner.py:222} INFO - ::endgroup::
