[2026-03-31T01:55:35.562+0200] {local_task_job_runner.py:120} INFO - ::group::Pre task execution logs
[2026-03-31T01:55:35.598+0200] {taskinstance.py:2076} INFO - Dependencies all met for dep_context=non-requeueable deps ti=<TaskInstance: etl_api_to_bi.dbt_build manual__2026-03-30T23:53:17.146949+00:00 [queued]>
[2026-03-31T01:55:35.609+0200] {taskinstance.py:2076} INFO - Dependencies all met for dep_context=requeueable deps ti=<TaskInstance: etl_api_to_bi.dbt_build manual__2026-03-30T23:53:17.146949+00:00 [queued]>
[2026-03-31T01:55:35.609+0200] {taskinstance.py:2306} INFO - Starting attempt 2 of 3
[2026-03-31T01:55:35.625+0200] {taskinstance.py:2330} INFO - Executing <Task(BashOperator): dbt_build> on 2026-03-30 23:53:17.146949+00:00
[2026-03-31T01:55:35.630+0200] {standard_task_runner.py:64} INFO - Started process 654 to run task
[2026-03-31T01:55:35.635+0200] {standard_task_runner.py:90} INFO - Running: ['airflow', 'tasks', 'run', 'etl_api_to_bi', 'dbt_build', 'manual__2026-03-30T23:53:17.146949+00:00', '--job-id', '83', '--raw', '--subdir', 'DAGS_FOLDER/etl_api_to_bi.py', '--cfg-path', '/tmp/tmpoaz6q98p']
[2026-03-31T01:55:35.639+0200] {standard_task_runner.py:91} INFO - Job 83: Subtask dbt_build
[2026-03-31T01:55:35.739+0200] {task_command.py:426} INFO - Running <TaskInstance: etl_api_to_bi.dbt_build manual__2026-03-30T23:53:17.146949+00:00 [running]> on host 533e6543a790
[2026-03-31T01:55:36.007+0200] {taskinstance.py:2648} INFO - Exporting env vars: AIRFLOW_CTX_DAG_OWNER='data' AIRFLOW_CTX_DAG_ID='etl_api_to_bi' AIRFLOW_CTX_TASK_ID='dbt_build' AIRFLOW_CTX_EXECUTION_DATE='2026-03-30T23:53:17.146949+00:00' AIRFLOW_CTX_TRY_NUMBER='2' AIRFLOW_CTX_DAG_RUN_ID='manual__2026-03-30T23:53:17.146949+00:00'
[2026-03-31T01:55:36.008+0200] {taskinstance.py:430} INFO - ::endgroup::
[2026-03-31T01:55:36.019+0200] {subprocess.py:63} INFO - Tmp dir root location: /tmp
[2026-03-31T01:55:36.021+0200] {subprocess.py:75} INFO - Running command: ['/usr/bin/bash', '-c', "docker exec dbt bash -lc 'cd /usr/app && dbt build --fail-fast --profiles-dir /root/.dbt'"]
[2026-03-31T01:55:36.031+0200] {subprocess.py:86} INFO - Output:
[2026-03-31T01:55:37.546+0200] {subprocess.py:93} INFO - [0m23:55:37  Running with dbt=1.8.3
[2026-03-31T01:55:37.820+0200] {subprocess.py:93} INFO - [0m23:55:37  Registered adapter: postgres=1.8.2
[2026-03-31T01:55:39.190+0200] {subprocess.py:93} INFO - [0m23:55:39  Found 6 models, 11 data tests, 532 macros
[2026-03-31T01:55:39.196+0200] {subprocess.py:93} INFO - [0m23:55:39
[2026-03-31T01:55:39.392+0200] {subprocess.py:93} INFO - [0m23:55:39  Concurrency: 4 threads (target='dev')
[2026-03-31T01:55:39.394+0200] {subprocess.py:93} INFO - [0m23:55:39
[2026-03-31T01:55:39.401+0200] {subprocess.py:93} INFO - [0m23:55:39  1 of 17 START sql table model silver.silver_customers .......................... [RUN]
[2026-03-31T01:55:39.404+0200] {subprocess.py:93} INFO - [0m23:55:39  2 of 17 START sql table model silver.silver_payments ........................... [RUN]
[2026-03-31T01:55:39.405+0200] {subprocess.py:93} INFO - [0m23:55:39  3 of 17 START sql table model silver.silver_sessions ........................... [RUN]
[2026-03-31T01:55:39.682+0200] {subprocess.py:93} INFO - [0m23:55:39  1 of 17 OK created sql table model silver.silver_customers ..................... [[32mSELECT 1002[0m in 0.27s]
[2026-03-31T01:55:39.683+0200] {subprocess.py:93} INFO - [0m23:55:39  2 of 17 OK created sql table model silver.silver_payments ...................... [[32mSELECT 9021[0m in 0.27s]
[2026-03-31T01:55:39.694+0200] {subprocess.py:93} INFO - [0m23:55:39  4 of 17 START test not_null_silver_customers_country ........................... [RUN]
[2026-03-31T01:55:39.696+0200] {subprocess.py:93} INFO - [0m23:55:39  5 of 17 START test not_null_silver_customers_customer_id ....................... [RUN]
[2026-03-31T01:55:39.698+0200] {subprocess.py:93} INFO - [0m23:55:39  6 of 17 START test unique_silver_customers_customer_id ......................... [RUN]
[2026-03-31T01:55:39.829+0200] {subprocess.py:93} INFO - [0m23:55:39  3 of 17 OK created sql table model silver.silver_sessions ...................... [[32mSELECT 28216[0m in 0.39s]
[2026-03-31T01:55:39.850+0200] {subprocess.py:93} INFO - [0m23:55:39  7 of 17 START test accepted_values_silver_payments_status__suceeded__failed__refunded  [RUN]
[2026-03-31T01:55:39.905+0200] {subprocess.py:93} INFO - [0m23:55:39  4 of 17 PASS not_null_silver_customers_country ................................. [[32mPASS[0m in 0.20s]
[2026-03-31T01:55:39.919+0200] {subprocess.py:93} INFO - [0m23:55:39  6 of 17 PASS unique_silver_customers_customer_id ............................... [[32mPASS[0m in 0.21s]
[2026-03-31T01:55:39.921+0200] {subprocess.py:93} INFO - [0m23:55:39  8 of 17 START test not_null_silver_payments_payment_id ......................... [RUN]
[2026-03-31T01:55:39.928+0200] {subprocess.py:93} INFO - [0m23:55:39  5 of 17 PASS not_null_silver_customers_customer_id ............................. [[32mPASS[0m in 0.22s]
[2026-03-31T01:55:39.935+0200] {subprocess.py:93} INFO - [0m23:55:39  9 of 17 START test unique_silver_payments_payment_id ........................... [RUN]
[2026-03-31T01:55:39.947+0200] {subprocess.py:93} INFO - [0m23:55:39  10 of 17 START test accepted_values_silver_sessions_source__google__direct__facebook__linkedin__newsletter__referral__bing  [RUN]
[2026-03-31T01:55:39.990+0200] {subprocess.py:93} INFO - [0m23:55:39  7 of 17 FAIL 1 accepted_values_silver_payments_status__suceeded__failed__refunded  [[31mFAIL 1[0m in 0.13s]
[2026-03-31T01:55:40.007+0200] {subprocess.py:93} INFO - [0m23:55:40  11 of 17 START test not_null_silver_sessions_session_id ........................ [RUN]
[2026-03-31T01:55:40.052+0200] {subprocess.py:93} INFO - [0m23:55:40  8 of 17 PASS not_null_silver_payments_payment_id ............................... [[32mPASS[0m in 0.13s]
[2026-03-31T01:55:40.060+0200] {subprocess.py:93} INFO - [0m23:55:40  9 of 17 PASS unique_silver_payments_payment_id ................................. [[32mPASS[0m in 0.12s]
[2026-03-31T01:55:40.066+0200] {subprocess.py:93} INFO - [0m23:55:40  12 of 17 START test unique_silver_sessions_session_id .......................... [RUN]
[2026-03-31T01:55:40.077+0200] {subprocess.py:93} INFO - [0m23:55:40  13 of 17 START sql table model gold.dim_customer ............................... [RUN]
[2026-03-31T01:55:40.104+0200] {subprocess.py:93} INFO - [0m23:55:40  CANCEL query test.api_bi_project.accepted_values_silver_sessions_source__google__direct__facebook__linkedin__newsletter__referral__bing.717fc87c90  [[31mCANCEL[0m]
[2026-03-31T01:55:40.107+0200] {subprocess.py:93} INFO - [0m23:55:40  CANCEL query test.api_bi_project.unique_silver_payments_payment_id.09d6b3ec83 .. [[31mCANCEL[0m]
[2026-03-31T01:55:40.113+0200] {subprocess.py:93} INFO - [0m23:55:40  CANCEL query test.api_bi_project.not_null_silver_sessions_session_id.f74024a05b  [[31mCANCEL[0m]
[2026-03-31T01:55:40.126+0200] {subprocess.py:93} INFO - [0m23:55:40  CANCEL query test.api_bi_project.not_null_silver_payments_payment_id.71305d150f  [[31mCANCEL[0m]
[2026-03-31T01:55:40.129+0200] {subprocess.py:93} INFO - [0m23:55:40  10 of 17 FAIL 1 accepted_values_silver_sessions_source__google__direct__facebook__linkedin__newsletter__referral__bing  [[31mFAIL 1[0m in 0.18s]
[2026-03-31T01:55:40.132+0200] {subprocess.py:93} INFO - [0m23:55:40  11 of 17 PASS not_null_silver_sessions_session_id .............................. [[32mPASS[0m in 0.12s]
[2026-03-31T01:55:40.204+0200] {subprocess.py:93} INFO - [0m23:55:40  12 of 17 PASS unique_silver_sessions_session_id ................................ [[32mPASS[0m in 0.13s]
[2026-03-31T01:55:40.233+0200] {subprocess.py:93} INFO - [0m23:55:40  13 of 17 OK created sql table model gold.dim_customer .......................... [[32mSELECT 1002[0m in 0.15s]
[2026-03-31T01:55:40.237+0200] {subprocess.py:93} INFO - [0m23:55:40
[2026-03-31T01:55:40.238+0200] {subprocess.py:93} INFO - [0m23:55:40  [31mFailure in test accepted_values_silver_payments_status__suceeded__failed__refunded (models/models.yml)[0m
[2026-03-31T01:55:40.240+0200] {subprocess.py:93} INFO - [0m23:55:40    Got 1 result, configured to fail if != 0
[2026-03-31T01:55:40.241+0200] {subprocess.py:93} INFO - [0m23:55:40
[2026-03-31T01:55:40.243+0200] {subprocess.py:93} INFO - [0m23:55:40    compiled code at target/compiled/api_bi_project/models/models.yml/accepted_values_silver_payment_83378c4cb60bd3def108896b63bd51b7.sql
[2026-03-31T01:55:40.265+0200] {subprocess.py:93} INFO - [0m23:55:40
[2026-03-31T01:55:40.267+0200] {subprocess.py:93} INFO - [0m23:55:40  Finished running 6 table models, 11 data tests in 0 hours 0 minutes and 1.07 seconds (1.07s).
[2026-03-31T01:55:40.342+0200] {subprocess.py:93} INFO - [0m23:55:40
[2026-03-31T01:55:40.344+0200] {subprocess.py:93} INFO - [0m23:55:40  [31mCompleted with 9 errors and 0 warnings:[0m
[2026-03-31T01:55:40.345+0200] {subprocess.py:93} INFO - [0m23:55:40
[2026-03-31T01:55:40.347+0200] {subprocess.py:93} INFO - [0m23:55:40  [31mFailure in test accepted_values_silver_payments_status__suceeded__failed__refunded (models/models.yml)[0m
[2026-03-31T01:55:40.349+0200] {subprocess.py:93} INFO - [0m23:55:40    Got 1 result, configured to fail if != 0
[2026-03-31T01:55:40.351+0200] {subprocess.py:93} INFO - [0m23:55:40
[2026-03-31T01:55:40.354+0200] {subprocess.py:93} INFO - [0m23:55:40    compiled code at target/compiled/api_bi_project/models/models.yml/accepted_values_silver_payment_83378c4cb60bd3def108896b63bd51b7.sql
[2026-03-31T01:55:40.357+0200] {subprocess.py:93} INFO - [0m23:55:40
[2026-03-31T01:55:40.358+0200] {subprocess.py:93} INFO - [0m23:55:40    Skipping due to fail_fast
[2026-03-31T01:55:40.360+0200] {subprocess.py:93} INFO - [0m23:55:40
[2026-03-31T01:55:40.361+0200] {subprocess.py:93} INFO - [0m23:55:40    Skipping due to fail_fast
[2026-03-31T01:55:40.363+0200] {subprocess.py:93} INFO - [0m23:55:40
[2026-03-31T01:55:40.365+0200] {subprocess.py:93} INFO - [0m23:55:40    Skipping due to fail_fast
[2026-03-31T01:55:40.366+0200] {subprocess.py:93} INFO - [0m23:55:40
[2026-03-31T01:55:40.368+0200] {subprocess.py:93} INFO - [0m23:55:40    Skipping due to fail_fast
[2026-03-31T01:55:40.371+0200] {subprocess.py:93} INFO - [0m23:55:40
[2026-03-31T01:55:40.373+0200] {subprocess.py:93} INFO - [0m23:55:40    Skipping due to fail_fast
[2026-03-31T01:55:40.374+0200] {subprocess.py:93} INFO - [0m23:55:40
[2026-03-31T01:55:40.376+0200] {subprocess.py:93} INFO - [0m23:55:40    Skipping due to fail_fast
[2026-03-31T01:55:40.377+0200] {subprocess.py:93} INFO - [0m23:55:40
[2026-03-31T01:55:40.379+0200] {subprocess.py:93} INFO - [0m23:55:40    Skipping due to fail_fast
[2026-03-31T01:55:40.380+0200] {subprocess.py:93} INFO - [0m23:55:40
[2026-03-31T01:55:40.382+0200] {subprocess.py:93} INFO - [0m23:55:40    Skipping due to fail_fast
[2026-03-31T01:55:40.383+0200] {subprocess.py:93} INFO - [0m23:55:40
[2026-03-31T01:55:40.386+0200] {subprocess.py:93} INFO - [0m23:55:40  Done. PASS=8 WARN=0 ERROR=1 SKIP=8 TOTAL=17
[2026-03-31T01:55:41.099+0200] {subprocess.py:97} INFO - Command exited with return code 1
[2026-03-31T01:55:41.100+0200] {taskinstance.py:441} INFO - ::group::Post task execution logs
[2026-03-31T01:55:41.114+0200] {taskinstance.py:2905} ERROR - Task failed with exception
Traceback (most recent call last):
  File "/home/airflow/.local/lib/python3.11/site-packages/airflow/models/taskinstance.py", line 465, in _execute_task
    result = _execute_callable(context=context, **execute_callable_kwargs)
             ^^^^^^^^^^^^^^^^^^^^^^^^^^^^^^^^^^^^^^^^^^^^^^^^^^^^^^^^^^^^^
  File "/home/airflow/.local/lib/python3.11/site-packages/airflow/models/taskinstance.py", line 432, in _execute_callable
    return execute_callable(context=context, **execute_callable_kwargs)
           ^^^^^^^^^^^^^^^^^^^^^^^^^^^^^^^^^^^^^^^^^^^^^^^^^^^^^^^^^^^^
  File "/home/airflow/.local/lib/python3.11/site-packages/airflow/models/baseoperator.py", line 401, in wrapper
    return func(self, *args, **kwargs)
           ^^^^^^^^^^^^^^^^^^^^^^^^^^^
  File "/home/airflow/.local/lib/python3.11/site-packages/airflow/operators/bash.py", line 243, in execute
    raise AirflowException(
airflow.exceptions.AirflowException: Bash command failed. The command returned a non-zero exit code 1.
[2026-03-31T01:55:41.120+0200] {taskinstance.py:1206} INFO - Marking task as UP_FOR_RETRY. dag_id=etl_api_to_bi, task_id=dbt_build, run_id=manual__2026-03-30T23:53:17.146949+00:00, execution_date=20260330T235317, start_date=20260330T235535, end_date=20260330T235541
[2026-03-31T01:55:41.135+0200] {standard_task_runner.py:110} ERROR - Failed to execute job 83 for task dbt_build (Bash command failed. The command returned a non-zero exit code 1.; 654)
[2026-03-31T01:55:41.169+0200] {local_task_job_runner.py:243} INFO - Task exited with return code 1
[2026-03-31T01:55:41.188+0200] {taskinstance.py:3503} INFO - 0 downstream tasks scheduled from follow-on schedule check
[2026-03-31T01:55:41.192+0200] {local_task_job_runner.py:222} INFO - ::endgroup::
