[2026-03-31T01:57:42.250+0200] {local_task_job_runner.py:120} INFO - ::group::Pre task execution logs
[2026-03-31T01:57:42.290+0200] {taskinstance.py:2076} INFO - Dependencies all met for dep_context=non-requeueable deps ti=<TaskInstance: etl_api_to_bi.dbt_build manual__2026-03-30T23:53:17.146949+00:00 [queued]>
[2026-03-31T01:57:42.302+0200] {taskinstance.py:2076} INFO - Dependencies all met for dep_context=requeueable deps ti=<TaskInstance: etl_api_to_bi.dbt_build manual__2026-03-30T23:53:17.146949+00:00 [queued]>
[2026-03-31T01:57:42.303+0200] {taskinstance.py:2306} INFO - Starting attempt 3 of 3
[2026-03-31T01:57:42.320+0200] {taskinstance.py:2330} INFO - Executing <Task(BashOperator): dbt_build> on 2026-03-30 23:53:17.146949+00:00
[2026-03-31T01:57:42.324+0200] {standard_task_runner.py:64} INFO - Started process 686 to run task
[2026-03-31T01:57:42.327+0200] {standard_task_runner.py:90} INFO - Running: ['airflow', 'tasks', 'run', 'etl_api_to_bi', 'dbt_build', 'manual__2026-03-30T23:53:17.146949+00:00', '--job-id', '84', '--raw', '--subdir', 'DAGS_FOLDER/etl_api_to_bi.py', '--cfg-path', '/tmp/tmpeelo8d9z']
[2026-03-31T01:57:42.331+0200] {standard_task_runner.py:91} INFO - Job 84: Subtask dbt_build
[2026-03-31T01:57:42.418+0200] {task_command.py:426} INFO - Running <TaskInstance: etl_api_to_bi.dbt_build manual__2026-03-30T23:53:17.146949+00:00 [running]> on host 533e6543a790
[2026-03-31T01:57:42.674+0200] {taskinstance.py:2648} INFO - Exporting env vars: AIRFLOW_CTX_DAG_OWNER='data' AIRFLOW_CTX_DAG_ID='etl_api_to_bi' AIRFLOW_CTX_TASK_ID='dbt_build' AIRFLOW_CTX_EXECUTION_DATE='2026-03-30T23:53:17.146949+00:00' AIRFLOW_CTX_TRY_NUMBER='3' AIRFLOW_CTX_DAG_RUN_ID='manual__2026-03-30T23:53:17.146949+00:00'
[2026-03-31T01:57:42.675+0200] {taskinstance.py:430} INFO - ::endgroup::
[2026-03-31T01:57:42.687+0200] {subprocess.py:63} INFO - Tmp dir root location: /tmp
[2026-03-31T01:57:42.688+0200] {subprocess.py:75} INFO - Running command: ['/usr/bin/bash', '-c', "docker exec dbt bash -lc 'cd /usr/app && dbt build --fail-fast --profiles-dir /root/.dbt'"]
[2026-03-31T01:57:42.697+0200] {subprocess.py:86} INFO - Output:
[2026-03-31T01:57:44.249+0200] {subprocess.py:93} INFO - [0m23:57:44  Running with dbt=1.8.3
[2026-03-31T01:57:44.536+0200] {subprocess.py:93} INFO - [0m23:57:44  Registered adapter: postgres=1.8.2
[2026-03-31T01:57:45.851+0200] {subprocess.py:93} INFO - [0m23:57:45  Found 6 models, 11 data tests, 532 macros
[2026-03-31T01:57:45.856+0200] {subprocess.py:93} INFO - [0m23:57:45
[2026-03-31T01:57:46.061+0200] {subprocess.py:93} INFO - [0m23:57:46  Concurrency: 4 threads (target='dev')
[2026-03-31T01:57:46.063+0200] {subprocess.py:93} INFO - [0m23:57:46
[2026-03-31T01:57:46.071+0200] {subprocess.py:93} INFO - [0m23:57:46  1 of 17 START sql table model silver.silver_customers .......................... [RUN]
[2026-03-31T01:57:46.072+0200] {subprocess.py:93} INFO - [0m23:57:46  2 of 17 START sql table model silver.silver_payments ........................... [RUN]
[2026-03-31T01:57:46.074+0200] {subprocess.py:93} INFO - [0m23:57:46  3 of 17 START sql table model silver.silver_sessions ........................... [RUN]
[2026-03-31T01:57:46.343+0200] {subprocess.py:93} INFO - [0m23:57:46  1 of 17 OK created sql table model silver.silver_customers ..................... [[32mSELECT 1002[0m in 0.26s]
[2026-03-31T01:57:46.344+0200] {subprocess.py:93} INFO - [0m23:57:46  2 of 17 OK created sql table model silver.silver_payments ...................... [[32mSELECT 9021[0m in 0.26s]
[2026-03-31T01:57:46.357+0200] {subprocess.py:93} INFO - [0m23:57:46  4 of 17 START test not_null_silver_customers_country ........................... [RUN]
[2026-03-31T01:57:46.359+0200] {subprocess.py:93} INFO - [0m23:57:46  5 of 17 START test not_null_silver_customers_customer_id ....................... [RUN]
[2026-03-31T01:57:46.360+0200] {subprocess.py:93} INFO - [0m23:57:46  6 of 17 START test unique_silver_customers_customer_id ......................... [RUN]
[2026-03-31T01:57:46.510+0200] {subprocess.py:93} INFO - [0m23:57:46  3 of 17 OK created sql table model silver.silver_sessions ...................... [[32mSELECT 28216[0m in 0.43s]
[2026-03-31T01:57:46.522+0200] {subprocess.py:93} INFO - [0m23:57:46  7 of 17 START test accepted_values_silver_payments_status__suceeded__failed__refunded  [RUN]
[2026-03-31T01:57:46.591+0200] {subprocess.py:93} INFO - [0m23:57:46  4 of 17 PASS not_null_silver_customers_country ................................. [[32mPASS[0m in 0.23s]
[2026-03-31T01:57:46.595+0200] {subprocess.py:93} INFO - [0m23:57:46  5 of 17 PASS not_null_silver_customers_customer_id ............................. [[32mPASS[0m in 0.23s]
[2026-03-31T01:57:46.599+0200] {subprocess.py:93} INFO - [0m23:57:46  6 of 17 PASS unique_silver_customers_customer_id ............................... [[32mPASS[0m in 0.23s]
[2026-03-31T01:57:46.608+0200] {subprocess.py:93} INFO - [0m23:57:46  8 of 17 START test not_null_silver_payments_payment_id ......................... [RUN]
[2026-03-31T01:57:46.612+0200] {subprocess.py:93} INFO - [0m23:57:46  9 of 17 START test unique_silver_payments_payment_id ........................... [RUN]
[2026-03-31T01:57:46.616+0200] {subprocess.py:93} INFO - [0m23:57:46  10 of 17 START test accepted_values_silver_sessions_source__google__direct__facebook__linkedin__newsletter__referral__bing  [RUN]
[2026-03-31T01:57:46.676+0200] {subprocess.py:93} INFO - [0m23:57:46  7 of 17 FAIL 1 accepted_values_silver_payments_status__suceeded__failed__refunded  [[31mFAIL 1[0m in 0.15s]
[2026-03-31T01:57:46.691+0200] {subprocess.py:93} INFO - [0m23:57:46  11 of 17 START test not_null_silver_sessions_session_id ........................ [RUN]
[2026-03-31T01:57:46.734+0200] {subprocess.py:93} INFO - [0m23:57:46  8 of 17 PASS not_null_silver_payments_payment_id ............................... [[32mPASS[0m in 0.12s]
[2026-03-31T01:57:46.738+0200] {subprocess.py:93} INFO - [0m23:57:46  9 of 17 PASS unique_silver_payments_payment_id ................................. [[32mPASS[0m in 0.12s]
[2026-03-31T01:57:46.742+0200] {subprocess.py:93} INFO - [0m23:57:46  10 of 17 FAIL 1 accepted_values_silver_sessions_source__google__direct__facebook__linkedin__newsletter__referral__bing  [[31mFAIL 1[0m in 0.12s]
[2026-03-31T01:57:46.752+0200] {subprocess.py:93} INFO - [0m23:57:46  12 of 17 START test unique_silver_sessions_session_id .......................... [RUN]
[2026-03-31T01:57:46.756+0200] {subprocess.py:93} INFO - [0m23:57:46  13 of 17 START sql table model gold.dim_customer ............................... [RUN]
[2026-03-31T01:57:46.784+0200] {subprocess.py:93} INFO - [0m23:57:46  CANCEL query test.api_bi_project.unique_silver_payments_payment_id.09d6b3ec83 .. [[31mCANCEL[0m]
[2026-03-31T01:57:46.788+0200] {subprocess.py:93} INFO - [0m23:57:46  CANCEL query test.api_bi_project.accepted_values_silver_sessions_source__google__direct__facebook__linkedin__newsletter__referral__bing.717fc87c90  [[31mCANCEL[0m]
[2026-03-31T01:57:46.798+0200] {subprocess.py:93} INFO - [0m23:57:46  CANCEL query test.api_bi_project.not_null_silver_sessions_session_id.f74024a05b  [[31mCANCEL[0m]
[2026-03-31T01:57:46.806+0200] {subprocess.py:93} INFO - [0m23:57:46  CANCEL query test.api_bi_project.not_null_silver_payments_payment_id.71305d150f  [[31mCANCEL[0m]
[2026-03-31T01:57:46.808+0200] {subprocess.py:93} INFO - [0m23:57:46  11 of 17 PASS not_null_silver_sessions_session_id .............................. [[32mPASS[0m in 0.11s]
[2026-03-31T01:57:46.879+0200] {subprocess.py:93} INFO - [0m23:57:46  12 of 17 PASS unique_silver_sessions_session_id ................................ [[32mPASS[0m in 0.12s]
[2026-03-31T01:57:46.918+0200] {subprocess.py:93} INFO - [0m23:57:46  13 of 17 OK created sql table model gold.dim_customer .......................... [[32mSELECT 1002[0m in 0.15s]
[2026-03-31T01:57:46.921+0200] {subprocess.py:93} INFO - [0m23:57:46
[2026-03-31T01:57:46.922+0200] {subprocess.py:93} INFO - [0m23:57:46  [31mFailure in test accepted_values_silver_payments_status__suceeded__failed__refunded (models/models.yml)[0m
[2026-03-31T01:57:46.923+0200] {subprocess.py:93} INFO - [0m23:57:46    Got 1 result, configured to fail if != 0
[2026-03-31T01:57:46.925+0200] {subprocess.py:93} INFO - [0m23:57:46
[2026-03-31T01:57:46.926+0200] {subprocess.py:93} INFO - [0m23:57:46    compiled code at target/compiled/api_bi_project/models/models.yml/accepted_values_silver_payment_83378c4cb60bd3def108896b63bd51b7.sql
[2026-03-31T01:57:46.948+0200] {subprocess.py:93} INFO - [0m23:57:46
[2026-03-31T01:57:46.951+0200] {subprocess.py:93} INFO - [0m23:57:46  Finished running 6 table models, 11 data tests in 0 hours 0 minutes and 1.09 seconds (1.09s).
[2026-03-31T01:57:47.020+0200] {subprocess.py:93} INFO - [0m23:57:47
[2026-03-31T01:57:47.021+0200] {subprocess.py:93} INFO - [0m23:57:47  [31mCompleted with 9 errors and 0 warnings:[0m
[2026-03-31T01:57:47.024+0200] {subprocess.py:93} INFO - [0m23:57:47
[2026-03-31T01:57:47.027+0200] {subprocess.py:93} INFO - [0m23:57:47  [31mFailure in test accepted_values_silver_payments_status__suceeded__failed__refunded (models/models.yml)[0m
[2026-03-31T01:57:47.029+0200] {subprocess.py:93} INFO - [0m23:57:47    Got 1 result, configured to fail if != 0
[2026-03-31T01:57:47.030+0200] {subprocess.py:93} INFO - [0m23:57:47
[2026-03-31T01:57:47.032+0200] {subprocess.py:93} INFO - [0m23:57:47    compiled code at target/compiled/api_bi_project/models/models.yml/accepted_values_silver_payment_83378c4cb60bd3def108896b63bd51b7.sql
[2026-03-31T01:57:47.035+0200] {subprocess.py:93} INFO - [0m23:57:47
[2026-03-31T01:57:47.037+0200] {subprocess.py:93} INFO - [0m23:57:47    Skipping due to fail_fast
[2026-03-31T01:57:47.038+0200] {subprocess.py:93} INFO - [0m23:57:47
[2026-03-31T01:57:47.040+0200] {subprocess.py:93} INFO - [0m23:57:47    Skipping due to fail_fast
[2026-03-31T01:57:47.041+0200] {subprocess.py:93} INFO - [0m23:57:47
[2026-03-31T01:57:47.042+0200] {subprocess.py:93} INFO - [0m23:57:47    Skipping due to fail_fast
[2026-03-31T01:57:47.044+0200] {subprocess.py:93} INFO - [0m23:57:47
[2026-03-31T01:57:47.045+0200] {subprocess.py:93} INFO - [0m23:57:47    Skipping due to fail_fast
[2026-03-31T01:57:47.046+0200] {subprocess.py:93} INFO - [0m23:57:47
[2026-03-31T01:57:47.048+0200] {subprocess.py:93} INFO - [0m23:57:47    Skipping due to fail_fast
[2026-03-31T01:57:47.050+0200] {subprocess.py:93} INFO - [0m23:57:47
[2026-03-31T01:57:47.052+0200] {subprocess.py:93} INFO - [0m23:57:47    Skipping due to fail_fast
[2026-03-31T01:57:47.054+0200] {subprocess.py:93} INFO - [0m23:57:47
[2026-03-31T01:57:47.055+0200] {subprocess.py:93} INFO - [0m23:57:47    Skipping due to fail_fast
[2026-03-31T01:57:47.056+0200] {subprocess.py:93} INFO - [0m23:57:47
[2026-03-31T01:57:47.058+0200] {subprocess.py:93} INFO - [0m23:57:47    Skipping due to fail_fast
[2026-03-31T01:57:47.059+0200] {subprocess.py:93} INFO - [0m23:57:47
[2026-03-31T01:57:47.060+0200] {subprocess.py:93} INFO - [0m23:57:47  Done. PASS=8 WARN=0 ERROR=1 SKIP=8 TOTAL=17
[2026-03-31T01:57:47.809+0200] {subprocess.py:97} INFO - Command exited with return code 1
[2026-03-31T01:57:47.811+0200] {taskinstance.py:441} INFO - ::group::Post task execution logs
[2026-03-31T01:57:47.829+0200] {taskinstance.py:2905} ERROR - Task failed with exception
Traceback (most recent call last):
  File "/home/airflow/.local/lib/python3.11/site-packages/airflow/models/taskinstance.py", line 465, in _execute_task
    result = _execute_callable(context=context, **execute_callable_kwargs)
             ^^^^^^^^^^^^^^^^^^^^^^^^^^^^^^^^^^^^^^^^^^^^^^^^^^^^^^^^^^^^^
  File "/home/airflow/.local/lib/python3.11/site-packages/airflow/models/taskinstance.py", line 432, in _execute_callable
    return execute_callable(context=context, **execute_callable_kwargs)
           ^^^^^^^^^^^^^^^^^^^^^^^^^^^^^^^^^^^^^^^^^^^^^^^^^^^^^^^^^^^^
  File "/home/airflow/.local/lib/python3.11/site-packages/airflow/models/baseoperator.py", line 401, in wrapper
    return func(self, *args, **kwargs)
           ^^^^^^^^^^^^^^^^^^^^^^^^^^^
  File "/home/airflow/.local/lib/python3.11/site-packages/airflow/operators/bash.py", line 243, in execute
    raise AirflowException(
airflow.exceptions.AirflowException: Bash command failed. The command returned a non-zero exit code 1.
[2026-03-31T01:57:47.835+0200] {taskinstance.py:1206} INFO - Marking task as FAILED. dag_id=etl_api_to_bi, task_id=dbt_build, run_id=manual__2026-03-30T23:53:17.146949+00:00, execution_date=20260330T235317, start_date=20260330T235742, end_date=20260330T235747
[2026-03-31T01:57:47.855+0200] {standard_task_runner.py:110} ERROR - Failed to execute job 84 for task dbt_build (Bash command failed. The command returned a non-zero exit code 1.; 686)
[2026-03-31T01:57:47.894+0200] {local_task_job_runner.py:243} INFO - Task exited with return code 1
[2026-03-31T01:57:47.914+0200] {taskinstance.py:3503} INFO - 0 downstream tasks scheduled from follow-on schedule check
[2026-03-31T01:57:47.918+0200] {local_task_job_runner.py:222} INFO - ::endgroup::
