[2026-03-31T02:19:23.529+0200] {local_task_job_runner.py:120} INFO - ::group::Pre task execution logs
[2026-03-31T02:19:23.573+0200] {taskinstance.py:2076} INFO - Dependencies all met for dep_context=non-requeueable deps ti=<TaskInstance: etl_api_to_bi.dbt_build scheduled__2026-03-31T00:00:00+00:00 [queued]>
[2026-03-31T02:19:23.584+0200] {taskinstance.py:2076} INFO - Dependencies all met for dep_context=requeueable deps ti=<TaskInstance: etl_api_to_bi.dbt_build scheduled__2026-03-31T00:00:00+00:00 [queued]>
[2026-03-31T02:19:23.585+0200] {taskinstance.py:2306} INFO - Starting attempt 3 of 3
[2026-03-31T02:19:23.602+0200] {taskinstance.py:2330} INFO - Executing <Task(BashOperator): dbt_build> on 2026-03-31 00:00:00+00:00
[2026-03-31T02:19:23.608+0200] {standard_task_runner.py:64} INFO - Started process 1067 to run task
[2026-03-31T02:19:23.612+0200] {standard_task_runner.py:90} INFO - Running: ['airflow', 'tasks', 'run', 'etl_api_to_bi', 'dbt_build', 'scheduled__2026-03-31T00:00:00+00:00', '--job-id', '105', '--raw', '--subdir', 'DAGS_FOLDER/etl_api_to_bi.py', '--cfg-path', '/tmp/tmpubl6mtl8']
[2026-03-31T02:19:23.616+0200] {standard_task_runner.py:91} INFO - Job 105: Subtask dbt_build
[2026-03-31T02:19:23.716+0200] {task_command.py:426} INFO - Running <TaskInstance: etl_api_to_bi.dbt_build scheduled__2026-03-31T00:00:00+00:00 [running]> on host 533e6543a790
[2026-03-31T02:19:24.012+0200] {taskinstance.py:2648} INFO - Exporting env vars: AIRFLOW_CTX_DAG_OWNER='data' AIRFLOW_CTX_DAG_ID='etl_api_to_bi' AIRFLOW_CTX_TASK_ID='dbt_build' AIRFLOW_CTX_EXECUTION_DATE='2026-03-31T00:00:00+00:00' AIRFLOW_CTX_TRY_NUMBER='3' AIRFLOW_CTX_DAG_RUN_ID='scheduled__2026-03-31T00:00:00+00:00'
[2026-03-31T02:19:24.013+0200] {taskinstance.py:430} INFO - ::endgroup::
[2026-03-31T02:19:24.023+0200] {subprocess.py:63} INFO - Tmp dir root location: /tmp
[2026-03-31T02:19:24.027+0200] {subprocess.py:75} INFO - Running command: ['/usr/bin/bash', '-c', "docker exec dbt bash -lc 'cd /usr/app && dbt build --fail-fast --profiles-dir /root/.dbt'"]
[2026-03-31T02:19:24.036+0200] {subprocess.py:86} INFO - Output:
[2026-03-31T02:19:25.794+0200] {subprocess.py:93} INFO - [0m00:19:25  Running with dbt=1.8.3
[2026-03-31T02:19:26.073+0200] {subprocess.py:93} INFO - [0m00:19:26  Registered adapter: postgres=1.8.2
[2026-03-31T02:19:27.457+0200] {subprocess.py:93} INFO - [0m00:19:27  Found 6 models, 11 data tests, 532 macros
[2026-03-31T02:19:27.464+0200] {subprocess.py:93} INFO - [0m00:19:27
[2026-03-31T02:19:27.664+0200] {subprocess.py:93} INFO - [0m00:19:27  Concurrency: 4 threads (target='dev')
[2026-03-31T02:19:27.666+0200] {subprocess.py:93} INFO - [0m00:19:27
[2026-03-31T02:19:27.673+0200] {subprocess.py:93} INFO - [0m00:19:27  1 of 17 START sql table model silver.silver_customers .......................... [RUN]
[2026-03-31T02:19:27.674+0200] {subprocess.py:93} INFO - [0m00:19:27  2 of 17 START sql table model silver.silver_payments ........................... [RUN]
[2026-03-31T02:19:27.676+0200] {subprocess.py:93} INFO - [0m00:19:27  3 of 17 START sql table model silver.silver_sessions ........................... [RUN]
[2026-03-31T02:19:27.952+0200] {subprocess.py:93} INFO - [0m00:19:27  1 of 17 OK created sql table model silver.silver_customers ..................... [[32mSELECT 1002[0m in 0.27s]
[2026-03-31T02:19:27.969+0200] {subprocess.py:93} INFO - [0m00:19:27  4 of 17 START test not_null_silver_customers_country ........................... [RUN]
[2026-03-31T02:19:27.970+0200] {subprocess.py:93} INFO - [0m00:19:27  5 of 17 START test not_null_silver_customers_customer_id ....................... [RUN]
[2026-03-31T02:19:28.016+0200] {subprocess.py:93} INFO - [0m00:19:28  2 of 17 OK created sql table model silver.silver_payments ...................... [[32mSELECT 9021[0m in 0.33s]
[2026-03-31T02:19:28.122+0200] {subprocess.py:93} INFO - [0m00:19:28  6 of 17 START test unique_silver_customers_customer_id ......................... [RUN]
[2026-03-31T02:19:28.137+0200] {subprocess.py:93} INFO - [0m00:19:28  3 of 17 OK created sql table model silver.silver_sessions ...................... [[32mSELECT 28216[0m in 0.45s]
[2026-03-31T02:19:28.165+0200] {subprocess.py:93} INFO - [0m00:19:28  7 of 17 START test accepted_values_silver_payments_status__succeeded__failed__refunded  [RUN]
[2026-03-31T02:19:28.229+0200] {subprocess.py:93} INFO - [0m00:19:28  4 of 17 PASS not_null_silver_customers_country ................................. [[32mPASS[0m in 0.25s]
[2026-03-31T02:19:28.232+0200] {subprocess.py:93} INFO - [0m00:19:28  5 of 17 PASS not_null_silver_customers_customer_id ............................. [[32mPASS[0m in 0.26s]
[2026-03-31T02:19:28.247+0200] {subprocess.py:93} INFO - [0m00:19:28  8 of 17 START test not_null_silver_payments_payment_id ......................... [RUN]
[2026-03-31T02:19:28.251+0200] {subprocess.py:93} INFO - [0m00:19:28  9 of 17 START test unique_silver_payments_payment_id ........................... [RUN]
[2026-03-31T02:19:28.308+0200] {subprocess.py:93} INFO - [0m00:19:28  6 of 17 PASS unique_silver_customers_customer_id ............................... [[32mPASS[0m in 0.18s]
[2026-03-31T02:19:28.330+0200] {subprocess.py:93} INFO - [0m00:19:28  10 of 17 START test accepted_values_silver_sessions_source__google__direct__facebook__linkedin__newsletter__referral__x  [RUN]
[2026-03-31T02:19:28.337+0200] {subprocess.py:93} INFO - [0m00:19:28  7 of 17 PASS accepted_values_silver_payments_status__succeeded__failed__refunded  [[32mPASS[0m in 0.17s]
[2026-03-31T02:19:28.362+0200] {subprocess.py:93} INFO - [0m00:19:28  11 of 17 START test not_null_silver_sessions_session_id ........................ [RUN]
[2026-03-31T02:19:28.407+0200] {subprocess.py:93} INFO - [0m00:19:28  8 of 17 PASS not_null_silver_payments_payment_id ............................... [[32mPASS[0m in 0.15s]
[2026-03-31T02:19:28.412+0200] {subprocess.py:93} INFO - [0m00:19:28  9 of 17 PASS unique_silver_payments_payment_id ................................. [[32mPASS[0m in 0.15s]
[2026-03-31T02:19:28.424+0200] {subprocess.py:93} INFO - [0m00:19:28  12 of 17 START test unique_silver_sessions_session_id .......................... [RUN]
[2026-03-31T02:19:28.426+0200] {subprocess.py:93} INFO - [0m00:19:28  13 of 17 START sql table model gold.dim_customer ............................... [RUN]
[2026-03-31T02:19:28.475+0200] {subprocess.py:93} INFO - [0m00:19:28  11 of 17 PASS not_null_silver_sessions_session_id .............................. [[32mPASS[0m in 0.11s]
[2026-03-31T02:19:28.479+0200] {subprocess.py:93} INFO - [0m00:19:28  10 of 17 PASS accepted_values_silver_sessions_source__google__direct__facebook__linkedin__newsletter__referral__x  [[32mPASS[0m in 0.14s]
[2026-03-31T02:19:28.488+0200] {subprocess.py:93} INFO - [0m00:19:28  14 of 17 START sql table model gold.fact_daily_revenue ......................... [RUN]
[2026-03-31T02:19:28.544+0200] {subprocess.py:93} INFO - [0m00:19:28  12 of 17 PASS unique_silver_sessions_session_id ................................ [[32mPASS[0m in 0.12s]
[2026-03-31T02:19:28.557+0200] {subprocess.py:93} INFO - [0m00:19:28  15 of 17 START sql table model gold.fact_marketing_attribution ................. [RUN]
[2026-03-31T02:19:28.601+0200] {subprocess.py:93} INFO - [0m00:19:28  13 of 17 OK created sql table model gold.dim_customer .......................... [[32mSELECT 1002[0m in 0.16s]
[2026-03-31T02:19:28.646+0200] {subprocess.py:93} INFO - [0m00:19:28  14 of 17 OK created sql table model gold.fact_daily_revenue .................... [[32mSELECT 4300[0m in 0.15s]
[2026-03-31T02:19:28.653+0200] {subprocess.py:93} INFO - [0m00:19:28  16 of 17 START test not_null_fact_daily_revenue_order_day ...................... [RUN]
[2026-03-31T02:19:28.722+0200] {subprocess.py:93} INFO - [0m00:19:28  15 of 17 OK created sql table model gold.fact_marketing_attribution ............ [[32mSELECT 5665[0m in 0.16s]
[2026-03-31T02:19:28.733+0200] {subprocess.py:93} INFO - [0m00:19:28  17 of 17 START test not_null_fact_marketing_attribution_session_day ............ [RUN]
[2026-03-31T02:19:28.740+0200] {subprocess.py:93} INFO - [0m00:19:28  16 of 17 PASS not_null_fact_daily_revenue_order_day ............................ [[32mPASS[0m in 0.09s]
[2026-03-31T02:19:28.790+0200] {subprocess.py:93} INFO - [0m00:19:28  17 of 17 PASS not_null_fact_marketing_attribution_session_day .................. [[32mPASS[0m in 0.05s]
[2026-03-31T02:19:28.819+0200] {subprocess.py:93} INFO - [0m00:19:28
[2026-03-31T02:19:28.820+0200] {subprocess.py:93} INFO - [0m00:19:28  Finished running 6 table models, 11 data tests in 0 hours 0 minutes and 1.35 seconds (1.35s).
[2026-03-31T02:19:28.891+0200] {subprocess.py:93} INFO - [0m00:19:28
[2026-03-31T02:19:28.892+0200] {subprocess.py:93} INFO - [0m00:19:28  [32mCompleted successfully[0m
[2026-03-31T02:19:28.895+0200] {subprocess.py:93} INFO - [0m00:19:28
[2026-03-31T02:19:28.897+0200] {subprocess.py:93} INFO - [0m00:19:28  Done. PASS=17 WARN=0 ERROR=0 SKIP=0 TOTAL=17
[2026-03-31T02:19:29.600+0200] {subprocess.py:97} INFO - Command exited with return code 0
[2026-03-31T02:19:29.601+0200] {taskinstance.py:441} INFO - ::group::Post task execution logs
[2026-03-31T02:19:29.635+0200] {taskinstance.py:1206} INFO - Marking task as SUCCESS. dag_id=etl_api_to_bi, task_id=dbt_build, run_id=scheduled__2026-03-31T00:00:00+00:00, execution_date=20260331T000000, start_date=20260331T001923, end_date=20260331T001929
[2026-03-31T02:19:29.665+0200] {local_task_job_runner.py:243} INFO - Task exited with return code 0
[2026-03-31T02:19:29.684+0200] {taskinstance.py:3503} INFO - 0 downstream tasks scheduled from follow-on schedule check
[2026-03-31T02:19:29.687+0200] {local_task_job_runner.py:222} INFO - ::endgroup::
