[2026-03-31T02:15:11.151+0200] {local_task_job_runner.py:120} INFO - ::group::Pre task execution logs
[2026-03-31T02:15:11.184+0200] {taskinstance.py:2076} INFO - Dependencies all met for dep_context=non-requeueable deps ti=<TaskInstance: etl_api_to_bi.dbt_build scheduled__2026-03-31T00:00:00+00:00 [queued]>
[2026-03-31T02:15:11.193+0200] {taskinstance.py:2076} INFO - Dependencies all met for dep_context=requeueable deps ti=<TaskInstance: etl_api_to_bi.dbt_build scheduled__2026-03-31T00:00:00+00:00 [queued]>
[2026-03-31T02:15:11.194+0200] {taskinstance.py:2306} INFO - Starting attempt 1 of 3
[2026-03-31T02:15:11.208+0200] {taskinstance.py:2330} INFO - Executing <Task(BashOperator): dbt_build> on 2026-03-31 00:00:00+00:00
[2026-03-31T02:15:11.214+0200] {standard_task_runner.py:64} INFO - Started process 978 to run task
[2026-03-31T02:15:11.217+0200] {standard_task_runner.py:90} INFO - Running: ['airflow', 'tasks', 'run', 'etl_api_to_bi', 'dbt_build', 'scheduled__2026-03-31T00:00:00+00:00', '--job-id', '101', '--raw', '--subdir', 'DAGS_FOLDER/etl_api_to_bi.py', '--cfg-path', '/tmp/tmpvg2tbsqr']
[2026-03-31T02:15:11.220+0200] {standard_task_runner.py:91} INFO - Job 101: Subtask dbt_build
[2026-03-31T02:15:11.301+0200] {task_command.py:426} INFO - Running <TaskInstance: etl_api_to_bi.dbt_build scheduled__2026-03-31T00:00:00+00:00 [running]> on host 533e6543a790
[2026-03-31T02:15:11.538+0200] {taskinstance.py:2648} INFO - Exporting env vars: AIRFLOW_CTX_DAG_OWNER='data' AIRFLOW_CTX_DAG_ID='etl_api_to_bi' AIRFLOW_CTX_TASK_ID='dbt_build' AIRFLOW_CTX_EXECUTION_DATE='2026-03-31T00:00:00+00:00' AIRFLOW_CTX_TRY_NUMBER='1' AIRFLOW_CTX_DAG_RUN_ID='scheduled__2026-03-31T00:00:00+00:00'
[2026-03-31T02:15:11.540+0200] {taskinstance.py:430} INFO - ::endgroup::
[2026-03-31T02:15:11.550+0200] {subprocess.py:63} INFO - Tmp dir root location: /tmp
[2026-03-31T02:15:11.552+0200] {subprocess.py:75} INFO - Running command: ['/usr/bin/bash', '-c', "docker exec dbt bash -lc 'cd /usr/app && dbt build --fail-fast --profiles-dir /root/.dbt'"]
[2026-03-31T02:15:11.562+0200] {subprocess.py:86} INFO - Output:
[2026-03-31T02:15:13.061+0200] {subprocess.py:93} INFO - [0m00:15:13  Running with dbt=1.8.3
[2026-03-31T02:15:13.328+0200] {subprocess.py:93} INFO - [0m00:15:13  Registered adapter: postgres=1.8.2
[2026-03-31T02:15:14.830+0200] {subprocess.py:93} INFO - [0m00:15:14  Found 6 models, 11 data tests, 532 macros
[2026-03-31T02:15:14.837+0200] {subprocess.py:93} INFO - [0m00:15:14
[2026-03-31T02:15:15.075+0200] {subprocess.py:93} INFO - [0m00:15:15  Concurrency: 4 threads (target='dev')
[2026-03-31T02:15:15.079+0200] {subprocess.py:93} INFO - [0m00:15:15
[2026-03-31T02:15:15.094+0200] {subprocess.py:93} INFO - [0m00:15:15  1 of 17 START sql table model silver.silver_customers .......................... [RUN]
[2026-03-31T02:15:15.096+0200] {subprocess.py:93} INFO - [0m00:15:15  2 of 17 START sql table model silver.silver_payments ........................... [RUN]
[2026-03-31T02:15:15.099+0200] {subprocess.py:93} INFO - [0m00:15:15  3 of 17 START sql table model silver.silver_sessions ........................... [RUN]
[2026-03-31T02:15:15.452+0200] {subprocess.py:93} INFO - [0m00:15:15  1 of 17 OK created sql table model silver.silver_customers ..................... [[32mSELECT 1002[0m in 0.34s]
[2026-03-31T02:15:15.465+0200] {subprocess.py:93} INFO - [0m00:15:15  4 of 17 START test not_null_silver_customers_country ........................... [RUN]
[2026-03-31T02:15:15.466+0200] {subprocess.py:93} INFO - [0m00:15:15  5 of 17 START test not_null_silver_customers_customer_id ....................... [RUN]
[2026-03-31T02:15:15.482+0200] {subprocess.py:93} INFO - [0m00:15:15  2 of 17 OK created sql table model silver.silver_payments ...................... [[32mSELECT 9021[0m in 0.37s]
[2026-03-31T02:15:15.519+0200] {subprocess.py:93} INFO - [0m00:15:15  6 of 17 START test unique_silver_customers_customer_id ......................... [RUN]
[2026-03-31T02:15:15.611+0200] {subprocess.py:93} INFO - [0m00:15:15  3 of 17 OK created sql table model silver.silver_sessions ...................... [[32mSELECT 28216[0m in 0.49s]
[2026-03-31T02:15:15.626+0200] {subprocess.py:93} INFO - [0m00:15:15  7 of 17 START test accepted_values_silver_payments_status__succeeded__failed__refunded  [RUN]
[2026-03-31T02:15:15.671+0200] {subprocess.py:93} INFO - [0m00:15:15  4 of 17 PASS not_null_silver_customers_country ................................. [[32mPASS[0m in 0.20s]
[2026-03-31T02:15:15.676+0200] {subprocess.py:93} INFO - [0m00:15:15  5 of 17 PASS not_null_silver_customers_customer_id ............................. [[32mPASS[0m in 0.20s]
[2026-03-31T02:15:15.686+0200] {subprocess.py:93} INFO - [0m00:15:15  8 of 17 START test not_null_silver_payments_payment_id ......................... [RUN]
[2026-03-31T02:15:15.688+0200] {subprocess.py:93} INFO - [0m00:15:15  9 of 17 START test unique_silver_payments_payment_id ........................... [RUN]
[2026-03-31T02:15:15.713+0200] {subprocess.py:93} INFO - [0m00:15:15  6 of 17 PASS unique_silver_customers_customer_id ............................... [[32mPASS[0m in 0.13s]
[2026-03-31T02:15:15.723+0200] {subprocess.py:93} INFO - [0m00:15:15  10 of 17 START test accepted_values_silver_sessions_source__google__direct__facebook__linkedin__newsletter__referral__bing  [RUN]
[2026-03-31T02:15:15.750+0200] {subprocess.py:93} INFO - [0m00:15:15  7 of 17 PASS accepted_values_silver_payments_status__succeeded__failed__refunded  [[32mPASS[0m in 0.11s]
[2026-03-31T02:15:15.762+0200] {subprocess.py:93} INFO - [0m00:15:15  11 of 17 START test not_null_silver_sessions_session_id ........................ [RUN]
[2026-03-31T02:15:15.799+0200] {subprocess.py:93} INFO - [0m00:15:15  8 of 17 PASS not_null_silver_payments_payment_id ............................... [[32mPASS[0m in 0.11s]
[2026-03-31T02:15:15.809+0200] {subprocess.py:93} INFO - [0m00:15:15  9 of 17 PASS unique_silver_payments_payment_id ................................. [[32mPASS[0m in 0.12s]
[2026-03-31T02:15:15.816+0200] {subprocess.py:93} INFO - [0m00:15:15  12 of 17 START test unique_silver_sessions_session_id .......................... [RUN]
[2026-03-31T02:15:15.822+0200] {subprocess.py:93} INFO - [0m00:15:15  13 of 17 START sql table model gold.dim_customer ............................... [RUN]
[2026-03-31T02:15:15.839+0200] {subprocess.py:93} INFO - [0m00:15:15  10 of 17 FAIL 1 accepted_values_silver_sessions_source__google__direct__facebook__linkedin__newsletter__referral__bing  [[31mFAIL 1[0m in 0.11s]
[2026-03-31T02:15:15.856+0200] {subprocess.py:93} INFO - [0m00:15:15  14 of 17 START sql table model gold.fact_daily_revenue ......................... [RUN]
[2026-03-31T02:15:15.881+0200] {subprocess.py:93} INFO - [0m00:15:15  11 of 17 PASS not_null_silver_sessions_session_id .............................. [[32mPASS[0m in 0.11s]
[2026-03-31T02:15:15.935+0200] {subprocess.py:93} INFO - [0m00:15:15  12 of 17 PASS unique_silver_sessions_session_id ................................ [[32mPASS[0m in 0.11s]
[2026-03-31T02:15:15.968+0200] {subprocess.py:93} INFO - [0m00:15:15  CANCEL query model.api_bi_project.fact_daily_revenue ........................... [[31mCANCEL[0m]
[2026-03-31T02:15:15.971+0200] {subprocess.py:93} INFO - [0m00:15:15  CANCEL query model.api_bi_project.dim_customer ................................. [[31mCANCEL[0m]
[2026-03-31T02:15:15.974+0200] {subprocess.py:93} INFO - [0m00:15:15  CANCEL query test.api_bi_project.not_null_silver_sessions_session_id.f74024a05b  [[31mCANCEL[0m]
[2026-03-31T02:15:15.977+0200] {subprocess.py:93} INFO - [0m00:15:15  CANCEL query test.api_bi_project.unique_silver_sessions_session_id.9a8d5b03a8 .. [[31mCANCEL[0m]
[2026-03-31T02:15:16.006+0200] {subprocess.py:93} INFO - [0m00:15:16  13 of 17 ERROR creating sql table model gold.dim_customer ...................... [[31mERROR[0m in 0.18s]
[2026-03-31T02:15:16.008+0200] {subprocess.py:93} INFO - [0m00:15:16  14 of 17 ERROR creating sql table model gold.fact_daily_revenue ................ [[31mERROR[0m in 0.15s]
[2026-03-31T02:15:16.013+0200] {subprocess.py:93} INFO - [0m00:15:16
[2026-03-31T02:15:16.014+0200] {subprocess.py:93} INFO - [0m00:15:16  [31mFailure in test accepted_values_silver_sessions_source__google__direct__facebook__linkedin__newsletter__referral__bing (models/models.yml)[0m
[2026-03-31T02:15:16.016+0200] {subprocess.py:93} INFO - [0m00:15:16    Got 1 result, configured to fail if != 0
[2026-03-31T02:15:16.017+0200] {subprocess.py:93} INFO - [0m00:15:16
[2026-03-31T02:15:16.018+0200] {subprocess.py:93} INFO - [0m00:15:16    compiled code at target/compiled/api_bi_project/models/models.yml/accepted_values_silver_session_2b1dd7cfe6c5ebf4293aff2670001faa.sql
[2026-03-31T02:15:16.040+0200] {subprocess.py:93} INFO - [0m00:15:16
[2026-03-31T02:15:16.041+0200] {subprocess.py:93} INFO - [0m00:15:16  Finished running 6 table models, 11 data tests in 0 hours 0 minutes and 1.20 seconds (1.20s).
[2026-03-31T02:15:16.111+0200] {subprocess.py:93} INFO - [0m00:15:16
[2026-03-31T02:15:16.112+0200] {subprocess.py:93} INFO - [0m00:15:16  [31mCompleted with 6 errors and 0 warnings:[0m
[2026-03-31T02:15:16.114+0200] {subprocess.py:93} INFO - [0m00:15:16
[2026-03-31T02:15:16.116+0200] {subprocess.py:93} INFO - [0m00:15:16  [31mFailure in test accepted_values_silver_sessions_source__google__direct__facebook__linkedin__newsletter__referral__bing (models/models.yml)[0m
[2026-03-31T02:15:16.117+0200] {subprocess.py:93} INFO - [0m00:15:16    Got 1 result, configured to fail if != 0
[2026-03-31T02:15:16.119+0200] {subprocess.py:93} INFO - [0m00:15:16
[2026-03-31T02:15:16.120+0200] {subprocess.py:93} INFO - [0m00:15:16    compiled code at target/compiled/api_bi_project/models/models.yml/accepted_values_silver_session_2b1dd7cfe6c5ebf4293aff2670001faa.sql
[2026-03-31T02:15:16.122+0200] {subprocess.py:93} INFO - [0m00:15:16
[2026-03-31T02:15:16.124+0200] {subprocess.py:93} INFO - [0m00:15:16    Skipping due to fail_fast
[2026-03-31T02:15:16.125+0200] {subprocess.py:93} INFO - [0m00:15:16
[2026-03-31T02:15:16.126+0200] {subprocess.py:93} INFO - [0m00:15:16    Skipping due to fail_fast
[2026-03-31T02:15:16.128+0200] {subprocess.py:93} INFO - [0m00:15:16
[2026-03-31T02:15:16.129+0200] {subprocess.py:93} INFO - [0m00:15:16    Skipping due to fail_fast
[2026-03-31T02:15:16.131+0200] {subprocess.py:93} INFO - [0m00:15:16
[2026-03-31T02:15:16.132+0200] {subprocess.py:93} INFO - [0m00:15:16    Skipping due to fail_fast
[2026-03-31T02:15:16.133+0200] {subprocess.py:93} INFO - [0m00:15:16
[2026-03-31T02:15:16.135+0200] {subprocess.py:93} INFO - [0m00:15:16    Skipping due to fail_fast
[2026-03-31T02:15:16.136+0200] {subprocess.py:93} INFO - [0m00:15:16
[2026-03-31T02:15:16.138+0200] {subprocess.py:93} INFO - [0m00:15:16  Done. PASS=11 WARN=0 ERROR=1 SKIP=5 TOTAL=17
[2026-03-31T02:15:16.849+0200] {subprocess.py:97} INFO - Command exited with return code 1
[2026-03-31T02:15:16.851+0200] {taskinstance.py:441} INFO - ::group::Post task execution logs
[2026-03-31T02:15:16.864+0200] {taskinstance.py:2905} ERROR - Task failed with exception
Traceback (most recent call last):
  File "/home/airflow/.local/lib/python3.11/site-packages/airflow/models/taskinstance.py", line 465, in _execute_task
    result = _execute_callable(context=context, **execute_callable_kwargs)
             ^^^^^^^^^^^^^^^^^^^^^^^^^^^^^^^^^^^^^^^^^^^^^^^^^^^^^^^^^^^^^
  File "/home/airflow/.local/lib/python3.11/site-packages/airflow/models/taskinstance.py", line 432, in _execute_callable
    return execute_callable(context=context, **execute_callable_kwargs)
           ^^^^^^^^^^^^^^^^^^^^^^^^^^^^^^^^^^^^^^^^^^^^^^^^^^^^^^^^^^^^
  File "/home/airflow/.local/lib/python3.11/site-packages/airflow/models/baseoperator.py", line 401, in wrapper
    return func(self, *args, **kwargs)
           ^^^^^^^^^^^^^^^^^^^^^^^^^^^
  File "/home/airflow/.local/lib/python3.11/site-packages/airflow/operators/bash.py", line 243, in execute
    raise AirflowException(
airflow.exceptions.AirflowException: Bash command failed. The command returned a non-zero exit code 1.
[2026-03-31T02:15:16.869+0200] {taskinstance.py:1206} INFO - Marking task as UP_FOR_RETRY. dag_id=etl_api_to_bi, task_id=dbt_build, run_id=scheduled__2026-03-31T00:00:00+00:00, execution_date=20260331T000000, start_date=20260331T001511, end_date=20260331T001516
[2026-03-31T02:15:16.886+0200] {standard_task_runner.py:110} ERROR - Failed to execute job 101 for task dbt_build (Bash command failed. The command returned a non-zero exit code 1.; 978)
[2026-03-31T02:15:16.907+0200] {local_task_job_runner.py:243} INFO - Task exited with return code 1
[2026-03-31T02:15:16.924+0200] {taskinstance.py:3503} INFO - 0 downstream tasks scheduled from follow-on schedule check
[2026-03-31T02:15:16.927+0200] {local_task_job_runner.py:222} INFO - ::endgroup::
