[2026-03-31T02:17:17.557+0200] {local_task_job_runner.py:120} INFO - ::group::Pre task execution logs
[2026-03-31T02:17:17.603+0200] {taskinstance.py:2076} INFO - Dependencies all met for dep_context=non-requeueable deps ti=<TaskInstance: etl_api_to_bi.dbt_build scheduled__2026-03-31T00:00:00+00:00 [queued]>
[2026-03-31T02:17:17.615+0200] {taskinstance.py:2076} INFO - Dependencies all met for dep_context=requeueable deps ti=<TaskInstance: etl_api_to_bi.dbt_build scheduled__2026-03-31T00:00:00+00:00 [queued]>
[2026-03-31T02:17:17.616+0200] {taskinstance.py:2306} INFO - Starting attempt 2 of 3
[2026-03-31T02:17:17.634+0200] {taskinstance.py:2330} INFO - Executing <Task(BashOperator): dbt_build> on 2026-03-31 00:00:00+00:00
[2026-03-31T02:17:17.639+0200] {standard_task_runner.py:64} INFO - Started process 1023 to run task
[2026-03-31T02:17:17.643+0200] {standard_task_runner.py:90} INFO - Running: ['airflow', 'tasks', 'run', 'etl_api_to_bi', 'dbt_build', 'scheduled__2026-03-31T00:00:00+00:00', '--job-id', '103', '--raw', '--subdir', 'DAGS_FOLDER/etl_api_to_bi.py', '--cfg-path', '/tmp/tmpxqcenopv']
[2026-03-31T02:17:17.647+0200] {standard_task_runner.py:91} INFO - Job 103: Subtask dbt_build
[2026-03-31T02:17:17.735+0200] {task_command.py:426} INFO - Running <TaskInstance: etl_api_to_bi.dbt_build scheduled__2026-03-31T00:00:00+00:00 [running]> on host 533e6543a790
[2026-03-31T02:17:18.002+0200] {taskinstance.py:2648} INFO - Exporting env vars: AIRFLOW_CTX_DAG_OWNER='data' AIRFLOW_CTX_DAG_ID='etl_api_to_bi' AIRFLOW_CTX_TASK_ID='dbt_build' AIRFLOW_CTX_EXECUTION_DATE='2026-03-31T00:00:00+00:00' AIRFLOW_CTX_TRY_NUMBER='2' AIRFLOW_CTX_DAG_RUN_ID='scheduled__2026-03-31T00:00:00+00:00'
[2026-03-31T02:17:18.004+0200] {taskinstance.py:430} INFO - ::endgroup::
[2026-03-31T02:17:18.014+0200] {subprocess.py:63} INFO - Tmp dir root location: /tmp
[2026-03-31T02:17:18.016+0200] {subprocess.py:75} INFO - Running command: ['/usr/bin/bash', '-c', "docker exec dbt bash -lc 'cd /usr/app && dbt build --fail-fast --profiles-dir /root/.dbt'"]
[2026-03-31T02:17:18.026+0200] {subprocess.py:86} INFO - Output:
[2026-03-31T02:17:19.818+0200] {subprocess.py:93} INFO - [0m00:17:19  Running with dbt=1.8.3
[2026-03-31T02:17:20.099+0200] {subprocess.py:93} INFO - [0m00:17:20  Registered adapter: postgres=1.8.2
[2026-03-31T02:17:21.355+0200] {subprocess.py:93} INFO - [0m00:17:21  Found 6 models, 11 data tests, 532 macros
[2026-03-31T02:17:21.360+0200] {subprocess.py:93} INFO - [0m00:17:21
[2026-03-31T02:17:21.538+0200] {subprocess.py:93} INFO - [0m00:17:21  Concurrency: 4 threads (target='dev')
[2026-03-31T02:17:21.540+0200] {subprocess.py:93} INFO - [0m00:17:21
[2026-03-31T02:17:21.547+0200] {subprocess.py:93} INFO - [0m00:17:21  1 of 17 START sql table model silver.silver_customers .......................... [RUN]
[2026-03-31T02:17:21.549+0200] {subprocess.py:93} INFO - [0m00:17:21  2 of 17 START sql table model silver.silver_payments ........................... [RUN]
[2026-03-31T02:17:21.550+0200] {subprocess.py:93} INFO - [0m00:17:21  3 of 17 START sql table model silver.silver_sessions ........................... [RUN]
[2026-03-31T02:17:21.824+0200] {subprocess.py:93} INFO - [0m00:17:21  1 of 17 OK created sql table model silver.silver_customers ..................... [[32mSELECT 1002[0m in 0.27s]
[2026-03-31T02:17:21.828+0200] {subprocess.py:93} INFO - [0m00:17:21  2 of 17 OK created sql table model silver.silver_payments ...................... [[32mSELECT 9021[0m in 0.27s]
[2026-03-31T02:17:21.838+0200] {subprocess.py:93} INFO - [0m00:17:21  4 of 17 START test not_null_silver_customers_country ........................... [RUN]
[2026-03-31T02:17:21.840+0200] {subprocess.py:93} INFO - [0m00:17:21  5 of 17 START test not_null_silver_customers_customer_id ....................... [RUN]
[2026-03-31T02:17:21.842+0200] {subprocess.py:93} INFO - [0m00:17:21  6 of 17 START test unique_silver_customers_customer_id ......................... [RUN]
[2026-03-31T02:17:21.971+0200] {subprocess.py:93} INFO - [0m00:17:21  3 of 17 OK created sql table model silver.silver_sessions ...................... [[32mSELECT 28216[0m in 0.39s]
[2026-03-31T02:17:21.986+0200] {subprocess.py:93} INFO - [0m00:17:21  7 of 17 START test accepted_values_silver_payments_status__succeeded__failed__refunded  [RUN]
[2026-03-31T02:17:22.045+0200] {subprocess.py:93} INFO - [0m00:17:22  5 of 17 PASS not_null_silver_customers_customer_id ............................. [[32mPASS[0m in 0.20s]
[2026-03-31T02:17:22.059+0200] {subprocess.py:93} INFO - [0m00:17:22  8 of 17 START test not_null_silver_payments_payment_id ......................... [RUN]
[2026-03-31T02:17:22.062+0200] {subprocess.py:93} INFO - [0m00:17:22  4 of 17 PASS not_null_silver_customers_country ................................. [[32mPASS[0m in 0.22s]
[2026-03-31T02:17:22.066+0200] {subprocess.py:93} INFO - [0m00:17:22  6 of 17 PASS unique_silver_customers_customer_id ............................... [[32mPASS[0m in 0.22s]
[2026-03-31T02:17:22.082+0200] {subprocess.py:93} INFO - [0m00:17:22  9 of 17 START test unique_silver_payments_payment_id ........................... [RUN]
[2026-03-31T02:17:22.086+0200] {subprocess.py:93} INFO - [0m00:17:22  10 of 17 START test accepted_values_silver_sessions_source__google__direct__facebook__linkedin__newsletter__referral__bing  [RUN]
[2026-03-31T02:17:22.121+0200] {subprocess.py:93} INFO - [0m00:17:22  7 of 17 PASS accepted_values_silver_payments_status__succeeded__failed__refunded  [[32mPASS[0m in 0.13s]
[2026-03-31T02:17:22.139+0200] {subprocess.py:93} INFO - [0m00:17:22  11 of 17 START test not_null_silver_sessions_session_id ........................ [RUN]
[2026-03-31T02:17:22.177+0200] {subprocess.py:93} INFO - [0m00:17:22  8 of 17 PASS not_null_silver_payments_payment_id ............................... [[32mPASS[0m in 0.11s]
[2026-03-31T02:17:22.187+0200] {subprocess.py:93} INFO - [0m00:17:22  12 of 17 START test unique_silver_sessions_session_id .......................... [RUN]
[2026-03-31T02:17:22.210+0200] {subprocess.py:93} INFO - [0m00:17:22  10 of 17 FAIL 1 accepted_values_silver_sessions_source__google__direct__facebook__linkedin__newsletter__referral__bing  [[31mFAIL 1[0m in 0.12s]
[2026-03-31T02:17:22.212+0200] {subprocess.py:93} INFO - [0m00:17:22  9 of 17 PASS unique_silver_payments_payment_id ................................. [[32mPASS[0m in 0.12s]
[2026-03-31T02:17:22.228+0200] {subprocess.py:93} INFO - [0m00:17:22  13 of 17 START sql table model gold.dim_customer ............................... [RUN]
[2026-03-31T02:17:22.269+0200] {subprocess.py:93} INFO - [0m00:17:22  CANCEL query test.api_bi_project.unique_silver_sessions_session_id.9a8d5b03a8 .. [[31mCANCEL[0m]
[2026-03-31T02:17:22.273+0200] {subprocess.py:93} INFO - [0m00:17:22  CANCEL query test.api_bi_project.accepted_values_silver_sessions_source__google__direct__facebook__linkedin__newsletter__referral__bing.717fc87c90  [[31mCANCEL[0m]
[2026-03-31T02:17:22.281+0200] {subprocess.py:93} INFO - [0m00:17:22  CANCEL query test.api_bi_project.not_null_silver_sessions_session_id.f74024a05b  [[31mCANCEL[0m]
[2026-03-31T02:17:22.285+0200] {subprocess.py:93} INFO - [0m00:17:22  CANCEL query test.api_bi_project.unique_silver_payments_payment_id.09d6b3ec83 .. [[31mCANCEL[0m]
[2026-03-31T02:17:22.287+0200] {subprocess.py:93} INFO - [0m00:17:22  11 of 17 PASS not_null_silver_sessions_session_id .............................. [[32mPASS[0m in 0.14s]
[2026-03-31T02:17:22.306+0200] {subprocess.py:93} INFO - [0m00:17:22  12 of 17 ERROR unique_silver_sessions_session_id ............................... [[31mERROR[0m in 0.12s]
[2026-03-31T02:17:22.374+0200] {subprocess.py:93} INFO - [0m00:17:22  13 of 17 OK created sql table model gold.dim_customer .......................... [[32mSELECT 1002[0m in 0.14s]
[2026-03-31T02:17:22.376+0200] {subprocess.py:93} INFO - [0m00:17:22
[2026-03-31T02:17:22.378+0200] {subprocess.py:93} INFO - [0m00:17:22  [31mFailure in test accepted_values_silver_sessions_source__google__direct__facebook__linkedin__newsletter__referral__bing (models/models.yml)[0m
[2026-03-31T02:17:22.379+0200] {subprocess.py:93} INFO - [0m00:17:22    Got 1 result, configured to fail if != 0
[2026-03-31T02:17:22.381+0200] {subprocess.py:93} INFO - [0m00:17:22
[2026-03-31T02:17:22.382+0200] {subprocess.py:93} INFO - [0m00:17:22    compiled code at target/compiled/api_bi_project/models/models.yml/accepted_values_silver_session_2b1dd7cfe6c5ebf4293aff2670001faa.sql
[2026-03-31T02:17:22.404+0200] {subprocess.py:93} INFO - [0m00:17:22
[2026-03-31T02:17:22.405+0200] {subprocess.py:93} INFO - [0m00:17:22  Finished running 6 table models, 11 data tests in 0 hours 0 minutes and 1.04 seconds (1.04s).
[2026-03-31T02:17:22.474+0200] {subprocess.py:93} INFO - [0m00:17:22
[2026-03-31T02:17:22.475+0200] {subprocess.py:93} INFO - [0m00:17:22  [31mCompleted with 8 errors and 0 warnings:[0m
[2026-03-31T02:17:22.477+0200] {subprocess.py:93} INFO - [0m00:17:22
[2026-03-31T02:17:22.479+0200] {subprocess.py:93} INFO - [0m00:17:22  [31mFailure in test accepted_values_silver_sessions_source__google__direct__facebook__linkedin__newsletter__referral__bing (models/models.yml)[0m
[2026-03-31T02:17:22.481+0200] {subprocess.py:93} INFO - [0m00:17:22    Got 1 result, configured to fail if != 0
[2026-03-31T02:17:22.482+0200] {subprocess.py:93} INFO - [0m00:17:22
[2026-03-31T02:17:22.484+0200] {subprocess.py:93} INFO - [0m00:17:22    compiled code at target/compiled/api_bi_project/models/models.yml/accepted_values_silver_session_2b1dd7cfe6c5ebf4293aff2670001faa.sql
[2026-03-31T02:17:22.486+0200] {subprocess.py:93} INFO - [0m00:17:22
[2026-03-31T02:17:22.487+0200] {subprocess.py:93} INFO - [0m00:17:22    Skipping due to fail_fast
[2026-03-31T02:17:22.489+0200] {subprocess.py:93} INFO - [0m00:17:22
[2026-03-31T02:17:22.490+0200] {subprocess.py:93} INFO - [0m00:17:22    Skipping due to fail_fast
[2026-03-31T02:17:22.492+0200] {subprocess.py:93} INFO - [0m00:17:22
[2026-03-31T02:17:22.493+0200] {subprocess.py:93} INFO - [0m00:17:22    Skipping due to fail_fast
[2026-03-31T02:17:22.494+0200] {subprocess.py:93} INFO - [0m00:17:22
[2026-03-31T02:17:22.496+0200] {subprocess.py:93} INFO - [0m00:17:22    Skipping due to fail_fast
[2026-03-31T02:17:22.498+0200] {subprocess.py:93} INFO - [0m00:17:22
[2026-03-31T02:17:22.499+0200] {subprocess.py:93} INFO - [0m00:17:22    Skipping due to fail_fast
[2026-03-31T02:17:22.501+0200] {subprocess.py:93} INFO - [0m00:17:22
[2026-03-31T02:17:22.503+0200] {subprocess.py:93} INFO - [0m00:17:22    Skipping due to fail_fast
[2026-03-31T02:17:22.505+0200] {subprocess.py:93} INFO - [0m00:17:22
[2026-03-31T02:17:22.506+0200] {subprocess.py:93} INFO - [0m00:17:22    Skipping due to fail_fast
[2026-03-31T02:17:22.507+0200] {subprocess.py:93} INFO - [0m00:17:22
[2026-03-31T02:17:22.509+0200] {subprocess.py:93} INFO - [0m00:17:22  Done. PASS=9 WARN=0 ERROR=1 SKIP=7 TOTAL=17
[2026-03-31T02:17:23.195+0200] {subprocess.py:97} INFO - Command exited with return code 1
[2026-03-31T02:17:23.196+0200] {taskinstance.py:441} INFO - ::group::Post task execution logs
[2026-03-31T02:17:23.209+0200] {taskinstance.py:2905} ERROR - Task failed with exception
Traceback (most recent call last):
  File "/home/airflow/.local/lib/python3.11/site-packages/airflow/models/taskinstance.py", line 465, in _execute_task
    result = _execute_callable(context=context, **execute_callable_kwargs)
             ^^^^^^^^^^^^^^^^^^^^^^^^^^^^^^^^^^^^^^^^^^^^^^^^^^^^^^^^^^^^^
  File "/home/airflow/.local/lib/python3.11/site-packages/airflow/models/taskinstance.py", line 432, in _execute_callable
    return execute_callable(context=context, **execute_callable_kwargs)
           ^^^^^^^^^^^^^^^^^^^^^^^^^^^^^^^^^^^^^^^^^^^^^^^^^^^^^^^^^^^^
  File "/home/airflow/.local/lib/python3.11/site-packages/airflow/models/baseoperator.py", line 401, in wrapper
    return func(self, *args, **kwargs)
           ^^^^^^^^^^^^^^^^^^^^^^^^^^^
  File "/home/airflow/.local/lib/python3.11/site-packages/airflow/operators/bash.py", line 243, in execute
    raise AirflowException(
airflow.exceptions.AirflowException: Bash command failed. The command returned a non-zero exit code 1.
[2026-03-31T02:17:23.213+0200] {taskinstance.py:1206} INFO - Marking task as UP_FOR_RETRY. dag_id=etl_api_to_bi, task_id=dbt_build, run_id=scheduled__2026-03-31T00:00:00+00:00, execution_date=20260331T000000, start_date=20260331T001717, end_date=20260331T001723
[2026-03-31T02:17:23.230+0200] {standard_task_runner.py:110} ERROR - Failed to execute job 103 for task dbt_build (Bash command failed. The command returned a non-zero exit code 1.; 1023)
[2026-03-31T02:17:23.247+0200] {local_task_job_runner.py:243} INFO - Task exited with return code 1
[2026-03-31T02:17:23.265+0200] {taskinstance.py:3503} INFO - 0 downstream tasks scheduled from follow-on schedule check
[2026-03-31T02:17:23.269+0200] {local_task_job_runner.py:222} INFO - ::endgroup::
