[2026-03-31T00:05:03.208+0200] {local_task_job_runner.py:120} INFO - ::group::Pre task execution logs
[2026-03-31T00:05:03.245+0200] {taskinstance.py:2076} INFO - Dependencies all met for dep_context=non-requeueable deps ti=<TaskInstance: etl_api_to_bi.extract_payments scheduled__2026-03-30T21:45:00+00:00 [queued]>
[2026-03-31T00:05:03.254+0200] {taskinstance.py:2076} INFO - Dependencies all met for dep_context=requeueable deps ti=<TaskInstance: etl_api_to_bi.extract_payments scheduled__2026-03-30T21:45:00+00:00 [queued]>
[2026-03-31T00:05:03.255+0200] {taskinstance.py:2306} INFO - Starting attempt 3 of 3
[2026-03-31T00:05:03.271+0200] {taskinstance.py:2330} INFO - Executing <Task(PythonOperator): extract_payments> on 2026-03-30 21:45:00+00:00
[2026-03-31T00:05:03.276+0200] {standard_task_runner.py:64} INFO - Started process 245 to run task
[2026-03-31T00:05:03.282+0200] {standard_task_runner.py:90} INFO - Running: ['airflow', 'tasks', 'run', 'etl_api_to_bi', 'extract_payments', 'scheduled__2026-03-30T21:45:00+00:00', '--job-id', '37', '--raw', '--subdir', 'DAGS_FOLDER/etl_api_to_bi.py', '--cfg-path', '/tmp/tmpcvowi6fp']
[2026-03-31T00:05:03.284+0200] {standard_task_runner.py:91} INFO - Job 37: Subtask extract_payments
[2026-03-31T00:05:03.427+0200] {task_command.py:426} INFO - Running <TaskInstance: etl_api_to_bi.extract_payments scheduled__2026-03-30T21:45:00+00:00 [running]> on host e771f172af05
[2026-03-31T00:05:03.708+0200] {taskinstance.py:2648} INFO - Exporting env vars: AIRFLOW_CTX_DAG_OWNER='data' AIRFLOW_CTX_DAG_ID='etl_api_to_bi' AIRFLOW_CTX_TASK_ID='extract_payments' AIRFLOW_CTX_EXECUTION_DATE='2026-03-30T21:45:00+00:00' AIRFLOW_CTX_TRY_NUMBER='3' AIRFLOW_CTX_DAG_RUN_ID='scheduled__2026-03-30T21:45:00+00:00'
[2026-03-31T00:05:03.709+0200] {taskinstance.py:430} INFO - ::endgroup::
[2026-03-31T00:05:03.849+0200] {crypto.py:82} WARNING - empty cryptography key - values will not be stored encrypted.
[2026-03-31T00:05:03.851+0200] {base.py:84} INFO - Using connection ID 'postgres_default' for task execution.
[2026-03-31T00:05:03.859+0200] {taskinstance.py:441} INFO - ::group::Post task execution logs
[2026-03-31T00:05:03.860+0200] {taskinstance.py:2905} ERROR - Task failed with exception
Traceback (most recent call last):
  File "/home/airflow/.local/lib/python3.11/site-packages/airflow/models/taskinstance.py", line 465, in _execute_task
    result = _execute_callable(context=context, **execute_callable_kwargs)
             ^^^^^^^^^^^^^^^^^^^^^^^^^^^^^^^^^^^^^^^^^^^^^^^^^^^^^^^^^^^^^
  File "/home/airflow/.local/lib/python3.11/site-packages/airflow/models/taskinstance.py", line 432, in _execute_callable
    return execute_callable(context=context, **execute_callable_kwargs)
           ^^^^^^^^^^^^^^^^^^^^^^^^^^^^^^^^^^^^^^^^^^^^^^^^^^^^^^^^^^^^
  File "/home/airflow/.local/lib/python3.11/site-packages/airflow/models/baseoperator.py", line 401, in wrapper
    return func(self, *args, **kwargs)
           ^^^^^^^^^^^^^^^^^^^^^^^^^^^
  File "/home/airflow/.local/lib/python3.11/site-packages/airflow/operators/python.py", line 235, in execute
    return_value = self.execute_callable()
                   ^^^^^^^^^^^^^^^^^^^^^^^
  File "/home/airflow/.local/lib/python3.11/site-packages/airflow/operators/python.py", line 252, in execute_callable
    return self.python_callable(*self.op_args, **self.op_kwargs)
           ^^^^^^^^^^^^^^^^^^^^^^^^^^^^^^^^^^^^^^^^^^^^^^^^^^^^^
  File "/opt/airflow/dags/etl_api_to_bi.py", line 100, in extract_table
    cur.executemany(
psycopg2.errors.UndefinedTable: relation "bronze.payments" does not exist
LINE 2:                         INSERT INTO bronze.payments(payment_...
                                            ^

[2026-03-31T00:05:03.876+0200] {taskinstance.py:1206} INFO - Marking task as FAILED. dag_id=etl_api_to_bi, task_id=extract_payments, run_id=scheduled__2026-03-30T21:45:00+00:00, execution_date=20260330T214500, start_date=20260330T220503, end_date=20260330T220503
[2026-03-31T00:05:03.887+0200] {standard_task_runner.py:110} ERROR - Failed to execute job 37 for task extract_payments (relation "bronze.payments" does not exist
LINE 2:                         INSERT INTO bronze.payments(payment_...
                                            ^
; 245)
[2026-03-31T00:05:03.936+0200] {local_task_job_runner.py:243} INFO - Task exited with return code 1
[2026-03-31T00:05:03.974+0200] {taskinstance.py:3503} INFO - 0 downstream tasks scheduled from follow-on schedule check
[2026-03-31T00:05:03.982+0200] {local_task_job_runner.py:222} INFO - ::endgroup::
[2026-03-31T00:17:59.271+0200] {local_task_job_runner.py:120} INFO - ::group::Pre task execution logs
[2026-03-31T00:17:59.319+0200] {taskinstance.py:2076} INFO - Dependencies all met for dep_context=non-requeueable deps ti=<TaskInstance: etl_api_to_bi.extract_payments scheduled__2026-03-30T21:45:00+00:00 [queued]>
[2026-03-31T00:17:59.332+0200] {taskinstance.py:2076} INFO - Dependencies all met for dep_context=requeueable deps ti=<TaskInstance: etl_api_to_bi.extract_payments scheduled__2026-03-30T21:45:00+00:00 [queued]>
[2026-03-31T00:17:59.333+0200] {taskinstance.py:2306} INFO - Starting attempt 3 of 3
[2026-03-31T00:17:59.349+0200] {taskinstance.py:2330} INFO - Executing <Task(PythonOperator): extract_payments> on 2026-03-30 21:45:00+00:00
[2026-03-31T00:17:59.355+0200] {standard_task_runner.py:64} INFO - Started process 271 to run task
[2026-03-31T00:17:59.362+0200] {standard_task_runner.py:90} INFO - Running: ['airflow', 'tasks', 'run', 'etl_api_to_bi', 'extract_payments', 'scheduled__2026-03-30T21:45:00+00:00', '--job-id', '13', '--raw', '--subdir', 'DAGS_FOLDER/etl_api_to_bi.py', '--cfg-path', '/tmp/tmpgiba_4qy']
[2026-03-31T00:17:59.365+0200] {standard_task_runner.py:91} INFO - Job 13: Subtask extract_payments
[2026-03-31T00:17:59.480+0200] {task_command.py:426} INFO - Running <TaskInstance: etl_api_to_bi.extract_payments scheduled__2026-03-30T21:45:00+00:00 [running]> on host c08873f45d31
[2026-03-31T00:17:59.848+0200] {taskinstance.py:2648} INFO - Exporting env vars: AIRFLOW_CTX_DAG_OWNER='data' AIRFLOW_CTX_DAG_ID='etl_api_to_bi' AIRFLOW_CTX_TASK_ID='extract_payments' AIRFLOW_CTX_EXECUTION_DATE='2026-03-30T21:45:00+00:00' AIRFLOW_CTX_TRY_NUMBER='3' AIRFLOW_CTX_DAG_RUN_ID='scheduled__2026-03-30T21:45:00+00:00'
[2026-03-31T00:17:59.850+0200] {taskinstance.py:430} INFO - ::endgroup::
[2026-03-31T00:18:00.060+0200] {crypto.py:82} WARNING - empty cryptography key - values will not be stored encrypted.
[2026-03-31T00:18:00.061+0200] {base.py:84} INFO - Using connection ID 'postgres_default' for task execution.
[2026-03-31T00:18:00.073+0200] {taskinstance.py:441} INFO - ::group::Post task execution logs
[2026-03-31T00:18:00.074+0200] {taskinstance.py:2905} ERROR - Task failed with exception
Traceback (most recent call last):
  File "/home/airflow/.local/lib/python3.11/site-packages/airflow/models/taskinstance.py", line 465, in _execute_task
    result = _execute_callable(context=context, **execute_callable_kwargs)
             ^^^^^^^^^^^^^^^^^^^^^^^^^^^^^^^^^^^^^^^^^^^^^^^^^^^^^^^^^^^^^
  File "/home/airflow/.local/lib/python3.11/site-packages/airflow/models/taskinstance.py", line 432, in _execute_callable
    return execute_callable(context=context, **execute_callable_kwargs)
           ^^^^^^^^^^^^^^^^^^^^^^^^^^^^^^^^^^^^^^^^^^^^^^^^^^^^^^^^^^^^
  File "/home/airflow/.local/lib/python3.11/site-packages/airflow/models/baseoperator.py", line 401, in wrapper
    return func(self, *args, **kwargs)
           ^^^^^^^^^^^^^^^^^^^^^^^^^^^
  File "/home/airflow/.local/lib/python3.11/site-packages/airflow/operators/python.py", line 235, in execute
    return_value = self.execute_callable()
                   ^^^^^^^^^^^^^^^^^^^^^^^
  File "/home/airflow/.local/lib/python3.11/site-packages/airflow/operators/python.py", line 252, in execute_callable
    return self.python_callable(*self.op_args, **self.op_kwargs)
           ^^^^^^^^^^^^^^^^^^^^^^^^^^^^^^^^^^^^^^^^^^^^^^^^^^^^^
  File "/opt/airflow/dags/etl_api_to_bi.py", line 100, in extract_table
    cur.executemany(
psycopg2.errors.UndefinedColumn: column "product" of relation "payments" does not exist
LINE 2: ...NSERT INTO bronze.payments(payment_id,customer_id,product,am...
                                                             ^

[2026-03-31T00:18:00.089+0200] {taskinstance.py:1206} INFO - Marking task as FAILED. dag_id=etl_api_to_bi, task_id=extract_payments, run_id=scheduled__2026-03-30T21:45:00+00:00, execution_date=20260330T214500, start_date=20260330T221759, end_date=20260330T221800
[2026-03-31T00:18:00.102+0200] {standard_task_runner.py:110} ERROR - Failed to execute job 13 for task extract_payments (column "product" of relation "payments" does not exist
LINE 2: ...NSERT INTO bronze.payments(payment_id,customer_id,product,am...
                                                             ^
; 271)
[2026-03-31T00:18:00.138+0200] {local_task_job_runner.py:243} INFO - Task exited with return code 1
[2026-03-31T00:18:00.169+0200] {taskinstance.py:3503} INFO - 0 downstream tasks scheduled from follow-on schedule check
[2026-03-31T00:18:00.177+0200] {local_task_job_runner.py:222} INFO - ::endgroup::
