[2026-03-31T00:01:00.411+0200] {local_task_job_runner.py:120} INFO - ::group::Pre task execution logs
[2026-03-31T00:01:00.462+0200] {taskinstance.py:2076} INFO - Dependencies all met for dep_context=non-requeueable deps ti=<TaskInstance: etl_api_to_bi.extract_payments scheduled__2026-03-30T21:45:00+00:00 [queued]>
[2026-03-31T00:01:00.479+0200] {taskinstance.py:2076} INFO - Dependencies all met for dep_context=requeueable deps ti=<TaskInstance: etl_api_to_bi.extract_payments scheduled__2026-03-30T21:45:00+00:00 [queued]>
[2026-03-31T00:01:00.481+0200] {taskinstance.py:2306} INFO - Starting attempt 1 of 3
[2026-03-31T00:01:00.505+0200] {taskinstance.py:2330} INFO - Executing <Task(PythonOperator): extract_payments> on 2026-03-30 21:45:00+00:00
[2026-03-31T00:01:00.512+0200] {standard_task_runner.py:64} INFO - Started process 182 to run task
[2026-03-31T00:01:00.516+0200] {standard_task_runner.py:90} INFO - Running: ['airflow', 'tasks', 'run', 'etl_api_to_bi', 'extract_payments', 'scheduled__2026-03-30T21:45:00+00:00', '--job-id', '30', '--raw', '--subdir', 'DAGS_FOLDER/etl_api_to_bi.py', '--cfg-path', '/tmp/tmp_8be15r7']
[2026-03-31T00:01:00.521+0200] {standard_task_runner.py:91} INFO - Job 30: Subtask extract_payments
[2026-03-31T00:01:00.629+0200] {task_command.py:426} INFO - Running <TaskInstance: etl_api_to_bi.extract_payments scheduled__2026-03-30T21:45:00+00:00 [running]> on host e771f172af05
[2026-03-31T00:01:01.005+0200] {taskinstance.py:2648} INFO - Exporting env vars: AIRFLOW_CTX_DAG_OWNER='data' AIRFLOW_CTX_DAG_ID='etl_api_to_bi' AIRFLOW_CTX_TASK_ID='extract_payments' AIRFLOW_CTX_EXECUTION_DATE='2026-03-30T21:45:00+00:00' AIRFLOW_CTX_TRY_NUMBER='1' AIRFLOW_CTX_DAG_RUN_ID='scheduled__2026-03-30T21:45:00+00:00'
[2026-03-31T00:01:01.007+0200] {taskinstance.py:430} INFO - ::endgroup::
[2026-03-31T00:01:01.325+0200] {crypto.py:82} WARNING - empty cryptography key - values will not be stored encrypted.
[2026-03-31T00:01:01.326+0200] {base.py:84} INFO - Using connection ID 'postgres_default' for task execution.
[2026-03-31T00:01:01.335+0200] {taskinstance.py:441} INFO - ::group::Post task execution logs
[2026-03-31T00:01:01.336+0200] {taskinstance.py:2905} ERROR - Task failed with exception
Traceback (most recent call last):
  File "/home/airflow/.local/lib/python3.11/site-packages/airflow/models/taskinstance.py", line 465, in _execute_task
    result = _execute_callable(context=context, **execute_callable_kwargs)
             ^^^^^^^^^^^^^^^^^^^^^^^^^^^^^^^^^^^^^^^^^^^^^^^^^^^^^^^^^^^^^
  File "/home/airflow/.local/lib/python3.11/site-packages/airflow/models/taskinstance.py", line 432, in _execute_callable
    return execute_callable(context=context, **execute_callable_kwargs)
           ^^^^^^^^^^^^^^^^^^^^^^^^^^^^^^^^^^^^^^^^^^^^^^^^^^^^^^^^^^^^
  File "/home/airflow/.local/lib/python3.11/site-packages/airflow/models/baseoperator.py", line 401, in wrapper
    return func(self, *args, **kwargs)
           ^^^^^^^^^^^^^^^^^^^^^^^^^^^
  File "/home/airflow/.local/lib/python3.11/site-packages/airflow/operators/python.py", line 235, in execute
    return_value = self.execute_callable()
                   ^^^^^^^^^^^^^^^^^^^^^^^
  File "/home/airflow/.local/lib/python3.11/site-packages/airflow/operators/python.py", line 252, in execute_callable
    return self.python_callable(*self.op_args, **self.op_kwargs)
           ^^^^^^^^^^^^^^^^^^^^^^^^^^^^^^^^^^^^^^^^^^^^^^^^^^^^^
  File "/opt/airflow/dags/etl_api_to_bi.py", line 100, in extract_table
    cur.executemany(
psycopg2.errors.UndefinedTable: relation "bronze.payments" does not exist
LINE 2:                         INSERT INTO bronze.payments(payment_...
                                            ^

[2026-03-31T00:01:01.354+0200] {taskinstance.py:1206} INFO - Marking task as UP_FOR_RETRY. dag_id=etl_api_to_bi, task_id=extract_payments, run_id=scheduled__2026-03-30T21:45:00+00:00, execution_date=20260330T214500, start_date=20260330T220100, end_date=20260330T220101
[2026-03-31T00:01:01.370+0200] {standard_task_runner.py:110} ERROR - Failed to execute job 30 for task extract_payments (relation "bronze.payments" does not exist
LINE 2:                         INSERT INTO bronze.payments(payment_...
                                            ^
; 182)
[2026-03-31T00:01:01.415+0200] {local_task_job_runner.py:243} INFO - Task exited with return code 1
[2026-03-31T00:01:01.443+0200] {taskinstance.py:3503} INFO - 0 downstream tasks scheduled from follow-on schedule check
[2026-03-31T00:01:01.446+0200] {local_task_job_runner.py:222} INFO - ::endgroup::
[2026-03-31T00:13:25.186+0200] {local_task_job_runner.py:120} INFO - ::group::Pre task execution logs
[2026-03-31T00:13:25.248+0200] {taskinstance.py:2076} INFO - Dependencies all met for dep_context=non-requeueable deps ti=<TaskInstance: etl_api_to_bi.extract_payments scheduled__2026-03-30T21:45:00+00:00 [queued]>
[2026-03-31T00:13:25.262+0200] {taskinstance.py:2076} INFO - Dependencies all met for dep_context=requeueable deps ti=<TaskInstance: etl_api_to_bi.extract_payments scheduled__2026-03-30T21:45:00+00:00 [queued]>
[2026-03-31T00:13:25.263+0200] {taskinstance.py:2306} INFO - Starting attempt 1 of 3
[2026-03-31T00:13:25.282+0200] {taskinstance.py:2330} INFO - Executing <Task(PythonOperator): extract_payments> on 2026-03-30 21:45:00+00:00
[2026-03-31T00:13:25.291+0200] {standard_task_runner.py:64} INFO - Started process 210 to run task
[2026-03-31T00:13:25.297+0200] {standard_task_runner.py:90} INFO - Running: ['airflow', 'tasks', 'run', 'etl_api_to_bi', 'extract_payments', 'scheduled__2026-03-30T21:45:00+00:00', '--job-id', '4', '--raw', '--subdir', 'DAGS_FOLDER/etl_api_to_bi.py', '--cfg-path', '/tmp/tmp4kntqsfd']
[2026-03-31T00:13:25.306+0200] {standard_task_runner.py:91} INFO - Job 4: Subtask extract_payments
[2026-03-31T00:13:25.435+0200] {task_command.py:426} INFO - Running <TaskInstance: etl_api_to_bi.extract_payments scheduled__2026-03-30T21:45:00+00:00 [running]> on host c08873f45d31
[2026-03-31T00:13:25.921+0200] {taskinstance.py:2648} INFO - Exporting env vars: AIRFLOW_CTX_DAG_OWNER='data' AIRFLOW_CTX_DAG_ID='etl_api_to_bi' AIRFLOW_CTX_TASK_ID='extract_payments' AIRFLOW_CTX_EXECUTION_DATE='2026-03-30T21:45:00+00:00' AIRFLOW_CTX_TRY_NUMBER='1' AIRFLOW_CTX_DAG_RUN_ID='scheduled__2026-03-30T21:45:00+00:00'
[2026-03-31T00:13:25.922+0200] {taskinstance.py:430} INFO - ::endgroup::
[2026-03-31T00:13:26.678+0200] {crypto.py:82} WARNING - empty cryptography key - values will not be stored encrypted.
[2026-03-31T00:13:26.679+0200] {base.py:84} INFO - Using connection ID 'postgres_default' for task execution.
[2026-03-31T00:13:26.692+0200] {taskinstance.py:441} INFO - ::group::Post task execution logs
[2026-03-31T00:13:26.693+0200] {taskinstance.py:2905} ERROR - Task failed with exception
Traceback (most recent call last):
  File "/home/airflow/.local/lib/python3.11/site-packages/airflow/models/taskinstance.py", line 465, in _execute_task
    result = _execute_callable(context=context, **execute_callable_kwargs)
             ^^^^^^^^^^^^^^^^^^^^^^^^^^^^^^^^^^^^^^^^^^^^^^^^^^^^^^^^^^^^^
  File "/home/airflow/.local/lib/python3.11/site-packages/airflow/models/taskinstance.py", line 432, in _execute_callable
    return execute_callable(context=context, **execute_callable_kwargs)
           ^^^^^^^^^^^^^^^^^^^^^^^^^^^^^^^^^^^^^^^^^^^^^^^^^^^^^^^^^^^^
  File "/home/airflow/.local/lib/python3.11/site-packages/airflow/models/baseoperator.py", line 401, in wrapper
    return func(self, *args, **kwargs)
           ^^^^^^^^^^^^^^^^^^^^^^^^^^^
  File "/home/airflow/.local/lib/python3.11/site-packages/airflow/operators/python.py", line 235, in execute
    return_value = self.execute_callable()
                   ^^^^^^^^^^^^^^^^^^^^^^^
  File "/home/airflow/.local/lib/python3.11/site-packages/airflow/operators/python.py", line 252, in execute_callable
    return self.python_callable(*self.op_args, **self.op_kwargs)
           ^^^^^^^^^^^^^^^^^^^^^^^^^^^^^^^^^^^^^^^^^^^^^^^^^^^^^
  File "/opt/airflow/dags/etl_api_to_bi.py", line 100, in extract_table
    cur.executemany(
psycopg2.errors.UndefinedColumn: column "product" of relation "payments" does not exist
LINE 2: ...NSERT INTO bronze.payments(payment_id,customer_id,product,am...
                                                             ^

[2026-03-31T00:13:26.721+0200] {taskinstance.py:1206} INFO - Marking task as UP_FOR_RETRY. dag_id=etl_api_to_bi, task_id=extract_payments, run_id=scheduled__2026-03-30T21:45:00+00:00, execution_date=20260330T214500, start_date=20260330T221325, end_date=20260330T221326
[2026-03-31T00:13:26.739+0200] {standard_task_runner.py:110} ERROR - Failed to execute job 4 for task extract_payments (column "product" of relation "payments" does not exist
LINE 2: ...NSERT INTO bronze.payments(payment_id,customer_id,product,am...
                                                             ^
; 210)
[2026-03-31T00:13:26.774+0200] {local_task_job_runner.py:243} INFO - Task exited with return code 1
[2026-03-31T00:13:26.807+0200] {taskinstance.py:3503} INFO - 0 downstream tasks scheduled from follow-on schedule check
[2026-03-31T00:13:26.810+0200] {local_task_job_runner.py:222} INFO - ::endgroup::
