[2026-03-28T02:28:55.965+0100] {local_task_job_runner.py:120} INFO - ::group::Pre task execution logs
[2026-03-28T02:28:56.003+0100] {taskinstance.py:2076} INFO - Dependencies all met for dep_context=non-requeueable deps ti=<TaskInstance: etl_api_to_bi.extract_customers scheduled__2026-03-28T01:00:00+00:00 [queued]>
[2026-03-28T02:28:56.013+0100] {taskinstance.py:2076} INFO - Dependencies all met for dep_context=requeueable deps ti=<TaskInstance: etl_api_to_bi.extract_customers scheduled__2026-03-28T01:00:00+00:00 [queued]>
[2026-03-28T02:28:56.014+0100] {taskinstance.py:2306} INFO - Starting attempt 3 of 3
[2026-03-28T02:28:56.027+0100] {taskinstance.py:2330} INFO - Executing <Task(PythonOperator): extract_customers> on 2026-03-28 01:00:00+00:00
[2026-03-28T02:28:56.032+0100] {standard_task_runner.py:64} INFO - Started process 269 to run task
[2026-03-28T02:28:56.036+0100] {standard_task_runner.py:90} INFO - Running: ['airflow', 'tasks', 'run', 'etl_api_to_bi', 'extract_customers', 'scheduled__2026-03-28T01:00:00+00:00', '--job-id', '15', '--raw', '--subdir', 'DAGS_FOLDER/etl_api_to_bi.py', '--cfg-path', '/tmp/tmpsh5io_3o']
[2026-03-28T02:28:56.039+0100] {standard_task_runner.py:91} INFO - Job 15: Subtask extract_customers
[2026-03-28T02:28:56.122+0100] {task_command.py:426} INFO - Running <TaskInstance: etl_api_to_bi.extract_customers scheduled__2026-03-28T01:00:00+00:00 [running]> on host 8b1b7fe0612f
[2026-03-28T02:28:56.414+0100] {taskinstance.py:2648} INFO - Exporting env vars: AIRFLOW_CTX_DAG_OWNER='data' AIRFLOW_CTX_DAG_ID='etl_api_to_bi' AIRFLOW_CTX_TASK_ID='extract_customers' AIRFLOW_CTX_EXECUTION_DATE='2026-03-28T01:00:00+00:00' AIRFLOW_CTX_TRY_NUMBER='3' AIRFLOW_CTX_DAG_RUN_ID='scheduled__2026-03-28T01:00:00+00:00'
[2026-03-28T02:28:56.415+0100] {taskinstance.py:430} INFO - ::endgroup::
[2026-03-28T02:28:56.461+0100] {crypto.py:82} WARNING - empty cryptography key - values will not be stored encrypted.
[2026-03-28T02:28:56.463+0100] {base.py:84} INFO - Using connection ID 'postgres_default' for task execution.
[2026-03-28T02:28:56.471+0100] {taskinstance.py:441} INFO - ::group::Post task execution logs
[2026-03-28T02:28:56.472+0100] {taskinstance.py:2905} ERROR - Task failed with exception
Traceback (most recent call last):
  File "/home/airflow/.local/lib/python3.11/site-packages/airflow/models/taskinstance.py", line 465, in _execute_task
    result = _execute_callable(context=context, **execute_callable_kwargs)
             ^^^^^^^^^^^^^^^^^^^^^^^^^^^^^^^^^^^^^^^^^^^^^^^^^^^^^^^^^^^^^
  File "/home/airflow/.local/lib/python3.11/site-packages/airflow/models/taskinstance.py", line 432, in _execute_callable
    return execute_callable(context=context, **execute_callable_kwargs)
           ^^^^^^^^^^^^^^^^^^^^^^^^^^^^^^^^^^^^^^^^^^^^^^^^^^^^^^^^^^^^
  File "/home/airflow/.local/lib/python3.11/site-packages/airflow/models/baseoperator.py", line 401, in wrapper
    return func(self, *args, **kwargs)
           ^^^^^^^^^^^^^^^^^^^^^^^^^^^
  File "/home/airflow/.local/lib/python3.11/site-packages/airflow/operators/python.py", line 235, in execute
    return_value = self.execute_callable()
                   ^^^^^^^^^^^^^^^^^^^^^^^
  File "/home/airflow/.local/lib/python3.11/site-packages/airflow/operators/python.py", line 252, in execute_callable
    return self.python_callable(*self.op_args, **self.op_kwargs)
           ^^^^^^^^^^^^^^^^^^^^^^^^^^^^^^^^^^^^^^^^^^^^^^^^^^^^^
  File "/opt/airflow/dags/etl_api_to_bi.py", line 84, in extract_table
    cur.executemany(
psycopg2.errors.UndefinedTable: relation "bronze.customers" does not exist
LINE 2:                         INSERT INTO bronze.customers(custome...
                                            ^

[2026-03-28T02:28:56.488+0100] {taskinstance.py:1206} INFO - Marking task as FAILED. dag_id=etl_api_to_bi, task_id=extract_customers, run_id=scheduled__2026-03-28T01:00:00+00:00, execution_date=20260328T010000, start_date=20260328T012856, end_date=20260328T012856
[2026-03-28T02:28:56.502+0100] {standard_task_runner.py:110} ERROR - Failed to execute job 15 for task extract_customers (relation "bronze.customers" does not exist
LINE 2:                         INSERT INTO bronze.customers(custome...
                                            ^
; 269)
[2026-03-28T02:28:56.531+0100] {local_task_job_runner.py:243} INFO - Task exited with return code 1
[2026-03-28T02:28:56.556+0100] {taskinstance.py:3503} INFO - 0 downstream tasks scheduled from follow-on schedule check
[2026-03-28T02:28:56.561+0100] {local_task_job_runner.py:222} INFO - ::endgroup::
