[2026-03-28T02:26:55.203+0100] {local_task_job_runner.py:120} INFO - ::group::Pre task execution logs
[2026-03-28T02:26:55.239+0100] {taskinstance.py:2076} INFO - Dependencies all met for dep_context=non-requeueable deps ti=<TaskInstance: etl_api_to_bi.extract_customers scheduled__2026-03-28T01:00:00+00:00 [queued]>
[2026-03-28T02:26:55.249+0100] {taskinstance.py:2076} INFO - Dependencies all met for dep_context=requeueable deps ti=<TaskInstance: etl_api_to_bi.extract_customers scheduled__2026-03-28T01:00:00+00:00 [queued]>
[2026-03-28T02:26:55.250+0100] {taskinstance.py:2306} INFO - Starting attempt 2 of 3
[2026-03-28T02:26:55.264+0100] {taskinstance.py:2330} INFO - Executing <Task(PythonOperator): extract_customers> on 2026-03-28 01:00:00+00:00
[2026-03-28T02:26:55.269+0100] {standard_task_runner.py:64} INFO - Started process 236 to run task
[2026-03-28T02:26:55.273+0100] {standard_task_runner.py:90} INFO - Running: ['airflow', 'tasks', 'run', 'etl_api_to_bi', 'extract_customers', 'scheduled__2026-03-28T01:00:00+00:00', '--job-id', '9', '--raw', '--subdir', 'DAGS_FOLDER/etl_api_to_bi.py', '--cfg-path', '/tmp/tmp26xjk1fj']
[2026-03-28T02:26:55.276+0100] {standard_task_runner.py:91} INFO - Job 9: Subtask extract_customers
[2026-03-28T02:26:55.358+0100] {task_command.py:426} INFO - Running <TaskInstance: etl_api_to_bi.extract_customers scheduled__2026-03-28T01:00:00+00:00 [running]> on host 8b1b7fe0612f
[2026-03-28T02:26:55.621+0100] {taskinstance.py:2648} INFO - Exporting env vars: AIRFLOW_CTX_DAG_OWNER='data' AIRFLOW_CTX_DAG_ID='etl_api_to_bi' AIRFLOW_CTX_TASK_ID='extract_customers' AIRFLOW_CTX_EXECUTION_DATE='2026-03-28T01:00:00+00:00' AIRFLOW_CTX_TRY_NUMBER='2' AIRFLOW_CTX_DAG_RUN_ID='scheduled__2026-03-28T01:00:00+00:00'
[2026-03-28T02:26:55.622+0100] {taskinstance.py:430} INFO - ::endgroup::
[2026-03-28T02:26:55.669+0100] {crypto.py:82} WARNING - empty cryptography key - values will not be stored encrypted.
[2026-03-28T02:26:55.671+0100] {base.py:84} INFO - Using connection ID 'postgres_default' for task execution.
[2026-03-28T02:26:55.679+0100] {taskinstance.py:441} INFO - ::group::Post task execution logs
[2026-03-28T02:26:55.680+0100] {taskinstance.py:2905} ERROR - Task failed with exception
Traceback (most recent call last):
  File "/home/airflow/.local/lib/python3.11/site-packages/airflow/models/taskinstance.py", line 465, in _execute_task
    result = _execute_callable(context=context, **execute_callable_kwargs)
             ^^^^^^^^^^^^^^^^^^^^^^^^^^^^^^^^^^^^^^^^^^^^^^^^^^^^^^^^^^^^^
  File "/home/airflow/.local/lib/python3.11/site-packages/airflow/models/taskinstance.py", line 432, in _execute_callable
    return execute_callable(context=context, **execute_callable_kwargs)
           ^^^^^^^^^^^^^^^^^^^^^^^^^^^^^^^^^^^^^^^^^^^^^^^^^^^^^^^^^^^^
  File "/home/airflow/.local/lib/python3.11/site-packages/airflow/models/baseoperator.py", line 401, in wrapper
    return func(self, *args, **kwargs)
           ^^^^^^^^^^^^^^^^^^^^^^^^^^^
  File "/home/airflow/.local/lib/python3.11/site-packages/airflow/operators/python.py", line 235, in execute
    return_value = self.execute_callable()
                   ^^^^^^^^^^^^^^^^^^^^^^^
  File "/home/airflow/.local/lib/python3.11/site-packages/airflow/operators/python.py", line 252, in execute_callable
    return self.python_callable(*self.op_args, **self.op_kwargs)
           ^^^^^^^^^^^^^^^^^^^^^^^^^^^^^^^^^^^^^^^^^^^^^^^^^^^^^
  File "/opt/airflow/dags/etl_api_to_bi.py", line 84, in extract_table
    cur.executemany(
psycopg2.errors.UndefinedTable: relation "bronze.customers" does not exist
LINE 2:                         INSERT INTO bronze.customers(custome...
                                            ^

[2026-03-28T02:26:55.697+0100] {taskinstance.py:1206} INFO - Marking task as UP_FOR_RETRY. dag_id=etl_api_to_bi, task_id=extract_customers, run_id=scheduled__2026-03-28T01:00:00+00:00, execution_date=20260328T010000, start_date=20260328T012655, end_date=20260328T012655
[2026-03-28T02:26:55.711+0100] {standard_task_runner.py:110} ERROR - Failed to execute job 9 for task extract_customers (relation "bronze.customers" does not exist
LINE 2:                         INSERT INTO bronze.customers(custome...
                                            ^
; 236)
[2026-03-28T02:26:55.728+0100] {local_task_job_runner.py:243} INFO - Task exited with return code 1
[2026-03-28T02:26:55.759+0100] {taskinstance.py:3503} INFO - 0 downstream tasks scheduled from follow-on schedule check
[2026-03-28T02:26:55.764+0100] {local_task_job_runner.py:222} INFO - ::endgroup::
