[2026-03-31T01:50:39.647+0200] {local_task_job_runner.py:120} INFO - ::group::Pre task execution logs
[2026-03-31T01:50:39.687+0200] {taskinstance.py:2076} INFO - Dependencies all met for dep_context=non-requeueable deps ti=<TaskInstance: etl_api_to_bi.dbt_build manual__2026-03-30T23:50:27.703368+00:00 [queued]>
[2026-03-31T01:50:39.697+0200] {taskinstance.py:2076} INFO - Dependencies all met for dep_context=requeueable deps ti=<TaskInstance: etl_api_to_bi.dbt_build manual__2026-03-30T23:50:27.703368+00:00 [queued]>
[2026-03-31T01:50:39.698+0200] {taskinstance.py:2306} INFO - Starting attempt 1 of 3
[2026-03-31T01:50:39.713+0200] {taskinstance.py:2330} INFO - Executing <Task(BashOperator): dbt_build> on 2026-03-30 23:50:27.703368+00:00
[2026-03-31T01:50:39.717+0200] {standard_task_runner.py:64} INFO - Started process 537 to run task
[2026-03-31T01:50:39.720+0200] {standard_task_runner.py:90} INFO - Running: ['airflow', 'tasks', 'run', 'etl_api_to_bi', 'dbt_build', 'manual__2026-03-30T23:50:27.703368+00:00', '--job-id', '75', '--raw', '--subdir', 'DAGS_FOLDER/etl_api_to_bi.py', '--cfg-path', '/tmp/tmph3oiee63']
[2026-03-31T01:50:39.723+0200] {standard_task_runner.py:91} INFO - Job 75: Subtask dbt_build
[2026-03-31T01:50:39.796+0200] {task_command.py:426} INFO - Running <TaskInstance: etl_api_to_bi.dbt_build manual__2026-03-30T23:50:27.703368+00:00 [running]> on host 533e6543a790
[2026-03-31T01:50:40.021+0200] {taskinstance.py:2648} INFO - Exporting env vars: AIRFLOW_CTX_DAG_OWNER='data' AIRFLOW_CTX_DAG_ID='etl_api_to_bi' AIRFLOW_CTX_TASK_ID='dbt_build' AIRFLOW_CTX_EXECUTION_DATE='2026-03-30T23:50:27.703368+00:00' AIRFLOW_CTX_TRY_NUMBER='1' AIRFLOW_CTX_DAG_RUN_ID='manual__2026-03-30T23:50:27.703368+00:00'
[2026-03-31T01:50:40.023+0200] {taskinstance.py:430} INFO - ::endgroup::
[2026-03-31T01:50:40.032+0200] {subprocess.py:63} INFO - Tmp dir root location: /tmp
[2026-03-31T01:50:40.034+0200] {subprocess.py:75} INFO - Running command: ['/usr/bin/bash', '-c', "docker exec dbt bash -lc 'cd /usr/app && dbt build --fail-fast --profiles-dir /root/.dbt'"]
[2026-03-31T01:50:40.044+0200] {subprocess.py:86} INFO - Output:
[2026-03-31T01:50:41.704+0200] {subprocess.py:93} INFO - [0m23:50:41  Running with dbt=1.8.3
[2026-03-31T01:50:42.146+0200] {subprocess.py:93} INFO - [0m23:50:42  Registered adapter: postgres=1.8.2
[2026-03-31T01:50:43.648+0200] {subprocess.py:93} INFO - [0m23:50:43  Found 6 models, 11 data tests, 531 macros
[2026-03-31T01:50:43.653+0200] {subprocess.py:93} INFO - [0m23:50:43
[2026-03-31T01:50:43.882+0200] {subprocess.py:93} INFO - [0m23:50:43  Concurrency: 4 threads (target='dev')
[2026-03-31T01:50:43.884+0200] {subprocess.py:93} INFO - [0m23:50:43
[2026-03-31T01:50:43.896+0200] {subprocess.py:93} INFO - [0m23:50:43  1 of 17 START sql table model public_silver.silver_customers ................... [RUN]
[2026-03-31T01:50:43.898+0200] {subprocess.py:93} INFO - [0m23:50:43  2 of 17 START sql table model public_silver.silver_payments .................... [RUN]
[2026-03-31T01:50:43.900+0200] {subprocess.py:93} INFO - [0m23:50:43  3 of 17 START sql table model public_silver.silver_sessions .................... [RUN]
[2026-03-31T01:50:44.236+0200] {subprocess.py:93} INFO - [0m23:50:44  1 of 17 OK created sql table model public_silver.silver_customers .............. [[32mSELECT 1002[0m in 0.33s]
[2026-03-31T01:50:44.253+0200] {subprocess.py:93} INFO - [0m23:50:44  4 of 17 START test not_null_silver_customers_country ........................... [RUN]
[2026-03-31T01:50:44.254+0200] {subprocess.py:93} INFO - [0m23:50:44  5 of 17 START test not_null_silver_customers_customer_id ....................... [RUN]
[2026-03-31T01:50:44.263+0200] {subprocess.py:93} INFO - [0m23:50:44  2 of 17 OK created sql table model public_silver.silver_payments ............... [[32mSELECT 9021[0m in 0.35s]
[2026-03-31T01:50:44.300+0200] {subprocess.py:93} INFO - [0m23:50:44  6 of 17 START test unique_silver_customers_customer_id ......................... [RUN]
[2026-03-31T01:50:44.399+0200] {subprocess.py:93} INFO - [0m23:50:44  3 of 17 OK created sql table model public_silver.silver_sessions ............... [[32mSELECT 28216[0m in 0.49s]
[2026-03-31T01:50:44.409+0200] {subprocess.py:93} INFO - [0m23:50:44  7 of 17 START test accepted_values_silver_payments_status__suceeded__failed__refunded  [RUN]
[2026-03-31T01:50:44.476+0200] {subprocess.py:93} INFO - [0m23:50:44  4 of 17 PASS not_null_silver_customers_country ................................. [[32mPASS[0m in 0.21s]
[2026-03-31T01:50:44.480+0200] {subprocess.py:93} INFO - [0m23:50:44  5 of 17 PASS not_null_silver_customers_customer_id ............................. [[32mPASS[0m in 0.22s]
[2026-03-31T01:50:44.497+0200] {subprocess.py:93} INFO - [0m23:50:44  8 of 17 START test not_null_silver_payments_payment_id ......................... [RUN]
[2026-03-31T01:50:44.500+0200] {subprocess.py:93} INFO - [0m23:50:44  9 of 17 START test unique_silver_payments_payment_id ........................... [RUN]
[2026-03-31T01:50:44.508+0200] {subprocess.py:93} INFO - [0m23:50:44  6 of 17 PASS unique_silver_customers_customer_id ............................... [[32mPASS[0m in 0.20s]
[2026-03-31T01:50:44.535+0200] {subprocess.py:93} INFO - [0m23:50:44  10 of 17 START test accepted_values_silver_sessions_source__google__direct__facebook__linkedin__newsletter__referral__bing  [RUN]
[2026-03-31T01:50:44.573+0200] {subprocess.py:93} INFO - [0m23:50:44  7 of 17 FAIL 1 accepted_values_silver_payments_status__suceeded__failed__refunded  [[31mFAIL 1[0m in 0.16s]
[2026-03-31T01:50:44.597+0200] {subprocess.py:93} INFO - [0m23:50:44  11 of 17 START test not_null_silver_sessions_session_id ........................ [RUN]
[2026-03-31T01:50:44.629+0200] {subprocess.py:93} INFO - [0m23:50:44  8 of 17 PASS not_null_silver_payments_payment_id ............................... [[32mPASS[0m in 0.13s]
[2026-03-31T01:50:44.648+0200] {subprocess.py:93} INFO - [0m23:50:44  12 of 17 START test unique_silver_sessions_session_id .......................... [RUN]
[2026-03-31T01:50:44.653+0200] {subprocess.py:93} INFO - [0m23:50:44  9 of 17 PASS unique_silver_payments_payment_id ................................. [[32mPASS[0m in 0.15s]
[2026-03-31T01:50:44.675+0200] {subprocess.py:93} INFO - [0m23:50:44  13 of 17 START sql table model public_gold.dim_customer ........................ [RUN]
[2026-03-31T01:50:44.735+0200] {subprocess.py:93} INFO - [0m23:50:44  CANCEL query test.api_bi_project.unique_silver_payments_payment_id.09d6b3ec83 .. [[31mCANCEL[0m]
[2026-03-31T01:50:44.742+0200] {subprocess.py:93} INFO - [0m23:50:44  CANCEL query test.api_bi_project.accepted_values_silver_sessions_source__google__direct__facebook__linkedin__newsletter__referral__bing.717fc87c90  [[31mCANCEL[0m]
[2026-03-31T01:50:44.749+0200] {subprocess.py:93} INFO - [0m23:50:44  CANCEL query test.api_bi_project.not_null_silver_sessions_session_id.f74024a05b  [[31mCANCEL[0m]
[2026-03-31T01:50:44.759+0200] {subprocess.py:93} INFO - [0m23:50:44  10 of 17 FAIL 1 accepted_values_silver_sessions_source__google__direct__facebook__linkedin__newsletter__referral__bing  [[31mFAIL 1[0m in 0.22s]
[2026-03-31T01:50:44.760+0200] {subprocess.py:93} INFO - [0m23:50:44  CANCEL query test.api_bi_project.unique_silver_sessions_session_id.9a8d5b03a8 .. [[31mCANCEL[0m]
[2026-03-31T01:50:44.764+0200] {subprocess.py:93} INFO - [0m23:50:44  11 of 17 PASS not_null_silver_sessions_session_id .............................. [[32mPASS[0m in 0.16s]
[2026-03-31T01:50:44.794+0200] {subprocess.py:93} INFO - [0m23:50:44  12 of 17 ERROR unique_silver_sessions_session_id ............................... [[31mERROR[0m in 0.14s]
[2026-03-31T01:50:44.873+0200] {subprocess.py:93} INFO - [0m23:50:44  13 of 17 OK created sql table model public_gold.dim_customer ................... [[32mSELECT 1002[0m in 0.19s]
[2026-03-31T01:50:44.878+0200] {subprocess.py:93} INFO - [0m23:50:44
[2026-03-31T01:50:44.879+0200] {subprocess.py:93} INFO - [0m23:50:44  [31mFailure in test accepted_values_silver_payments_status__suceeded__failed__refunded (models/models.yml)[0m
[2026-03-31T01:50:44.881+0200] {subprocess.py:93} INFO - [0m23:50:44    Got 1 result, configured to fail if != 0
[2026-03-31T01:50:44.882+0200] {subprocess.py:93} INFO - [0m23:50:44
[2026-03-31T01:50:44.884+0200] {subprocess.py:93} INFO - [0m23:50:44    compiled code at target/compiled/api_bi_project/models/models.yml/accepted_values_silver_payment_83378c4cb60bd3def108896b63bd51b7.sql
[2026-03-31T01:50:44.906+0200] {subprocess.py:93} INFO - [0m23:50:44
[2026-03-31T01:50:44.908+0200] {subprocess.py:93} INFO - [0m23:50:44  Finished running 6 table models, 11 data tests in 0 hours 0 minutes and 1.25 seconds (1.25s).
[2026-03-31T01:50:44.979+0200] {subprocess.py:93} INFO - [0m23:50:44
[2026-03-31T01:50:44.980+0200] {subprocess.py:93} INFO - [0m23:50:44  [31mCompleted with 9 errors and 0 warnings:[0m
[2026-03-31T01:50:44.982+0200] {subprocess.py:93} INFO - [0m23:50:44
[2026-03-31T01:50:44.984+0200] {subprocess.py:93} INFO - [0m23:50:44  [31mFailure in test accepted_values_silver_payments_status__suceeded__failed__refunded (models/models.yml)[0m
[2026-03-31T01:50:44.986+0200] {subprocess.py:93} INFO - [0m23:50:44    Got 1 result, configured to fail if != 0
[2026-03-31T01:50:44.987+0200] {subprocess.py:93} INFO - [0m23:50:44
[2026-03-31T01:50:44.989+0200] {subprocess.py:93} INFO - [0m23:50:44    compiled code at target/compiled/api_bi_project/models/models.yml/accepted_values_silver_payment_83378c4cb60bd3def108896b63bd51b7.sql
[2026-03-31T01:50:44.991+0200] {subprocess.py:93} INFO - [0m23:50:44
[2026-03-31T01:50:44.994+0200] {subprocess.py:93} INFO - [0m23:50:44    Skipping due to fail_fast
[2026-03-31T01:50:44.996+0200] {subprocess.py:93} INFO - [0m23:50:44
[2026-03-31T01:50:44.997+0200] {subprocess.py:93} INFO - [0m23:50:44    Skipping due to fail_fast
[2026-03-31T01:50:44.999+0200] {subprocess.py:93} INFO - [0m23:50:44
[2026-03-31T01:50:45.000+0200] {subprocess.py:93} INFO - [0m23:50:44    Skipping due to fail_fast
[2026-03-31T01:50:45.002+0200] {subprocess.py:93} INFO - [0m23:50:45
[2026-03-31T01:50:45.003+0200] {subprocess.py:93} INFO - [0m23:50:45    Skipping due to fail_fast
[2026-03-31T01:50:45.005+0200] {subprocess.py:93} INFO - [0m23:50:45
[2026-03-31T01:50:45.006+0200] {subprocess.py:93} INFO - [0m23:50:45    Skipping due to fail_fast
[2026-03-31T01:50:45.008+0200] {subprocess.py:93} INFO - [0m23:50:45
[2026-03-31T01:50:45.010+0200] {subprocess.py:93} INFO - [0m23:50:45    Skipping due to fail_fast
[2026-03-31T01:50:45.012+0200] {subprocess.py:93} INFO - [0m23:50:45
[2026-03-31T01:50:45.013+0200] {subprocess.py:93} INFO - [0m23:50:45    Skipping due to fail_fast
[2026-03-31T01:50:45.015+0200] {subprocess.py:93} INFO - [0m23:50:45
[2026-03-31T01:50:45.016+0200] {subprocess.py:93} INFO - [0m23:50:45    Skipping due to fail_fast
[2026-03-31T01:50:45.017+0200] {subprocess.py:93} INFO - [0m23:50:45
[2026-03-31T01:50:45.019+0200] {subprocess.py:93} INFO - [0m23:50:45  Done. PASS=8 WARN=0 ERROR=1 SKIP=8 TOTAL=17
[2026-03-31T01:50:45.748+0200] {subprocess.py:97} INFO - Command exited with return code 1
[2026-03-31T01:50:45.749+0200] {taskinstance.py:441} INFO - ::group::Post task execution logs
[2026-03-31T01:50:45.765+0200] {taskinstance.py:2905} ERROR - Task failed with exception
Traceback (most recent call last):
  File "/home/airflow/.local/lib/python3.11/site-packages/airflow/models/taskinstance.py", line 465, in _execute_task
    result = _execute_callable(context=context, **execute_callable_kwargs)
             ^^^^^^^^^^^^^^^^^^^^^^^^^^^^^^^^^^^^^^^^^^^^^^^^^^^^^^^^^^^^^
  File "/home/airflow/.local/lib/python3.11/site-packages/airflow/models/taskinstance.py", line 432, in _execute_callable
    return execute_callable(context=context, **execute_callable_kwargs)
           ^^^^^^^^^^^^^^^^^^^^^^^^^^^^^^^^^^^^^^^^^^^^^^^^^^^^^^^^^^^^
  File "/home/airflow/.local/lib/python3.11/site-packages/airflow/models/baseoperator.py", line 401, in wrapper
    return func(self, *args, **kwargs)
           ^^^^^^^^^^^^^^^^^^^^^^^^^^^
  File "/home/airflow/.local/lib/python3.11/site-packages/airflow/operators/bash.py", line 243, in execute
    raise AirflowException(
airflow.exceptions.AirflowException: Bash command failed. The command returned a non-zero exit code 1.
[2026-03-31T01:50:45.770+0200] {taskinstance.py:1206} INFO - Marking task as UP_FOR_RETRY. dag_id=etl_api_to_bi, task_id=dbt_build, run_id=manual__2026-03-30T23:50:27.703368+00:00, execution_date=20260330T235027, start_date=20260330T235039, end_date=20260330T235045
[2026-03-31T01:50:45.790+0200] {standard_task_runner.py:110} ERROR - Failed to execute job 75 for task dbt_build (Bash command failed. The command returned a non-zero exit code 1.; 537)
[2026-03-31T01:50:45.816+0200] {local_task_job_runner.py:243} INFO - Task exited with return code 1
[2026-03-31T01:50:45.833+0200] {taskinstance.py:3503} INFO - 0 downstream tasks scheduled from follow-on schedule check
[2026-03-31T01:50:45.835+0200] {local_task_job_runner.py:222} INFO - ::endgroup::
