[2026-03-31T01:54:53.250+0200] {local_task_job_runner.py:120} INFO - ::group::Pre task execution logs
[2026-03-31T01:54:53.291+0200] {taskinstance.py:2076} INFO - Dependencies all met for dep_context=non-requeueable deps ti=<TaskInstance: etl_api_to_bi.dbt_build manual__2026-03-30T23:50:27.703368+00:00 [queued]>
[2026-03-31T01:54:53.303+0200] {taskinstance.py:2076} INFO - Dependencies all met for dep_context=requeueable deps ti=<TaskInstance: etl_api_to_bi.dbt_build manual__2026-03-30T23:50:27.703368+00:00 [queued]>
[2026-03-31T01:54:53.304+0200] {taskinstance.py:2306} INFO - Starting attempt 3 of 3
[2026-03-31T01:54:53.320+0200] {taskinstance.py:2330} INFO - Executing <Task(BashOperator): dbt_build> on 2026-03-30 23:50:27.703368+00:00
[2026-03-31T01:54:53.325+0200] {standard_task_runner.py:64} INFO - Started process 637 to run task
[2026-03-31T01:54:53.329+0200] {standard_task_runner.py:90} INFO - Running: ['airflow', 'tasks', 'run', 'etl_api_to_bi', 'dbt_build', 'manual__2026-03-30T23:50:27.703368+00:00', '--job-id', '82', '--raw', '--subdir', 'DAGS_FOLDER/etl_api_to_bi.py', '--cfg-path', '/tmp/tmp_harzwo9']
[2026-03-31T01:54:53.333+0200] {standard_task_runner.py:91} INFO - Job 82: Subtask dbt_build
[2026-03-31T01:54:53.418+0200] {task_command.py:426} INFO - Running <TaskInstance: etl_api_to_bi.dbt_build manual__2026-03-30T23:50:27.703368+00:00 [running]> on host 533e6543a790
[2026-03-31T01:54:53.676+0200] {taskinstance.py:2648} INFO - Exporting env vars: AIRFLOW_CTX_DAG_OWNER='data' AIRFLOW_CTX_DAG_ID='etl_api_to_bi' AIRFLOW_CTX_TASK_ID='dbt_build' AIRFLOW_CTX_EXECUTION_DATE='2026-03-30T23:50:27.703368+00:00' AIRFLOW_CTX_TRY_NUMBER='3' AIRFLOW_CTX_DAG_RUN_ID='manual__2026-03-30T23:50:27.703368+00:00'
[2026-03-31T01:54:53.678+0200] {taskinstance.py:430} INFO - ::endgroup::
[2026-03-31T01:54:53.688+0200] {subprocess.py:63} INFO - Tmp dir root location: /tmp
[2026-03-31T01:54:53.690+0200] {subprocess.py:75} INFO - Running command: ['/usr/bin/bash', '-c', "docker exec dbt bash -lc 'cd /usr/app && dbt build --fail-fast --profiles-dir /root/.dbt'"]
[2026-03-31T01:54:53.699+0200] {subprocess.py:86} INFO - Output:
[2026-03-31T01:54:55.179+0200] {subprocess.py:93} INFO - [0m23:54:55  Running with dbt=1.8.3
[2026-03-31T01:54:55.447+0200] {subprocess.py:93} INFO - [0m23:54:55  Registered adapter: postgres=1.8.2
[2026-03-31T01:54:56.799+0200] {subprocess.py:93} INFO - [0m23:54:56  Found 6 models, 11 data tests, 532 macros
[2026-03-31T01:54:56.805+0200] {subprocess.py:93} INFO - [0m23:54:56
[2026-03-31T01:54:57.023+0200] {subprocess.py:93} INFO - [0m23:54:57  Concurrency: 4 threads (target='dev')
[2026-03-31T01:54:57.024+0200] {subprocess.py:93} INFO - [0m23:54:57
[2026-03-31T01:54:57.031+0200] {subprocess.py:93} INFO - [0m23:54:57  1 of 17 START sql table model silver.silver_customers .......................... [RUN]
[2026-03-31T01:54:57.033+0200] {subprocess.py:93} INFO - [0m23:54:57  2 of 17 START sql table model silver.silver_payments ........................... [RUN]
[2026-03-31T01:54:57.035+0200] {subprocess.py:93} INFO - [0m23:54:57  3 of 17 START sql table model silver.silver_sessions ........................... [RUN]
[2026-03-31T01:54:57.282+0200] {subprocess.py:93} INFO - [0m23:54:57  1 of 17 OK created sql table model silver.silver_customers ..................... [[32mSELECT 1002[0m in 0.24s]
[2026-03-31T01:54:57.298+0200] {subprocess.py:93} INFO - [0m23:54:57  4 of 17 START test not_null_silver_customers_country ........................... [RUN]
[2026-03-31T01:54:57.300+0200] {subprocess.py:93} INFO - [0m23:54:57  5 of 17 START test not_null_silver_customers_customer_id ....................... [RUN]
[2026-03-31T01:54:57.304+0200] {subprocess.py:93} INFO - [0m23:54:57  2 of 17 OK created sql table model silver.silver_payments ...................... [[32mSELECT 9021[0m in 0.26s]
[2026-03-31T01:54:57.336+0200] {subprocess.py:93} INFO - [0m23:54:57  6 of 17 START test unique_silver_customers_customer_id ......................... [RUN]
[2026-03-31T01:54:57.453+0200] {subprocess.py:93} INFO - [0m23:54:57  3 of 17 OK created sql table model silver.silver_sessions ...................... [[32mSELECT 28216[0m in 0.41s]
[2026-03-31T01:54:57.464+0200] {subprocess.py:93} INFO - [0m23:54:57  7 of 17 START test accepted_values_silver_payments_status__suceeded__failed__refunded  [RUN]
[2026-03-31T01:54:57.505+0200] {subprocess.py:93} INFO - [0m23:54:57  4 of 17 PASS not_null_silver_customers_country ................................. [[32mPASS[0m in 0.20s]
[2026-03-31T01:54:57.511+0200] {subprocess.py:93} INFO - [0m23:54:57  6 of 17 PASS unique_silver_customers_customer_id ............................... [[32mPASS[0m in 0.17s]
[2026-03-31T01:54:57.516+0200] {subprocess.py:93} INFO - [0m23:54:57  5 of 17 PASS not_null_silver_customers_customer_id ............................. [[32mPASS[0m in 0.21s]
[2026-03-31T01:54:57.523+0200] {subprocess.py:93} INFO - [0m23:54:57  8 of 17 START test not_null_silver_payments_payment_id ......................... [RUN]
[2026-03-31T01:54:57.529+0200] {subprocess.py:93} INFO - [0m23:54:57  9 of 17 START test unique_silver_payments_payment_id ........................... [RUN]
[2026-03-31T01:54:57.531+0200] {subprocess.py:93} INFO - [0m23:54:57  10 of 17 START test accepted_values_silver_sessions_source__google__direct__facebook__linkedin__newsletter__referral__bing  [RUN]
[2026-03-31T01:54:57.601+0200] {subprocess.py:93} INFO - [0m23:54:57  7 of 17 FAIL 1 accepted_values_silver_payments_status__suceeded__failed__refunded  [[31mFAIL 1[0m in 0.13s]
[2026-03-31T01:54:57.614+0200] {subprocess.py:93} INFO - [0m23:54:57  11 of 17 START test not_null_silver_sessions_session_id ........................ [RUN]
[2026-03-31T01:54:57.641+0200] {subprocess.py:93} INFO - [0m23:54:57  8 of 17 PASS not_null_silver_payments_payment_id ............................... [[32mPASS[0m in 0.11s]
[2026-03-31T01:54:57.657+0200] {subprocess.py:93} INFO - [0m23:54:57  12 of 17 START test unique_silver_sessions_session_id .......................... [RUN]
[2026-03-31T01:54:57.659+0200] {subprocess.py:93} INFO - [0m23:54:57  9 of 17 PASS unique_silver_payments_payment_id ................................. [[32mPASS[0m in 0.12s]
[2026-03-31T01:54:57.666+0200] {subprocess.py:93} INFO - [0m23:54:57  10 of 17 FAIL 1 accepted_values_silver_sessions_source__google__direct__facebook__linkedin__newsletter__referral__bing  [[31mFAIL 1[0m in 0.13s]
[2026-03-31T01:54:57.679+0200] {subprocess.py:93} INFO - [0m23:54:57  13 of 17 START sql table model gold.dim_customer ............................... [RUN]
[2026-03-31T01:54:57.734+0200] {subprocess.py:93} INFO - [0m23:54:57  CANCEL query test.api_bi_project.accepted_values_silver_sessions_source__google__direct__facebook__linkedin__newsletter__referral__bing.717fc87c90  [[31mCANCEL[0m]
[2026-03-31T01:54:57.737+0200] {subprocess.py:93} INFO - [0m23:54:57  CANCEL query test.api_bi_project.unique_silver_payments_payment_id.09d6b3ec83 .. [[31mCANCEL[0m]
[2026-03-31T01:54:57.742+0200] {subprocess.py:93} INFO - [0m23:54:57  CANCEL query test.api_bi_project.not_null_silver_sessions_session_id.f74024a05b  [[31mCANCEL[0m]
[2026-03-31T01:54:57.748+0200] {subprocess.py:93} INFO - [0m23:54:57  11 of 17 PASS not_null_silver_sessions_session_id .............................. [[32mPASS[0m in 0.13s]
[2026-03-31T01:54:57.752+0200] {subprocess.py:93} INFO - [0m23:54:57  CANCEL query test.api_bi_project.unique_silver_sessions_session_id.9a8d5b03a8 .. [[31mCANCEL[0m]
[2026-03-31T01:54:57.775+0200] {subprocess.py:93} INFO - [0m23:54:57  12 of 17 ERROR unique_silver_sessions_session_id ............................... [[31mERROR[0m in 0.11s]
[2026-03-31T01:54:57.850+0200] {subprocess.py:93} INFO - [0m23:54:57  13 of 17 OK created sql table model gold.dim_customer .......................... [[32mSELECT 1002[0m in 0.16s]
[2026-03-31T01:54:57.855+0200] {subprocess.py:93} INFO - [0m23:54:57
[2026-03-31T01:54:57.857+0200] {subprocess.py:93} INFO - [0m23:54:57  [31mFailure in test accepted_values_silver_payments_status__suceeded__failed__refunded (models/models.yml)[0m
[2026-03-31T01:54:57.858+0200] {subprocess.py:93} INFO - [0m23:54:57    Got 1 result, configured to fail if != 0
[2026-03-31T01:54:57.860+0200] {subprocess.py:93} INFO - [0m23:54:57
[2026-03-31T01:54:57.861+0200] {subprocess.py:93} INFO - [0m23:54:57    compiled code at target/compiled/api_bi_project/models/models.yml/accepted_values_silver_payment_83378c4cb60bd3def108896b63bd51b7.sql
[2026-03-31T01:54:57.884+0200] {subprocess.py:93} INFO - [0m23:54:57
[2026-03-31T01:54:57.886+0200] {subprocess.py:93} INFO - [0m23:54:57  Finished running 6 table models, 11 data tests in 0 hours 0 minutes and 1.08 seconds (1.08s).
[2026-03-31T01:54:57.955+0200] {subprocess.py:93} INFO - [0m23:54:57
[2026-03-31T01:54:57.957+0200] {subprocess.py:93} INFO - [0m23:54:57  [31mCompleted with 9 errors and 0 warnings:[0m
[2026-03-31T01:54:57.959+0200] {subprocess.py:93} INFO - [0m23:54:57
[2026-03-31T01:54:57.961+0200] {subprocess.py:93} INFO - [0m23:54:57  [31mFailure in test accepted_values_silver_payments_status__suceeded__failed__refunded (models/models.yml)[0m
[2026-03-31T01:54:57.962+0200] {subprocess.py:93} INFO - [0m23:54:57    Got 1 result, configured to fail if != 0
[2026-03-31T01:54:57.964+0200] {subprocess.py:93} INFO - [0m23:54:57
[2026-03-31T01:54:57.965+0200] {subprocess.py:93} INFO - [0m23:54:57    compiled code at target/compiled/api_bi_project/models/models.yml/accepted_values_silver_payment_83378c4cb60bd3def108896b63bd51b7.sql
[2026-03-31T01:54:57.968+0200] {subprocess.py:93} INFO - [0m23:54:57
[2026-03-31T01:54:57.970+0200] {subprocess.py:93} INFO - [0m23:54:57    Skipping due to fail_fast
[2026-03-31T01:54:57.973+0200] {subprocess.py:93} INFO - [0m23:54:57
[2026-03-31T01:54:57.976+0200] {subprocess.py:93} INFO - [0m23:54:57    Skipping due to fail_fast
[2026-03-31T01:54:57.977+0200] {subprocess.py:93} INFO - [0m23:54:57
[2026-03-31T01:54:57.979+0200] {subprocess.py:93} INFO - [0m23:54:57    Skipping due to fail_fast
[2026-03-31T01:54:57.980+0200] {subprocess.py:93} INFO - [0m23:54:57
[2026-03-31T01:54:57.981+0200] {subprocess.py:93} INFO - [0m23:54:57    Skipping due to fail_fast
[2026-03-31T01:54:57.983+0200] {subprocess.py:93} INFO - [0m23:54:57
[2026-03-31T01:54:57.985+0200] {subprocess.py:93} INFO - [0m23:54:57    Skipping due to fail_fast
[2026-03-31T01:54:57.987+0200] {subprocess.py:93} INFO - [0m23:54:57
[2026-03-31T01:54:57.989+0200] {subprocess.py:93} INFO - [0m23:54:57    Skipping due to fail_fast
[2026-03-31T01:54:57.990+0200] {subprocess.py:93} INFO - [0m23:54:57
[2026-03-31T01:54:57.992+0200] {subprocess.py:93} INFO - [0m23:54:57    Skipping due to fail_fast
[2026-03-31T01:54:57.993+0200] {subprocess.py:93} INFO - [0m23:54:57
[2026-03-31T01:54:57.994+0200] {subprocess.py:93} INFO - [0m23:54:57    Skipping due to fail_fast
[2026-03-31T01:54:57.996+0200] {subprocess.py:93} INFO - [0m23:54:57
[2026-03-31T01:54:57.997+0200] {subprocess.py:93} INFO - [0m23:54:57  Done. PASS=8 WARN=0 ERROR=1 SKIP=8 TOTAL=17
[2026-03-31T01:54:58.780+0200] {subprocess.py:97} INFO - Command exited with return code 1
[2026-03-31T01:54:58.782+0200] {taskinstance.py:441} INFO - ::group::Post task execution logs
[2026-03-31T01:54:58.809+0200] {taskinstance.py:2905} ERROR - Task failed with exception
Traceback (most recent call last):
  File "/home/airflow/.local/lib/python3.11/site-packages/airflow/models/taskinstance.py", line 465, in _execute_task
    result = _execute_callable(context=context, **execute_callable_kwargs)
             ^^^^^^^^^^^^^^^^^^^^^^^^^^^^^^^^^^^^^^^^^^^^^^^^^^^^^^^^^^^^^
  File "/home/airflow/.local/lib/python3.11/site-packages/airflow/models/taskinstance.py", line 432, in _execute_callable
    return execute_callable(context=context, **execute_callable_kwargs)
           ^^^^^^^^^^^^^^^^^^^^^^^^^^^^^^^^^^^^^^^^^^^^^^^^^^^^^^^^^^^^
  File "/home/airflow/.local/lib/python3.11/site-packages/airflow/models/baseoperator.py", line 401, in wrapper
    return func(self, *args, **kwargs)
           ^^^^^^^^^^^^^^^^^^^^^^^^^^^
  File "/home/airflow/.local/lib/python3.11/site-packages/airflow/operators/bash.py", line 243, in execute
    raise AirflowException(
airflow.exceptions.AirflowException: Bash command failed. The command returned a non-zero exit code 1.
[2026-03-31T01:54:58.819+0200] {taskinstance.py:1206} INFO - Marking task as FAILED. dag_id=etl_api_to_bi, task_id=dbt_build, run_id=manual__2026-03-30T23:50:27.703368+00:00, execution_date=20260330T235027, start_date=20260330T235453, end_date=20260330T235458
[2026-03-31T01:54:58.848+0200] {standard_task_runner.py:110} ERROR - Failed to execute job 82 for task dbt_build (Bash command failed. The command returned a non-zero exit code 1.; 637)
[2026-03-31T01:54:58.903+0200] {local_task_job_runner.py:243} INFO - Task exited with return code 1
[2026-03-31T01:54:58.923+0200] {taskinstance.py:3503} INFO - 0 downstream tasks scheduled from follow-on schedule check
[2026-03-31T01:54:58.926+0200] {local_task_job_runner.py:222} INFO - ::endgroup::
