[2026-03-31T01:52:46.391+0200] {local_task_job_runner.py:120} INFO - ::group::Pre task execution logs
[2026-03-31T01:52:46.426+0200] {taskinstance.py:2076} INFO - Dependencies all met for dep_context=non-requeueable deps ti=<TaskInstance: etl_api_to_bi.dbt_build manual__2026-03-30T23:50:27.703368+00:00 [queued]>
[2026-03-31T01:52:46.435+0200] {taskinstance.py:2076} INFO - Dependencies all met for dep_context=requeueable deps ti=<TaskInstance: etl_api_to_bi.dbt_build manual__2026-03-30T23:50:27.703368+00:00 [queued]>
[2026-03-31T01:52:46.436+0200] {taskinstance.py:2306} INFO - Starting attempt 2 of 3
[2026-03-31T01:52:46.451+0200] {taskinstance.py:2330} INFO - Executing <Task(BashOperator): dbt_build> on 2026-03-30 23:50:27.703368+00:00
[2026-03-31T01:52:46.456+0200] {standard_task_runner.py:64} INFO - Started process 569 to run task
[2026-03-31T01:52:46.459+0200] {standard_task_runner.py:90} INFO - Running: ['airflow', 'tasks', 'run', 'etl_api_to_bi', 'dbt_build', 'manual__2026-03-30T23:50:27.703368+00:00', '--job-id', '76', '--raw', '--subdir', 'DAGS_FOLDER/etl_api_to_bi.py', '--cfg-path', '/tmp/tmp1_dhnrf1']
[2026-03-31T01:52:46.461+0200] {standard_task_runner.py:91} INFO - Job 76: Subtask dbt_build
[2026-03-31T01:52:46.532+0200] {task_command.py:426} INFO - Running <TaskInstance: etl_api_to_bi.dbt_build manual__2026-03-30T23:50:27.703368+00:00 [running]> on host 533e6543a790
[2026-03-31T01:52:46.775+0200] {taskinstance.py:2648} INFO - Exporting env vars: AIRFLOW_CTX_DAG_OWNER='data' AIRFLOW_CTX_DAG_ID='etl_api_to_bi' AIRFLOW_CTX_TASK_ID='dbt_build' AIRFLOW_CTX_EXECUTION_DATE='2026-03-30T23:50:27.703368+00:00' AIRFLOW_CTX_TRY_NUMBER='2' AIRFLOW_CTX_DAG_RUN_ID='manual__2026-03-30T23:50:27.703368+00:00'
[2026-03-31T01:52:46.776+0200] {taskinstance.py:430} INFO - ::endgroup::
[2026-03-31T01:52:46.786+0200] {subprocess.py:63} INFO - Tmp dir root location: /tmp
[2026-03-31T01:52:46.788+0200] {subprocess.py:75} INFO - Running command: ['/usr/bin/bash', '-c', "docker exec dbt bash -lc 'cd /usr/app && dbt build --fail-fast --profiles-dir /root/.dbt'"]
[2026-03-31T01:52:46.797+0200] {subprocess.py:86} INFO - Output:
[2026-03-31T01:52:48.273+0200] {subprocess.py:93} INFO - [0m23:52:48  Running with dbt=1.8.3
[2026-03-31T01:52:48.547+0200] {subprocess.py:93} INFO - [0m23:52:48  Registered adapter: postgres=1.8.2
[2026-03-31T01:52:49.893+0200] {subprocess.py:93} INFO - [0m23:52:49  Found 6 models, 11 data tests, 531 macros
[2026-03-31T01:52:49.898+0200] {subprocess.py:93} INFO - [0m23:52:49
[2026-03-31T01:52:50.095+0200] {subprocess.py:93} INFO - [0m23:52:50  Concurrency: 4 threads (target='dev')
[2026-03-31T01:52:50.097+0200] {subprocess.py:93} INFO - [0m23:52:50
[2026-03-31T01:52:50.105+0200] {subprocess.py:93} INFO - [0m23:52:50  1 of 17 START sql table model public_silver.silver_customers ................... [RUN]
[2026-03-31T01:52:50.107+0200] {subprocess.py:93} INFO - [0m23:52:50  2 of 17 START sql table model public_silver.silver_payments .................... [RUN]
[2026-03-31T01:52:50.109+0200] {subprocess.py:93} INFO - [0m23:52:50  3 of 17 START sql table model public_silver.silver_sessions .................... [RUN]
[2026-03-31T01:52:50.441+0200] {subprocess.py:93} INFO - [0m23:52:50  1 of 17 OK created sql table model public_silver.silver_customers .............. [[32mSELECT 1002[0m in 0.32s]
[2026-03-31T01:52:50.456+0200] {subprocess.py:93} INFO - [0m23:52:50  4 of 17 START test not_null_silver_customers_country ........................... [RUN]
[2026-03-31T01:52:50.457+0200] {subprocess.py:93} INFO - [0m23:52:50  5 of 17 START test not_null_silver_customers_customer_id ....................... [RUN]
[2026-03-31T01:52:50.474+0200] {subprocess.py:93} INFO - [0m23:52:50  2 of 17 OK created sql table model public_silver.silver_payments ............... [[32mSELECT 9021[0m in 0.36s]
[2026-03-31T01:52:50.510+0200] {subprocess.py:93} INFO - [0m23:52:50  6 of 17 START test unique_silver_customers_customer_id ......................... [RUN]
[2026-03-31T01:52:50.599+0200] {subprocess.py:93} INFO - [0m23:52:50  3 of 17 OK created sql table model public_silver.silver_sessions ............... [[32mSELECT 28216[0m in 0.48s]
[2026-03-31T01:52:50.618+0200] {subprocess.py:93} INFO - [0m23:52:50  7 of 17 START test accepted_values_silver_payments_status__suceeded__failed__refunded  [RUN]
[2026-03-31T01:52:50.656+0200] {subprocess.py:93} INFO - [0m23:52:50  4 of 17 PASS not_null_silver_customers_country ................................. [[32mPASS[0m in 0.19s]
[2026-03-31T01:52:50.669+0200] {subprocess.py:93} INFO - [0m23:52:50  5 of 17 PASS not_null_silver_customers_customer_id ............................. [[32mPASS[0m in 0.20s]
[2026-03-31T01:52:50.677+0200] {subprocess.py:93} INFO - [0m23:52:50  8 of 17 START test not_null_silver_payments_payment_id ......................... [RUN]
[2026-03-31T01:52:50.684+0200] {subprocess.py:93} INFO - [0m23:52:50  9 of 17 START test unique_silver_payments_payment_id ........................... [RUN]
[2026-03-31T01:52:50.703+0200] {subprocess.py:93} INFO - [0m23:52:50  6 of 17 PASS unique_silver_customers_customer_id ............................... [[32mPASS[0m in 0.19s]
[2026-03-31T01:52:50.724+0200] {subprocess.py:93} INFO - [0m23:52:50  10 of 17 START test accepted_values_silver_sessions_source__google__direct__facebook__linkedin__newsletter__referral__bing  [RUN]
[2026-03-31T01:52:50.756+0200] {subprocess.py:93} INFO - [0m23:52:50  7 of 17 FAIL 1 accepted_values_silver_payments_status__suceeded__failed__refunded  [[31mFAIL 1[0m in 0.13s]
[2026-03-31T01:52:50.772+0200] {subprocess.py:93} INFO - [0m23:52:50  11 of 17 START test not_null_silver_sessions_session_id ........................ [RUN]
[2026-03-31T01:52:50.802+0200] {subprocess.py:93} INFO - [0m23:52:50  8 of 17 PASS not_null_silver_payments_payment_id ............................... [[32mPASS[0m in 0.12s]
[2026-03-31T01:52:50.804+0200] {subprocess.py:93} INFO - [0m23:52:50  9 of 17 PASS unique_silver_payments_payment_id ................................. [[32mPASS[0m in 0.11s]
[2026-03-31T01:52:50.817+0200] {subprocess.py:93} INFO - [0m23:52:50  12 of 17 START test unique_silver_sessions_session_id .......................... [RUN]
[2026-03-31T01:52:50.824+0200] {subprocess.py:93} INFO - [0m23:52:50  13 of 17 START sql table model public_gold.dim_customer ........................ [RUN]
[2026-03-31T01:52:50.867+0200] {subprocess.py:93} INFO - [0m23:52:50  CANCEL query test.api_bi_project.accepted_values_silver_sessions_source__google__direct__facebook__linkedin__newsletter__referral__bing.717fc87c90  [[31mCANCEL[0m]
[2026-03-31T01:52:50.873+0200] {subprocess.py:93} INFO - [0m23:52:50  CANCEL query test.api_bi_project.unique_silver_payments_payment_id.09d6b3ec83 .. [[31mCANCEL[0m]
[2026-03-31T01:52:50.887+0200] {subprocess.py:93} INFO - [0m23:52:50  CANCEL query test.api_bi_project.not_null_silver_sessions_session_id.f74024a05b  [[31mCANCEL[0m]
[2026-03-31T01:52:50.898+0200] {subprocess.py:93} INFO - [0m23:52:50  CANCEL query test.api_bi_project.not_null_silver_payments_payment_id.71305d150f  [[31mCANCEL[0m]
[2026-03-31T01:52:50.902+0200] {subprocess.py:93} INFO - [0m23:52:50  10 of 17 FAIL 1 accepted_values_silver_sessions_source__google__direct__facebook__linkedin__newsletter__referral__bing  [[31mFAIL 1[0m in 0.17s]
[2026-03-31T01:52:50.934+0200] {subprocess.py:93} INFO - [0m23:52:50  11 of 17 ERROR not_null_silver_sessions_session_id ............................. [[31mERROR[0m in 0.16s]
[2026-03-31T01:52:50.994+0200] {subprocess.py:93} INFO - [0m23:52:50  12 of 17 PASS unique_silver_sessions_session_id ................................ [[32mPASS[0m in 0.17s]
[2026-03-31T01:52:51.032+0200] {subprocess.py:93} INFO - [0m23:52:51  13 of 17 OK created sql table model public_gold.dim_customer ................... [[32mSELECT 1002[0m in 0.20s]
[2026-03-31T01:52:51.035+0200] {subprocess.py:93} INFO - [0m23:52:51
[2026-03-31T01:52:51.037+0200] {subprocess.py:93} INFO - [0m23:52:51  [31mFailure in test accepted_values_silver_payments_status__suceeded__failed__refunded (models/models.yml)[0m
[2026-03-31T01:52:51.039+0200] {subprocess.py:93} INFO - [0m23:52:51    Got 1 result, configured to fail if != 0
[2026-03-31T01:52:51.041+0200] {subprocess.py:93} INFO - [0m23:52:51
[2026-03-31T01:52:51.043+0200] {subprocess.py:93} INFO - [0m23:52:51    compiled code at target/compiled/api_bi_project/models/models.yml/accepted_values_silver_payment_83378c4cb60bd3def108896b63bd51b7.sql
[2026-03-31T01:52:51.070+0200] {subprocess.py:93} INFO - [0m23:52:51
[2026-03-31T01:52:51.071+0200] {subprocess.py:93} INFO - [0m23:52:51  Finished running 6 table models, 11 data tests in 0 hours 0 minutes and 1.17 seconds (1.17s).
[2026-03-31T01:52:51.158+0200] {subprocess.py:93} INFO - [0m23:52:51
[2026-03-31T01:52:51.161+0200] {subprocess.py:93} INFO - [0m23:52:51  [31mCompleted with 9 errors and 0 warnings:[0m
[2026-03-31T01:52:51.163+0200] {subprocess.py:93} INFO - [0m23:52:51
[2026-03-31T01:52:51.165+0200] {subprocess.py:93} INFO - [0m23:52:51  [31mFailure in test accepted_values_silver_payments_status__suceeded__failed__refunded (models/models.yml)[0m
[2026-03-31T01:52:51.167+0200] {subprocess.py:93} INFO - [0m23:52:51    Got 1 result, configured to fail if != 0
[2026-03-31T01:52:51.168+0200] {subprocess.py:93} INFO - [0m23:52:51
[2026-03-31T01:52:51.170+0200] {subprocess.py:93} INFO - [0m23:52:51    compiled code at target/compiled/api_bi_project/models/models.yml/accepted_values_silver_payment_83378c4cb60bd3def108896b63bd51b7.sql
[2026-03-31T01:52:51.173+0200] {subprocess.py:93} INFO - [0m23:52:51
[2026-03-31T01:52:51.174+0200] {subprocess.py:93} INFO - [0m23:52:51    Skipping due to fail_fast
[2026-03-31T01:52:51.177+0200] {subprocess.py:93} INFO - [0m23:52:51
[2026-03-31T01:52:51.179+0200] {subprocess.py:93} INFO - [0m23:52:51    Skipping due to fail_fast
[2026-03-31T01:52:51.181+0200] {subprocess.py:93} INFO - [0m23:52:51
[2026-03-31T01:52:51.183+0200] {subprocess.py:93} INFO - [0m23:52:51    Skipping due to fail_fast
[2026-03-31T01:52:51.186+0200] {subprocess.py:93} INFO - [0m23:52:51
[2026-03-31T01:52:51.188+0200] {subprocess.py:93} INFO - [0m23:52:51    Skipping due to fail_fast
[2026-03-31T01:52:51.190+0200] {subprocess.py:93} INFO - [0m23:52:51
[2026-03-31T01:52:51.193+0200] {subprocess.py:93} INFO - [0m23:52:51    Skipping due to fail_fast
[2026-03-31T01:52:51.195+0200] {subprocess.py:93} INFO - [0m23:52:51
[2026-03-31T01:52:51.196+0200] {subprocess.py:93} INFO - [0m23:52:51    Skipping due to fail_fast
[2026-03-31T01:52:51.198+0200] {subprocess.py:93} INFO - [0m23:52:51
[2026-03-31T01:52:51.200+0200] {subprocess.py:93} INFO - [0m23:52:51    Skipping due to fail_fast
[2026-03-31T01:52:51.201+0200] {subprocess.py:93} INFO - [0m23:52:51
[2026-03-31T01:52:51.202+0200] {subprocess.py:93} INFO - [0m23:52:51    Skipping due to fail_fast
[2026-03-31T01:52:51.204+0200] {subprocess.py:93} INFO - [0m23:52:51
[2026-03-31T01:52:51.206+0200] {subprocess.py:93} INFO - [0m23:52:51  Done. PASS=8 WARN=0 ERROR=1 SKIP=8 TOTAL=17
[2026-03-31T01:52:52.184+0200] {subprocess.py:97} INFO - Command exited with return code 1
[2026-03-31T01:52:52.185+0200] {taskinstance.py:441} INFO - ::group::Post task execution logs
[2026-03-31T01:52:52.198+0200] {taskinstance.py:2905} ERROR - Task failed with exception
Traceback (most recent call last):
  File "/home/airflow/.local/lib/python3.11/site-packages/airflow/models/taskinstance.py", line 465, in _execute_task
    result = _execute_callable(context=context, **execute_callable_kwargs)
             ^^^^^^^^^^^^^^^^^^^^^^^^^^^^^^^^^^^^^^^^^^^^^^^^^^^^^^^^^^^^^
  File "/home/airflow/.local/lib/python3.11/site-packages/airflow/models/taskinstance.py", line 432, in _execute_callable
    return execute_callable(context=context, **execute_callable_kwargs)
           ^^^^^^^^^^^^^^^^^^^^^^^^^^^^^^^^^^^^^^^^^^^^^^^^^^^^^^^^^^^^
  File "/home/airflow/.local/lib/python3.11/site-packages/airflow/models/baseoperator.py", line 401, in wrapper
    return func(self, *args, **kwargs)
           ^^^^^^^^^^^^^^^^^^^^^^^^^^^
  File "/home/airflow/.local/lib/python3.11/site-packages/airflow/operators/bash.py", line 243, in execute
    raise AirflowException(
airflow.exceptions.AirflowException: Bash command failed. The command returned a non-zero exit code 1.
[2026-03-31T01:52:52.203+0200] {taskinstance.py:1206} INFO - Marking task as UP_FOR_RETRY. dag_id=etl_api_to_bi, task_id=dbt_build, run_id=manual__2026-03-30T23:50:27.703368+00:00, execution_date=20260330T235027, start_date=20260330T235246, end_date=20260330T235252
[2026-03-31T01:52:52.218+0200] {standard_task_runner.py:110} ERROR - Failed to execute job 76 for task dbt_build (Bash command failed. The command returned a non-zero exit code 1.; 569)
[2026-03-31T01:52:52.268+0200] {local_task_job_runner.py:243} INFO - Task exited with return code 1
[2026-03-31T01:52:52.293+0200] {taskinstance.py:3503} INFO - 0 downstream tasks scheduled from follow-on schedule check
[2026-03-31T01:52:52.296+0200] {local_task_job_runner.py:222} INFO - ::endgroup::
