[2026-03-31T02:13:15.602+0200] {local_task_job_runner.py:120} INFO - ::group::Pre task execution logs
[2026-03-31T02:13:15.644+0200] {taskinstance.py:2076} INFO - Dependencies all met for dep_context=non-requeueable deps ti=<TaskInstance: etl_api_to_bi.dbt_deps manual__2026-03-31T00:13:12.752437+00:00 [queued]>
[2026-03-31T02:13:15.653+0200] {taskinstance.py:2076} INFO - Dependencies all met for dep_context=requeueable deps ti=<TaskInstance: etl_api_to_bi.dbt_deps manual__2026-03-31T00:13:12.752437+00:00 [queued]>
[2026-03-31T02:13:15.654+0200] {taskinstance.py:2306} INFO - Starting attempt 1 of 3
[2026-03-31T02:13:15.668+0200] {taskinstance.py:2330} INFO - Executing <Task(BashOperator): dbt_deps> on 2026-03-31 00:13:12.752437+00:00
[2026-03-31T02:13:15.673+0200] {standard_task_runner.py:64} INFO - Started process 913 to run task
[2026-03-31T02:13:15.677+0200] {standard_task_runner.py:90} INFO - Running: ['airflow', 'tasks', 'run', 'etl_api_to_bi', 'dbt_deps', 'manual__2026-03-31T00:13:12.752437+00:00', '--job-id', '95', '--raw', '--subdir', 'DAGS_FOLDER/etl_api_to_bi.py', '--cfg-path', '/tmp/tmp7eme5c0p']
[2026-03-31T02:13:15.679+0200] {standard_task_runner.py:91} INFO - Job 95: Subtask dbt_deps
[2026-03-31T02:13:15.748+0200] {task_command.py:426} INFO - Running <TaskInstance: etl_api_to_bi.dbt_deps manual__2026-03-31T00:13:12.752437+00:00 [running]> on host 533e6543a790
[2026-03-31T02:13:15.995+0200] {taskinstance.py:2648} INFO - Exporting env vars: AIRFLOW_CTX_DAG_OWNER='data' AIRFLOW_CTX_DAG_ID='etl_api_to_bi' AIRFLOW_CTX_TASK_ID='dbt_deps' AIRFLOW_CTX_EXECUTION_DATE='2026-03-31T00:13:12.752437+00:00' AIRFLOW_CTX_TRY_NUMBER='1' AIRFLOW_CTX_DAG_RUN_ID='manual__2026-03-31T00:13:12.752437+00:00'
[2026-03-31T02:13:15.996+0200] {taskinstance.py:430} INFO - ::endgroup::
[2026-03-31T02:13:16.011+0200] {subprocess.py:63} INFO - Tmp dir root location: /tmp
[2026-03-31T02:13:16.012+0200] {subprocess.py:75} INFO - Running command: ['/usr/bin/bash', '-c', "docker exec dbt bash -lc 'cd /usr/app && dbt deps --profiles-dir /root/.dbt'"]
[2026-03-31T02:13:16.023+0200] {subprocess.py:86} INFO - Output:
[2026-03-31T02:13:17.899+0200] {subprocess.py:93} INFO - [0m00:13:17  Running with dbt=1.8.3
[2026-03-31T02:13:18.586+0200] {subprocess.py:93} INFO - [0m00:13:18  Installing dbt-labs/dbt_utils
[2026-03-31T02:13:22.933+0200] {subprocess.py:93} INFO - [0m00:13:22  Installed from version 1.3.3
[2026-03-31T02:13:22.936+0200] {subprocess.py:93} INFO - [0m00:13:22  Up to date!
[2026-03-31T02:13:23.588+0200] {subprocess.py:97} INFO - Command exited with return code 0
[2026-03-31T02:13:23.589+0200] {taskinstance.py:441} INFO - ::group::Post task execution logs
[2026-03-31T02:13:23.630+0200] {taskinstance.py:1206} INFO - Marking task as SUCCESS. dag_id=etl_api_to_bi, task_id=dbt_deps, run_id=manual__2026-03-31T00:13:12.752437+00:00, execution_date=20260331T001312, start_date=20260331T001315, end_date=20260331T001323
[2026-03-31T02:13:23.689+0200] {local_task_job_runner.py:243} INFO - Task exited with return code 0
[2026-03-31T02:13:23.714+0200] {taskinstance.py:3503} INFO - 1 downstream tasks scheduled from follow-on schedule check
[2026-03-31T02:13:23.718+0200] {local_task_job_runner.py:222} INFO - ::endgroup::
