[2026-03-31T01:30:02.647+0200] {local_task_job_runner.py:120} INFO - ::group::Pre task execution logs
[2026-03-31T01:30:02.681+0200] {taskinstance.py:2076} INFO - Dependencies all met for dep_context=non-requeueable deps ti=<TaskInstance: etl_api_to_bi.dbt_deps scheduled__2026-03-30T23:15:00+00:00 [queued]>
[2026-03-31T01:30:02.690+0200] {taskinstance.py:2076} INFO - Dependencies all met for dep_context=requeueable deps ti=<TaskInstance: etl_api_to_bi.dbt_deps scheduled__2026-03-30T23:15:00+00:00 [queued]>
[2026-03-31T01:30:02.691+0200] {taskinstance.py:2306} INFO - Starting attempt 1 of 3
[2026-03-31T01:30:02.705+0200] {taskinstance.py:2330} INFO - Executing <Task(BashOperator): dbt_deps> on 2026-03-30 23:15:00+00:00
[2026-03-31T01:30:02.709+0200] {standard_task_runner.py:64} INFO - Started process 214 to run task
[2026-03-31T01:30:02.713+0200] {standard_task_runner.py:90} INFO - Running: ['airflow', 'tasks', 'run', 'etl_api_to_bi', 'dbt_deps', 'scheduled__2026-03-30T23:15:00+00:00', '--job-id', '60', '--raw', '--subdir', 'DAGS_FOLDER/etl_api_to_bi.py', '--cfg-path', '/tmp/tmpmmn8ovkp']
[2026-03-31T01:30:02.715+0200] {standard_task_runner.py:91} INFO - Job 60: Subtask dbt_deps
[2026-03-31T01:30:02.787+0200] {task_command.py:426} INFO - Running <TaskInstance: etl_api_to_bi.dbt_deps scheduled__2026-03-30T23:15:00+00:00 [running]> on host 533e6543a790
[2026-03-31T01:30:03.005+0200] {taskinstance.py:2648} INFO - Exporting env vars: AIRFLOW_CTX_DAG_OWNER='data' AIRFLOW_CTX_DAG_ID='etl_api_to_bi' AIRFLOW_CTX_TASK_ID='dbt_deps' AIRFLOW_CTX_EXECUTION_DATE='2026-03-30T23:15:00+00:00' AIRFLOW_CTX_TRY_NUMBER='1' AIRFLOW_CTX_DAG_RUN_ID='scheduled__2026-03-30T23:15:00+00:00'
[2026-03-31T01:30:03.006+0200] {taskinstance.py:430} INFO - ::endgroup::
[2026-03-31T01:30:03.016+0200] {subprocess.py:63} INFO - Tmp dir root location: /tmp
[2026-03-31T01:30:03.018+0200] {subprocess.py:75} INFO - Running command: ['/usr/bin/bash', '-c', "docker exec dbt bash -lc 'cd /usr/app && dbt deps --profiles-dir /root/.dbt'"]
[2026-03-31T01:30:03.027+0200] {subprocess.py:86} INFO - Output:
[2026-03-31T01:30:04.439+0200] {subprocess.py:93} INFO - [0m23:30:04  Running with dbt=1.8.3
[2026-03-31T01:30:05.093+0200] {subprocess.py:93} INFO - [0m23:30:05  Installing dbt-labs/dbt_utils
[2026-03-31T01:30:08.824+0200] {subprocess.py:93} INFO - [0m23:30:08  Installed from version 1.3.3
[2026-03-31T01:30:08.825+0200] {subprocess.py:93} INFO - [0m23:30:08  Up to date!
[2026-03-31T01:30:09.476+0200] {subprocess.py:97} INFO - Command exited with return code 0
[2026-03-31T01:30:09.477+0200] {taskinstance.py:441} INFO - ::group::Post task execution logs
[2026-03-31T01:30:09.512+0200] {taskinstance.py:1206} INFO - Marking task as SUCCESS. dag_id=etl_api_to_bi, task_id=dbt_deps, run_id=scheduled__2026-03-30T23:15:00+00:00, execution_date=20260330T231500, start_date=20260330T233002, end_date=20260330T233009
[2026-03-31T01:30:09.560+0200] {local_task_job_runner.py:243} INFO - Task exited with return code 0
[2026-03-31T01:30:09.584+0200] {taskinstance.py:3503} INFO - 0 downstream tasks scheduled from follow-on schedule check
[2026-03-31T01:30:09.587+0200] {local_task_job_runner.py:222} INFO - ::endgroup::
