[2026-03-31T02:17:37.668+0200] {local_task_job_runner.py:120} INFO - ::group::Pre task execution logs
[2026-03-31T02:17:37.706+0200] {taskinstance.py:2076} INFO - Dependencies all met for dep_context=non-requeueable deps ti=<TaskInstance: etl_api_to_bi.dbt_build manual__2026-03-31T00:13:12.752437+00:00 [queued]>
[2026-03-31T02:17:37.716+0200] {taskinstance.py:2076} INFO - Dependencies all met for dep_context=requeueable deps ti=<TaskInstance: etl_api_to_bi.dbt_build manual__2026-03-31T00:13:12.752437+00:00 [queued]>
[2026-03-31T02:17:37.717+0200] {taskinstance.py:2306} INFO - Starting attempt 3 of 3
[2026-03-31T02:17:37.734+0200] {taskinstance.py:2330} INFO - Executing <Task(BashOperator): dbt_build> on 2026-03-31 00:13:12.752437+00:00
[2026-03-31T02:17:37.740+0200] {standard_task_runner.py:64} INFO - Started process 1041 to run task
[2026-03-31T02:17:37.743+0200] {standard_task_runner.py:90} INFO - Running: ['airflow', 'tasks', 'run', 'etl_api_to_bi', 'dbt_build', 'manual__2026-03-31T00:13:12.752437+00:00', '--job-id', '104', '--raw', '--subdir', 'DAGS_FOLDER/etl_api_to_bi.py', '--cfg-path', '/tmp/tmpqpitk4iv']
[2026-03-31T02:17:37.746+0200] {standard_task_runner.py:91} INFO - Job 104: Subtask dbt_build
[2026-03-31T02:17:37.842+0200] {task_command.py:426} INFO - Running <TaskInstance: etl_api_to_bi.dbt_build manual__2026-03-31T00:13:12.752437+00:00 [running]> on host 533e6543a790
[2026-03-31T02:17:38.095+0200] {taskinstance.py:2648} INFO - Exporting env vars: AIRFLOW_CTX_DAG_OWNER='data' AIRFLOW_CTX_DAG_ID='etl_api_to_bi' AIRFLOW_CTX_TASK_ID='dbt_build' AIRFLOW_CTX_EXECUTION_DATE='2026-03-31T00:13:12.752437+00:00' AIRFLOW_CTX_TRY_NUMBER='3' AIRFLOW_CTX_DAG_RUN_ID='manual__2026-03-31T00:13:12.752437+00:00'
[2026-03-31T02:17:38.096+0200] {taskinstance.py:430} INFO - ::endgroup::
[2026-03-31T02:17:38.109+0200] {subprocess.py:63} INFO - Tmp dir root location: /tmp
[2026-03-31T02:17:38.110+0200] {subprocess.py:75} INFO - Running command: ['/usr/bin/bash', '-c', "docker exec dbt bash -lc 'cd /usr/app && dbt build --fail-fast --profiles-dir /root/.dbt'"]
[2026-03-31T02:17:38.118+0200] {subprocess.py:86} INFO - Output:
[2026-03-31T02:17:39.683+0200] {subprocess.py:93} INFO - [0m00:17:39  Running with dbt=1.8.3
[2026-03-31T02:17:40.003+0200] {subprocess.py:93} INFO - [0m00:17:40  Registered adapter: postgres=1.8.2
[2026-03-31T02:17:42.049+0200] {subprocess.py:93} INFO - [0m00:17:42  [[33mWARNING[0m]: Deprecated functionality
[2026-03-31T02:17:42.050+0200] {subprocess.py:93} INFO - The `tests` config has been renamed to `data_tests`. Please see
[2026-03-31T02:17:42.052+0200] {subprocess.py:93} INFO - https://docs.getdbt.com/docs/build/data-tests#new-data_tests-syntax for more
[2026-03-31T02:17:42.053+0200] {subprocess.py:93} INFO - information.
[2026-03-31T02:17:42.470+0200] {subprocess.py:93} INFO - [0m00:17:42  Found 6 models, 11 data tests, 532 macros
[2026-03-31T02:17:42.477+0200] {subprocess.py:93} INFO - [0m00:17:42
[2026-03-31T02:17:42.748+0200] {subprocess.py:93} INFO - [0m00:17:42  Concurrency: 4 threads (target='dev')
[2026-03-31T02:17:42.750+0200] {subprocess.py:93} INFO - [0m00:17:42
[2026-03-31T02:17:42.761+0200] {subprocess.py:93} INFO - [0m00:17:42  1 of 17 START sql table model silver.silver_customers .......................... [RUN]
[2026-03-31T02:17:42.763+0200] {subprocess.py:93} INFO - [0m00:17:42  2 of 17 START sql table model silver.silver_payments ........................... [RUN]
[2026-03-31T02:17:42.765+0200] {subprocess.py:93} INFO - [0m00:17:42  3 of 17 START sql table model silver.silver_sessions ........................... [RUN]
[2026-03-31T02:17:43.061+0200] {subprocess.py:93} INFO - [0m00:17:43  1 of 17 OK created sql table model silver.silver_customers ..................... [[32mSELECT 1002[0m in 0.29s]
[2026-03-31T02:17:43.063+0200] {subprocess.py:93} INFO - [0m00:17:43  2 of 17 OK created sql table model silver.silver_payments ...................... [[32mSELECT 9021[0m in 0.29s]
[2026-03-31T02:17:43.077+0200] {subprocess.py:93} INFO - [0m00:17:43  4 of 17 START test not_null_silver_customers_country ........................... [RUN]
[2026-03-31T02:17:43.080+0200] {subprocess.py:93} INFO - [0m00:17:43  5 of 17 START test not_null_silver_customers_customer_id ....................... [RUN]
[2026-03-31T02:17:43.082+0200] {subprocess.py:93} INFO - [0m00:17:43  6 of 17 START test unique_silver_customers_customer_id ......................... [RUN]
[2026-03-31T02:17:43.145+0200] {subprocess.py:93} INFO - [0m00:17:43  3 of 17 OK created sql table model silver.silver_sessions ...................... [[32mSELECT 28216[0m in 0.37s]
[2026-03-31T02:17:43.181+0200] {subprocess.py:93} INFO - [0m00:17:43  7 of 17 START test accepted_values_silver_payments_status__succeeded__failed__refunded  [RUN]
[2026-03-31T02:17:43.246+0200] {subprocess.py:93} INFO - [0m00:17:43  4 of 17 PASS not_null_silver_customers_country ................................. [[32mPASS[0m in 0.16s]
[2026-03-31T02:17:43.263+0200] {subprocess.py:93} INFO - [0m00:17:43  5 of 17 PASS not_null_silver_customers_customer_id ............................. [[32mPASS[0m in 0.17s]
[2026-03-31T02:17:43.265+0200] {subprocess.py:93} INFO - [0m00:17:43  8 of 17 START test not_null_silver_payments_payment_id ......................... [RUN]
[2026-03-31T02:17:43.271+0200] {subprocess.py:93} INFO - [0m00:17:43  6 of 17 PASS unique_silver_customers_customer_id ............................... [[32mPASS[0m in 0.18s]
[2026-03-31T02:17:43.283+0200] {subprocess.py:93} INFO - [0m00:17:43  9 of 17 START test unique_silver_payments_payment_id ........................... [RUN]
[2026-03-31T02:17:43.294+0200] {subprocess.py:93} INFO - [0m00:17:43  10 of 17 START test accepted_values_silver_sessions_source__google__direct__facebook__linkedin__newsletter__referral__x  [RUN]
[2026-03-31T02:17:43.338+0200] {subprocess.py:93} INFO - [0m00:17:43  7 of 17 PASS accepted_values_silver_payments_status__succeeded__failed__refunded  [[32mPASS[0m in 0.15s]
[2026-03-31T02:17:43.360+0200] {subprocess.py:93} INFO - [0m00:17:43  11 of 17 START test not_null_silver_sessions_session_id ........................ [RUN]
[2026-03-31T02:17:43.414+0200] {subprocess.py:93} INFO - [0m00:17:43  8 of 17 PASS not_null_silver_payments_payment_id ............................... [[32mPASS[0m in 0.14s]
[2026-03-31T02:17:43.432+0200] {subprocess.py:93} INFO - [0m00:17:43  10 of 17 PASS accepted_values_silver_sessions_source__google__direct__facebook__linkedin__newsletter__referral__x  [[32mPASS[0m in 0.13s]
[2026-03-31T02:17:43.435+0200] {subprocess.py:93} INFO - [0m00:17:43  9 of 17 PASS unique_silver_payments_payment_id ................................. [[32mPASS[0m in 0.14s]
[2026-03-31T02:17:43.436+0200] {subprocess.py:93} INFO - [0m00:17:43  12 of 17 START test unique_silver_sessions_session_id .......................... [RUN]
[2026-03-31T02:17:43.452+0200] {subprocess.py:93} INFO - [0m00:17:43  13 of 17 START sql table model gold.dim_customer ............................... [RUN]
[2026-03-31T02:17:43.455+0200] {subprocess.py:93} INFO - [0m00:17:43  14 of 17 START sql table model gold.fact_daily_revenue ......................... [RUN]
[2026-03-31T02:17:43.511+0200] {subprocess.py:93} INFO - [0m00:17:43  11 of 17 PASS not_null_silver_sessions_session_id .............................. [[32mPASS[0m in 0.14s]
[2026-03-31T02:17:43.585+0200] {subprocess.py:93} INFO - [0m00:17:43  12 of 17 PASS unique_silver_sessions_session_id ................................ [[32mPASS[0m in 0.14s]
[2026-03-31T02:17:43.607+0200] {subprocess.py:93} INFO - [0m00:17:43  15 of 17 START sql table model gold.fact_marketing_attribution ................. [RUN]
[2026-03-31T02:17:43.675+0200] {subprocess.py:93} INFO - [0m00:17:43  14 of 17 OK created sql table model gold.fact_daily_revenue .................... [[32mSELECT 4300[0m in 0.20s]
[2026-03-31T02:17:43.680+0200] {subprocess.py:93} INFO - [0m00:17:43  13 of 17 OK created sql table model gold.dim_customer .......................... [[32mSELECT 1002[0m in 0.21s]
[2026-03-31T02:17:43.690+0200] {subprocess.py:93} INFO - [0m00:17:43  16 of 17 START test not_null_fact_daily_revenue_order_day ...................... [RUN]
[2026-03-31T02:17:43.779+0200] {subprocess.py:93} INFO - [0m00:17:43  16 of 17 PASS not_null_fact_daily_revenue_order_day ............................ [[32mPASS[0m in 0.08s]
[2026-03-31T02:17:43.800+0200] {subprocess.py:93} INFO - [0m00:17:43  15 of 17 OK created sql table model gold.fact_marketing_attribution ............ [[32mSELECT 5665[0m in 0.18s]
[2026-03-31T02:17:43.804+0200] {subprocess.py:93} INFO - [0m00:17:43  17 of 17 START test not_null_fact_marketing_attribution_session_day ............ [RUN]
[2026-03-31T02:17:43.863+0200] {subprocess.py:93} INFO - [0m00:17:43  17 of 17 PASS not_null_fact_marketing_attribution_session_day .................. [[32mPASS[0m in 0.06s]
[2026-03-31T02:17:43.894+0200] {subprocess.py:93} INFO - [0m00:17:43
[2026-03-31T02:17:43.895+0200] {subprocess.py:93} INFO - [0m00:17:43  Finished running 6 table models, 11 data tests in 0 hours 0 minutes and 1.42 seconds (1.42s).
[2026-03-31T02:17:43.966+0200] {subprocess.py:93} INFO - [0m00:17:43
[2026-03-31T02:17:43.967+0200] {subprocess.py:93} INFO - [0m00:17:43  [32mCompleted successfully[0m
[2026-03-31T02:17:43.969+0200] {subprocess.py:93} INFO - [0m00:17:43
[2026-03-31T02:17:43.971+0200] {subprocess.py:93} INFO - [0m00:17:43  Done. PASS=17 WARN=0 ERROR=0 SKIP=0 TOTAL=17
[2026-03-31T02:17:44.824+0200] {subprocess.py:97} INFO - Command exited with return code 0
[2026-03-31T02:17:44.826+0200] {taskinstance.py:441} INFO - ::group::Post task execution logs
[2026-03-31T02:17:44.859+0200] {taskinstance.py:1206} INFO - Marking task as SUCCESS. dag_id=etl_api_to_bi, task_id=dbt_build, run_id=manual__2026-03-31T00:13:12.752437+00:00, execution_date=20260331T001312, start_date=20260331T001737, end_date=20260331T001744
[2026-03-31T02:17:44.892+0200] {local_task_job_runner.py:243} INFO - Task exited with return code 0
[2026-03-31T02:17:44.911+0200] {taskinstance.py:3503} INFO - 0 downstream tasks scheduled from follow-on schedule check
[2026-03-31T02:17:44.914+0200] {local_task_job_runner.py:222} INFO - ::endgroup::
