[2026-03-31T01:47:16.306+0200] {local_task_job_runner.py:120} INFO - ::group::Pre task execution logs
[2026-03-31T01:47:16.342+0200] {taskinstance.py:2076} INFO - Dependencies all met for dep_context=non-requeueable deps ti=<TaskInstance: etl_api_to_bi.dbt_build scheduled__2026-03-30T23:30:00+00:00 [queued]>
[2026-03-31T01:47:16.351+0200] {taskinstance.py:2076} INFO - Dependencies all met for dep_context=requeueable deps ti=<TaskInstance: etl_api_to_bi.dbt_build scheduled__2026-03-30T23:30:00+00:00 [queued]>
[2026-03-31T01:47:16.352+0200] {taskinstance.py:2306} INFO - Starting attempt 2 of 3
[2026-03-31T01:47:16.367+0200] {taskinstance.py:2330} INFO - Executing <Task(BashOperator): dbt_build> on 2026-03-30 23:30:00+00:00
[2026-03-31T01:47:16.372+0200] {standard_task_runner.py:64} INFO - Started process 464 to run task
[2026-03-31T01:47:16.377+0200] {standard_task_runner.py:90} INFO - Running: ['airflow', 'tasks', 'run', 'etl_api_to_bi', 'dbt_build', 'scheduled__2026-03-30T23:30:00+00:00', '--job-id', '69', '--raw', '--subdir', 'DAGS_FOLDER/etl_api_to_bi.py', '--cfg-path', '/tmp/tmpy7dk1yqi']
[2026-03-31T01:47:16.379+0200] {standard_task_runner.py:91} INFO - Job 69: Subtask dbt_build
[2026-03-31T01:47:16.462+0200] {task_command.py:426} INFO - Running <TaskInstance: etl_api_to_bi.dbt_build scheduled__2026-03-30T23:30:00+00:00 [running]> on host 533e6543a790
[2026-03-31T01:47:16.717+0200] {taskinstance.py:2648} INFO - Exporting env vars: AIRFLOW_CTX_DAG_OWNER='data' AIRFLOW_CTX_DAG_ID='etl_api_to_bi' AIRFLOW_CTX_TASK_ID='dbt_build' AIRFLOW_CTX_EXECUTION_DATE='2026-03-30T23:30:00+00:00' AIRFLOW_CTX_TRY_NUMBER='2' AIRFLOW_CTX_DAG_RUN_ID='scheduled__2026-03-30T23:30:00+00:00'
[2026-03-31T01:47:16.718+0200] {taskinstance.py:430} INFO - ::endgroup::
[2026-03-31T01:47:16.729+0200] {subprocess.py:63} INFO - Tmp dir root location: /tmp
[2026-03-31T01:47:16.731+0200] {subprocess.py:75} INFO - Running command: ['/usr/bin/bash', '-c', "docker exec dbt bash -lc 'cd /usr/app && dbt build --fail-fast --profiles-dir /root/.dbt'"]
[2026-03-31T01:47:16.740+0200] {subprocess.py:86} INFO - Output:
[2026-03-31T01:47:18.154+0200] {subprocess.py:93} INFO - [0m23:47:18  Running with dbt=1.8.3
[2026-03-31T01:47:18.509+0200] {subprocess.py:93} INFO - [0m23:47:18  Registered adapter: postgres=1.8.2
[2026-03-31T01:47:19.721+0200] {subprocess.py:93} INFO - [0m23:47:19  Found 6 models, 11 data tests, 531 macros
[2026-03-31T01:47:19.726+0200] {subprocess.py:93} INFO - [0m23:47:19
[2026-03-31T01:47:19.919+0200] {subprocess.py:93} INFO - [0m23:47:19  Concurrency: 4 threads (target='dev')
[2026-03-31T01:47:19.921+0200] {subprocess.py:93} INFO - [0m23:47:19
[2026-03-31T01:47:19.928+0200] {subprocess.py:93} INFO - [0m23:47:19  1 of 17 START sql table model public_silver.silver_customers ................... [RUN]
[2026-03-31T01:47:19.930+0200] {subprocess.py:93} INFO - [0m23:47:19  2 of 17 START sql table model public_silver.silver_payments .................... [RUN]
[2026-03-31T01:47:19.931+0200] {subprocess.py:93} INFO - [0m23:47:19  3 of 17 START sql table model public_silver.silver_sessions .................... [RUN]
[2026-03-31T01:47:20.173+0200] {subprocess.py:93} INFO - [0m23:47:20  1 of 17 OK created sql table model public_silver.silver_customers .............. [[32mSELECT 1002[0m in 0.24s]
[2026-03-31T01:47:20.185+0200] {subprocess.py:93} INFO - [0m23:47:20  2 of 17 OK created sql table model public_silver.silver_payments ............... [[32mSELECT 9021[0m in 0.25s]
[2026-03-31T01:47:20.188+0200] {subprocess.py:93} INFO - [0m23:47:20  4 of 17 START test not_null_silver_customers_country ........................... [RUN]
[2026-03-31T01:47:20.189+0200] {subprocess.py:93} INFO - [0m23:47:20  5 of 17 START test not_null_silver_customers_customer_id ....................... [RUN]
[2026-03-31T01:47:20.202+0200] {subprocess.py:93} INFO - [0m23:47:20  6 of 17 START test unique_silver_customers_customer_id ......................... [RUN]
[2026-03-31T01:47:20.315+0200] {subprocess.py:93} INFO - [0m23:47:20  3 of 17 OK created sql table model public_silver.silver_sessions ............... [[32mSELECT 28216[0m in 0.37s]
[2026-03-31T01:47:20.332+0200] {subprocess.py:93} INFO - [0m23:47:20  7 of 17 START test accepted_values_silver_payments_status__suceeded__failed__refunded  [RUN]
[2026-03-31T01:47:20.385+0200] {subprocess.py:93} INFO - [0m23:47:20  5 of 17 PASS not_null_silver_customers_customer_id ............................. [[32mPASS[0m in 0.19s]
[2026-03-31T01:47:20.388+0200] {subprocess.py:93} INFO - [0m23:47:20  4 of 17 PASS not_null_silver_customers_country ................................. [[32mPASS[0m in 0.19s]
[2026-03-31T01:47:20.400+0200] {subprocess.py:93} INFO - [0m23:47:20  8 of 17 START test not_null_silver_payments_payment_id ......................... [RUN]
[2026-03-31T01:47:20.402+0200] {subprocess.py:93} INFO - [0m23:47:20  6 of 17 PASS unique_silver_customers_customer_id ............................... [[32mPASS[0m in 0.18s]
[2026-03-31T01:47:20.403+0200] {subprocess.py:93} INFO - [0m23:47:20  9 of 17 START test unique_silver_payments_payment_id ........................... [RUN]
[2026-03-31T01:47:20.420+0200] {subprocess.py:93} INFO - [0m23:47:20  10 of 17 START test accepted_values_silver_sessions_source__google__direct__facebook__linkedin__newsletter__referral__bing  [RUN]
[2026-03-31T01:47:20.461+0200] {subprocess.py:93} INFO - [0m23:47:20  7 of 17 FAIL 1 accepted_values_silver_payments_status__suceeded__failed__refunded  [[31mFAIL 1[0m in 0.12s]
[2026-03-31T01:47:20.476+0200] {subprocess.py:93} INFO - [0m23:47:20  11 of 17 START test not_null_silver_sessions_session_id ........................ [RUN]
[2026-03-31T01:47:20.519+0200] {subprocess.py:93} INFO - [0m23:47:20  8 of 17 PASS not_null_silver_payments_payment_id ............................... [[32mPASS[0m in 0.11s]
[2026-03-31T01:47:20.522+0200] {subprocess.py:93} INFO - [0m23:47:20  9 of 17 PASS unique_silver_payments_payment_id ................................. [[32mPASS[0m in 0.11s]
[2026-03-31T01:47:20.534+0200] {subprocess.py:93} INFO - [0m23:47:20  12 of 17 START test unique_silver_sessions_session_id .......................... [RUN]
[2026-03-31T01:47:20.537+0200] {subprocess.py:93} INFO - [0m23:47:20  13 of 17 START sql table model public_gold.dim_customer ........................ [RUN]
[2026-03-31T01:47:20.570+0200] {subprocess.py:93} INFO - [0m23:47:20  CANCEL query test.api_bi_project.not_null_silver_payments_payment_id.71305d150f  [[31mCANCEL[0m]
[2026-03-31T01:47:20.574+0200] {subprocess.py:93} INFO - [0m23:47:20  CANCEL query test.api_bi_project.accepted_values_silver_sessions_source__google__direct__facebook__linkedin__newsletter__referral__bing.717fc87c90  [[31mCANCEL[0m]
[2026-03-31T01:47:20.580+0200] {subprocess.py:93} INFO - [0m23:47:20  CANCEL query test.api_bi_project.not_null_silver_sessions_session_id.f74024a05b  [[31mCANCEL[0m]
[2026-03-31T01:47:20.591+0200] {subprocess.py:93} INFO - [0m23:47:20  10 of 17 FAIL 1 accepted_values_silver_sessions_source__google__direct__facebook__linkedin__newsletter__referral__bing  [[31mFAIL 1[0m in 0.16s]
[2026-03-31T01:47:20.592+0200] {subprocess.py:93} INFO - [0m23:47:20  CANCEL query test.api_bi_project.unique_silver_payments_payment_id.09d6b3ec83 .. [[31mCANCEL[0m]
[2026-03-31T01:47:20.596+0200] {subprocess.py:93} INFO - [0m23:47:20  11 of 17 PASS not_null_silver_sessions_session_id .............................. [[32mPASS[0m in 0.11s]
[2026-03-31T01:47:20.665+0200] {subprocess.py:93} INFO - [0m23:47:20  12 of 17 PASS unique_silver_sessions_session_id ................................ [[32mPASS[0m in 0.12s]
[2026-03-31T01:47:20.688+0200] {subprocess.py:93} INFO - [0m23:47:20  13 of 17 OK created sql table model public_gold.dim_customer ................... [[32mSELECT 1002[0m in 0.14s]
[2026-03-31T01:47:20.691+0200] {subprocess.py:93} INFO - [0m23:47:20
[2026-03-31T01:47:20.693+0200] {subprocess.py:93} INFO - [0m23:47:20  [31mFailure in test accepted_values_silver_payments_status__suceeded__failed__refunded (models/models.yml)[0m
[2026-03-31T01:47:20.694+0200] {subprocess.py:93} INFO - [0m23:47:20    Got 1 result, configured to fail if != 0
[2026-03-31T01:47:20.695+0200] {subprocess.py:93} INFO - [0m23:47:20
[2026-03-31T01:47:20.697+0200] {subprocess.py:93} INFO - [0m23:47:20    compiled code at target/compiled/api_bi_project/models/models.yml/accepted_values_silver_payment_83378c4cb60bd3def108896b63bd51b7.sql
[2026-03-31T01:47:20.718+0200] {subprocess.py:93} INFO - [0m23:47:20
[2026-03-31T01:47:20.719+0200] {subprocess.py:93} INFO - [0m23:47:20  Finished running 6 table models, 11 data tests in 0 hours 0 minutes and 0.99 seconds (0.99s).
[2026-03-31T01:47:20.781+0200] {subprocess.py:93} INFO - [0m23:47:20
[2026-03-31T01:47:20.783+0200] {subprocess.py:93} INFO - [0m23:47:20  [31mCompleted with 9 errors and 0 warnings:[0m
[2026-03-31T01:47:20.785+0200] {subprocess.py:93} INFO - [0m23:47:20
[2026-03-31T01:47:20.787+0200] {subprocess.py:93} INFO - [0m23:47:20  [31mFailure in test accepted_values_silver_payments_status__suceeded__failed__refunded (models/models.yml)[0m
[2026-03-31T01:47:20.788+0200] {subprocess.py:93} INFO - [0m23:47:20    Got 1 result, configured to fail if != 0
[2026-03-31T01:47:20.790+0200] {subprocess.py:93} INFO - [0m23:47:20
[2026-03-31T01:47:20.791+0200] {subprocess.py:93} INFO - [0m23:47:20    compiled code at target/compiled/api_bi_project/models/models.yml/accepted_values_silver_payment_83378c4cb60bd3def108896b63bd51b7.sql
[2026-03-31T01:47:20.793+0200] {subprocess.py:93} INFO - [0m23:47:20
[2026-03-31T01:47:20.794+0200] {subprocess.py:93} INFO - [0m23:47:20    Skipping due to fail_fast
[2026-03-31T01:47:20.796+0200] {subprocess.py:93} INFO - [0m23:47:20
[2026-03-31T01:47:20.797+0200] {subprocess.py:93} INFO - [0m23:47:20    Skipping due to fail_fast
[2026-03-31T01:47:20.799+0200] {subprocess.py:93} INFO - [0m23:47:20
[2026-03-31T01:47:20.800+0200] {subprocess.py:93} INFO - [0m23:47:20    Skipping due to fail_fast
[2026-03-31T01:47:20.802+0200] {subprocess.py:93} INFO - [0m23:47:20
[2026-03-31T01:47:20.803+0200] {subprocess.py:93} INFO - [0m23:47:20    Skipping due to fail_fast
[2026-03-31T01:47:20.804+0200] {subprocess.py:93} INFO - [0m23:47:20
[2026-03-31T01:47:20.806+0200] {subprocess.py:93} INFO - [0m23:47:20    Skipping due to fail_fast
[2026-03-31T01:47:20.807+0200] {subprocess.py:93} INFO - [0m23:47:20
[2026-03-31T01:47:20.809+0200] {subprocess.py:93} INFO - [0m23:47:20    Skipping due to fail_fast
[2026-03-31T01:47:20.810+0200] {subprocess.py:93} INFO - [0m23:47:20
[2026-03-31T01:47:20.812+0200] {subprocess.py:93} INFO - [0m23:47:20    Skipping due to fail_fast
[2026-03-31T01:47:20.813+0200] {subprocess.py:93} INFO - [0m23:47:20
[2026-03-31T01:47:20.815+0200] {subprocess.py:93} INFO - [0m23:47:20    Skipping due to fail_fast
[2026-03-31T01:47:20.816+0200] {subprocess.py:93} INFO - [0m23:47:20
[2026-03-31T01:47:20.817+0200] {subprocess.py:93} INFO - [0m23:47:20  Done. PASS=8 WARN=0 ERROR=1 SKIP=8 TOTAL=17
[2026-03-31T01:47:21.575+0200] {subprocess.py:97} INFO - Command exited with return code 1
[2026-03-31T01:47:21.576+0200] {taskinstance.py:441} INFO - ::group::Post task execution logs
[2026-03-31T01:47:21.591+0200] {taskinstance.py:2905} ERROR - Task failed with exception
Traceback (most recent call last):
  File "/home/airflow/.local/lib/python3.11/site-packages/airflow/models/taskinstance.py", line 465, in _execute_task
    result = _execute_callable(context=context, **execute_callable_kwargs)
             ^^^^^^^^^^^^^^^^^^^^^^^^^^^^^^^^^^^^^^^^^^^^^^^^^^^^^^^^^^^^^
  File "/home/airflow/.local/lib/python3.11/site-packages/airflow/models/taskinstance.py", line 432, in _execute_callable
    return execute_callable(context=context, **execute_callable_kwargs)
           ^^^^^^^^^^^^^^^^^^^^^^^^^^^^^^^^^^^^^^^^^^^^^^^^^^^^^^^^^^^^
  File "/home/airflow/.local/lib/python3.11/site-packages/airflow/models/baseoperator.py", line 401, in wrapper
    return func(self, *args, **kwargs)
           ^^^^^^^^^^^^^^^^^^^^^^^^^^^
  File "/home/airflow/.local/lib/python3.11/site-packages/airflow/operators/bash.py", line 243, in execute
    raise AirflowException(
airflow.exceptions.AirflowException: Bash command failed. The command returned a non-zero exit code 1.
[2026-03-31T01:47:21.595+0200] {taskinstance.py:1206} INFO - Marking task as UP_FOR_RETRY. dag_id=etl_api_to_bi, task_id=dbt_build, run_id=scheduled__2026-03-30T23:30:00+00:00, execution_date=20260330T233000, start_date=20260330T234716, end_date=20260330T234721
[2026-03-31T01:47:21.611+0200] {standard_task_runner.py:110} ERROR - Failed to execute job 69 for task dbt_build (Bash command failed. The command returned a non-zero exit code 1.; 464)
[2026-03-31T01:47:21.659+0200] {local_task_job_runner.py:243} INFO - Task exited with return code 1
[2026-03-31T01:47:21.683+0200] {taskinstance.py:3503} INFO - 0 downstream tasks scheduled from follow-on schedule check
[2026-03-31T01:47:21.686+0200] {local_task_job_runner.py:222} INFO - ::endgroup::
