[2026-03-31T01:49:22.178+0200] {local_task_job_runner.py:120} INFO - ::group::Pre task execution logs
[2026-03-31T01:49:22.248+0200] {taskinstance.py:2076} INFO - Dependencies all met for dep_context=non-requeueable deps ti=<TaskInstance: etl_api_to_bi.dbt_build scheduled__2026-03-30T23:30:00+00:00 [queued]>
[2026-03-31T01:49:22.258+0200] {taskinstance.py:2076} INFO - Dependencies all met for dep_context=requeueable deps ti=<TaskInstance: etl_api_to_bi.dbt_build scheduled__2026-03-30T23:30:00+00:00 [queued]>
[2026-03-31T01:49:22.259+0200] {taskinstance.py:2306} INFO - Starting attempt 3 of 3
[2026-03-31T01:49:22.274+0200] {taskinstance.py:2330} INFO - Executing <Task(BashOperator): dbt_build> on 2026-03-30 23:30:00+00:00
[2026-03-31T01:49:22.280+0200] {standard_task_runner.py:64} INFO - Started process 496 to run task
[2026-03-31T01:49:22.284+0200] {standard_task_runner.py:90} INFO - Running: ['airflow', 'tasks', 'run', 'etl_api_to_bi', 'dbt_build', 'scheduled__2026-03-30T23:30:00+00:00', '--job-id', '70', '--raw', '--subdir', 'DAGS_FOLDER/etl_api_to_bi.py', '--cfg-path', '/tmp/tmp22ue1yhh']
[2026-03-31T01:49:22.287+0200] {standard_task_runner.py:91} INFO - Job 70: Subtask dbt_build
[2026-03-31T01:49:22.377+0200] {task_command.py:426} INFO - Running <TaskInstance: etl_api_to_bi.dbt_build scheduled__2026-03-30T23:30:00+00:00 [running]> on host 533e6543a790
[2026-03-31T01:49:22.643+0200] {taskinstance.py:2648} INFO - Exporting env vars: AIRFLOW_CTX_DAG_OWNER='data' AIRFLOW_CTX_DAG_ID='etl_api_to_bi' AIRFLOW_CTX_TASK_ID='dbt_build' AIRFLOW_CTX_EXECUTION_DATE='2026-03-30T23:30:00+00:00' AIRFLOW_CTX_TRY_NUMBER='3' AIRFLOW_CTX_DAG_RUN_ID='scheduled__2026-03-30T23:30:00+00:00'
[2026-03-31T01:49:22.645+0200] {taskinstance.py:430} INFO - ::endgroup::
[2026-03-31T01:49:22.653+0200] {subprocess.py:63} INFO - Tmp dir root location: /tmp
[2026-03-31T01:49:22.655+0200] {subprocess.py:75} INFO - Running command: ['/usr/bin/bash', '-c', "docker exec dbt bash -lc 'cd /usr/app && dbt build --fail-fast --profiles-dir /root/.dbt'"]
[2026-03-31T01:49:22.665+0200] {subprocess.py:86} INFO - Output:
[2026-03-31T01:49:24.349+0200] {subprocess.py:93} INFO - [0m23:49:24  Running with dbt=1.8.3
[2026-03-31T01:49:24.741+0200] {subprocess.py:93} INFO - [0m23:49:24  Registered adapter: postgres=1.8.2
[2026-03-31T01:49:26.109+0200] {subprocess.py:93} INFO - [0m23:49:26  Found 6 models, 11 data tests, 531 macros
[2026-03-31T01:49:26.114+0200] {subprocess.py:93} INFO - [0m23:49:26
[2026-03-31T01:49:26.308+0200] {subprocess.py:93} INFO - [0m23:49:26  Concurrency: 4 threads (target='dev')
[2026-03-31T01:49:26.309+0200] {subprocess.py:93} INFO - [0m23:49:26
[2026-03-31T01:49:26.316+0200] {subprocess.py:93} INFO - [0m23:49:26  1 of 17 START sql table model public_silver.silver_customers ................... [RUN]
[2026-03-31T01:49:26.317+0200] {subprocess.py:93} INFO - [0m23:49:26  2 of 17 START sql table model public_silver.silver_payments .................... [RUN]
[2026-03-31T01:49:26.319+0200] {subprocess.py:93} INFO - [0m23:49:26  3 of 17 START sql table model public_silver.silver_sessions .................... [RUN]
[2026-03-31T01:49:26.597+0200] {subprocess.py:93} INFO - [0m23:49:26  1 of 17 OK created sql table model public_silver.silver_customers .............. [[32mSELECT 1002[0m in 0.27s]
[2026-03-31T01:49:26.611+0200] {subprocess.py:93} INFO - [0m23:49:26  4 of 17 START test not_null_silver_customers_country ........................... [RUN]
[2026-03-31T01:49:26.612+0200] {subprocess.py:93} INFO - [0m23:49:26  5 of 17 START test not_null_silver_customers_customer_id ....................... [RUN]
[2026-03-31T01:49:26.630+0200] {subprocess.py:93} INFO - [0m23:49:26  2 of 17 OK created sql table model public_silver.silver_payments ............... [[32mSELECT 9021[0m in 0.30s]
[2026-03-31T01:49:26.663+0200] {subprocess.py:93} INFO - [0m23:49:26  6 of 17 START test unique_silver_customers_customer_id ......................... [RUN]
[2026-03-31T01:49:26.751+0200] {subprocess.py:93} INFO - [0m23:49:26  3 of 17 OK created sql table model public_silver.silver_sessions ............... [[32mSELECT 28216[0m in 0.41s]
[2026-03-31T01:49:26.766+0200] {subprocess.py:93} INFO - [0m23:49:26  7 of 17 START test accepted_values_silver_payments_status__suceeded__failed__refunded  [RUN]
[2026-03-31T01:49:26.816+0200] {subprocess.py:93} INFO - [0m23:49:26  4 of 17 PASS not_null_silver_customers_country ................................. [[32mPASS[0m in 0.20s]
[2026-03-31T01:49:26.818+0200] {subprocess.py:93} INFO - [0m23:49:26  5 of 17 PASS not_null_silver_customers_customer_id ............................. [[32mPASS[0m in 0.20s]
[2026-03-31T01:49:26.829+0200] {subprocess.py:93} INFO - [0m23:49:26  8 of 17 START test not_null_silver_payments_payment_id ......................... [RUN]
[2026-03-31T01:49:26.831+0200] {subprocess.py:93} INFO - [0m23:49:26  9 of 17 START test unique_silver_payments_payment_id ........................... [RUN]
[2026-03-31T01:49:26.860+0200] {subprocess.py:93} INFO - [0m23:49:26  6 of 17 PASS unique_silver_customers_customer_id ............................... [[32mPASS[0m in 0.14s]
[2026-03-31T01:49:26.884+0200] {subprocess.py:93} INFO - [0m23:49:26  10 of 17 START test accepted_values_silver_sessions_source__google__direct__facebook__linkedin__newsletter__referral__bing  [RUN]
[2026-03-31T01:49:26.892+0200] {subprocess.py:93} INFO - [0m23:49:26  7 of 17 FAIL 1 accepted_values_silver_payments_status__suceeded__failed__refunded  [[31mFAIL 1[0m in 0.12s]
[2026-03-31T01:49:26.918+0200] {subprocess.py:93} INFO - [0m23:49:26  11 of 17 START test not_null_silver_sessions_session_id ........................ [RUN]
[2026-03-31T01:49:26.970+0200] {subprocess.py:93} INFO - [0m23:49:26  9 of 17 PASS unique_silver_payments_payment_id ................................. [[32mPASS[0m in 0.13s]
[2026-03-31T01:49:26.972+0200] {subprocess.py:93} INFO - [0m23:49:26  8 of 17 PASS not_null_silver_payments_payment_id ............................... [[32mPASS[0m in 0.14s]
[2026-03-31T01:49:26.990+0200] {subprocess.py:93} INFO - [0m23:49:26  12 of 17 START test unique_silver_sessions_session_id .......................... [RUN]
[2026-03-31T01:49:26.995+0200] {subprocess.py:93} INFO - [0m23:49:26  13 of 17 START sql table model public_gold.dim_customer ........................ [RUN]
[2026-03-31T01:49:27.043+0200] {subprocess.py:93} INFO - [0m23:49:27  CANCEL query test.api_bi_project.accepted_values_silver_sessions_source__google__direct__facebook__linkedin__newsletter__referral__bing.717fc87c90  [[31mCANCEL[0m]
[2026-03-31T01:49:27.049+0200] {subprocess.py:93} INFO - [0m23:49:27  CANCEL query test.api_bi_project.unique_silver_payments_payment_id.09d6b3ec83 .. [[31mCANCEL[0m]
[2026-03-31T01:49:27.063+0200] {subprocess.py:93} INFO - [0m23:49:27  CANCEL query test.api_bi_project.not_null_silver_sessions_session_id.f74024a05b  [[31mCANCEL[0m]
[2026-03-31T01:49:27.072+0200] {subprocess.py:93} INFO - [0m23:49:27  CANCEL query test.api_bi_project.not_null_silver_payments_payment_id.71305d150f  [[31mCANCEL[0m]
[2026-03-31T01:49:27.078+0200] {subprocess.py:93} INFO - [0m23:49:27  11 of 17 PASS not_null_silver_sessions_session_id .............................. [[32mPASS[0m in 0.16s]
[2026-03-31T01:49:27.080+0200] {subprocess.py:93} INFO - [0m23:49:27  10 of 17 FAIL 1 accepted_values_silver_sessions_source__google__direct__facebook__linkedin__newsletter__referral__bing  [[31mFAIL 1[0m in 0.19s]
[2026-03-31T01:49:27.170+0200] {subprocess.py:93} INFO - [0m23:49:27  12 of 17 PASS unique_silver_sessions_session_id ................................ [[32mPASS[0m in 0.17s]
[2026-03-31T01:49:27.211+0200] {subprocess.py:93} INFO - [0m23:49:27  13 of 17 OK created sql table model public_gold.dim_customer ................... [[32mSELECT 1002[0m in 0.21s]
[2026-03-31T01:49:27.215+0200] {subprocess.py:93} INFO - [0m23:49:27
[2026-03-31T01:49:27.217+0200] {subprocess.py:93} INFO - [0m23:49:27  [31mFailure in test accepted_values_silver_payments_status__suceeded__failed__refunded (models/models.yml)[0m
[2026-03-31T01:49:27.219+0200] {subprocess.py:93} INFO - [0m23:49:27    Got 1 result, configured to fail if != 0
[2026-03-31T01:49:27.221+0200] {subprocess.py:93} INFO - [0m23:49:27
[2026-03-31T01:49:27.222+0200] {subprocess.py:93} INFO - [0m23:49:27    compiled code at target/compiled/api_bi_project/models/models.yml/accepted_values_silver_payment_83378c4cb60bd3def108896b63bd51b7.sql
[2026-03-31T01:49:27.252+0200] {subprocess.py:93} INFO - [0m23:49:27
[2026-03-31T01:49:27.253+0200] {subprocess.py:93} INFO - [0m23:49:27  Finished running 6 table models, 11 data tests in 0 hours 0 minutes and 1.14 seconds (1.14s).
[2026-03-31T01:49:27.319+0200] {subprocess.py:93} INFO - [0m23:49:27
[2026-03-31T01:49:27.321+0200] {subprocess.py:93} INFO - [0m23:49:27  [31mCompleted with 9 errors and 0 warnings:[0m
[2026-03-31T01:49:27.323+0200] {subprocess.py:93} INFO - [0m23:49:27
[2026-03-31T01:49:27.325+0200] {subprocess.py:93} INFO - [0m23:49:27  [31mFailure in test accepted_values_silver_payments_status__suceeded__failed__refunded (models/models.yml)[0m
[2026-03-31T01:49:27.327+0200] {subprocess.py:93} INFO - [0m23:49:27    Got 1 result, configured to fail if != 0
[2026-03-31T01:49:27.329+0200] {subprocess.py:93} INFO - [0m23:49:27
[2026-03-31T01:49:27.331+0200] {subprocess.py:93} INFO - [0m23:49:27    compiled code at target/compiled/api_bi_project/models/models.yml/accepted_values_silver_payment_83378c4cb60bd3def108896b63bd51b7.sql
[2026-03-31T01:49:27.333+0200] {subprocess.py:93} INFO - [0m23:49:27
[2026-03-31T01:49:27.335+0200] {subprocess.py:93} INFO - [0m23:49:27    Skipping due to fail_fast
[2026-03-31T01:49:27.336+0200] {subprocess.py:93} INFO - [0m23:49:27
[2026-03-31T01:49:27.338+0200] {subprocess.py:93} INFO - [0m23:49:27    Skipping due to fail_fast
[2026-03-31T01:49:27.340+0200] {subprocess.py:93} INFO - [0m23:49:27
[2026-03-31T01:49:27.341+0200] {subprocess.py:93} INFO - [0m23:49:27    Skipping due to fail_fast
[2026-03-31T01:49:27.343+0200] {subprocess.py:93} INFO - [0m23:49:27
[2026-03-31T01:49:27.345+0200] {subprocess.py:93} INFO - [0m23:49:27    Skipping due to fail_fast
[2026-03-31T01:49:27.347+0200] {subprocess.py:93} INFO - [0m23:49:27
[2026-03-31T01:49:27.348+0200] {subprocess.py:93} INFO - [0m23:49:27    Skipping due to fail_fast
[2026-03-31T01:49:27.350+0200] {subprocess.py:93} INFO - [0m23:49:27
[2026-03-31T01:49:27.353+0200] {subprocess.py:93} INFO - [0m23:49:27    Skipping due to fail_fast
[2026-03-31T01:49:27.354+0200] {subprocess.py:93} INFO - [0m23:49:27
[2026-03-31T01:49:27.356+0200] {subprocess.py:93} INFO - [0m23:49:27    Skipping due to fail_fast
[2026-03-31T01:49:27.357+0200] {subprocess.py:93} INFO - [0m23:49:27
[2026-03-31T01:49:27.359+0200] {subprocess.py:93} INFO - [0m23:49:27    Skipping due to fail_fast
[2026-03-31T01:49:27.361+0200] {subprocess.py:93} INFO - [0m23:49:27
[2026-03-31T01:49:27.362+0200] {subprocess.py:93} INFO - [0m23:49:27  Done. PASS=8 WARN=0 ERROR=1 SKIP=8 TOTAL=17
[2026-03-31T01:49:28.121+0200] {subprocess.py:97} INFO - Command exited with return code 1
[2026-03-31T01:49:28.122+0200] {taskinstance.py:441} INFO - ::group::Post task execution logs
[2026-03-31T01:49:28.135+0200] {taskinstance.py:2905} ERROR - Task failed with exception
Traceback (most recent call last):
  File "/home/airflow/.local/lib/python3.11/site-packages/airflow/models/taskinstance.py", line 465, in _execute_task
    result = _execute_callable(context=context, **execute_callable_kwargs)
             ^^^^^^^^^^^^^^^^^^^^^^^^^^^^^^^^^^^^^^^^^^^^^^^^^^^^^^^^^^^^^
  File "/home/airflow/.local/lib/python3.11/site-packages/airflow/models/taskinstance.py", line 432, in _execute_callable
    return execute_callable(context=context, **execute_callable_kwargs)
           ^^^^^^^^^^^^^^^^^^^^^^^^^^^^^^^^^^^^^^^^^^^^^^^^^^^^^^^^^^^^
  File "/home/airflow/.local/lib/python3.11/site-packages/airflow/models/baseoperator.py", line 401, in wrapper
    return func(self, *args, **kwargs)
           ^^^^^^^^^^^^^^^^^^^^^^^^^^^
  File "/home/airflow/.local/lib/python3.11/site-packages/airflow/operators/bash.py", line 243, in execute
    raise AirflowException(
airflow.exceptions.AirflowException: Bash command failed. The command returned a non-zero exit code 1.
[2026-03-31T01:49:28.140+0200] {taskinstance.py:1206} INFO - Marking task as FAILED. dag_id=etl_api_to_bi, task_id=dbt_build, run_id=scheduled__2026-03-30T23:30:00+00:00, execution_date=20260330T233000, start_date=20260330T234922, end_date=20260330T234928
[2026-03-31T01:49:28.156+0200] {standard_task_runner.py:110} ERROR - Failed to execute job 70 for task dbt_build (Bash command failed. The command returned a non-zero exit code 1.; 496)
[2026-03-31T01:49:28.179+0200] {local_task_job_runner.py:243} INFO - Task exited with return code 1
[2026-03-31T01:49:28.202+0200] {taskinstance.py:3503} INFO - 0 downstream tasks scheduled from follow-on schedule check
[2026-03-31T01:49:28.207+0200] {local_task_job_runner.py:222} INFO - ::endgroup::
