[2026-03-31T02:02:16.348+0200] {local_task_job_runner.py:120} INFO - ::group::Pre task execution logs
[2026-03-31T02:02:16.391+0200] {taskinstance.py:2076} INFO - Dependencies all met for dep_context=non-requeueable deps ti=<TaskInstance: etl_api_to_bi.dbt_build scheduled__2026-03-30T23:45:00+00:00 [queued]>
[2026-03-31T02:02:16.402+0200] {taskinstance.py:2076} INFO - Dependencies all met for dep_context=requeueable deps ti=<TaskInstance: etl_api_to_bi.dbt_build scheduled__2026-03-30T23:45:00+00:00 [queued]>
[2026-03-31T02:02:16.403+0200] {taskinstance.py:2306} INFO - Starting attempt 2 of 3
[2026-03-31T02:02:16.418+0200] {taskinstance.py:2330} INFO - Executing <Task(BashOperator): dbt_build> on 2026-03-30 23:45:00+00:00
[2026-03-31T02:02:16.424+0200] {standard_task_runner.py:64} INFO - Started process 772 to run task
[2026-03-31T02:02:16.430+0200] {standard_task_runner.py:90} INFO - Running: ['airflow', 'tasks', 'run', 'etl_api_to_bi', 'dbt_build', 'scheduled__2026-03-30T23:45:00+00:00', '--job-id', '90', '--raw', '--subdir', 'DAGS_FOLDER/etl_api_to_bi.py', '--cfg-path', '/tmp/tmpurdbzlqy']
[2026-03-31T02:02:16.434+0200] {standard_task_runner.py:91} INFO - Job 90: Subtask dbt_build
[2026-03-31T02:02:16.524+0200] {task_command.py:426} INFO - Running <TaskInstance: etl_api_to_bi.dbt_build scheduled__2026-03-30T23:45:00+00:00 [running]> on host 533e6543a790
[2026-03-31T02:02:16.797+0200] {taskinstance.py:2648} INFO - Exporting env vars: AIRFLOW_CTX_DAG_OWNER='data' AIRFLOW_CTX_DAG_ID='etl_api_to_bi' AIRFLOW_CTX_TASK_ID='dbt_build' AIRFLOW_CTX_EXECUTION_DATE='2026-03-30T23:45:00+00:00' AIRFLOW_CTX_TRY_NUMBER='2' AIRFLOW_CTX_DAG_RUN_ID='scheduled__2026-03-30T23:45:00+00:00'
[2026-03-31T02:02:16.798+0200] {taskinstance.py:430} INFO - ::endgroup::
[2026-03-31T02:02:16.813+0200] {subprocess.py:63} INFO - Tmp dir root location: /tmp
[2026-03-31T02:02:16.815+0200] {subprocess.py:75} INFO - Running command: ['/usr/bin/bash', '-c', "docker exec dbt bash -lc 'cd /usr/app && dbt build --fail-fast --profiles-dir /root/.dbt'"]
[2026-03-31T02:02:16.824+0200] {subprocess.py:86} INFO - Output:
[2026-03-31T02:02:18.657+0200] {subprocess.py:93} INFO - [0m00:02:18  Running with dbt=1.8.3
[2026-03-31T02:02:18.938+0200] {subprocess.py:93} INFO - [0m00:02:18  Registered adapter: postgres=1.8.2
[2026-03-31T02:02:20.304+0200] {subprocess.py:93} INFO - [0m00:02:20  Found 6 models, 11 data tests, 532 macros
[2026-03-31T02:02:20.313+0200] {subprocess.py:93} INFO - [0m00:02:20
[2026-03-31T02:02:20.510+0200] {subprocess.py:93} INFO - [0m00:02:20  Concurrency: 4 threads (target='dev')
[2026-03-31T02:02:20.511+0200] {subprocess.py:93} INFO - [0m00:02:20
[2026-03-31T02:02:20.521+0200] {subprocess.py:93} INFO - [0m00:02:20  1 of 17 START sql table model silver.silver_customers .......................... [RUN]
[2026-03-31T02:02:20.523+0200] {subprocess.py:93} INFO - [0m00:02:20  2 of 17 START sql table model silver.silver_payments ........................... [RUN]
[2026-03-31T02:02:20.524+0200] {subprocess.py:93} INFO - [0m00:02:20  3 of 17 START sql table model silver.silver_sessions ........................... [RUN]
[2026-03-31T02:02:20.801+0200] {subprocess.py:93} INFO - [0m00:02:20  1 of 17 OK created sql table model silver.silver_customers ..................... [[32mSELECT 1002[0m in 0.27s]
[2026-03-31T02:02:20.816+0200] {subprocess.py:93} INFO - [0m00:02:20  4 of 17 START test not_null_silver_customers_country ........................... [RUN]
[2026-03-31T02:02:20.817+0200] {subprocess.py:93} INFO - [0m00:02:20  5 of 17 START test not_null_silver_customers_customer_id ....................... [RUN]
[2026-03-31T02:02:20.831+0200] {subprocess.py:93} INFO - [0m00:02:20  2 of 17 OK created sql table model silver.silver_payments ...................... [[32mSELECT 9021[0m in 0.30s]
[2026-03-31T02:02:20.867+0200] {subprocess.py:93} INFO - [0m00:02:20  6 of 17 START test unique_silver_customers_customer_id ......................... [RUN]
[2026-03-31T02:02:20.976+0200] {subprocess.py:93} INFO - [0m00:02:20  3 of 17 OK created sql table model silver.silver_sessions ...................... [[32mSELECT 28216[0m in 0.44s]
[2026-03-31T02:02:20.995+0200] {subprocess.py:93} INFO - [0m00:02:20  7 of 17 START test accepted_values_silver_payments_status__suceeded__failed__refunded  [RUN]
[2026-03-31T02:02:21.050+0200] {subprocess.py:93} INFO - [0m00:02:21  4 of 17 PASS not_null_silver_customers_country ................................. [[32mPASS[0m in 0.23s]
[2026-03-31T02:02:21.054+0200] {subprocess.py:93} INFO - [0m00:02:21  5 of 17 PASS not_null_silver_customers_customer_id ............................. [[32mPASS[0m in 0.23s]
[2026-03-31T02:02:21.067+0200] {subprocess.py:93} INFO - [0m00:02:21  8 of 17 START test not_null_silver_payments_payment_id ......................... [RUN]
[2026-03-31T02:02:21.070+0200] {subprocess.py:93} INFO - [0m00:02:21  9 of 17 START test unique_silver_payments_payment_id ........................... [RUN]
[2026-03-31T02:02:21.099+0200] {subprocess.py:93} INFO - [0m00:02:21  6 of 17 PASS unique_silver_customers_customer_id ............................... [[32mPASS[0m in 0.23s]
[2026-03-31T02:02:21.110+0200] {subprocess.py:93} INFO - [0m00:02:21  10 of 17 START test accepted_values_silver_sessions_source__google__direct__facebook__linkedin__newsletter__referral__bing  [RUN]
[2026-03-31T02:02:21.157+0200] {subprocess.py:93} INFO - [0m00:02:21  7 of 17 FAIL 1 accepted_values_silver_payments_status__suceeded__failed__refunded  [[31mFAIL 1[0m in 0.16s]
[2026-03-31T02:02:21.164+0200] {subprocess.py:93} INFO - [0m00:02:21  11 of 17 START test not_null_silver_sessions_session_id ........................ [RUN]
[2026-03-31T02:02:21.198+0200] {subprocess.py:93} INFO - [0m00:02:21  9 of 17 PASS unique_silver_payments_payment_id ................................. [[32mPASS[0m in 0.12s]
[2026-03-31T02:02:21.205+0200] {subprocess.py:93} INFO - [0m00:02:21  8 of 17 PASS not_null_silver_payments_payment_id ............................... [[32mPASS[0m in 0.13s]
[2026-03-31T02:02:21.217+0200] {subprocess.py:93} INFO - [0m00:02:21  12 of 17 START test unique_silver_sessions_session_id .......................... [RUN]
[2026-03-31T02:02:21.219+0200] {subprocess.py:93} INFO - [0m00:02:21  13 of 17 START sql table model gold.dim_customer ............................... [RUN]
[2026-03-31T02:02:21.265+0200] {subprocess.py:93} INFO - [0m00:02:21  CANCEL query test.api_bi_project.unique_silver_payments_payment_id.09d6b3ec83 .. [[31mCANCEL[0m]
[2026-03-31T02:02:21.268+0200] {subprocess.py:93} INFO - [0m00:02:21  CANCEL query test.api_bi_project.accepted_values_silver_sessions_source__google__direct__facebook__linkedin__newsletter__referral__bing.717fc87c90  [[31mCANCEL[0m]
[2026-03-31T02:02:21.277+0200] {subprocess.py:93} INFO - [0m00:02:21  CANCEL query test.api_bi_project.not_null_silver_sessions_session_id.f74024a05b  [[31mCANCEL[0m]
[2026-03-31T02:02:21.291+0200] {subprocess.py:93} INFO - [0m00:02:21  CANCEL query test.api_bi_project.not_null_silver_payments_payment_id.71305d150f  [[31mCANCEL[0m]
[2026-03-31T02:02:21.294+0200] {subprocess.py:93} INFO - [0m00:02:21  10 of 17 FAIL 1 accepted_values_silver_sessions_source__google__direct__facebook__linkedin__newsletter__referral__bing  [[31mFAIL 1[0m in 0.17s]
[2026-03-31T02:02:21.318+0200] {subprocess.py:93} INFO - [0m00:02:21  11 of 17 ERROR not_null_silver_sessions_session_id ............................. [[31mERROR[0m in 0.15s]
[2026-03-31T02:02:21.377+0200] {subprocess.py:93} INFO - [0m00:02:21  12 of 17 PASS unique_silver_sessions_session_id ................................ [[32mPASS[0m in 0.15s]
[2026-03-31T02:02:21.402+0200] {subprocess.py:93} INFO - [0m00:02:21  13 of 17 OK created sql table model gold.dim_customer .......................... [[32mSELECT 1002[0m in 0.17s]
[2026-03-31T02:02:21.405+0200] {subprocess.py:93} INFO - [0m00:02:21
[2026-03-31T02:02:21.406+0200] {subprocess.py:93} INFO - [0m00:02:21  [31mFailure in test accepted_values_silver_payments_status__suceeded__failed__refunded (models/models.yml)[0m
[2026-03-31T02:02:21.407+0200] {subprocess.py:93} INFO - [0m00:02:21    Got 1 result, configured to fail if != 0
[2026-03-31T02:02:21.409+0200] {subprocess.py:93} INFO - [0m00:02:21
[2026-03-31T02:02:21.410+0200] {subprocess.py:93} INFO - [0m00:02:21    compiled code at target/compiled/api_bi_project/models/models.yml/accepted_values_silver_payment_83378c4cb60bd3def108896b63bd51b7.sql
[2026-03-31T02:02:21.433+0200] {subprocess.py:93} INFO - [0m00:02:21
[2026-03-31T02:02:21.435+0200] {subprocess.py:93} INFO - [0m00:02:21  Finished running 6 table models, 11 data tests in 0 hours 0 minutes and 1.12 seconds (1.12s).
[2026-03-31T02:02:21.502+0200] {subprocess.py:93} INFO - [0m00:02:21
[2026-03-31T02:02:21.504+0200] {subprocess.py:93} INFO - [0m00:02:21  [31mCompleted with 9 errors and 0 warnings:[0m
[2026-03-31T02:02:21.505+0200] {subprocess.py:93} INFO - [0m00:02:21
[2026-03-31T02:02:21.507+0200] {subprocess.py:93} INFO - [0m00:02:21  [31mFailure in test accepted_values_silver_payments_status__suceeded__failed__refunded (models/models.yml)[0m
[2026-03-31T02:02:21.509+0200] {subprocess.py:93} INFO - [0m00:02:21    Got 1 result, configured to fail if != 0
[2026-03-31T02:02:21.510+0200] {subprocess.py:93} INFO - [0m00:02:21
[2026-03-31T02:02:21.512+0200] {subprocess.py:93} INFO - [0m00:02:21    compiled code at target/compiled/api_bi_project/models/models.yml/accepted_values_silver_payment_83378c4cb60bd3def108896b63bd51b7.sql
[2026-03-31T02:02:21.513+0200] {subprocess.py:93} INFO - [0m00:02:21
[2026-03-31T02:02:21.515+0200] {subprocess.py:93} INFO - [0m00:02:21    Skipping due to fail_fast
[2026-03-31T02:02:21.517+0200] {subprocess.py:93} INFO - [0m00:02:21
[2026-03-31T02:02:21.518+0200] {subprocess.py:93} INFO - [0m00:02:21    Skipping due to fail_fast
[2026-03-31T02:02:21.520+0200] {subprocess.py:93} INFO - [0m00:02:21
[2026-03-31T02:02:21.521+0200] {subprocess.py:93} INFO - [0m00:02:21    Skipping due to fail_fast
[2026-03-31T02:02:21.522+0200] {subprocess.py:93} INFO - [0m00:02:21
[2026-03-31T02:02:21.524+0200] {subprocess.py:93} INFO - [0m00:02:21    Skipping due to fail_fast
[2026-03-31T02:02:21.525+0200] {subprocess.py:93} INFO - [0m00:02:21
[2026-03-31T02:02:21.527+0200] {subprocess.py:93} INFO - [0m00:02:21    Skipping due to fail_fast
[2026-03-31T02:02:21.528+0200] {subprocess.py:93} INFO - [0m00:02:21
[2026-03-31T02:02:21.530+0200] {subprocess.py:93} INFO - [0m00:02:21    Skipping due to fail_fast
[2026-03-31T02:02:21.531+0200] {subprocess.py:93} INFO - [0m00:02:21
[2026-03-31T02:02:21.532+0200] {subprocess.py:93} INFO - [0m00:02:21    Skipping due to fail_fast
[2026-03-31T02:02:21.534+0200] {subprocess.py:93} INFO - [0m00:02:21
[2026-03-31T02:02:21.535+0200] {subprocess.py:93} INFO - [0m00:02:21    Skipping due to fail_fast
[2026-03-31T02:02:21.536+0200] {subprocess.py:93} INFO - [0m00:02:21
[2026-03-31T02:02:21.538+0200] {subprocess.py:93} INFO - [0m00:02:21  Done. PASS=8 WARN=0 ERROR=1 SKIP=8 TOTAL=17
[2026-03-31T02:02:22.239+0200] {subprocess.py:97} INFO - Command exited with return code 1
[2026-03-31T02:02:22.240+0200] {taskinstance.py:441} INFO - ::group::Post task execution logs
[2026-03-31T02:02:22.256+0200] {taskinstance.py:2905} ERROR - Task failed with exception
Traceback (most recent call last):
  File "/home/airflow/.local/lib/python3.11/site-packages/airflow/models/taskinstance.py", line 465, in _execute_task
    result = _execute_callable(context=context, **execute_callable_kwargs)
             ^^^^^^^^^^^^^^^^^^^^^^^^^^^^^^^^^^^^^^^^^^^^^^^^^^^^^^^^^^^^^
  File "/home/airflow/.local/lib/python3.11/site-packages/airflow/models/taskinstance.py", line 432, in _execute_callable
    return execute_callable(context=context, **execute_callable_kwargs)
           ^^^^^^^^^^^^^^^^^^^^^^^^^^^^^^^^^^^^^^^^^^^^^^^^^^^^^^^^^^^^
  File "/home/airflow/.local/lib/python3.11/site-packages/airflow/models/baseoperator.py", line 401, in wrapper
    return func(self, *args, **kwargs)
           ^^^^^^^^^^^^^^^^^^^^^^^^^^^
  File "/home/airflow/.local/lib/python3.11/site-packages/airflow/operators/bash.py", line 243, in execute
    raise AirflowException(
airflow.exceptions.AirflowException: Bash command failed. The command returned a non-zero exit code 1.
[2026-03-31T02:02:22.260+0200] {taskinstance.py:1206} INFO - Marking task as UP_FOR_RETRY. dag_id=etl_api_to_bi, task_id=dbt_build, run_id=scheduled__2026-03-30T23:45:00+00:00, execution_date=20260330T234500, start_date=20260331T000216, end_date=20260331T000222
[2026-03-31T02:02:22.279+0200] {standard_task_runner.py:110} ERROR - Failed to execute job 90 for task dbt_build (Bash command failed. The command returned a non-zero exit code 1.; 772)
[2026-03-31T02:02:22.312+0200] {local_task_job_runner.py:243} INFO - Task exited with return code 1
[2026-03-31T02:02:22.334+0200] {taskinstance.py:3503} INFO - 0 downstream tasks scheduled from follow-on schedule check
[2026-03-31T02:02:22.337+0200] {local_task_job_runner.py:222} INFO - ::endgroup::
