[2026-03-31T02:04:23.030+0200] {local_task_job_runner.py:120} INFO - ::group::Pre task execution logs
[2026-03-31T02:04:23.069+0200] {taskinstance.py:2076} INFO - Dependencies all met for dep_context=non-requeueable deps ti=<TaskInstance: etl_api_to_bi.dbt_build scheduled__2026-03-30T23:45:00+00:00 [queued]>
[2026-03-31T02:04:23.079+0200] {taskinstance.py:2076} INFO - Dependencies all met for dep_context=requeueable deps ti=<TaskInstance: etl_api_to_bi.dbt_build scheduled__2026-03-30T23:45:00+00:00 [queued]>
[2026-03-31T02:04:23.080+0200] {taskinstance.py:2306} INFO - Starting attempt 3 of 3
[2026-03-31T02:04:23.096+0200] {taskinstance.py:2330} INFO - Executing <Task(BashOperator): dbt_build> on 2026-03-30 23:45:00+00:00
[2026-03-31T02:04:23.102+0200] {standard_task_runner.py:64} INFO - Started process 805 to run task
[2026-03-31T02:04:23.106+0200] {standard_task_runner.py:90} INFO - Running: ['airflow', 'tasks', 'run', 'etl_api_to_bi', 'dbt_build', 'scheduled__2026-03-30T23:45:00+00:00', '--job-id', '91', '--raw', '--subdir', 'DAGS_FOLDER/etl_api_to_bi.py', '--cfg-path', '/tmp/tmp1lgyw3rs']
[2026-03-31T02:04:23.109+0200] {standard_task_runner.py:91} INFO - Job 91: Subtask dbt_build
[2026-03-31T02:04:23.202+0200] {task_command.py:426} INFO - Running <TaskInstance: etl_api_to_bi.dbt_build scheduled__2026-03-30T23:45:00+00:00 [running]> on host 533e6543a790
[2026-03-31T02:04:23.453+0200] {taskinstance.py:2648} INFO - Exporting env vars: AIRFLOW_CTX_DAG_OWNER='data' AIRFLOW_CTX_DAG_ID='etl_api_to_bi' AIRFLOW_CTX_TASK_ID='dbt_build' AIRFLOW_CTX_EXECUTION_DATE='2026-03-30T23:45:00+00:00' AIRFLOW_CTX_TRY_NUMBER='3' AIRFLOW_CTX_DAG_RUN_ID='scheduled__2026-03-30T23:45:00+00:00'
[2026-03-31T02:04:23.454+0200] {taskinstance.py:430} INFO - ::endgroup::
[2026-03-31T02:04:23.463+0200] {subprocess.py:63} INFO - Tmp dir root location: /tmp
[2026-03-31T02:04:23.464+0200] {subprocess.py:75} INFO - Running command: ['/usr/bin/bash', '-c', "docker exec dbt bash -lc 'cd /usr/app && dbt build --fail-fast --profiles-dir /root/.dbt'"]
[2026-03-31T02:04:23.474+0200] {subprocess.py:86} INFO - Output:
[2026-03-31T02:04:25.231+0200] {subprocess.py:93} INFO - [0m00:04:25  Running with dbt=1.8.3
[2026-03-31T02:04:25.565+0200] {subprocess.py:93} INFO - [0m00:04:25  Registered adapter: postgres=1.8.2
[2026-03-31T02:04:26.996+0200] {subprocess.py:93} INFO - [0m00:04:26  Found 6 models, 11 data tests, 532 macros
[2026-03-31T02:04:27.002+0200] {subprocess.py:93} INFO - [0m00:04:27
[2026-03-31T02:04:27.185+0200] {subprocess.py:93} INFO - [0m00:04:27  Concurrency: 4 threads (target='dev')
[2026-03-31T02:04:27.187+0200] {subprocess.py:93} INFO - [0m00:04:27
[2026-03-31T02:04:27.194+0200] {subprocess.py:93} INFO - [0m00:04:27  1 of 17 START sql table model silver.silver_customers .......................... [RUN]
[2026-03-31T02:04:27.196+0200] {subprocess.py:93} INFO - [0m00:04:27  2 of 17 START sql table model silver.silver_payments ........................... [RUN]
[2026-03-31T02:04:27.197+0200] {subprocess.py:93} INFO - [0m00:04:27  3 of 17 START sql table model silver.silver_sessions ........................... [RUN]
[2026-03-31T02:04:27.472+0200] {subprocess.py:93} INFO - [0m00:04:27  1 of 17 OK created sql table model silver.silver_customers ..................... [[32mSELECT 1002[0m in 0.27s]
[2026-03-31T02:04:27.475+0200] {subprocess.py:93} INFO - [0m00:04:27  2 of 17 OK created sql table model silver.silver_payments ...................... [[32mSELECT 9021[0m in 0.27s]
[2026-03-31T02:04:27.488+0200] {subprocess.py:93} INFO - [0m00:04:27  4 of 17 START test not_null_silver_customers_country ........................... [RUN]
[2026-03-31T02:04:27.489+0200] {subprocess.py:93} INFO - [0m00:04:27  5 of 17 START test not_null_silver_customers_customer_id ....................... [RUN]
[2026-03-31T02:04:27.491+0200] {subprocess.py:93} INFO - [0m00:04:27  6 of 17 START test unique_silver_customers_customer_id ......................... [RUN]
[2026-03-31T02:04:27.637+0200] {subprocess.py:93} INFO - [0m00:04:27  3 of 17 OK created sql table model silver.silver_sessions ...................... [[32mSELECT 28216[0m in 0.43s]
[2026-03-31T02:04:27.647+0200] {subprocess.py:93} INFO - [0m00:04:27  7 of 17 START test accepted_values_silver_payments_status__suceeded__failed__refunded  [RUN]
[2026-03-31T02:04:27.718+0200] {subprocess.py:93} INFO - [0m00:04:27  4 of 17 PASS not_null_silver_customers_country ................................. [[32mPASS[0m in 0.22s]
[2026-03-31T02:04:27.720+0200] {subprocess.py:93} INFO - [0m00:04:27  6 of 17 PASS unique_silver_customers_customer_id ............................... [[32mPASS[0m in 0.22s]
[2026-03-31T02:04:27.723+0200] {subprocess.py:93} INFO - [0m00:04:27  5 of 17 PASS not_null_silver_customers_customer_id ............................. [[32mPASS[0m in 0.23s]
[2026-03-31T02:04:27.735+0200] {subprocess.py:93} INFO - [0m00:04:27  8 of 17 START test not_null_silver_payments_payment_id ......................... [RUN]
[2026-03-31T02:04:27.737+0200] {subprocess.py:93} INFO - [0m00:04:27  9 of 17 START test unique_silver_payments_payment_id ........................... [RUN]
[2026-03-31T02:04:27.738+0200] {subprocess.py:93} INFO - [0m00:04:27  10 of 17 START test accepted_values_silver_sessions_source__google__direct__facebook__linkedin__newsletter__referral__bing  [RUN]
[2026-03-31T02:04:27.832+0200] {subprocess.py:93} INFO - [0m00:04:27  7 of 17 FAIL 1 accepted_values_silver_payments_status__suceeded__failed__refunded  [[31mFAIL 1[0m in 0.18s]
[2026-03-31T02:04:27.842+0200] {subprocess.py:93} INFO - [0m00:04:27  11 of 17 START test not_null_silver_sessions_session_id ........................ [RUN]
[2026-03-31T02:04:27.909+0200] {subprocess.py:93} INFO - [0m00:04:27  8 of 17 PASS not_null_silver_payments_payment_id ............................... [[32mPASS[0m in 0.17s]
[2026-03-31T02:04:27.911+0200] {subprocess.py:93} INFO - [0m00:04:27  9 of 17 PASS unique_silver_payments_payment_id ................................. [[32mPASS[0m in 0.17s]
[2026-03-31T02:04:27.914+0200] {subprocess.py:93} INFO - [0m00:04:27  10 of 17 FAIL 1 accepted_values_silver_sessions_source__google__direct__facebook__linkedin__newsletter__referral__bing  [[31mFAIL 1[0m in 0.17s]
[2026-03-31T02:04:27.926+0200] {subprocess.py:93} INFO - [0m00:04:27  12 of 17 START test unique_silver_sessions_session_id .......................... [RUN]
[2026-03-31T02:04:27.928+0200] {subprocess.py:93} INFO - [0m00:04:27  13 of 17 START sql table model gold.dim_customer ............................... [RUN]
[2026-03-31T02:04:27.956+0200] {subprocess.py:93} INFO - [0m00:04:27  CANCEL query test.api_bi_project.unique_silver_payments_payment_id.09d6b3ec83 .. [[31mCANCEL[0m]
[2026-03-31T02:04:27.959+0200] {subprocess.py:93} INFO - [0m00:04:27  CANCEL query test.api_bi_project.accepted_values_silver_sessions_source__google__direct__facebook__linkedin__newsletter__referral__bing.717fc87c90  [[31mCANCEL[0m]
[2026-03-31T02:04:27.968+0200] {subprocess.py:93} INFO - [0m00:04:27  CANCEL query test.api_bi_project.not_null_silver_sessions_session_id.f74024a05b  [[31mCANCEL[0m]
[2026-03-31T02:04:27.974+0200] {subprocess.py:93} INFO - [0m00:04:27  11 of 17 PASS not_null_silver_sessions_session_id .............................. [[32mPASS[0m in 0.13s]
[2026-03-31T02:04:27.976+0200] {subprocess.py:93} INFO - [0m00:04:27  CANCEL query test.api_bi_project.not_null_silver_payments_payment_id.71305d150f  [[31mCANCEL[0m]
[2026-03-31T02:04:28.048+0200] {subprocess.py:93} INFO - [0m00:04:28  12 of 17 PASS unique_silver_sessions_session_id ................................ [[32mPASS[0m in 0.12s]
[2026-03-31T02:04:28.073+0200] {subprocess.py:93} INFO - [0m00:04:28  13 of 17 OK created sql table model gold.dim_customer .......................... [[32mSELECT 1002[0m in 0.14s]
[2026-03-31T02:04:28.075+0200] {subprocess.py:93} INFO - [0m00:04:28
[2026-03-31T02:04:28.077+0200] {subprocess.py:93} INFO - [0m00:04:28  [31mFailure in test accepted_values_silver_payments_status__suceeded__failed__refunded (models/models.yml)[0m
[2026-03-31T02:04:28.078+0200] {subprocess.py:93} INFO - [0m00:04:28    Got 1 result, configured to fail if != 0
[2026-03-31T02:04:28.080+0200] {subprocess.py:93} INFO - [0m00:04:28
[2026-03-31T02:04:28.081+0200] {subprocess.py:93} INFO - [0m00:04:28    compiled code at target/compiled/api_bi_project/models/models.yml/accepted_values_silver_payment_83378c4cb60bd3def108896b63bd51b7.sql
[2026-03-31T02:04:28.105+0200] {subprocess.py:93} INFO - [0m00:04:28
[2026-03-31T02:04:28.106+0200] {subprocess.py:93} INFO - [0m00:04:28  Finished running 6 table models, 11 data tests in 0 hours 0 minutes and 1.10 seconds (1.10s).
[2026-03-31T02:04:28.177+0200] {subprocess.py:93} INFO - [0m00:04:28
[2026-03-31T02:04:28.180+0200] {subprocess.py:93} INFO - [0m00:04:28  [31mCompleted with 9 errors and 0 warnings:[0m
[2026-03-31T02:04:28.182+0200] {subprocess.py:93} INFO - [0m00:04:28
[2026-03-31T02:04:28.183+0200] {subprocess.py:93} INFO - [0m00:04:28  [31mFailure in test accepted_values_silver_payments_status__suceeded__failed__refunded (models/models.yml)[0m
[2026-03-31T02:04:28.186+0200] {subprocess.py:93} INFO - [0m00:04:28    Got 1 result, configured to fail if != 0
[2026-03-31T02:04:28.188+0200] {subprocess.py:93} INFO - [0m00:04:28
[2026-03-31T02:04:28.190+0200] {subprocess.py:93} INFO - [0m00:04:28    compiled code at target/compiled/api_bi_project/models/models.yml/accepted_values_silver_payment_83378c4cb60bd3def108896b63bd51b7.sql
[2026-03-31T02:04:28.191+0200] {subprocess.py:93} INFO - [0m00:04:28
[2026-03-31T02:04:28.193+0200] {subprocess.py:93} INFO - [0m00:04:28    Skipping due to fail_fast
[2026-03-31T02:04:28.195+0200] {subprocess.py:93} INFO - [0m00:04:28
[2026-03-31T02:04:28.198+0200] {subprocess.py:93} INFO - [0m00:04:28    Skipping due to fail_fast
[2026-03-31T02:04:28.199+0200] {subprocess.py:93} INFO - [0m00:04:28
[2026-03-31T02:04:28.202+0200] {subprocess.py:93} INFO - [0m00:04:28    Skipping due to fail_fast
[2026-03-31T02:04:28.205+0200] {subprocess.py:93} INFO - [0m00:04:28
[2026-03-31T02:04:28.207+0200] {subprocess.py:93} INFO - [0m00:04:28    Skipping due to fail_fast
[2026-03-31T02:04:28.208+0200] {subprocess.py:93} INFO - [0m00:04:28
[2026-03-31T02:04:28.210+0200] {subprocess.py:93} INFO - [0m00:04:28    Skipping due to fail_fast
[2026-03-31T02:04:28.211+0200] {subprocess.py:93} INFO - [0m00:04:28
[2026-03-31T02:04:28.213+0200] {subprocess.py:93} INFO - [0m00:04:28    Skipping due to fail_fast
[2026-03-31T02:04:28.215+0200] {subprocess.py:93} INFO - [0m00:04:28
[2026-03-31T02:04:28.217+0200] {subprocess.py:93} INFO - [0m00:04:28    Skipping due to fail_fast
[2026-03-31T02:04:28.219+0200] {subprocess.py:93} INFO - [0m00:04:28
[2026-03-31T02:04:28.222+0200] {subprocess.py:93} INFO - [0m00:04:28    Skipping due to fail_fast
[2026-03-31T02:04:28.223+0200] {subprocess.py:93} INFO - [0m00:04:28
[2026-03-31T02:04:28.225+0200] {subprocess.py:93} INFO - [0m00:04:28  Done. PASS=8 WARN=0 ERROR=1 SKIP=8 TOTAL=17
[2026-03-31T02:04:28.947+0200] {subprocess.py:97} INFO - Command exited with return code 1
[2026-03-31T02:04:28.948+0200] {taskinstance.py:441} INFO - ::group::Post task execution logs
[2026-03-31T02:04:28.962+0200] {taskinstance.py:2905} ERROR - Task failed with exception
Traceback (most recent call last):
  File "/home/airflow/.local/lib/python3.11/site-packages/airflow/models/taskinstance.py", line 465, in _execute_task
    result = _execute_callable(context=context, **execute_callable_kwargs)
             ^^^^^^^^^^^^^^^^^^^^^^^^^^^^^^^^^^^^^^^^^^^^^^^^^^^^^^^^^^^^^
  File "/home/airflow/.local/lib/python3.11/site-packages/airflow/models/taskinstance.py", line 432, in _execute_callable
    return execute_callable(context=context, **execute_callable_kwargs)
           ^^^^^^^^^^^^^^^^^^^^^^^^^^^^^^^^^^^^^^^^^^^^^^^^^^^^^^^^^^^^
  File "/home/airflow/.local/lib/python3.11/site-packages/airflow/models/baseoperator.py", line 401, in wrapper
    return func(self, *args, **kwargs)
           ^^^^^^^^^^^^^^^^^^^^^^^^^^^
  File "/home/airflow/.local/lib/python3.11/site-packages/airflow/operators/bash.py", line 243, in execute
    raise AirflowException(
airflow.exceptions.AirflowException: Bash command failed. The command returned a non-zero exit code 1.
[2026-03-31T02:04:28.967+0200] {taskinstance.py:1206} INFO - Marking task as FAILED. dag_id=etl_api_to_bi, task_id=dbt_build, run_id=scheduled__2026-03-30T23:45:00+00:00, execution_date=20260330T234500, start_date=20260331T000423, end_date=20260331T000428
[2026-03-31T02:04:28.984+0200] {standard_task_runner.py:110} ERROR - Failed to execute job 91 for task dbt_build (Bash command failed. The command returned a non-zero exit code 1.; 805)
[2026-03-31T02:04:28.994+0200] {local_task_job_runner.py:243} INFO - Task exited with return code 1
[2026-03-31T02:04:29.013+0200] {taskinstance.py:3503} INFO - 0 downstream tasks scheduled from follow-on schedule check
[2026-03-31T02:04:29.017+0200] {local_task_job_runner.py:222} INFO - ::endgroup::
