[2026-03-31T02:00:09.781+0200] {local_task_job_runner.py:120} INFO - ::group::Pre task execution logs
[2026-03-31T02:00:09.817+0200] {taskinstance.py:2076} INFO - Dependencies all met for dep_context=non-requeueable deps ti=<TaskInstance: etl_api_to_bi.dbt_build scheduled__2026-03-30T23:45:00+00:00 [queued]>
[2026-03-31T02:00:09.827+0200] {taskinstance.py:2076} INFO - Dependencies all met for dep_context=requeueable deps ti=<TaskInstance: etl_api_to_bi.dbt_build scheduled__2026-03-30T23:45:00+00:00 [queued]>
[2026-03-31T02:00:09.828+0200] {taskinstance.py:2306} INFO - Starting attempt 1 of 3
[2026-03-31T02:00:09.843+0200] {taskinstance.py:2330} INFO - Executing <Task(BashOperator): dbt_build> on 2026-03-30 23:45:00+00:00
[2026-03-31T02:00:09.848+0200] {standard_task_runner.py:64} INFO - Started process 741 to run task
[2026-03-31T02:00:09.852+0200] {standard_task_runner.py:90} INFO - Running: ['airflow', 'tasks', 'run', 'etl_api_to_bi', 'dbt_build', 'scheduled__2026-03-30T23:45:00+00:00', '--job-id', '89', '--raw', '--subdir', 'DAGS_FOLDER/etl_api_to_bi.py', '--cfg-path', '/tmp/tmpyszyr8il']
[2026-03-31T02:00:09.854+0200] {standard_task_runner.py:91} INFO - Job 89: Subtask dbt_build
[2026-03-31T02:00:09.933+0200] {task_command.py:426} INFO - Running <TaskInstance: etl_api_to_bi.dbt_build scheduled__2026-03-30T23:45:00+00:00 [running]> on host 533e6543a790
[2026-03-31T02:00:10.151+0200] {taskinstance.py:2648} INFO - Exporting env vars: AIRFLOW_CTX_DAG_OWNER='data' AIRFLOW_CTX_DAG_ID='etl_api_to_bi' AIRFLOW_CTX_TASK_ID='dbt_build' AIRFLOW_CTX_EXECUTION_DATE='2026-03-30T23:45:00+00:00' AIRFLOW_CTX_TRY_NUMBER='1' AIRFLOW_CTX_DAG_RUN_ID='scheduled__2026-03-30T23:45:00+00:00'
[2026-03-31T02:00:10.153+0200] {taskinstance.py:430} INFO - ::endgroup::
[2026-03-31T02:00:10.162+0200] {subprocess.py:63} INFO - Tmp dir root location: /tmp
[2026-03-31T02:00:10.163+0200] {subprocess.py:75} INFO - Running command: ['/usr/bin/bash', '-c', "docker exec dbt bash -lc 'cd /usr/app && dbt build --fail-fast --profiles-dir /root/.dbt'"]
[2026-03-31T02:00:10.174+0200] {subprocess.py:86} INFO - Output:
[2026-03-31T02:00:11.685+0200] {subprocess.py:93} INFO - [0m00:00:11  Running with dbt=1.8.3
[2026-03-31T02:00:11.940+0200] {subprocess.py:93} INFO - [0m00:00:11  Registered adapter: postgres=1.8.2
[2026-03-31T02:00:13.201+0200] {subprocess.py:93} INFO - [0m00:00:13  Found 6 models, 11 data tests, 532 macros
[2026-03-31T02:00:13.206+0200] {subprocess.py:93} INFO - [0m00:00:13
[2026-03-31T02:00:13.405+0200] {subprocess.py:93} INFO - [0m00:00:13  Concurrency: 4 threads (target='dev')
[2026-03-31T02:00:13.407+0200] {subprocess.py:93} INFO - [0m00:00:13
[2026-03-31T02:00:13.415+0200] {subprocess.py:93} INFO - [0m00:00:13  1 of 17 START sql table model silver.silver_customers .......................... [RUN]
[2026-03-31T02:00:13.417+0200] {subprocess.py:93} INFO - [0m00:00:13  2 of 17 START sql table model silver.silver_payments ........................... [RUN]
[2026-03-31T02:00:13.419+0200] {subprocess.py:93} INFO - [0m00:00:13  3 of 17 START sql table model silver.silver_sessions ........................... [RUN]
[2026-03-31T02:00:13.669+0200] {subprocess.py:93} INFO - [0m00:00:13  1 of 17 OK created sql table model silver.silver_customers ..................... [[32mSELECT 1002[0m in 0.24s]
[2026-03-31T02:00:13.684+0200] {subprocess.py:93} INFO - [0m00:00:13  4 of 17 START test not_null_silver_customers_country ........................... [RUN]
[2026-03-31T02:00:13.687+0200] {subprocess.py:93} INFO - [0m00:00:13  5 of 17 START test not_null_silver_customers_customer_id ....................... [RUN]
[2026-03-31T02:00:13.694+0200] {subprocess.py:93} INFO - [0m00:00:13  2 of 17 OK created sql table model silver.silver_payments ...................... [[32mSELECT 9021[0m in 0.27s]
[2026-03-31T02:00:13.726+0200] {subprocess.py:93} INFO - [0m00:00:13  6 of 17 START test unique_silver_customers_customer_id ......................... [RUN]
[2026-03-31T02:00:13.819+0200] {subprocess.py:93} INFO - [0m00:00:13  3 of 17 OK created sql table model silver.silver_sessions ...................... [[32mSELECT 28216[0m in 0.39s]
[2026-03-31T02:00:13.827+0200] {subprocess.py:93} INFO - [0m00:00:13  7 of 17 START test accepted_values_silver_payments_status__suceeded__failed__refunded  [RUN]
[2026-03-31T02:00:13.887+0200] {subprocess.py:93} INFO - [0m00:00:13  4 of 17 PASS not_null_silver_customers_country ................................. [[32mPASS[0m in 0.20s]
[2026-03-31T02:00:13.890+0200] {subprocess.py:93} INFO - [0m00:00:13  5 of 17 PASS not_null_silver_customers_customer_id ............................. [[32mPASS[0m in 0.20s]
[2026-03-31T02:00:13.903+0200] {subprocess.py:93} INFO - [0m00:00:13  8 of 17 START test not_null_silver_payments_payment_id ......................... [RUN]
[2026-03-31T02:00:13.907+0200] {subprocess.py:93} INFO - [0m00:00:13  9 of 17 START test unique_silver_payments_payment_id ........................... [RUN]
[2026-03-31T02:00:13.912+0200] {subprocess.py:93} INFO - [0m00:00:13  6 of 17 PASS unique_silver_customers_customer_id ............................... [[32mPASS[0m in 0.18s]
[2026-03-31T02:00:13.936+0200] {subprocess.py:93} INFO - [0m00:00:13  10 of 17 START test accepted_values_silver_sessions_source__google__direct__facebook__linkedin__newsletter__referral__bing  [RUN]
[2026-03-31T02:00:13.951+0200] {subprocess.py:93} INFO - [0m00:00:13  7 of 17 FAIL 1 accepted_values_silver_payments_status__suceeded__failed__refunded  [[31mFAIL 1[0m in 0.12s]
[2026-03-31T02:00:13.973+0200] {subprocess.py:93} INFO - [0m00:00:13  11 of 17 START test not_null_silver_sessions_session_id ........................ [RUN]
[2026-03-31T02:00:14.015+0200] {subprocess.py:93} INFO - [0m00:00:14  8 of 17 PASS not_null_silver_payments_payment_id ............................... [[32mPASS[0m in 0.11s]
[2026-03-31T02:00:14.023+0200] {subprocess.py:93} INFO - [0m00:00:14  12 of 17 START test unique_silver_sessions_session_id .......................... [RUN]
[2026-03-31T02:00:14.043+0200] {subprocess.py:93} INFO - [0m00:00:14  9 of 17 PASS unique_silver_payments_payment_id ................................. [[32mPASS[0m in 0.13s]
[2026-03-31T02:00:14.065+0200] {subprocess.py:93} INFO - [0m00:00:14  13 of 17 START sql table model gold.dim_customer ............................... [RUN]
[2026-03-31T02:00:14.107+0200] {subprocess.py:93} INFO - [0m00:00:14  CANCEL query test.api_bi_project.accepted_values_silver_sessions_source__google__direct__facebook__linkedin__newsletter__referral__bing.717fc87c90  [[31mCANCEL[0m]
[2026-03-31T02:00:14.108+0200] {subprocess.py:93} INFO - [0m00:00:14  10 of 17 FAIL 1 accepted_values_silver_sessions_source__google__direct__facebook__linkedin__newsletter__referral__bing  [[31mFAIL 1[0m in 0.17s]
[2026-03-31T02:00:14.111+0200] {subprocess.py:93} INFO - [0m00:00:14  CANCEL query test.api_bi_project.unique_silver_payments_payment_id.09d6b3ec83 .. [[31mCANCEL[0m]
[2026-03-31T02:00:14.116+0200] {subprocess.py:93} INFO - [0m00:00:14  CANCEL query test.api_bi_project.not_null_silver_sessions_session_id.f74024a05b  [[31mCANCEL[0m]
[2026-03-31T02:00:14.125+0200] {subprocess.py:93} INFO - [0m00:00:14  CANCEL query test.api_bi_project.unique_silver_sessions_session_id.9a8d5b03a8 .. [[31mCANCEL[0m]
[2026-03-31T02:00:14.127+0200] {subprocess.py:93} INFO - [0m00:00:14  11 of 17 PASS not_null_silver_sessions_session_id .............................. [[32mPASS[0m in 0.15s]
[2026-03-31T02:00:14.148+0200] {subprocess.py:93} INFO - [0m00:00:14  12 of 17 ERROR unique_silver_sessions_session_id ............................... [[31mERROR[0m in 0.12s]
[2026-03-31T02:00:14.225+0200] {subprocess.py:93} INFO - [0m00:00:14  13 of 17 OK created sql table model gold.dim_customer .......................... [[32mSELECT 1002[0m in 0.15s]
[2026-03-31T02:00:14.229+0200] {subprocess.py:93} INFO - [0m00:00:14
[2026-03-31T02:00:14.230+0200] {subprocess.py:93} INFO - [0m00:00:14  [31mFailure in test accepted_values_silver_payments_status__suceeded__failed__refunded (models/models.yml)[0m
[2026-03-31T02:00:14.232+0200] {subprocess.py:93} INFO - [0m00:00:14    Got 1 result, configured to fail if != 0
[2026-03-31T02:00:14.234+0200] {subprocess.py:93} INFO - [0m00:00:14
[2026-03-31T02:00:14.235+0200] {subprocess.py:93} INFO - [0m00:00:14    compiled code at target/compiled/api_bi_project/models/models.yml/accepted_values_silver_payment_83378c4cb60bd3def108896b63bd51b7.sql
[2026-03-31T02:00:14.261+0200] {subprocess.py:93} INFO - [0m00:00:14
[2026-03-31T02:00:14.262+0200] {subprocess.py:93} INFO - [0m00:00:14  Finished running 6 table models, 11 data tests in 0 hours 0 minutes and 1.05 seconds (1.05s).
[2026-03-31T02:00:14.341+0200] {subprocess.py:93} INFO - [0m00:00:14
[2026-03-31T02:00:14.342+0200] {subprocess.py:93} INFO - [0m00:00:14  [31mCompleted with 9 errors and 0 warnings:[0m
[2026-03-31T02:00:14.345+0200] {subprocess.py:93} INFO - [0m00:00:14
[2026-03-31T02:00:14.348+0200] {subprocess.py:93} INFO - [0m00:00:14  [31mFailure in test accepted_values_silver_payments_status__suceeded__failed__refunded (models/models.yml)[0m
[2026-03-31T02:00:14.350+0200] {subprocess.py:93} INFO - [0m00:00:14    Got 1 result, configured to fail if != 0
[2026-03-31T02:00:14.352+0200] {subprocess.py:93} INFO - [0m00:00:14
[2026-03-31T02:00:14.354+0200] {subprocess.py:93} INFO - [0m00:00:14    compiled code at target/compiled/api_bi_project/models/models.yml/accepted_values_silver_payment_83378c4cb60bd3def108896b63bd51b7.sql
[2026-03-31T02:00:14.356+0200] {subprocess.py:93} INFO - [0m00:00:14
[2026-03-31T02:00:14.358+0200] {subprocess.py:93} INFO - [0m00:00:14    Skipping due to fail_fast
[2026-03-31T02:00:14.360+0200] {subprocess.py:93} INFO - [0m00:00:14
[2026-03-31T02:00:14.362+0200] {subprocess.py:93} INFO - [0m00:00:14    Skipping due to fail_fast
[2026-03-31T02:00:14.363+0200] {subprocess.py:93} INFO - [0m00:00:14
[2026-03-31T02:00:14.365+0200] {subprocess.py:93} INFO - [0m00:00:14    Skipping due to fail_fast
[2026-03-31T02:00:14.367+0200] {subprocess.py:93} INFO - [0m00:00:14
[2026-03-31T02:00:14.369+0200] {subprocess.py:93} INFO - [0m00:00:14    Skipping due to fail_fast
[2026-03-31T02:00:14.370+0200] {subprocess.py:93} INFO - [0m00:00:14
[2026-03-31T02:00:14.372+0200] {subprocess.py:93} INFO - [0m00:00:14    Skipping due to fail_fast
[2026-03-31T02:00:14.374+0200] {subprocess.py:93} INFO - [0m00:00:14
[2026-03-31T02:00:14.376+0200] {subprocess.py:93} INFO - [0m00:00:14    Skipping due to fail_fast
[2026-03-31T02:00:14.377+0200] {subprocess.py:93} INFO - [0m00:00:14
[2026-03-31T02:00:14.379+0200] {subprocess.py:93} INFO - [0m00:00:14    Skipping due to fail_fast
[2026-03-31T02:00:14.381+0200] {subprocess.py:93} INFO - [0m00:00:14
[2026-03-31T02:00:14.383+0200] {subprocess.py:93} INFO - [0m00:00:14    Skipping due to fail_fast
[2026-03-31T02:00:14.385+0200] {subprocess.py:93} INFO - [0m00:00:14
[2026-03-31T02:00:14.387+0200] {subprocess.py:93} INFO - [0m00:00:14  Done. PASS=8 WARN=0 ERROR=1 SKIP=8 TOTAL=17
[2026-03-31T02:00:15.114+0200] {subprocess.py:97} INFO - Command exited with return code 1
[2026-03-31T02:00:15.116+0200] {taskinstance.py:441} INFO - ::group::Post task execution logs
[2026-03-31T02:00:15.133+0200] {taskinstance.py:2905} ERROR - Task failed with exception
Traceback (most recent call last):
  File "/home/airflow/.local/lib/python3.11/site-packages/airflow/models/taskinstance.py", line 465, in _execute_task
    result = _execute_callable(context=context, **execute_callable_kwargs)
             ^^^^^^^^^^^^^^^^^^^^^^^^^^^^^^^^^^^^^^^^^^^^^^^^^^^^^^^^^^^^^
  File "/home/airflow/.local/lib/python3.11/site-packages/airflow/models/taskinstance.py", line 432, in _execute_callable
    return execute_callable(context=context, **execute_callable_kwargs)
           ^^^^^^^^^^^^^^^^^^^^^^^^^^^^^^^^^^^^^^^^^^^^^^^^^^^^^^^^^^^^
  File "/home/airflow/.local/lib/python3.11/site-packages/airflow/models/baseoperator.py", line 401, in wrapper
    return func(self, *args, **kwargs)
           ^^^^^^^^^^^^^^^^^^^^^^^^^^^
  File "/home/airflow/.local/lib/python3.11/site-packages/airflow/operators/bash.py", line 243, in execute
    raise AirflowException(
airflow.exceptions.AirflowException: Bash command failed. The command returned a non-zero exit code 1.
[2026-03-31T02:00:15.139+0200] {taskinstance.py:1206} INFO - Marking task as UP_FOR_RETRY. dag_id=etl_api_to_bi, task_id=dbt_build, run_id=scheduled__2026-03-30T23:45:00+00:00, execution_date=20260330T234500, start_date=20260331T000009, end_date=20260331T000015
[2026-03-31T02:00:15.157+0200] {standard_task_runner.py:110} ERROR - Failed to execute job 89 for task dbt_build (Bash command failed. The command returned a non-zero exit code 1.; 741)
[2026-03-31T02:00:15.186+0200] {local_task_job_runner.py:243} INFO - Task exited with return code 1
[2026-03-31T02:00:15.208+0200] {taskinstance.py:3503} INFO - 0 downstream tasks scheduled from follow-on schedule check
[2026-03-31T02:00:15.211+0200] {local_task_job_runner.py:222} INFO - ::endgroup::
