[2026-03-31T01:50:30.454+0200] {local_task_job_runner.py:120} INFO - ::group::Pre task execution logs
[2026-03-31T01:50:30.495+0200] {taskinstance.py:2076} INFO - Dependencies all met for dep_context=non-requeueable deps ti=<TaskInstance: etl_api_to_bi.dbt_deps manual__2026-03-30T23:50:27.703368+00:00 [queued]>
[2026-03-31T01:50:30.508+0200] {taskinstance.py:2076} INFO - Dependencies all met for dep_context=requeueable deps ti=<TaskInstance: etl_api_to_bi.dbt_deps manual__2026-03-30T23:50:27.703368+00:00 [queued]>
[2026-03-31T01:50:30.509+0200] {taskinstance.py:2306} INFO - Starting attempt 1 of 3
[2026-03-31T01:50:30.526+0200] {taskinstance.py:2330} INFO - Executing <Task(BashOperator): dbt_deps> on 2026-03-30 23:50:27.703368+00:00
[2026-03-31T01:50:30.531+0200] {standard_task_runner.py:64} INFO - Started process 525 to run task
[2026-03-31T01:50:30.537+0200] {standard_task_runner.py:90} INFO - Running: ['airflow', 'tasks', 'run', 'etl_api_to_bi', 'dbt_deps', 'manual__2026-03-30T23:50:27.703368+00:00', '--job-id', '74', '--raw', '--subdir', 'DAGS_FOLDER/etl_api_to_bi.py', '--cfg-path', '/tmp/tmpdskyxfb3']
[2026-03-31T01:50:30.540+0200] {standard_task_runner.py:91} INFO - Job 74: Subtask dbt_deps
[2026-03-31T01:50:30.621+0200] {task_command.py:426} INFO - Running <TaskInstance: etl_api_to_bi.dbt_deps manual__2026-03-30T23:50:27.703368+00:00 [running]> on host 533e6543a790
[2026-03-31T01:50:30.890+0200] {taskinstance.py:2648} INFO - Exporting env vars: AIRFLOW_CTX_DAG_OWNER='data' AIRFLOW_CTX_DAG_ID='etl_api_to_bi' AIRFLOW_CTX_TASK_ID='dbt_deps' AIRFLOW_CTX_EXECUTION_DATE='2026-03-30T23:50:27.703368+00:00' AIRFLOW_CTX_TRY_NUMBER='1' AIRFLOW_CTX_DAG_RUN_ID='manual__2026-03-30T23:50:27.703368+00:00'
[2026-03-31T01:50:30.892+0200] {taskinstance.py:430} INFO - ::endgroup::
[2026-03-31T01:50:30.903+0200] {subprocess.py:63} INFO - Tmp dir root location: /tmp
[2026-03-31T01:50:30.905+0200] {subprocess.py:75} INFO - Running command: ['/usr/bin/bash', '-c', "docker exec dbt bash -lc 'cd /usr/app && dbt deps --profiles-dir /root/.dbt'"]
[2026-03-31T01:50:30.914+0200] {subprocess.py:86} INFO - Output:
[2026-03-31T01:50:32.595+0200] {subprocess.py:93} INFO - [0m23:50:32  Running with dbt=1.8.3
[2026-03-31T01:50:33.218+0200] {subprocess.py:93} INFO - [0m23:50:33  Installing dbt-labs/dbt_utils
[2026-03-31T01:50:38.046+0200] {subprocess.py:93} INFO - [0m23:50:38  Installed from version 1.3.3
[2026-03-31T01:50:38.047+0200] {subprocess.py:93} INFO - [0m23:50:38  Up to date!
[2026-03-31T01:50:38.776+0200] {subprocess.py:97} INFO - Command exited with return code 0
[2026-03-31T01:50:38.777+0200] {taskinstance.py:441} INFO - ::group::Post task execution logs
[2026-03-31T01:50:38.816+0200] {taskinstance.py:1206} INFO - Marking task as SUCCESS. dag_id=etl_api_to_bi, task_id=dbt_deps, run_id=manual__2026-03-30T23:50:27.703368+00:00, execution_date=20260330T235027, start_date=20260330T235030, end_date=20260330T235038
[2026-03-31T01:50:38.848+0200] {local_task_job_runner.py:243} INFO - Task exited with return code 0
[2026-03-31T01:50:38.874+0200] {taskinstance.py:3503} INFO - 1 downstream tasks scheduled from follow-on schedule check
[2026-03-31T01:50:38.877+0200] {local_task_job_runner.py:222} INFO - ::endgroup::
