[2026-03-31T02:15:02.723+0200] {local_task_job_runner.py:120} INFO - ::group::Pre task execution logs
[2026-03-31T02:15:02.763+0200] {taskinstance.py:2076} INFO - Dependencies all met for dep_context=non-requeueable deps ti=<TaskInstance: etl_api_to_bi.dbt_deps scheduled__2026-03-31T00:00:00+00:00 [queued]>
[2026-03-31T02:15:02.774+0200] {taskinstance.py:2076} INFO - Dependencies all met for dep_context=requeueable deps ti=<TaskInstance: etl_api_to_bi.dbt_deps scheduled__2026-03-31T00:00:00+00:00 [queued]>
[2026-03-31T02:15:02.775+0200] {taskinstance.py:2306} INFO - Starting attempt 1 of 3
[2026-03-31T02:15:02.793+0200] {taskinstance.py:2330} INFO - Executing <Task(BashOperator): dbt_deps> on 2026-03-31 00:00:00+00:00
[2026-03-31T02:15:02.799+0200] {standard_task_runner.py:64} INFO - Started process 960 to run task
[2026-03-31T02:15:02.802+0200] {standard_task_runner.py:90} INFO - Running: ['airflow', 'tasks', 'run', 'etl_api_to_bi', 'dbt_deps', 'scheduled__2026-03-31T00:00:00+00:00', '--job-id', '100', '--raw', '--subdir', 'DAGS_FOLDER/etl_api_to_bi.py', '--cfg-path', '/tmp/tmp6j2o725h']
[2026-03-31T02:15:02.804+0200] {standard_task_runner.py:91} INFO - Job 100: Subtask dbt_deps
[2026-03-31T02:15:02.889+0200] {task_command.py:426} INFO - Running <TaskInstance: etl_api_to_bi.dbt_deps scheduled__2026-03-31T00:00:00+00:00 [running]> on host 533e6543a790
[2026-03-31T02:15:03.159+0200] {taskinstance.py:2648} INFO - Exporting env vars: AIRFLOW_CTX_DAG_OWNER='data' AIRFLOW_CTX_DAG_ID='etl_api_to_bi' AIRFLOW_CTX_TASK_ID='dbt_deps' AIRFLOW_CTX_EXECUTION_DATE='2026-03-31T00:00:00+00:00' AIRFLOW_CTX_TRY_NUMBER='1' AIRFLOW_CTX_DAG_RUN_ID='scheduled__2026-03-31T00:00:00+00:00'
[2026-03-31T02:15:03.161+0200] {taskinstance.py:430} INFO - ::endgroup::
[2026-03-31T02:15:03.172+0200] {subprocess.py:63} INFO - Tmp dir root location: /tmp
[2026-03-31T02:15:03.173+0200] {subprocess.py:75} INFO - Running command: ['/usr/bin/bash', '-c', "docker exec dbt bash -lc 'cd /usr/app && dbt deps --profiles-dir /root/.dbt'"]
[2026-03-31T02:15:03.183+0200] {subprocess.py:86} INFO - Output:
[2026-03-31T02:15:04.701+0200] {subprocess.py:93} INFO - [0m00:15:04  Running with dbt=1.8.3
[2026-03-31T02:15:05.464+0200] {subprocess.py:93} INFO - [0m00:15:05  Installing dbt-labs/dbt_utils
[2026-03-31T02:15:09.684+0200] {subprocess.py:93} INFO - [0m00:15:09  Installed from version 1.3.3
[2026-03-31T02:15:09.685+0200] {subprocess.py:93} INFO - [0m00:15:09  Up to date!
[2026-03-31T02:15:10.430+0200] {subprocess.py:97} INFO - Command exited with return code 0
[2026-03-31T02:15:10.432+0200] {taskinstance.py:441} INFO - ::group::Post task execution logs
[2026-03-31T02:15:10.466+0200] {taskinstance.py:1206} INFO - Marking task as SUCCESS. dag_id=etl_api_to_bi, task_id=dbt_deps, run_id=scheduled__2026-03-31T00:00:00+00:00, execution_date=20260331T000000, start_date=20260331T001502, end_date=20260331T001510
[2026-03-31T02:15:10.495+0200] {local_task_job_runner.py:243} INFO - Task exited with return code 0
[2026-03-31T02:15:10.516+0200] {taskinstance.py:3503} INFO - 1 downstream tasks scheduled from follow-on schedule check
[2026-03-31T02:15:10.519+0200] {local_task_job_runner.py:222} INFO - ::endgroup::
