[2026-03-31T01:23:03.852+0200] {local_task_job_runner.py:120} INFO - ::group::Pre task execution logs
[2026-03-31T01:23:03.900+0200] {taskinstance.py:2076} INFO - Dependencies all met for dep_context=non-requeueable deps ti=<TaskInstance: etl_api_to_bi.dbt_deps manual__2026-03-30T23:23:00.295902+00:00 [queued]>
[2026-03-31T01:23:03.912+0200] {taskinstance.py:2076} INFO - Dependencies all met for dep_context=requeueable deps ti=<TaskInstance: etl_api_to_bi.dbt_deps manual__2026-03-30T23:23:00.295902+00:00 [queued]>
[2026-03-31T01:23:03.913+0200] {taskinstance.py:2306} INFO - Starting attempt 1 of 3
[2026-03-31T01:23:03.929+0200] {taskinstance.py:2330} INFO - Executing <Task(BashOperator): dbt_deps> on 2026-03-30 23:23:00.295902+00:00
[2026-03-31T01:23:03.933+0200] {standard_task_runner.py:64} INFO - Started process 1132 to run task
[2026-03-31T01:23:03.937+0200] {standard_task_runner.py:90} INFO - Running: ['airflow', 'tasks', 'run', 'etl_api_to_bi', 'dbt_deps', 'manual__2026-03-30T23:23:00.295902+00:00', '--job-id', '52', '--raw', '--subdir', 'DAGS_FOLDER/etl_api_to_bi.py', '--cfg-path', '/tmp/tmp2ob4xgsg']
[2026-03-31T01:23:03.940+0200] {standard_task_runner.py:91} INFO - Job 52: Subtask dbt_deps
[2026-03-31T01:23:04.028+0200] {task_command.py:426} INFO - Running <TaskInstance: etl_api_to_bi.dbt_deps manual__2026-03-30T23:23:00.295902+00:00 [running]> on host fcaa2f07ee84
[2026-03-31T01:23:04.284+0200] {taskinstance.py:2648} INFO - Exporting env vars: AIRFLOW_CTX_DAG_OWNER='data' AIRFLOW_CTX_DAG_ID='etl_api_to_bi' AIRFLOW_CTX_TASK_ID='dbt_deps' AIRFLOW_CTX_EXECUTION_DATE='2026-03-30T23:23:00.295902+00:00' AIRFLOW_CTX_TRY_NUMBER='1' AIRFLOW_CTX_DAG_RUN_ID='manual__2026-03-30T23:23:00.295902+00:00'
[2026-03-31T01:23:04.286+0200] {taskinstance.py:430} INFO - ::endgroup::
[2026-03-31T01:23:04.297+0200] {subprocess.py:63} INFO - Tmp dir root location: /tmp
[2026-03-31T01:23:04.298+0200] {subprocess.py:75} INFO - Running command: ['/usr/bin/bash', '-c', "docker exec dbt bash -lc 'cd /usr/app && dbt deps --profiles-dir /root/.dbt'"]
[2026-03-31T01:23:04.309+0200] {subprocess.py:86} INFO - Output:
[2026-03-31T01:23:06.015+0200] {subprocess.py:93} INFO - [0m23:23:06  Running with dbt=1.8.3
[2026-03-31T01:23:06.773+0200] {subprocess.py:93} INFO - [0m23:23:06  Installing dbt-labs/dbt_utils
[2026-03-31T01:23:12.202+0200] {subprocess.py:93} INFO - [0m23:23:12  Installed from version 1.3.3
[2026-03-31T01:23:12.204+0200] {subprocess.py:93} INFO - [0m23:23:12  Up to date!
[2026-03-31T01:23:12.916+0200] {subprocess.py:97} INFO - Command exited with return code 0
[2026-03-31T01:23:12.917+0200] {taskinstance.py:441} INFO - ::group::Post task execution logs
[2026-03-31T01:23:12.957+0200] {taskinstance.py:1206} INFO - Marking task as SUCCESS. dag_id=etl_api_to_bi, task_id=dbt_deps, run_id=manual__2026-03-30T23:23:00.295902+00:00, execution_date=20260330T232300, start_date=20260330T232303, end_date=20260330T232312
[2026-03-31T01:23:12.994+0200] {local_task_job_runner.py:243} INFO - Task exited with return code 0
[2026-03-31T01:23:13.021+0200] {taskinstance.py:3503} INFO - 1 downstream tasks scheduled from follow-on schedule check
[2026-03-31T01:23:13.024+0200] {local_task_job_runner.py:222} INFO - ::endgroup::
