[2026-03-31T00:50:41.786+0200] {local_task_job_runner.py:120} INFO - ::group::Pre task execution logs
[2026-03-31T00:50:41.833+0200] {taskinstance.py:2076} INFO - Dependencies all met for dep_context=non-requeueable deps ti=<TaskInstance: etl_api_to_bi.dbt_deps manual__2026-03-30T22:46:36.354869+00:00 [queued]>
[2026-03-31T00:50:41.844+0200] {taskinstance.py:2076} INFO - Dependencies all met for dep_context=requeueable deps ti=<TaskInstance: etl_api_to_bi.dbt_deps manual__2026-03-30T22:46:36.354869+00:00 [queued]>
[2026-03-31T00:50:41.844+0200] {taskinstance.py:2306} INFO - Starting attempt 3 of 3
[2026-03-31T00:50:41.859+0200] {taskinstance.py:2330} INFO - Executing <Task(BashOperator): dbt_deps> on 2026-03-30 22:46:36.354869+00:00
[2026-03-31T00:50:41.864+0200] {standard_task_runner.py:64} INFO - Started process 607 to run task
[2026-03-31T00:50:41.868+0200] {standard_task_runner.py:90} INFO - Running: ['airflow', 'tasks', 'run', 'etl_api_to_bi', 'dbt_deps', 'manual__2026-03-30T22:46:36.354869+00:00', '--job-id', '25', '--raw', '--subdir', 'DAGS_FOLDER/etl_api_to_bi.py', '--cfg-path', '/tmp/tmpwxjk7vp1']
[2026-03-31T00:50:41.872+0200] {standard_task_runner.py:91} INFO - Job 25: Subtask dbt_deps
[2026-03-31T00:50:41.963+0200] {task_command.py:426} INFO - Running <TaskInstance: etl_api_to_bi.dbt_deps manual__2026-03-30T22:46:36.354869+00:00 [running]> on host fcaa2f07ee84
[2026-03-31T00:50:42.300+0200] {taskinstance.py:2648} INFO - Exporting env vars: AIRFLOW_CTX_DAG_OWNER='data' AIRFLOW_CTX_DAG_ID='etl_api_to_bi' AIRFLOW_CTX_TASK_ID='dbt_deps' AIRFLOW_CTX_EXECUTION_DATE='2026-03-30T22:46:36.354869+00:00' AIRFLOW_CTX_TRY_NUMBER='3' AIRFLOW_CTX_DAG_RUN_ID='manual__2026-03-30T22:46:36.354869+00:00'
[2026-03-31T00:50:42.302+0200] {taskinstance.py:430} INFO - ::endgroup::
[2026-03-31T00:50:42.323+0200] {subprocess.py:63} INFO - Tmp dir root location: /tmp
[2026-03-31T00:50:42.325+0200] {subprocess.py:75} INFO - Running command: ['/usr/bin/bash', '-c', "docker exec dbt bash -lc 'cd /usr/app && dbt deps --profiles-dir /root/.dbt'"]
[2026-03-31T00:50:42.338+0200] {subprocess.py:86} INFO - Output:
[2026-03-31T00:50:42.399+0200] {subprocess.py:93} INFO - Error response from daemon: container cce20099e90420fbfb99aa433f262aa44b49b3d7ae42a669ea357b20f3ed0124 is not running
[2026-03-31T00:50:42.402+0200] {subprocess.py:97} INFO - Command exited with return code 1
[2026-03-31T00:50:42.403+0200] {taskinstance.py:441} INFO - ::group::Post task execution logs
[2026-03-31T00:50:42.422+0200] {taskinstance.py:2905} ERROR - Task failed with exception
Traceback (most recent call last):
  File "/home/airflow/.local/lib/python3.11/site-packages/airflow/models/taskinstance.py", line 465, in _execute_task
    result = _execute_callable(context=context, **execute_callable_kwargs)
             ^^^^^^^^^^^^^^^^^^^^^^^^^^^^^^^^^^^^^^^^^^^^^^^^^^^^^^^^^^^^^
  File "/home/airflow/.local/lib/python3.11/site-packages/airflow/models/taskinstance.py", line 432, in _execute_callable
    return execute_callable(context=context, **execute_callable_kwargs)
           ^^^^^^^^^^^^^^^^^^^^^^^^^^^^^^^^^^^^^^^^^^^^^^^^^^^^^^^^^^^^
  File "/home/airflow/.local/lib/python3.11/site-packages/airflow/models/baseoperator.py", line 401, in wrapper
    return func(self, *args, **kwargs)
           ^^^^^^^^^^^^^^^^^^^^^^^^^^^
  File "/home/airflow/.local/lib/python3.11/site-packages/airflow/operators/bash.py", line 243, in execute
    raise AirflowException(
airflow.exceptions.AirflowException: Bash command failed. The command returned a non-zero exit code 1.
[2026-03-31T00:50:42.429+0200] {taskinstance.py:1206} INFO - Marking task as FAILED. dag_id=etl_api_to_bi, task_id=dbt_deps, run_id=manual__2026-03-30T22:46:36.354869+00:00, execution_date=20260330T224636, start_date=20260330T225041, end_date=20260330T225042
[2026-03-31T00:50:42.444+0200] {standard_task_runner.py:110} ERROR - Failed to execute job 25 for task dbt_deps (Bash command failed. The command returned a non-zero exit code 1.; 607)
[2026-03-31T00:50:42.484+0200] {local_task_job_runner.py:243} INFO - Task exited with return code 1
[2026-03-31T00:50:42.510+0200] {taskinstance.py:3503} INFO - 0 downstream tasks scheduled from follow-on schedule check
[2026-03-31T00:50:42.519+0200] {local_task_job_runner.py:222} INFO - ::endgroup::
