[2026-03-31T01:15:12.315+0200] {local_task_job_runner.py:120} INFO - ::group::Pre task execution logs
[2026-03-31T01:15:12.359+0200] {taskinstance.py:2076} INFO - Dependencies all met for dep_context=non-requeueable deps ti=<TaskInstance: etl_api_to_bi.dbt_build scheduled__2026-03-30T23:00:00+00:00 [queued]>
[2026-03-31T01:15:12.368+0200] {taskinstance.py:2076} INFO - Dependencies all met for dep_context=requeueable deps ti=<TaskInstance: etl_api_to_bi.dbt_build scheduled__2026-03-30T23:00:00+00:00 [queued]>
[2026-03-31T01:15:12.369+0200] {taskinstance.py:2306} INFO - Starting attempt 1 of 3
[2026-03-31T01:15:12.383+0200] {taskinstance.py:2330} INFO - Executing <Task(BashOperator): dbt_build> on 2026-03-30 23:00:00+00:00
[2026-03-31T01:15:12.387+0200] {standard_task_runner.py:64} INFO - Started process 1014 to run task
[2026-03-31T01:15:12.391+0200] {standard_task_runner.py:90} INFO - Running: ['airflow', 'tasks', 'run', 'etl_api_to_bi', 'dbt_build', 'scheduled__2026-03-30T23:00:00+00:00', '--job-id', '46', '--raw', '--subdir', 'DAGS_FOLDER/etl_api_to_bi.py', '--cfg-path', '/tmp/tmpwavu5asa']
[2026-03-31T01:15:12.394+0200] {standard_task_runner.py:91} INFO - Job 46: Subtask dbt_build
[2026-03-31T01:15:12.466+0200] {task_command.py:426} INFO - Running <TaskInstance: etl_api_to_bi.dbt_build scheduled__2026-03-30T23:00:00+00:00 [running]> on host fcaa2f07ee84
[2026-03-31T01:15:12.676+0200] {taskinstance.py:2648} INFO - Exporting env vars: AIRFLOW_CTX_DAG_OWNER='data' AIRFLOW_CTX_DAG_ID='etl_api_to_bi' AIRFLOW_CTX_TASK_ID='dbt_build' AIRFLOW_CTX_EXECUTION_DATE='2026-03-30T23:00:00+00:00' AIRFLOW_CTX_TRY_NUMBER='1' AIRFLOW_CTX_DAG_RUN_ID='scheduled__2026-03-30T23:00:00+00:00'
[2026-03-31T01:15:12.677+0200] {taskinstance.py:430} INFO - ::endgroup::
[2026-03-31T01:15:12.685+0200] {subprocess.py:63} INFO - Tmp dir root location: /tmp
[2026-03-31T01:15:12.687+0200] {subprocess.py:75} INFO - Running command: ['/usr/bin/bash', '-c', "docker exec dbt bash -lc 'cd /usr/app && dbt build --fail-fast --profiles-dir /root/.dbt'"]
[2026-03-31T01:15:12.696+0200] {subprocess.py:86} INFO - Output:
[2026-03-31T01:15:14.152+0200] {subprocess.py:93} INFO - [0m23:15:14  Running with dbt=1.8.3
[2026-03-31T01:15:14.413+0200] {subprocess.py:93} INFO - [0m23:15:14  Registered adapter: postgres=1.8.2
[2026-03-31T01:15:15.673+0200] {subprocess.py:93} INFO - [0m23:15:15  Found 6 models, 11 data tests, 531 macros
[2026-03-31T01:15:15.680+0200] {subprocess.py:93} INFO - [0m23:15:15
[2026-03-31T01:15:15.888+0200] {subprocess.py:93} INFO - [0m23:15:15  Concurrency: 4 threads (target='dev')
[2026-03-31T01:15:15.889+0200] {subprocess.py:93} INFO - [0m23:15:15
[2026-03-31T01:15:15.897+0200] {subprocess.py:93} INFO - [0m23:15:15  1 of 17 START sql table model public_silver.silver_customers ................... [RUN]
[2026-03-31T01:15:15.899+0200] {subprocess.py:93} INFO - [0m23:15:15  2 of 17 START sql table model public_silver.silver_payments .................... [RUN]
[2026-03-31T01:15:15.901+0200] {subprocess.py:93} INFO - [0m23:15:15  3 of 17 START sql table model public_silver.silver_sessions .................... [RUN]
[2026-03-31T01:15:16.176+0200] {subprocess.py:93} INFO - [0m23:15:16  1 of 17 OK created sql table model public_silver.silver_customers .............. [[32mSELECT 1000[0m in 0.27s]
[2026-03-31T01:15:16.181+0200] {subprocess.py:93} INFO - [0m23:15:16  2 of 17 OK created sql table model public_silver.silver_payments ............... [[32mSELECT 9016[0m in 0.27s]
[2026-03-31T01:15:16.190+0200] {subprocess.py:93} INFO - [0m23:15:16  4 of 17 START test not_null_silver_customers_country ........................... [RUN]
[2026-03-31T01:15:16.191+0200] {subprocess.py:93} INFO - [0m23:15:16  5 of 17 START test not_null_silver_customers_customer_id ....................... [RUN]
[2026-03-31T01:15:16.194+0200] {subprocess.py:93} INFO - [0m23:15:16  6 of 17 START test unique_silver_customers_customer_id ......................... [RUN]
[2026-03-31T01:15:16.325+0200] {subprocess.py:93} INFO - [0m23:15:16  3 of 17 OK created sql table model public_silver.silver_sessions ............... [[32mSELECT 28205[0m in 0.42s]
[2026-03-31T01:15:16.340+0200] {subprocess.py:93} INFO - [0m23:15:16  7 of 17 START test accepted_values_silver_payments_status__suceeded__failed__refunded  [RUN]
[2026-03-31T01:15:16.425+0200] {subprocess.py:93} INFO - [0m23:15:16  4 of 17 PASS not_null_silver_customers_country ................................. [[32mPASS[0m in 0.23s]
[2026-03-31T01:15:16.429+0200] {subprocess.py:93} INFO - [0m23:15:16  5 of 17 PASS not_null_silver_customers_customer_id ............................. [[32mPASS[0m in 0.23s]
[2026-03-31T01:15:16.433+0200] {subprocess.py:93} INFO - [0m23:15:16  6 of 17 PASS unique_silver_customers_customer_id ............................... [[32mPASS[0m in 0.23s]
[2026-03-31T01:15:16.445+0200] {subprocess.py:93} INFO - [0m23:15:16  8 of 17 START test not_null_silver_payments_payment_id ......................... [RUN]
[2026-03-31T01:15:16.449+0200] {subprocess.py:93} INFO - [0m23:15:16  9 of 17 START test unique_silver_payments_payment_id ........................... [RUN]
[2026-03-31T01:15:16.461+0200] {subprocess.py:93} INFO - [0m23:15:16  10 of 17 START test accepted_values_silver_sessions_source__google__direct__facebook__linkedin__newsletter__referral__bing  [RUN]
[2026-03-31T01:15:16.618+0200] {subprocess.py:93} INFO - [0m23:15:16  7 of 17 FAIL 1 accepted_values_silver_payments_status__suceeded__failed__refunded  [[31mFAIL 1[0m in 0.26s]
[2026-03-31T01:15:16.643+0200] {subprocess.py:93} INFO - [0m23:15:16  11 of 17 START test not_null_silver_sessions_session_id ........................ [RUN]
[2026-03-31T01:15:16.682+0200] {subprocess.py:93} INFO - [0m23:15:16  8 of 17 PASS not_null_silver_payments_payment_id ............................... [[32mPASS[0m in 0.23s]
[2026-03-31T01:15:16.692+0200] {subprocess.py:93} INFO - [0m23:15:16  12 of 17 START test unique_silver_sessions_session_id .......................... [RUN]
[2026-03-31T01:15:16.717+0200] {subprocess.py:93} INFO - [0m23:15:16  9 of 17 PASS unique_silver_payments_payment_id ................................. [[32mPASS[0m in 0.25s]
[2026-03-31T01:15:16.719+0200] {subprocess.py:93} INFO - [0m23:15:16  10 of 17 FAIL 1 accepted_values_silver_sessions_source__google__direct__facebook__linkedin__newsletter__referral__bing  [[31mFAIL 1[0m in 0.25s]
[2026-03-31T01:15:16.739+0200] {subprocess.py:93} INFO - [0m23:15:16  13 of 17 START sql table model public_gold.dim_customer ........................ [RUN]
[2026-03-31T01:15:16.785+0200] {subprocess.py:93} INFO - [0m23:15:16  CANCEL query test.api_bi_project.unique_silver_payments_payment_id.09d6b3ec83 .. [[31mCANCEL[0m]
[2026-03-31T01:15:16.787+0200] {subprocess.py:93} INFO - [0m23:15:16  CANCEL query test.api_bi_project.accepted_values_silver_sessions_source__google__direct__facebook__linkedin__newsletter__referral__bing.717fc87c90  [[31mCANCEL[0m]
[2026-03-31T01:15:16.791+0200] {subprocess.py:93} INFO - [0m23:15:16  CANCEL query test.api_bi_project.not_null_silver_sessions_session_id.f74024a05b  [[31mCANCEL[0m]
[2026-03-31T01:15:16.799+0200] {subprocess.py:93} INFO - [0m23:15:16  11 of 17 PASS not_null_silver_sessions_session_id .............................. [[32mPASS[0m in 0.15s]
[2026-03-31T01:15:16.800+0200] {subprocess.py:93} INFO - [0m23:15:16  CANCEL query test.api_bi_project.unique_silver_sessions_session_id.9a8d5b03a8 .. [[31mCANCEL[0m]
[2026-03-31T01:15:16.815+0200] {subprocess.py:93} INFO - [0m23:15:16  12 of 17 ERROR unique_silver_sessions_session_id ............................... [[31mERROR[0m in 0.11s]
[2026-03-31T01:15:16.939+0200] {subprocess.py:93} INFO - [0m23:15:16  13 of 17 OK created sql table model public_gold.dim_customer ................... [[32mSELECT 1000[0m in 0.19s]
[2026-03-31T01:15:16.942+0200] {subprocess.py:93} INFO - [0m23:15:16
[2026-03-31T01:15:16.943+0200] {subprocess.py:93} INFO - [0m23:15:16  [31mFailure in test accepted_values_silver_payments_status__suceeded__failed__refunded (models/models.yml)[0m
[2026-03-31T01:15:16.945+0200] {subprocess.py:93} INFO - [0m23:15:16    Got 1 result, configured to fail if != 0
[2026-03-31T01:15:16.946+0200] {subprocess.py:93} INFO - [0m23:15:16
[2026-03-31T01:15:16.948+0200] {subprocess.py:93} INFO - [0m23:15:16    compiled code at target/compiled/api_bi_project/models/models.yml/accepted_values_silver_payment_83378c4cb60bd3def108896b63bd51b7.sql
[2026-03-31T01:15:16.972+0200] {subprocess.py:93} INFO - [0m23:15:16
[2026-03-31T01:15:16.973+0200] {subprocess.py:93} INFO - [0m23:15:16  Finished running 6 table models, 11 data tests in 0 hours 0 minutes and 1.29 seconds (1.29s).
[2026-03-31T01:15:17.052+0200] {subprocess.py:93} INFO - [0m23:15:17
[2026-03-31T01:15:17.053+0200] {subprocess.py:93} INFO - [0m23:15:17  [31mCompleted with 9 errors and 0 warnings:[0m
[2026-03-31T01:15:17.055+0200] {subprocess.py:93} INFO - [0m23:15:17
[2026-03-31T01:15:17.056+0200] {subprocess.py:93} INFO - [0m23:15:17  [31mFailure in test accepted_values_silver_payments_status__suceeded__failed__refunded (models/models.yml)[0m
[2026-03-31T01:15:17.058+0200] {subprocess.py:93} INFO - [0m23:15:17    Got 1 result, configured to fail if != 0
[2026-03-31T01:15:17.059+0200] {subprocess.py:93} INFO - [0m23:15:17
[2026-03-31T01:15:17.061+0200] {subprocess.py:93} INFO - [0m23:15:17    compiled code at target/compiled/api_bi_project/models/models.yml/accepted_values_silver_payment_83378c4cb60bd3def108896b63bd51b7.sql
[2026-03-31T01:15:17.063+0200] {subprocess.py:93} INFO - [0m23:15:17
[2026-03-31T01:15:17.064+0200] {subprocess.py:93} INFO - [0m23:15:17    Skipping due to fail_fast
[2026-03-31T01:15:17.066+0200] {subprocess.py:93} INFO - [0m23:15:17
[2026-03-31T01:15:17.068+0200] {subprocess.py:93} INFO - [0m23:15:17    Skipping due to fail_fast
[2026-03-31T01:15:17.070+0200] {subprocess.py:93} INFO - [0m23:15:17
[2026-03-31T01:15:17.071+0200] {subprocess.py:93} INFO - [0m23:15:17    Skipping due to fail_fast
[2026-03-31T01:15:17.073+0200] {subprocess.py:93} INFO - [0m23:15:17
[2026-03-31T01:15:17.075+0200] {subprocess.py:93} INFO - [0m23:15:17    Skipping due to fail_fast
[2026-03-31T01:15:17.077+0200] {subprocess.py:93} INFO - [0m23:15:17
[2026-03-31T01:15:17.079+0200] {subprocess.py:93} INFO - [0m23:15:17    Skipping due to fail_fast
[2026-03-31T01:15:17.081+0200] {subprocess.py:93} INFO - [0m23:15:17
[2026-03-31T01:15:17.083+0200] {subprocess.py:93} INFO - [0m23:15:17    Skipping due to fail_fast
[2026-03-31T01:15:17.085+0200] {subprocess.py:93} INFO - [0m23:15:17
[2026-03-31T01:15:17.087+0200] {subprocess.py:93} INFO - [0m23:15:17    Skipping due to fail_fast
[2026-03-31T01:15:17.088+0200] {subprocess.py:93} INFO - [0m23:15:17
[2026-03-31T01:15:17.090+0200] {subprocess.py:93} INFO - [0m23:15:17    Skipping due to fail_fast
[2026-03-31T01:15:17.092+0200] {subprocess.py:93} INFO - [0m23:15:17
[2026-03-31T01:15:17.094+0200] {subprocess.py:93} INFO - [0m23:15:17  Done. PASS=8 WARN=0 ERROR=1 SKIP=8 TOTAL=17
[2026-03-31T01:15:17.856+0200] {subprocess.py:97} INFO - Command exited with return code 1
[2026-03-31T01:15:17.857+0200] {taskinstance.py:441} INFO - ::group::Post task execution logs
[2026-03-31T01:15:17.872+0200] {taskinstance.py:2905} ERROR - Task failed with exception
Traceback (most recent call last):
  File "/home/airflow/.local/lib/python3.11/site-packages/airflow/models/taskinstance.py", line 465, in _execute_task
    result = _execute_callable(context=context, **execute_callable_kwargs)
             ^^^^^^^^^^^^^^^^^^^^^^^^^^^^^^^^^^^^^^^^^^^^^^^^^^^^^^^^^^^^^
  File "/home/airflow/.local/lib/python3.11/site-packages/airflow/models/taskinstance.py", line 432, in _execute_callable
    return execute_callable(context=context, **execute_callable_kwargs)
           ^^^^^^^^^^^^^^^^^^^^^^^^^^^^^^^^^^^^^^^^^^^^^^^^^^^^^^^^^^^^
  File "/home/airflow/.local/lib/python3.11/site-packages/airflow/models/baseoperator.py", line 401, in wrapper
    return func(self, *args, **kwargs)
           ^^^^^^^^^^^^^^^^^^^^^^^^^^^
  File "/home/airflow/.local/lib/python3.11/site-packages/airflow/operators/bash.py", line 243, in execute
    raise AirflowException(
airflow.exceptions.AirflowException: Bash command failed. The command returned a non-zero exit code 1.
[2026-03-31T01:15:17.877+0200] {taskinstance.py:1206} INFO - Marking task as UP_FOR_RETRY. dag_id=etl_api_to_bi, task_id=dbt_build, run_id=scheduled__2026-03-30T23:00:00+00:00, execution_date=20260330T230000, start_date=20260330T231512, end_date=20260330T231517
[2026-03-31T01:15:17.893+0200] {standard_task_runner.py:110} ERROR - Failed to execute job 46 for task dbt_build (Bash command failed. The command returned a non-zero exit code 1.; 1014)
[2026-03-31T01:15:17.922+0200] {local_task_job_runner.py:243} INFO - Task exited with return code 1
[2026-03-31T01:15:17.940+0200] {taskinstance.py:3503} INFO - 0 downstream tasks scheduled from follow-on schedule check
[2026-03-31T01:15:17.944+0200] {local_task_job_runner.py:222} INFO - ::endgroup::
