[2026-03-31T01:17:18.812+0200] {local_task_job_runner.py:120} INFO - ::group::Pre task execution logs
[2026-03-31T01:17:18.847+0200] {taskinstance.py:2076} INFO - Dependencies all met for dep_context=non-requeueable deps ti=<TaskInstance: etl_api_to_bi.dbt_build scheduled__2026-03-30T23:00:00+00:00 [queued]>
[2026-03-31T01:17:18.856+0200] {taskinstance.py:2076} INFO - Dependencies all met for dep_context=requeueable deps ti=<TaskInstance: etl_api_to_bi.dbt_build scheduled__2026-03-30T23:00:00+00:00 [queued]>
[2026-03-31T01:17:18.857+0200] {taskinstance.py:2306} INFO - Starting attempt 2 of 3
[2026-03-31T01:17:18.872+0200] {taskinstance.py:2330} INFO - Executing <Task(BashOperator): dbt_build> on 2026-03-30 23:00:00+00:00
[2026-03-31T01:17:18.878+0200] {standard_task_runner.py:64} INFO - Started process 1047 to run task
[2026-03-31T01:17:18.881+0200] {standard_task_runner.py:90} INFO - Running: ['airflow', 'tasks', 'run', 'etl_api_to_bi', 'dbt_build', 'scheduled__2026-03-30T23:00:00+00:00', '--job-id', '47', '--raw', '--subdir', 'DAGS_FOLDER/etl_api_to_bi.py', '--cfg-path', '/tmp/tmpsezhzctu']
[2026-03-31T01:17:18.884+0200] {standard_task_runner.py:91} INFO - Job 47: Subtask dbt_build
[2026-03-31T01:17:18.975+0200] {task_command.py:426} INFO - Running <TaskInstance: etl_api_to_bi.dbt_build scheduled__2026-03-30T23:00:00+00:00 [running]> on host fcaa2f07ee84
[2026-03-31T01:17:19.238+0200] {taskinstance.py:2648} INFO - Exporting env vars: AIRFLOW_CTX_DAG_OWNER='data' AIRFLOW_CTX_DAG_ID='etl_api_to_bi' AIRFLOW_CTX_TASK_ID='dbt_build' AIRFLOW_CTX_EXECUTION_DATE='2026-03-30T23:00:00+00:00' AIRFLOW_CTX_TRY_NUMBER='2' AIRFLOW_CTX_DAG_RUN_ID='scheduled__2026-03-30T23:00:00+00:00'
[2026-03-31T01:17:19.240+0200] {taskinstance.py:430} INFO - ::endgroup::
[2026-03-31T01:17:19.250+0200] {subprocess.py:63} INFO - Tmp dir root location: /tmp
[2026-03-31T01:17:19.251+0200] {subprocess.py:75} INFO - Running command: ['/usr/bin/bash', '-c', "docker exec dbt bash -lc 'cd /usr/app && dbt build --fail-fast --profiles-dir /root/.dbt'"]
[2026-03-31T01:17:19.260+0200] {subprocess.py:86} INFO - Output:
[2026-03-31T01:17:20.676+0200] {subprocess.py:93} INFO - [0m23:17:20  Running with dbt=1.8.3
[2026-03-31T01:17:20.936+0200] {subprocess.py:93} INFO - [0m23:17:20  Registered adapter: postgres=1.8.2
[2026-03-31T01:17:22.143+0200] {subprocess.py:93} INFO - [0m23:17:22  Found 6 models, 11 data tests, 531 macros
[2026-03-31T01:17:22.148+0200] {subprocess.py:93} INFO - [0m23:17:22
[2026-03-31T01:17:22.347+0200] {subprocess.py:93} INFO - [0m23:17:22  Concurrency: 4 threads (target='dev')
[2026-03-31T01:17:22.349+0200] {subprocess.py:93} INFO - [0m23:17:22
[2026-03-31T01:17:22.357+0200] {subprocess.py:93} INFO - [0m23:17:22  1 of 17 START sql table model public_silver.silver_customers ................... [RUN]
[2026-03-31T01:17:22.359+0200] {subprocess.py:93} INFO - [0m23:17:22  2 of 17 START sql table model public_silver.silver_payments .................... [RUN]
[2026-03-31T01:17:22.360+0200] {subprocess.py:93} INFO - [0m23:17:22  3 of 17 START sql table model public_silver.silver_sessions .................... [RUN]
[2026-03-31T01:17:22.644+0200] {subprocess.py:93} INFO - [0m23:17:22  1 of 17 OK created sql table model public_silver.silver_customers .............. [[32mSELECT 1000[0m in 0.28s]
[2026-03-31T01:17:22.657+0200] {subprocess.py:93} INFO - [0m23:17:22  4 of 17 START test not_null_silver_customers_country ........................... [RUN]
[2026-03-31T01:17:22.659+0200] {subprocess.py:93} INFO - [0m23:17:22  5 of 17 START test not_null_silver_customers_customer_id ....................... [RUN]
[2026-03-31T01:17:22.669+0200] {subprocess.py:93} INFO - [0m23:17:22  2 of 17 OK created sql table model public_silver.silver_payments ............... [[32mSELECT 9016[0m in 0.30s]
[2026-03-31T01:17:22.705+0200] {subprocess.py:93} INFO - [0m23:17:22  6 of 17 START test unique_silver_customers_customer_id ......................... [RUN]
[2026-03-31T01:17:22.718+0200] {subprocess.py:93} INFO - [0m23:17:22  3 of 17 OK created sql table model public_silver.silver_sessions ............... [[32mSELECT 28205[0m in 0.35s]
[2026-03-31T01:17:22.799+0200] {subprocess.py:93} INFO - [0m23:17:22  7 of 17 START test accepted_values_silver_payments_status__suceeded__failed__refunded  [RUN]
[2026-03-31T01:17:22.867+0200] {subprocess.py:93} INFO - [0m23:17:22  4 of 17 PASS not_null_silver_customers_country ................................. [[32mPASS[0m in 0.20s]
[2026-03-31T01:17:22.873+0200] {subprocess.py:93} INFO - [0m23:17:22  5 of 17 PASS not_null_silver_customers_customer_id ............................. [[32mPASS[0m in 0.21s]
[2026-03-31T01:17:22.881+0200] {subprocess.py:93} INFO - [0m23:17:22  8 of 17 START test not_null_silver_payments_payment_id ......................... [RUN]
[2026-03-31T01:17:22.889+0200] {subprocess.py:93} INFO - [0m23:17:22  9 of 17 START test unique_silver_payments_payment_id ........................... [RUN]
[2026-03-31T01:17:22.894+0200] {subprocess.py:93} INFO - [0m23:17:22  6 of 17 PASS unique_silver_customers_customer_id ............................... [[32mPASS[0m in 0.18s]
[2026-03-31T01:17:22.914+0200] {subprocess.py:93} INFO - [0m23:17:22  10 of 17 START test accepted_values_silver_sessions_source__google__direct__facebook__linkedin__newsletter__referral__bing  [RUN]
[2026-03-31T01:17:22.929+0200] {subprocess.py:93} INFO - [0m23:17:22  7 of 17 FAIL 1 accepted_values_silver_payments_status__suceeded__failed__refunded  [[31mFAIL 1[0m in 0.13s]
[2026-03-31T01:17:22.952+0200] {subprocess.py:93} INFO - [0m23:17:22  11 of 17 START test not_null_silver_sessions_session_id ........................ [RUN]
[2026-03-31T01:17:22.991+0200] {subprocess.py:93} INFO - [0m23:17:22  8 of 17 PASS not_null_silver_payments_payment_id ............................... [[32mPASS[0m in 0.10s]
[2026-03-31T01:17:23.000+0200] {subprocess.py:93} INFO - [0m23:17:22  12 of 17 START test unique_silver_sessions_session_id .......................... [RUN]
[2026-03-31T01:17:23.026+0200] {subprocess.py:93} INFO - [0m23:17:23  9 of 17 PASS unique_silver_payments_payment_id ................................. [[32mPASS[0m in 0.13s]
[2026-03-31T01:17:23.047+0200] {subprocess.py:93} INFO - [0m23:17:23  13 of 17 START sql table model public_gold.dim_customer ........................ [RUN]
[2026-03-31T01:17:23.090+0200] {subprocess.py:93} INFO - [0m23:17:23  CANCEL query test.api_bi_project.unique_silver_payments_payment_id.09d6b3ec83 .. [[31mCANCEL[0m]
[2026-03-31T01:17:23.091+0200] {subprocess.py:93} INFO - [0m23:17:23  10 of 17 FAIL 1 accepted_values_silver_sessions_source__google__direct__facebook__linkedin__newsletter__referral__bing  [[31mFAIL 1[0m in 0.17s]
[2026-03-31T01:17:23.094+0200] {subprocess.py:93} INFO - [0m23:17:23  CANCEL query test.api_bi_project.accepted_values_silver_sessions_source__google__direct__facebook__linkedin__newsletter__referral__bing.717fc87c90  [[31mCANCEL[0m]
[2026-03-31T01:17:23.100+0200] {subprocess.py:93} INFO - [0m23:17:23  CANCEL query test.api_bi_project.not_null_silver_sessions_session_id.f74024a05b  [[31mCANCEL[0m]
[2026-03-31T01:17:23.108+0200] {subprocess.py:93} INFO - [0m23:17:23  CANCEL query test.api_bi_project.unique_silver_sessions_session_id.9a8d5b03a8 .. [[31mCANCEL[0m]
[2026-03-31T01:17:23.110+0200] {subprocess.py:93} INFO - [0m23:17:23  11 of 17 PASS not_null_silver_sessions_session_id .............................. [[32mPASS[0m in 0.15s]
[2026-03-31T01:17:23.124+0200] {subprocess.py:93} INFO - [0m23:17:23  12 of 17 ERROR unique_silver_sessions_session_id ............................... [[31mERROR[0m in 0.12s]
[2026-03-31T01:17:23.196+0200] {subprocess.py:93} INFO - [0m23:17:23  13 of 17 OK created sql table model public_gold.dim_customer ................... [[32mSELECT 1000[0m in 0.14s]
[2026-03-31T01:17:23.199+0200] {subprocess.py:93} INFO - [0m23:17:23
[2026-03-31T01:17:23.201+0200] {subprocess.py:93} INFO - [0m23:17:23  [31mFailure in test accepted_values_silver_payments_status__suceeded__failed__refunded (models/models.yml)[0m
[2026-03-31T01:17:23.202+0200] {subprocess.py:93} INFO - [0m23:17:23    Got 1 result, configured to fail if != 0
[2026-03-31T01:17:23.204+0200] {subprocess.py:93} INFO - [0m23:17:23
[2026-03-31T01:17:23.205+0200] {subprocess.py:93} INFO - [0m23:17:23    compiled code at target/compiled/api_bi_project/models/models.yml/accepted_values_silver_payment_83378c4cb60bd3def108896b63bd51b7.sql
[2026-03-31T01:17:23.226+0200] {subprocess.py:93} INFO - [0m23:17:23
[2026-03-31T01:17:23.227+0200] {subprocess.py:93} INFO - [0m23:17:23  Finished running 6 table models, 11 data tests in 0 hours 0 minutes and 1.08 seconds (1.08s).
[2026-03-31T01:17:23.297+0200] {subprocess.py:93} INFO - [0m23:17:23
[2026-03-31T01:17:23.299+0200] {subprocess.py:93} INFO - [0m23:17:23  [31mCompleted with 9 errors and 0 warnings:[0m
[2026-03-31T01:17:23.301+0200] {subprocess.py:93} INFO - [0m23:17:23
[2026-03-31T01:17:23.303+0200] {subprocess.py:93} INFO - [0m23:17:23  [31mFailure in test accepted_values_silver_payments_status__suceeded__failed__refunded (models/models.yml)[0m
[2026-03-31T01:17:23.305+0200] {subprocess.py:93} INFO - [0m23:17:23    Got 1 result, configured to fail if != 0
[2026-03-31T01:17:23.307+0200] {subprocess.py:93} INFO - [0m23:17:23
[2026-03-31T01:17:23.309+0200] {subprocess.py:93} INFO - [0m23:17:23    compiled code at target/compiled/api_bi_project/models/models.yml/accepted_values_silver_payment_83378c4cb60bd3def108896b63bd51b7.sql
[2026-03-31T01:17:23.310+0200] {subprocess.py:93} INFO - [0m23:17:23
[2026-03-31T01:17:23.312+0200] {subprocess.py:93} INFO - [0m23:17:23    Skipping due to fail_fast
[2026-03-31T01:17:23.314+0200] {subprocess.py:93} INFO - [0m23:17:23
[2026-03-31T01:17:23.316+0200] {subprocess.py:93} INFO - [0m23:17:23    Skipping due to fail_fast
[2026-03-31T01:17:23.318+0200] {subprocess.py:93} INFO - [0m23:17:23
[2026-03-31T01:17:23.319+0200] {subprocess.py:93} INFO - [0m23:17:23    Skipping due to fail_fast
[2026-03-31T01:17:23.321+0200] {subprocess.py:93} INFO - [0m23:17:23
[2026-03-31T01:17:23.323+0200] {subprocess.py:93} INFO - [0m23:17:23    Skipping due to fail_fast
[2026-03-31T01:17:23.324+0200] {subprocess.py:93} INFO - [0m23:17:23
[2026-03-31T01:17:23.327+0200] {subprocess.py:93} INFO - [0m23:17:23    Skipping due to fail_fast
[2026-03-31T01:17:23.329+0200] {subprocess.py:93} INFO - [0m23:17:23
[2026-03-31T01:17:23.331+0200] {subprocess.py:93} INFO - [0m23:17:23    Skipping due to fail_fast
[2026-03-31T01:17:23.332+0200] {subprocess.py:93} INFO - [0m23:17:23
[2026-03-31T01:17:23.333+0200] {subprocess.py:93} INFO - [0m23:17:23    Skipping due to fail_fast
[2026-03-31T01:17:23.335+0200] {subprocess.py:93} INFO - [0m23:17:23
[2026-03-31T01:17:23.337+0200] {subprocess.py:93} INFO - [0m23:17:23    Skipping due to fail_fast
[2026-03-31T01:17:23.339+0200] {subprocess.py:93} INFO - [0m23:17:23
[2026-03-31T01:17:23.340+0200] {subprocess.py:93} INFO - [0m23:17:23  Done. PASS=8 WARN=0 ERROR=1 SKIP=8 TOTAL=17
[2026-03-31T01:17:24.116+0200] {subprocess.py:97} INFO - Command exited with return code 1
[2026-03-31T01:17:24.117+0200] {taskinstance.py:441} INFO - ::group::Post task execution logs
[2026-03-31T01:17:24.131+0200] {taskinstance.py:2905} ERROR - Task failed with exception
Traceback (most recent call last):
  File "/home/airflow/.local/lib/python3.11/site-packages/airflow/models/taskinstance.py", line 465, in _execute_task
    result = _execute_callable(context=context, **execute_callable_kwargs)
             ^^^^^^^^^^^^^^^^^^^^^^^^^^^^^^^^^^^^^^^^^^^^^^^^^^^^^^^^^^^^^
  File "/home/airflow/.local/lib/python3.11/site-packages/airflow/models/taskinstance.py", line 432, in _execute_callable
    return execute_callable(context=context, **execute_callable_kwargs)
           ^^^^^^^^^^^^^^^^^^^^^^^^^^^^^^^^^^^^^^^^^^^^^^^^^^^^^^^^^^^^
  File "/home/airflow/.local/lib/python3.11/site-packages/airflow/models/baseoperator.py", line 401, in wrapper
    return func(self, *args, **kwargs)
           ^^^^^^^^^^^^^^^^^^^^^^^^^^^
  File "/home/airflow/.local/lib/python3.11/site-packages/airflow/operators/bash.py", line 243, in execute
    raise AirflowException(
airflow.exceptions.AirflowException: Bash command failed. The command returned a non-zero exit code 1.
[2026-03-31T01:17:24.136+0200] {taskinstance.py:1206} INFO - Marking task as UP_FOR_RETRY. dag_id=etl_api_to_bi, task_id=dbt_build, run_id=scheduled__2026-03-30T23:00:00+00:00, execution_date=20260330T230000, start_date=20260330T231718, end_date=20260330T231724
[2026-03-31T01:17:24.149+0200] {standard_task_runner.py:110} ERROR - Failed to execute job 47 for task dbt_build (Bash command failed. The command returned a non-zero exit code 1.; 1047)
[2026-03-31T01:17:24.170+0200] {local_task_job_runner.py:243} INFO - Task exited with return code 1
[2026-03-31T01:17:24.188+0200] {taskinstance.py:3503} INFO - 0 downstream tasks scheduled from follow-on schedule check
[2026-03-31T01:17:24.190+0200] {local_task_job_runner.py:222} INFO - ::endgroup::
