[2026-03-31T00:15:01.251+0200] {local_task_job_runner.py:120} INFO - ::group::Pre task execution logs
[2026-03-31T00:15:01.302+0200] {taskinstance.py:2076} INFO - Dependencies all met for dep_context=non-requeueable deps ti=<TaskInstance: etl_api_to_bi.extract_payments scheduled__2026-03-30T22:00:00+00:00 [queued]>
[2026-03-31T00:15:01.314+0200] {taskinstance.py:2076} INFO - Dependencies all met for dep_context=requeueable deps ti=<TaskInstance: etl_api_to_bi.extract_payments scheduled__2026-03-30T22:00:00+00:00 [queued]>
[2026-03-31T00:15:01.315+0200] {taskinstance.py:2306} INFO - Starting attempt 1 of 3
[2026-03-31T00:15:01.340+0200] {taskinstance.py:2330} INFO - Executing <Task(PythonOperator): extract_payments> on 2026-03-30 22:00:00+00:00
[2026-03-31T00:15:01.346+0200] {standard_task_runner.py:64} INFO - Started process 233 to run task
[2026-03-31T00:15:01.352+0200] {standard_task_runner.py:90} INFO - Running: ['airflow', 'tasks', 'run', 'etl_api_to_bi', 'extract_payments', 'scheduled__2026-03-30T22:00:00+00:00', '--job-id', '8', '--raw', '--subdir', 'DAGS_FOLDER/etl_api_to_bi.py', '--cfg-path', '/tmp/tmpleajf1l5']
[2026-03-31T00:15:01.356+0200] {standard_task_runner.py:91} INFO - Job 8: Subtask extract_payments
[2026-03-31T00:15:01.456+0200] {task_command.py:426} INFO - Running <TaskInstance: etl_api_to_bi.extract_payments scheduled__2026-03-30T22:00:00+00:00 [running]> on host c08873f45d31
[2026-03-31T00:15:01.814+0200] {taskinstance.py:2648} INFO - Exporting env vars: AIRFLOW_CTX_DAG_OWNER='data' AIRFLOW_CTX_DAG_ID='etl_api_to_bi' AIRFLOW_CTX_TASK_ID='extract_payments' AIRFLOW_CTX_EXECUTION_DATE='2026-03-30T22:00:00+00:00' AIRFLOW_CTX_TRY_NUMBER='1' AIRFLOW_CTX_DAG_RUN_ID='scheduled__2026-03-30T22:00:00+00:00'
[2026-03-31T00:15:01.815+0200] {taskinstance.py:430} INFO - ::endgroup::
[2026-03-31T00:16:02.087+0200] {crypto.py:82} WARNING - empty cryptography key - values will not be stored encrypted.
[2026-03-31T00:16:02.088+0200] {base.py:84} INFO - Using connection ID 'postgres_default' for task execution.
[2026-03-31T00:16:02.096+0200] {taskinstance.py:441} INFO - ::group::Post task execution logs
[2026-03-31T00:16:02.097+0200] {taskinstance.py:2905} ERROR - Task failed with exception
Traceback (most recent call last):
  File "/home/airflow/.local/lib/python3.11/site-packages/airflow/models/taskinstance.py", line 465, in _execute_task
    result = _execute_callable(context=context, **execute_callable_kwargs)
             ^^^^^^^^^^^^^^^^^^^^^^^^^^^^^^^^^^^^^^^^^^^^^^^^^^^^^^^^^^^^^
  File "/home/airflow/.local/lib/python3.11/site-packages/airflow/models/taskinstance.py", line 432, in _execute_callable
    return execute_callable(context=context, **execute_callable_kwargs)
           ^^^^^^^^^^^^^^^^^^^^^^^^^^^^^^^^^^^^^^^^^^^^^^^^^^^^^^^^^^^^
  File "/home/airflow/.local/lib/python3.11/site-packages/airflow/models/baseoperator.py", line 401, in wrapper
    return func(self, *args, **kwargs)
           ^^^^^^^^^^^^^^^^^^^^^^^^^^^
  File "/home/airflow/.local/lib/python3.11/site-packages/airflow/operators/python.py", line 235, in execute
    return_value = self.execute_callable()
                   ^^^^^^^^^^^^^^^^^^^^^^^
  File "/home/airflow/.local/lib/python3.11/site-packages/airflow/operators/python.py", line 252, in execute_callable
    return self.python_callable(*self.op_args, **self.op_kwargs)
           ^^^^^^^^^^^^^^^^^^^^^^^^^^^^^^^^^^^^^^^^^^^^^^^^^^^^^
  File "/opt/airflow/dags/etl_api_to_bi.py", line 100, in extract_table
    cur.executemany(
psycopg2.errors.UndefinedColumn: column "product" of relation "payments" does not exist
LINE 2: ...NSERT INTO bronze.payments(payment_id,customer_id,product,am...
                                                             ^

[2026-03-31T00:16:02.113+0200] {taskinstance.py:1206} INFO - Marking task as UP_FOR_RETRY. dag_id=etl_api_to_bi, task_id=extract_payments, run_id=scheduled__2026-03-30T22:00:00+00:00, execution_date=20260330T220000, start_date=20260330T221501, end_date=20260330T221602
[2026-03-31T00:16:02.126+0200] {standard_task_runner.py:110} ERROR - Failed to execute job 8 for task extract_payments (column "product" of relation "payments" does not exist
LINE 2: ...NSERT INTO bronze.payments(payment_id,customer_id,product,am...
                                                             ^
; 233)
[2026-03-31T00:16:02.136+0200] {local_task_job_runner.py:243} INFO - Task exited with return code 1
[2026-03-31T00:16:02.163+0200] {taskinstance.py:3503} INFO - 0 downstream tasks scheduled from follow-on schedule check
[2026-03-31T00:16:02.166+0200] {local_task_job_runner.py:222} INFO - ::endgroup::
[2026-03-31T00:25:52.271+0200] {local_task_job_runner.py:120} INFO - ::group::Pre task execution logs
[2026-03-31T00:25:52.309+0200] {taskinstance.py:2076} INFO - Dependencies all met for dep_context=non-requeueable deps ti=<TaskInstance: etl_api_to_bi.extract_payments scheduled__2026-03-30T22:00:00+00:00 [queued]>
[2026-03-31T00:25:52.319+0200] {taskinstance.py:2076} INFO - Dependencies all met for dep_context=requeueable deps ti=<TaskInstance: etl_api_to_bi.extract_payments scheduled__2026-03-30T22:00:00+00:00 [queued]>
[2026-03-31T00:25:52.320+0200] {taskinstance.py:2306} INFO - Starting attempt 1 of 3
[2026-03-31T00:25:52.336+0200] {taskinstance.py:2330} INFO - Executing <Task(PythonOperator): extract_payments> on 2026-03-30 22:00:00+00:00
[2026-03-31T00:25:52.343+0200] {standard_task_runner.py:64} INFO - Started process 207 to run task
[2026-03-31T00:25:52.347+0200] {standard_task_runner.py:90} INFO - Running: ['airflow', 'tasks', 'run', 'etl_api_to_bi', 'extract_payments', 'scheduled__2026-03-30T22:00:00+00:00', '--job-id', '2', '--raw', '--subdir', 'DAGS_FOLDER/etl_api_to_bi.py', '--cfg-path', '/tmp/tmphl3hlp94']
[2026-03-31T00:25:52.350+0200] {standard_task_runner.py:91} INFO - Job 2: Subtask extract_payments
[2026-03-31T00:25:52.436+0200] {task_command.py:426} INFO - Running <TaskInstance: etl_api_to_bi.extract_payments scheduled__2026-03-30T22:00:00+00:00 [running]> on host fcaa2f07ee84
[2026-03-31T00:25:52.764+0200] {taskinstance.py:2648} INFO - Exporting env vars: AIRFLOW_CTX_DAG_OWNER='data' AIRFLOW_CTX_DAG_ID='etl_api_to_bi' AIRFLOW_CTX_TASK_ID='extract_payments' AIRFLOW_CTX_EXECUTION_DATE='2026-03-30T22:00:00+00:00' AIRFLOW_CTX_TRY_NUMBER='1' AIRFLOW_CTX_DAG_RUN_ID='scheduled__2026-03-30T22:00:00+00:00'
[2026-03-31T00:25:52.765+0200] {taskinstance.py:430} INFO - ::endgroup::
[2026-03-31T00:25:53.070+0200] {crypto.py:82} WARNING - empty cryptography key - values will not be stored encrypted.
[2026-03-31T00:25:53.071+0200] {base.py:84} INFO - Using connection ID 'postgres_default' for task execution.
[2026-03-31T00:25:53.384+0200] {base.py:84} INFO - Using connection ID 'postgres_default' for task execution.
[2026-03-31T00:25:53.751+0200] {base.py:84} INFO - Using connection ID 'postgres_default' for task execution.
[2026-03-31T00:25:54.122+0200] {base.py:84} INFO - Using connection ID 'postgres_default' for task execution.
[2026-03-31T00:25:55.429+0200] {base.py:84} INFO - Using connection ID 'postgres_default' for task execution.
[2026-03-31T00:25:55.824+0200] {base.py:84} INFO - Using connection ID 'postgres_default' for task execution.
[2026-03-31T00:25:56.245+0200] {base.py:84} INFO - Using connection ID 'postgres_default' for task execution.
[2026-03-31T00:25:56.501+0200] {base.py:84} INFO - Using connection ID 'postgres_default' for task execution.
[2026-03-31T00:25:56.893+0200] {base.py:84} INFO - Using connection ID 'postgres_default' for task execution.
[2026-03-31T00:25:57.297+0200] {base.py:84} INFO - Using connection ID 'postgres_default' for task execution.
[2026-03-31T00:25:57.550+0200] {base.py:84} INFO - Using connection ID 'postgres_default' for task execution.
[2026-03-31T00:25:57.899+0200] {base.py:84} INFO - Using connection ID 'postgres_default' for task execution.
[2026-03-31T00:25:58.259+0200] {base.py:84} INFO - Using connection ID 'postgres_default' for task execution.
[2026-03-31T00:25:58.482+0200] {base.py:84} INFO - Using connection ID 'postgres_default' for task execution.
[2026-03-31T00:25:58.826+0200] {base.py:84} INFO - Using connection ID 'postgres_default' for task execution.
[2026-03-31T00:25:59.195+0200] {base.py:84} INFO - Using connection ID 'postgres_default' for task execution.
[2026-03-31T00:25:59.492+0200] {base.py:84} INFO - Using connection ID 'postgres_default' for task execution.
[2026-03-31T00:25:59.824+0200] {base.py:84} INFO - Using connection ID 'postgres_default' for task execution.
[2026-03-31T00:26:00.082+0200] {base.py:84} INFO - Using connection ID 'postgres_default' for task execution.
[2026-03-31T00:26:00.367+0200] {base.py:84} INFO - Using connection ID 'postgres_default' for task execution.
[2026-03-31T00:26:00.532+0200] {python.py:237} INFO - Done. Returned value was: 10000
[2026-03-31T00:26:00.532+0200] {taskinstance.py:441} INFO - ::group::Post task execution logs
[2026-03-31T00:26:00.563+0200] {taskinstance.py:1206} INFO - Marking task as SUCCESS. dag_id=etl_api_to_bi, task_id=extract_payments, run_id=scheduled__2026-03-30T22:00:00+00:00, execution_date=20260330T220000, start_date=20260330T222552, end_date=20260330T222600
[2026-03-31T00:26:00.606+0200] {local_task_job_runner.py:243} INFO - Task exited with return code 0
[2026-03-31T00:26:00.631+0200] {taskinstance.py:3503} INFO - 0 downstream tasks scheduled from follow-on schedule check
[2026-03-31T00:26:00.634+0200] {local_task_job_runner.py:222} INFO - ::endgroup::
