[2026-03-31T00:18:03.112+0200] {local_task_job_runner.py:120} INFO - ::group::Pre task execution logs
[2026-03-31T00:18:03.151+0200] {taskinstance.py:2076} INFO - Dependencies all met for dep_context=non-requeueable deps ti=<TaskInstance: etl_api_to_bi.extract_payments scheduled__2026-03-30T22:00:00+00:00 [queued]>
[2026-03-31T00:18:03.160+0200] {taskinstance.py:2076} INFO - Dependencies all met for dep_context=requeueable deps ti=<TaskInstance: etl_api_to_bi.extract_payments scheduled__2026-03-30T22:00:00+00:00 [queued]>
[2026-03-31T00:18:03.161+0200] {taskinstance.py:2306} INFO - Starting attempt 2 of 3
[2026-03-31T00:18:03.176+0200] {taskinstance.py:2330} INFO - Executing <Task(PythonOperator): extract_payments> on 2026-03-30 22:00:00+00:00
[2026-03-31T00:18:03.180+0200] {standard_task_runner.py:64} INFO - Started process 274 to run task
[2026-03-31T00:18:03.183+0200] {standard_task_runner.py:90} INFO - Running: ['airflow', 'tasks', 'run', 'etl_api_to_bi', 'extract_payments', 'scheduled__2026-03-30T22:00:00+00:00', '--job-id', '15', '--raw', '--subdir', 'DAGS_FOLDER/etl_api_to_bi.py', '--cfg-path', '/tmp/tmp9h3qvv1i']
[2026-03-31T00:18:03.186+0200] {standard_task_runner.py:91} INFO - Job 15: Subtask extract_payments
[2026-03-31T00:18:03.261+0200] {task_command.py:426} INFO - Running <TaskInstance: etl_api_to_bi.extract_payments scheduled__2026-03-30T22:00:00+00:00 [running]> on host c08873f45d31
[2026-03-31T00:18:03.499+0200] {taskinstance.py:2648} INFO - Exporting env vars: AIRFLOW_CTX_DAG_OWNER='data' AIRFLOW_CTX_DAG_ID='etl_api_to_bi' AIRFLOW_CTX_TASK_ID='extract_payments' AIRFLOW_CTX_EXECUTION_DATE='2026-03-30T22:00:00+00:00' AIRFLOW_CTX_TRY_NUMBER='2' AIRFLOW_CTX_DAG_RUN_ID='scheduled__2026-03-30T22:00:00+00:00'
[2026-03-31T00:18:03.500+0200] {taskinstance.py:430} INFO - ::endgroup::
[2026-03-31T00:18:03.621+0200] {crypto.py:82} WARNING - empty cryptography key - values will not be stored encrypted.
[2026-03-31T00:18:03.621+0200] {base.py:84} INFO - Using connection ID 'postgres_default' for task execution.
[2026-03-31T00:18:03.630+0200] {taskinstance.py:441} INFO - ::group::Post task execution logs
[2026-03-31T00:18:03.632+0200] {taskinstance.py:2905} ERROR - Task failed with exception
Traceback (most recent call last):
  File "/home/airflow/.local/lib/python3.11/site-packages/airflow/models/taskinstance.py", line 465, in _execute_task
    result = _execute_callable(context=context, **execute_callable_kwargs)
             ^^^^^^^^^^^^^^^^^^^^^^^^^^^^^^^^^^^^^^^^^^^^^^^^^^^^^^^^^^^^^
  File "/home/airflow/.local/lib/python3.11/site-packages/airflow/models/taskinstance.py", line 432, in _execute_callable
    return execute_callable(context=context, **execute_callable_kwargs)
           ^^^^^^^^^^^^^^^^^^^^^^^^^^^^^^^^^^^^^^^^^^^^^^^^^^^^^^^^^^^^
  File "/home/airflow/.local/lib/python3.11/site-packages/airflow/models/baseoperator.py", line 401, in wrapper
    return func(self, *args, **kwargs)
           ^^^^^^^^^^^^^^^^^^^^^^^^^^^
  File "/home/airflow/.local/lib/python3.11/site-packages/airflow/operators/python.py", line 235, in execute
    return_value = self.execute_callable()
                   ^^^^^^^^^^^^^^^^^^^^^^^
  File "/home/airflow/.local/lib/python3.11/site-packages/airflow/operators/python.py", line 252, in execute_callable
    return self.python_callable(*self.op_args, **self.op_kwargs)
           ^^^^^^^^^^^^^^^^^^^^^^^^^^^^^^^^^^^^^^^^^^^^^^^^^^^^^
  File "/opt/airflow/dags/etl_api_to_bi.py", line 100, in extract_table
    cur.executemany(
psycopg2.errors.UndefinedColumn: column "product" of relation "payments" does not exist
LINE 2: ...NSERT INTO bronze.payments(payment_id,customer_id,product,am...
                                                             ^

[2026-03-31T00:18:03.649+0200] {taskinstance.py:1206} INFO - Marking task as UP_FOR_RETRY. dag_id=etl_api_to_bi, task_id=extract_payments, run_id=scheduled__2026-03-30T22:00:00+00:00, execution_date=20260330T220000, start_date=20260330T221803, end_date=20260330T221803
[2026-03-31T00:18:03.663+0200] {standard_task_runner.py:110} ERROR - Failed to execute job 15 for task extract_payments (column "product" of relation "payments" does not exist
LINE 2: ...NSERT INTO bronze.payments(payment_id,customer_id,product,am...
                                                             ^
; 274)
[2026-03-31T00:18:03.678+0200] {local_task_job_runner.py:243} INFO - Task exited with return code 1
[2026-03-31T00:18:03.705+0200] {taskinstance.py:3503} INFO - 0 downstream tasks scheduled from follow-on schedule check
[2026-03-31T00:18:03.708+0200] {local_task_job_runner.py:222} INFO - ::endgroup::
