[2026-03-31T01:15:02.918+0200] {local_task_job_runner.py:120} INFO - ::group::Pre task execution logs
[2026-03-31T01:15:02.952+0200] {taskinstance.py:2076} INFO - Dependencies all met for dep_context=non-requeueable deps ti=<TaskInstance: etl_api_to_bi.dbt_deps scheduled__2026-03-30T23:00:00+00:00 [queued]>
[2026-03-31T01:15:02.961+0200] {taskinstance.py:2076} INFO - Dependencies all met for dep_context=requeueable deps ti=<TaskInstance: etl_api_to_bi.dbt_deps scheduled__2026-03-30T23:00:00+00:00 [queued]>
[2026-03-31T01:15:02.962+0200] {taskinstance.py:2306} INFO - Starting attempt 1 of 3
[2026-03-31T01:15:02.976+0200] {taskinstance.py:2330} INFO - Executing <Task(BashOperator): dbt_deps> on 2026-03-30 23:00:00+00:00
[2026-03-31T01:15:02.981+0200] {standard_task_runner.py:64} INFO - Started process 996 to run task
[2026-03-31T01:15:02.985+0200] {standard_task_runner.py:90} INFO - Running: ['airflow', 'tasks', 'run', 'etl_api_to_bi', 'dbt_deps', 'scheduled__2026-03-30T23:00:00+00:00', '--job-id', '45', '--raw', '--subdir', 'DAGS_FOLDER/etl_api_to_bi.py', '--cfg-path', '/tmp/tmpfgtollvk']
[2026-03-31T01:15:02.988+0200] {standard_task_runner.py:91} INFO - Job 45: Subtask dbt_deps
[2026-03-31T01:15:03.064+0200] {task_command.py:426} INFO - Running <TaskInstance: etl_api_to_bi.dbt_deps scheduled__2026-03-30T23:00:00+00:00 [running]> on host fcaa2f07ee84
[2026-03-31T01:15:03.285+0200] {taskinstance.py:2648} INFO - Exporting env vars: AIRFLOW_CTX_DAG_OWNER='data' AIRFLOW_CTX_DAG_ID='etl_api_to_bi' AIRFLOW_CTX_TASK_ID='dbt_deps' AIRFLOW_CTX_EXECUTION_DATE='2026-03-30T23:00:00+00:00' AIRFLOW_CTX_TRY_NUMBER='1' AIRFLOW_CTX_DAG_RUN_ID='scheduled__2026-03-30T23:00:00+00:00'
[2026-03-31T01:15:03.286+0200] {taskinstance.py:430} INFO - ::endgroup::
[2026-03-31T01:15:03.295+0200] {subprocess.py:63} INFO - Tmp dir root location: /tmp
[2026-03-31T01:15:03.297+0200] {subprocess.py:75} INFO - Running command: ['/usr/bin/bash', '-c', "docker exec dbt bash -lc 'cd /usr/app && dbt deps --profiles-dir /root/.dbt'"]
[2026-03-31T01:15:03.306+0200] {subprocess.py:86} INFO - Output:
[2026-03-31T01:15:04.943+0200] {subprocess.py:93} INFO - [0m23:15:04  Running with dbt=1.8.3
[2026-03-31T01:15:05.678+0200] {subprocess.py:93} INFO - [0m23:15:05  Installing dbt-labs/dbt_utils
[2026-03-31T01:15:10.492+0200] {subprocess.py:93} INFO - [0m23:15:10  Installed from version 1.3.3
[2026-03-31T01:15:10.495+0200] {subprocess.py:93} INFO - [0m23:15:10  Up to date!
[2026-03-31T01:15:11.154+0200] {subprocess.py:97} INFO - Command exited with return code 0
[2026-03-31T01:15:11.156+0200] {taskinstance.py:441} INFO - ::group::Post task execution logs
[2026-03-31T01:15:11.195+0200] {taskinstance.py:1206} INFO - Marking task as SUCCESS. dag_id=etl_api_to_bi, task_id=dbt_deps, run_id=scheduled__2026-03-30T23:00:00+00:00, execution_date=20260330T230000, start_date=20260330T231502, end_date=20260330T231511
[2026-03-31T01:15:11.258+0200] {local_task_job_runner.py:243} INFO - Task exited with return code 0
[2026-03-31T01:15:11.281+0200] {taskinstance.py:3503} INFO - 1 downstream tasks scheduled from follow-on schedule check
[2026-03-31T01:15:11.283+0200] {local_task_job_runner.py:222} INFO - ::endgroup::
