[2026-03-31T00:13:25.185+0200] {local_task_job_runner.py:120} INFO - ::group::Pre task execution logs
[2026-03-31T00:13:25.243+0200] {taskinstance.py:2076} INFO - Dependencies all met for dep_context=non-requeueable deps ti=<TaskInstance: etl_api_to_bi.extract_customers manual__2026-03-30T22:13:24.033943+00:00 [queued]>
[2026-03-31T00:13:25.259+0200] {taskinstance.py:2076} INFO - Dependencies all met for dep_context=requeueable deps ti=<TaskInstance: etl_api_to_bi.extract_customers manual__2026-03-30T22:13:24.033943+00:00 [queued]>
[2026-03-31T00:13:25.262+0200] {taskinstance.py:2306} INFO - Starting attempt 1 of 3
[2026-03-31T00:13:25.285+0200] {taskinstance.py:2330} INFO - Executing <Task(PythonOperator): extract_customers> on 2026-03-30 22:13:24.033943+00:00
[2026-03-31T00:13:25.296+0200] {standard_task_runner.py:64} INFO - Started process 212 to run task
[2026-03-31T00:13:25.306+0200] {standard_task_runner.py:90} INFO - Running: ['airflow', 'tasks', 'run', 'etl_api_to_bi', 'extract_customers', 'manual__2026-03-30T22:13:24.033943+00:00', '--job-id', '5', '--raw', '--subdir', 'DAGS_FOLDER/etl_api_to_bi.py', '--cfg-path', '/tmp/tmp2lz6bxdu']
[2026-03-31T00:13:25.311+0200] {standard_task_runner.py:91} INFO - Job 5: Subtask extract_customers
[2026-03-31T00:13:25.433+0200] {task_command.py:426} INFO - Running <TaskInstance: etl_api_to_bi.extract_customers manual__2026-03-30T22:13:24.033943+00:00 [running]> on host c08873f45d31
[2026-03-31T00:13:25.912+0200] {taskinstance.py:2648} INFO - Exporting env vars: AIRFLOW_CTX_DAG_OWNER='data' AIRFLOW_CTX_DAG_ID='etl_api_to_bi' AIRFLOW_CTX_TASK_ID='extract_customers' AIRFLOW_CTX_EXECUTION_DATE='2026-03-30T22:13:24.033943+00:00' AIRFLOW_CTX_TRY_NUMBER='1' AIRFLOW_CTX_DAG_RUN_ID='manual__2026-03-30T22:13:24.033943+00:00'
[2026-03-31T00:13:25.914+0200] {taskinstance.py:430} INFO - ::endgroup::
[2026-03-31T00:13:26.557+0200] {crypto.py:82} WARNING - empty cryptography key - values will not be stored encrypted.
[2026-03-31T00:13:26.558+0200] {base.py:84} INFO - Using connection ID 'postgres_default' for task execution.
[2026-03-31T00:13:26.923+0200] {base.py:84} INFO - Using connection ID 'postgres_default' for task execution.
[2026-03-31T00:13:27.108+0200] {python.py:237} INFO - Done. Returned value was: 1000
[2026-03-31T00:13:27.110+0200] {taskinstance.py:441} INFO - ::group::Post task execution logs
[2026-03-31T00:13:27.146+0200] {taskinstance.py:1206} INFO - Marking task as SUCCESS. dag_id=etl_api_to_bi, task_id=extract_customers, run_id=manual__2026-03-30T22:13:24.033943+00:00, execution_date=20260330T221324, start_date=20260330T221325, end_date=20260330T221327
[2026-03-31T00:13:27.179+0200] {local_task_job_runner.py:243} INFO - Task exited with return code 0
[2026-03-31T00:13:27.210+0200] {taskinstance.py:3503} INFO - 0 downstream tasks scheduled from follow-on schedule check
[2026-03-31T00:13:27.212+0200] {local_task_job_runner.py:222} INFO - ::endgroup::
