[2026-03-31T01:03:17.578+0200] {local_task_job_runner.py:120} INFO - ::group::Pre task execution logs
[2026-03-31T01:03:17.616+0200] {taskinstance.py:2076} INFO - Dependencies all met for dep_context=non-requeueable deps ti=<TaskInstance: etl_api_to_bi.dbt_build manual__2026-03-30T23:03:05.752909+00:00 [queued]>
[2026-03-31T01:03:17.627+0200] {taskinstance.py:2076} INFO - Dependencies all met for dep_context=requeueable deps ti=<TaskInstance: etl_api_to_bi.dbt_build manual__2026-03-30T23:03:05.752909+00:00 [queued]>
[2026-03-31T01:03:17.628+0200] {taskinstance.py:2306} INFO - Starting attempt 1 of 3
[2026-03-31T01:03:17.644+0200] {taskinstance.py:2330} INFO - Executing <Task(BashOperator): dbt_build> on 2026-03-30 23:03:05.752909+00:00
[2026-03-31T01:03:17.648+0200] {standard_task_runner.py:64} INFO - Started process 792 to run task
[2026-03-31T01:03:17.651+0200] {standard_task_runner.py:90} INFO - Running: ['airflow', 'tasks', 'run', 'etl_api_to_bi', 'dbt_build', 'manual__2026-03-30T23:03:05.752909+00:00', '--job-id', '35', '--raw', '--subdir', 'DAGS_FOLDER/etl_api_to_bi.py', '--cfg-path', '/tmp/tmpptjts3a0']
[2026-03-31T01:03:17.654+0200] {standard_task_runner.py:91} INFO - Job 35: Subtask dbt_build
[2026-03-31T01:03:17.731+0200] {task_command.py:426} INFO - Running <TaskInstance: etl_api_to_bi.dbt_build manual__2026-03-30T23:03:05.752909+00:00 [running]> on host fcaa2f07ee84
[2026-03-31T01:03:17.998+0200] {taskinstance.py:2648} INFO - Exporting env vars: AIRFLOW_CTX_DAG_OWNER='data' AIRFLOW_CTX_DAG_ID='etl_api_to_bi' AIRFLOW_CTX_TASK_ID='dbt_build' AIRFLOW_CTX_EXECUTION_DATE='2026-03-30T23:03:05.752909+00:00' AIRFLOW_CTX_TRY_NUMBER='1' AIRFLOW_CTX_DAG_RUN_ID='manual__2026-03-30T23:03:05.752909+00:00'
[2026-03-31T01:03:17.999+0200] {taskinstance.py:430} INFO - ::endgroup::
[2026-03-31T01:03:18.010+0200] {subprocess.py:63} INFO - Tmp dir root location: /tmp
[2026-03-31T01:03:18.011+0200] {subprocess.py:75} INFO - Running command: ['/usr/bin/bash', '-c', "docker exec dbt bash -lc 'cd /usr/app && dbt build --fail-fast --profiles-dir /root/.dbt'"]
[2026-03-31T01:03:18.021+0200] {subprocess.py:86} INFO - Output:
[2026-03-31T01:03:19.544+0200] {subprocess.py:93} INFO - [0m23:03:19  Running with dbt=1.8.3
[2026-03-31T01:03:19.797+0200] {subprocess.py:93} INFO - [0m23:03:19  Registered adapter: postgres=1.8.2
[2026-03-31T01:03:21.092+0200] {subprocess.py:93} INFO - [0m23:03:21  Found 6 models, 11 data tests, 531 macros
[2026-03-31T01:03:21.098+0200] {subprocess.py:93} INFO - [0m23:03:21
[2026-03-31T01:03:21.296+0200] {subprocess.py:93} INFO - [0m23:03:21  Concurrency: 4 threads (target='dev')
[2026-03-31T01:03:21.300+0200] {subprocess.py:93} INFO - [0m23:03:21
[2026-03-31T01:03:21.309+0200] {subprocess.py:93} INFO - [0m23:03:21  1 of 17 START sql table model public_silver.silver_customers ................... [RUN]
[2026-03-31T01:03:21.311+0200] {subprocess.py:93} INFO - [0m23:03:21  2 of 17 START sql table model public_silver.silver_payments .................... [RUN]
[2026-03-31T01:03:21.313+0200] {subprocess.py:93} INFO - [0m23:03:21  3 of 17 START sql table model public_silver.silver_sessions .................... [RUN]
[2026-03-31T01:03:21.611+0200] {subprocess.py:93} INFO - [0m23:03:21  1 of 17 OK created sql table model public_silver.silver_customers .............. [[32mSELECT 1000[0m in 0.29s]
[2026-03-31T01:03:21.620+0200] {subprocess.py:93} INFO - [0m23:03:21  4 of 17 START test not_null_silver_customers_country ........................... [RUN]
[2026-03-31T01:03:21.621+0200] {subprocess.py:93} INFO - [0m23:03:21  5 of 17 START test not_null_silver_customers_customer_id ....................... [RUN]
[2026-03-31T01:03:21.638+0200] {subprocess.py:93} INFO - [0m23:03:21  2 of 17 OK created sql table model public_silver.silver_payments ............... [[32mSELECT 9016[0m in 0.32s]
[2026-03-31T01:03:21.666+0200] {subprocess.py:93} INFO - [0m23:03:21  6 of 17 START test unique_silver_customers_customer_id ......................... [RUN]
[2026-03-31T01:03:21.761+0200] {subprocess.py:93} INFO - [0m23:03:21  3 of 17 OK created sql table model public_silver.silver_sessions ............... [[32mSELECT 28205[0m in 0.41s]
[2026-03-31T01:03:21.774+0200] {subprocess.py:93} INFO - [0m23:03:21  7 of 17 START test accepted_values_silver_payments_status__suceeded__failed__refunded  [RUN]
[2026-03-31T01:03:21.842+0200] {subprocess.py:93} INFO - [0m23:03:21  4 of 17 PASS not_null_silver_customers_country ................................. [[32mPASS[0m in 0.21s]
[2026-03-31T01:03:21.844+0200] {subprocess.py:93} INFO - [0m23:03:21  5 of 17 PASS not_null_silver_customers_customer_id ............................. [[32mPASS[0m in 0.21s]
[2026-03-31T01:03:21.857+0200] {subprocess.py:93} INFO - [0m23:03:21  8 of 17 START test not_null_silver_payments_payment_id ......................... [RUN]
[2026-03-31T01:03:21.861+0200] {subprocess.py:93} INFO - [0m23:03:21  9 of 17 START test unique_silver_payments_payment_id ........................... [RUN]
[2026-03-31T01:03:21.864+0200] {subprocess.py:93} INFO - [0m23:03:21  6 of 17 PASS unique_silver_customers_customer_id ............................... [[32mPASS[0m in 0.20s]
[2026-03-31T01:03:21.890+0200] {subprocess.py:93} INFO - [0m23:03:21  10 of 17 START test accepted_values_silver_sessions_source__google__direct__facebook__linkedin__newsletter__referral__bing  [RUN]
[2026-03-31T01:03:21.902+0200] {subprocess.py:93} INFO - [0m23:03:21  7 of 17 FAIL 1 accepted_values_silver_payments_status__suceeded__failed__refunded  [[31mFAIL 1[0m in 0.13s]
[2026-03-31T01:03:21.930+0200] {subprocess.py:93} INFO - [0m23:03:21  11 of 17 START test not_null_silver_sessions_session_id ........................ [RUN]
[2026-03-31T01:03:22.044+0200] {subprocess.py:93} INFO - [0m23:03:22  8 of 17 PASS not_null_silver_payments_payment_id ............................... [[32mPASS[0m in 0.18s]
[2026-03-31T01:03:22.053+0200] {subprocess.py:93} INFO - [0m23:03:22  9 of 17 PASS unique_silver_payments_payment_id ................................. [[32mPASS[0m in 0.18s]
[2026-03-31T01:03:22.073+0200] {subprocess.py:93} INFO - [0m23:03:22  12 of 17 START test unique_silver_sessions_session_id .......................... [RUN]
[2026-03-31T01:03:22.082+0200] {subprocess.py:93} INFO - [0m23:03:22  13 of 17 START sql table model public_gold.dim_customer ........................ [RUN]
[2026-03-31T01:03:22.122+0200] {subprocess.py:93} INFO - [0m23:03:22  CANCEL query test.api_bi_project.unique_silver_payments_payment_id.09d6b3ec83 .. [[31mCANCEL[0m]
[2026-03-31T01:03:22.126+0200] {subprocess.py:93} INFO - [0m23:03:22  CANCEL query test.api_bi_project.accepted_values_silver_sessions_source__google__direct__facebook__linkedin__newsletter__referral__bing.717fc87c90  [[31mCANCEL[0m]
[2026-03-31T01:03:22.133+0200] {subprocess.py:93} INFO - [0m23:03:22  CANCEL query test.api_bi_project.not_null_silver_sessions_session_id.f74024a05b  [[31mCANCEL[0m]
[2026-03-31T01:03:22.146+0200] {subprocess.py:93} INFO - [0m23:03:22  CANCEL query test.api_bi_project.not_null_silver_payments_payment_id.71305d150f  [[31mCANCEL[0m]
[2026-03-31T01:03:22.149+0200] {subprocess.py:93} INFO - [0m23:03:22  10 of 17 FAIL 1 accepted_values_silver_sessions_source__google__direct__facebook__linkedin__newsletter__referral__bing  [[31mFAIL 1[0m in 0.25s]
[2026-03-31T01:03:22.150+0200] {subprocess.py:93} INFO - [0m23:03:22  11 of 17 PASS not_null_silver_sessions_session_id .............................. [[32mPASS[0m in 0.22s]
[2026-03-31T01:03:22.224+0200] {subprocess.py:93} INFO - [0m23:03:22  12 of 17 PASS unique_silver_sessions_session_id ................................ [[32mPASS[0m in 0.14s]
[2026-03-31T01:03:22.256+0200] {subprocess.py:93} INFO - [0m23:03:22  13 of 17 OK created sql table model public_gold.dim_customer ................... [[32mSELECT 1000[0m in 0.16s]
[2026-03-31T01:03:22.261+0200] {subprocess.py:93} INFO - [0m23:03:22
[2026-03-31T01:03:22.263+0200] {subprocess.py:93} INFO - [0m23:03:22  [31mFailure in test accepted_values_silver_payments_status__suceeded__failed__refunded (models/models.yml)[0m
[2026-03-31T01:03:22.266+0200] {subprocess.py:93} INFO - [0m23:03:22    Got 1 result, configured to fail if != 0
[2026-03-31T01:03:22.269+0200] {subprocess.py:93} INFO - [0m23:03:22
[2026-03-31T01:03:22.271+0200] {subprocess.py:93} INFO - [0m23:03:22    compiled code at target/compiled/api_bi_project/models/models.yml/accepted_values_silver_payment_83378c4cb60bd3def108896b63bd51b7.sql
[2026-03-31T01:03:22.311+0200] {subprocess.py:93} INFO - [0m23:03:22
[2026-03-31T01:03:22.314+0200] {subprocess.py:93} INFO - [0m23:03:22  Finished running 6 table models, 11 data tests in 0 hours 0 minutes and 1.21 seconds (1.21s).
[2026-03-31T01:03:22.392+0200] {subprocess.py:93} INFO - [0m23:03:22
[2026-03-31T01:03:22.394+0200] {subprocess.py:93} INFO - [0m23:03:22  [31mCompleted with 9 errors and 0 warnings:[0m
[2026-03-31T01:03:22.396+0200] {subprocess.py:93} INFO - [0m23:03:22
[2026-03-31T01:03:22.397+0200] {subprocess.py:93} INFO - [0m23:03:22  [31mFailure in test accepted_values_silver_payments_status__suceeded__failed__refunded (models/models.yml)[0m
[2026-03-31T01:03:22.399+0200] {subprocess.py:93} INFO - [0m23:03:22    Got 1 result, configured to fail if != 0
[2026-03-31T01:03:22.401+0200] {subprocess.py:93} INFO - [0m23:03:22
[2026-03-31T01:03:22.403+0200] {subprocess.py:93} INFO - [0m23:03:22    compiled code at target/compiled/api_bi_project/models/models.yml/accepted_values_silver_payment_83378c4cb60bd3def108896b63bd51b7.sql
[2026-03-31T01:03:22.404+0200] {subprocess.py:93} INFO - [0m23:03:22
[2026-03-31T01:03:22.407+0200] {subprocess.py:93} INFO - [0m23:03:22    Skipping due to fail_fast
[2026-03-31T01:03:22.409+0200] {subprocess.py:93} INFO - [0m23:03:22
[2026-03-31T01:03:22.411+0200] {subprocess.py:93} INFO - [0m23:03:22    Skipping due to fail_fast
[2026-03-31T01:03:22.412+0200] {subprocess.py:93} INFO - [0m23:03:22
[2026-03-31T01:03:22.414+0200] {subprocess.py:93} INFO - [0m23:03:22    Skipping due to fail_fast
[2026-03-31T01:03:22.416+0200] {subprocess.py:93} INFO - [0m23:03:22
[2026-03-31T01:03:22.417+0200] {subprocess.py:93} INFO - [0m23:03:22    Skipping due to fail_fast
[2026-03-31T01:03:22.419+0200] {subprocess.py:93} INFO - [0m23:03:22
[2026-03-31T01:03:22.420+0200] {subprocess.py:93} INFO - [0m23:03:22    Skipping due to fail_fast
[2026-03-31T01:03:22.422+0200] {subprocess.py:93} INFO - [0m23:03:22
[2026-03-31T01:03:22.424+0200] {subprocess.py:93} INFO - [0m23:03:22    Skipping due to fail_fast
[2026-03-31T01:03:22.426+0200] {subprocess.py:93} INFO - [0m23:03:22
[2026-03-31T01:03:22.428+0200] {subprocess.py:93} INFO - [0m23:03:22    Skipping due to fail_fast
[2026-03-31T01:03:22.429+0200] {subprocess.py:93} INFO - [0m23:03:22
[2026-03-31T01:03:22.431+0200] {subprocess.py:93} INFO - [0m23:03:22    Skipping due to fail_fast
[2026-03-31T01:03:22.433+0200] {subprocess.py:93} INFO - [0m23:03:22
[2026-03-31T01:03:22.435+0200] {subprocess.py:93} INFO - [0m23:03:22  Done. PASS=8 WARN=0 ERROR=1 SKIP=8 TOTAL=17
[2026-03-31T01:03:23.254+0200] {subprocess.py:97} INFO - Command exited with return code 1
[2026-03-31T01:03:23.255+0200] {taskinstance.py:441} INFO - ::group::Post task execution logs
[2026-03-31T01:03:23.270+0200] {taskinstance.py:2905} ERROR - Task failed with exception
Traceback (most recent call last):
  File "/home/airflow/.local/lib/python3.11/site-packages/airflow/models/taskinstance.py", line 465, in _execute_task
    result = _execute_callable(context=context, **execute_callable_kwargs)
             ^^^^^^^^^^^^^^^^^^^^^^^^^^^^^^^^^^^^^^^^^^^^^^^^^^^^^^^^^^^^^
  File "/home/airflow/.local/lib/python3.11/site-packages/airflow/models/taskinstance.py", line 432, in _execute_callable
    return execute_callable(context=context, **execute_callable_kwargs)
           ^^^^^^^^^^^^^^^^^^^^^^^^^^^^^^^^^^^^^^^^^^^^^^^^^^^^^^^^^^^^
  File "/home/airflow/.local/lib/python3.11/site-packages/airflow/models/baseoperator.py", line 401, in wrapper
    return func(self, *args, **kwargs)
           ^^^^^^^^^^^^^^^^^^^^^^^^^^^
  File "/home/airflow/.local/lib/python3.11/site-packages/airflow/operators/bash.py", line 243, in execute
    raise AirflowException(
airflow.exceptions.AirflowException: Bash command failed. The command returned a non-zero exit code 1.
[2026-03-31T01:03:23.275+0200] {taskinstance.py:1206} INFO - Marking task as UP_FOR_RETRY. dag_id=etl_api_to_bi, task_id=dbt_build, run_id=manual__2026-03-30T23:03:05.752909+00:00, execution_date=20260330T230305, start_date=20260330T230317, end_date=20260330T230323
[2026-03-31T01:03:23.289+0200] {standard_task_runner.py:110} ERROR - Failed to execute job 35 for task dbt_build (Bash command failed. The command returned a non-zero exit code 1.; 792)
[2026-03-31T01:03:23.313+0200] {local_task_job_runner.py:243} INFO - Task exited with return code 1
[2026-03-31T01:03:23.334+0200] {taskinstance.py:3503} INFO - 0 downstream tasks scheduled from follow-on schedule check
[2026-03-31T01:03:23.345+0200] {local_task_job_runner.py:222} INFO - ::endgroup::
