[2026-03-31T01:07:29.618+0200] {local_task_job_runner.py:120} INFO - ::group::Pre task execution logs
[2026-03-31T01:07:29.660+0200] {taskinstance.py:2076} INFO - Dependencies all met for dep_context=non-requeueable deps ti=<TaskInstance: etl_api_to_bi.dbt_build manual__2026-03-30T23:03:05.752909+00:00 [queued]>
[2026-03-31T01:07:29.675+0200] {taskinstance.py:2076} INFO - Dependencies all met for dep_context=requeueable deps ti=<TaskInstance: etl_api_to_bi.dbt_build manual__2026-03-30T23:03:05.752909+00:00 [queued]>
[2026-03-31T01:07:29.676+0200] {taskinstance.py:2306} INFO - Starting attempt 3 of 3
[2026-03-31T01:07:29.694+0200] {taskinstance.py:2330} INFO - Executing <Task(BashOperator): dbt_build> on 2026-03-30 23:03:05.752909+00:00
[2026-03-31T01:07:29.698+0200] {standard_task_runner.py:64} INFO - Started process 891 to run task
[2026-03-31T01:07:29.702+0200] {standard_task_runner.py:90} INFO - Running: ['airflow', 'tasks', 'run', 'etl_api_to_bi', 'dbt_build', 'manual__2026-03-30T23:03:05.752909+00:00', '--job-id', '40', '--raw', '--subdir', 'DAGS_FOLDER/etl_api_to_bi.py', '--cfg-path', '/tmp/tmp5w_zaxzt']
[2026-03-31T01:07:29.705+0200] {standard_task_runner.py:91} INFO - Job 40: Subtask dbt_build
[2026-03-31T01:07:29.794+0200] {task_command.py:426} INFO - Running <TaskInstance: etl_api_to_bi.dbt_build manual__2026-03-30T23:03:05.752909+00:00 [running]> on host fcaa2f07ee84
[2026-03-31T01:07:30.033+0200] {taskinstance.py:2648} INFO - Exporting env vars: AIRFLOW_CTX_DAG_OWNER='data' AIRFLOW_CTX_DAG_ID='etl_api_to_bi' AIRFLOW_CTX_TASK_ID='dbt_build' AIRFLOW_CTX_EXECUTION_DATE='2026-03-30T23:03:05.752909+00:00' AIRFLOW_CTX_TRY_NUMBER='3' AIRFLOW_CTX_DAG_RUN_ID='manual__2026-03-30T23:03:05.752909+00:00'
[2026-03-31T01:07:30.034+0200] {taskinstance.py:430} INFO - ::endgroup::
[2026-03-31T01:07:30.043+0200] {subprocess.py:63} INFO - Tmp dir root location: /tmp
[2026-03-31T01:07:30.045+0200] {subprocess.py:75} INFO - Running command: ['/usr/bin/bash', '-c', "docker exec dbt bash -lc 'cd /usr/app && dbt build --fail-fast --profiles-dir /root/.dbt'"]
[2026-03-31T01:07:30.054+0200] {subprocess.py:86} INFO - Output:
[2026-03-31T01:07:31.697+0200] {subprocess.py:93} INFO - [0m23:07:31  Running with dbt=1.8.3
[2026-03-31T01:07:31.965+0200] {subprocess.py:93} INFO - [0m23:07:31  Registered adapter: postgres=1.8.2
[2026-03-31T01:07:33.163+0200] {subprocess.py:93} INFO - [0m23:07:33  Found 6 models, 11 data tests, 531 macros
[2026-03-31T01:07:33.167+0200] {subprocess.py:93} INFO - [0m23:07:33
[2026-03-31T01:07:33.370+0200] {subprocess.py:93} INFO - [0m23:07:33  Concurrency: 4 threads (target='dev')
[2026-03-31T01:07:33.371+0200] {subprocess.py:93} INFO - [0m23:07:33
[2026-03-31T01:07:33.378+0200] {subprocess.py:93} INFO - [0m23:07:33  1 of 17 START sql table model public_silver.silver_customers ................... [RUN]
[2026-03-31T01:07:33.380+0200] {subprocess.py:93} INFO - [0m23:07:33  2 of 17 START sql table model public_silver.silver_payments .................... [RUN]
[2026-03-31T01:07:33.382+0200] {subprocess.py:93} INFO - [0m23:07:33  3 of 17 START sql table model public_silver.silver_sessions .................... [RUN]
[2026-03-31T01:07:33.671+0200] {subprocess.py:93} INFO - [0m23:07:33  1 of 17 OK created sql table model public_silver.silver_customers .............. [[32mSELECT 1000[0m in 0.28s]
[2026-03-31T01:07:33.673+0200] {subprocess.py:93} INFO - [0m23:07:33  2 of 17 OK created sql table model public_silver.silver_payments ............... [[32mSELECT 9016[0m in 0.28s]
[2026-03-31T01:07:33.686+0200] {subprocess.py:93} INFO - [0m23:07:33  4 of 17 START test not_null_silver_customers_country ........................... [RUN]
[2026-03-31T01:07:33.688+0200] {subprocess.py:93} INFO - [0m23:07:33  5 of 17 START test not_null_silver_customers_customer_id ....................... [RUN]
[2026-03-31T01:07:33.690+0200] {subprocess.py:93} INFO - [0m23:07:33  6 of 17 START test unique_silver_customers_customer_id ......................... [RUN]
[2026-03-31T01:07:33.797+0200] {subprocess.py:93} INFO - [0m23:07:33  3 of 17 OK created sql table model public_silver.silver_sessions ............... [[32mSELECT 28205[0m in 0.41s]
[2026-03-31T01:07:33.828+0200] {subprocess.py:93} INFO - [0m23:07:33  7 of 17 START test accepted_values_silver_payments_status__suceeded__failed__refunded  [RUN]
[2026-03-31T01:07:33.898+0200] {subprocess.py:93} INFO - [0m23:07:33  5 of 17 PASS not_null_silver_customers_customer_id ............................. [[32mPASS[0m in 0.20s]
[2026-03-31T01:07:33.903+0200] {subprocess.py:93} INFO - [0m23:07:33  4 of 17 PASS not_null_silver_customers_country ................................. [[32mPASS[0m in 0.21s]
[2026-03-31T01:07:33.910+0200] {subprocess.py:93} INFO - [0m23:07:33  6 of 17 PASS unique_silver_customers_customer_id ............................... [[32mPASS[0m in 0.21s]
[2026-03-31T01:07:33.919+0200] {subprocess.py:93} INFO - [0m23:07:33  8 of 17 START test not_null_silver_payments_payment_id ......................... [RUN]
[2026-03-31T01:07:33.924+0200] {subprocess.py:93} INFO - [0m23:07:33  9 of 17 START test unique_silver_payments_payment_id ........................... [RUN]
[2026-03-31T01:07:33.929+0200] {subprocess.py:93} INFO - [0m23:07:33  10 of 17 START test accepted_values_silver_sessions_source__google__direct__facebook__linkedin__newsletter__referral__bing  [RUN]
[2026-03-31T01:07:33.970+0200] {subprocess.py:93} INFO - [0m23:07:33  7 of 17 FAIL 1 accepted_values_silver_payments_status__suceeded__failed__refunded  [[31mFAIL 1[0m in 0.14s]
[2026-03-31T01:07:33.992+0200] {subprocess.py:93} INFO - [0m23:07:33  11 of 17 START test not_null_silver_sessions_session_id ........................ [RUN]
[2026-03-31T01:07:34.054+0200] {subprocess.py:93} INFO - [0m23:07:34  8 of 17 PASS not_null_silver_payments_payment_id ............................... [[32mPASS[0m in 0.13s]
[2026-03-31T01:07:34.071+0200] {subprocess.py:93} INFO - [0m23:07:34  9 of 17 PASS unique_silver_payments_payment_id ................................. [[32mPASS[0m in 0.14s]
[2026-03-31T01:07:34.074+0200] {subprocess.py:93} INFO - [0m23:07:34  12 of 17 START test unique_silver_sessions_session_id .......................... [RUN]
[2026-03-31T01:07:34.078+0200] {subprocess.py:93} INFO - [0m23:07:34  10 of 17 FAIL 1 accepted_values_silver_sessions_source__google__direct__facebook__linkedin__newsletter__referral__bing  [[31mFAIL 1[0m in 0.14s]
[2026-03-31T01:07:34.088+0200] {subprocess.py:93} INFO - [0m23:07:34  13 of 17 START sql table model public_gold.dim_customer ........................ [RUN]
[2026-03-31T01:07:34.132+0200] {subprocess.py:93} INFO - [0m23:07:34  CANCEL query test.api_bi_project.unique_silver_sessions_session_id.9a8d5b03a8 .. [[31mCANCEL[0m]
[2026-03-31T01:07:34.136+0200] {subprocess.py:93} INFO - [0m23:07:34  CANCEL query test.api_bi_project.accepted_values_silver_sessions_source__google__direct__facebook__linkedin__newsletter__referral__bing.717fc87c90  [[31mCANCEL[0m]
[2026-03-31T01:07:34.145+0200] {subprocess.py:93} INFO - [0m23:07:34  CANCEL query test.api_bi_project.not_null_silver_sessions_session_id.f74024a05b  [[31mCANCEL[0m]
[2026-03-31T01:07:34.151+0200] {subprocess.py:93} INFO - [0m23:07:34  CANCEL query test.api_bi_project.unique_silver_payments_payment_id.09d6b3ec83 .. [[31mCANCEL[0m]
[2026-03-31T01:07:34.153+0200] {subprocess.py:93} INFO - [0m23:07:34  11 of 17 PASS not_null_silver_sessions_session_id .............................. [[32mPASS[0m in 0.16s]
[2026-03-31T01:07:34.167+0200] {subprocess.py:93} INFO - [0m23:07:34  12 of 17 ERROR unique_silver_sessions_session_id ............................... [[31mERROR[0m in 0.09s]
[2026-03-31T01:07:34.269+0200] {subprocess.py:93} INFO - [0m23:07:34  13 of 17 OK created sql table model public_gold.dim_customer ................... [[32mSELECT 1000[0m in 0.17s]
[2026-03-31T01:07:34.273+0200] {subprocess.py:93} INFO - [0m23:07:34
[2026-03-31T01:07:34.274+0200] {subprocess.py:93} INFO - [0m23:07:34  [31mFailure in test accepted_values_silver_payments_status__suceeded__failed__refunded (models/models.yml)[0m
[2026-03-31T01:07:34.276+0200] {subprocess.py:93} INFO - [0m23:07:34    Got 1 result, configured to fail if != 0
[2026-03-31T01:07:34.278+0200] {subprocess.py:93} INFO - [0m23:07:34
[2026-03-31T01:07:34.279+0200] {subprocess.py:93} INFO - [0m23:07:34    compiled code at target/compiled/api_bi_project/models/models.yml/accepted_values_silver_payment_83378c4cb60bd3def108896b63bd51b7.sql
[2026-03-31T01:07:34.310+0200] {subprocess.py:93} INFO - [0m23:07:34
[2026-03-31T01:07:34.312+0200] {subprocess.py:93} INFO - [0m23:07:34  Finished running 6 table models, 11 data tests in 0 hours 0 minutes and 1.14 seconds (1.14s).
[2026-03-31T01:07:34.397+0200] {subprocess.py:93} INFO - [0m23:07:34
[2026-03-31T01:07:34.401+0200] {subprocess.py:93} INFO - [0m23:07:34  [31mCompleted with 9 errors and 0 warnings:[0m
[2026-03-31T01:07:34.404+0200] {subprocess.py:93} INFO - [0m23:07:34
[2026-03-31T01:07:34.407+0200] {subprocess.py:93} INFO - [0m23:07:34  [31mFailure in test accepted_values_silver_payments_status__suceeded__failed__refunded (models/models.yml)[0m
[2026-03-31T01:07:34.410+0200] {subprocess.py:93} INFO - [0m23:07:34    Got 1 result, configured to fail if != 0
[2026-03-31T01:07:34.414+0200] {subprocess.py:93} INFO - [0m23:07:34
[2026-03-31T01:07:34.418+0200] {subprocess.py:93} INFO - [0m23:07:34    compiled code at target/compiled/api_bi_project/models/models.yml/accepted_values_silver_payment_83378c4cb60bd3def108896b63bd51b7.sql
[2026-03-31T01:07:34.421+0200] {subprocess.py:93} INFO - [0m23:07:34
[2026-03-31T01:07:34.424+0200] {subprocess.py:93} INFO - [0m23:07:34    Skipping due to fail_fast
[2026-03-31T01:07:34.426+0200] {subprocess.py:93} INFO - [0m23:07:34
[2026-03-31T01:07:34.429+0200] {subprocess.py:93} INFO - [0m23:07:34    Skipping due to fail_fast
[2026-03-31T01:07:34.432+0200] {subprocess.py:93} INFO - [0m23:07:34
[2026-03-31T01:07:34.436+0200] {subprocess.py:93} INFO - [0m23:07:34    Skipping due to fail_fast
[2026-03-31T01:07:34.439+0200] {subprocess.py:93} INFO - [0m23:07:34
[2026-03-31T01:07:34.441+0200] {subprocess.py:93} INFO - [0m23:07:34    Skipping due to fail_fast
[2026-03-31T01:07:34.443+0200] {subprocess.py:93} INFO - [0m23:07:34
[2026-03-31T01:07:34.446+0200] {subprocess.py:93} INFO - [0m23:07:34    Skipping due to fail_fast
[2026-03-31T01:07:34.448+0200] {subprocess.py:93} INFO - [0m23:07:34
[2026-03-31T01:07:34.450+0200] {subprocess.py:93} INFO - [0m23:07:34    Skipping due to fail_fast
[2026-03-31T01:07:34.452+0200] {subprocess.py:93} INFO - [0m23:07:34
[2026-03-31T01:07:34.455+0200] {subprocess.py:93} INFO - [0m23:07:34    Skipping due to fail_fast
[2026-03-31T01:07:34.456+0200] {subprocess.py:93} INFO - [0m23:07:34
[2026-03-31T01:07:34.458+0200] {subprocess.py:93} INFO - [0m23:07:34    Skipping due to fail_fast
[2026-03-31T01:07:34.460+0200] {subprocess.py:93} INFO - [0m23:07:34
[2026-03-31T01:07:34.462+0200] {subprocess.py:93} INFO - [0m23:07:34  Done. PASS=8 WARN=0 ERROR=1 SKIP=8 TOTAL=17
[2026-03-31T01:07:35.165+0200] {subprocess.py:97} INFO - Command exited with return code 1
[2026-03-31T01:07:35.167+0200] {taskinstance.py:441} INFO - ::group::Post task execution logs
[2026-03-31T01:07:35.183+0200] {taskinstance.py:2905} ERROR - Task failed with exception
Traceback (most recent call last):
  File "/home/airflow/.local/lib/python3.11/site-packages/airflow/models/taskinstance.py", line 465, in _execute_task
    result = _execute_callable(context=context, **execute_callable_kwargs)
             ^^^^^^^^^^^^^^^^^^^^^^^^^^^^^^^^^^^^^^^^^^^^^^^^^^^^^^^^^^^^^
  File "/home/airflow/.local/lib/python3.11/site-packages/airflow/models/taskinstance.py", line 432, in _execute_callable
    return execute_callable(context=context, **execute_callable_kwargs)
           ^^^^^^^^^^^^^^^^^^^^^^^^^^^^^^^^^^^^^^^^^^^^^^^^^^^^^^^^^^^^
  File "/home/airflow/.local/lib/python3.11/site-packages/airflow/models/baseoperator.py", line 401, in wrapper
    return func(self, *args, **kwargs)
           ^^^^^^^^^^^^^^^^^^^^^^^^^^^
  File "/home/airflow/.local/lib/python3.11/site-packages/airflow/operators/bash.py", line 243, in execute
    raise AirflowException(
airflow.exceptions.AirflowException: Bash command failed. The command returned a non-zero exit code 1.
[2026-03-31T01:07:35.189+0200] {taskinstance.py:1206} INFO - Marking task as FAILED. dag_id=etl_api_to_bi, task_id=dbt_build, run_id=manual__2026-03-30T23:03:05.752909+00:00, execution_date=20260330T230305, start_date=20260330T230729, end_date=20260330T230735
[2026-03-31T01:07:35.207+0200] {standard_task_runner.py:110} ERROR - Failed to execute job 40 for task dbt_build (Bash command failed. The command returned a non-zero exit code 1.; 891)
[2026-03-31T01:07:35.241+0200] {local_task_job_runner.py:243} INFO - Task exited with return code 1
[2026-03-31T01:07:35.260+0200] {taskinstance.py:3503} INFO - 0 downstream tasks scheduled from follow-on schedule check
[2026-03-31T01:07:35.263+0200] {local_task_job_runner.py:222} INFO - ::endgroup::
