[2026-03-31T00:15:01.254+0200] {local_task_job_runner.py:120} INFO - ::group::Pre task execution logs
[2026-03-31T00:15:01.307+0200] {taskinstance.py:2076} INFO - Dependencies all met for dep_context=non-requeueable deps ti=<TaskInstance: etl_api_to_bi.extract_customers scheduled__2026-03-30T22:00:00+00:00 [queued]>
[2026-03-31T00:15:01.319+0200] {taskinstance.py:2076} INFO - Dependencies all met for dep_context=requeueable deps ti=<TaskInstance: etl_api_to_bi.extract_customers scheduled__2026-03-30T22:00:00+00:00 [queued]>
[2026-03-31T00:15:01.320+0200] {taskinstance.py:2306} INFO - Starting attempt 1 of 3
[2026-03-31T00:15:01.348+0200] {taskinstance.py:2330} INFO - Executing <Task(PythonOperator): extract_customers> on 2026-03-30 22:00:00+00:00
[2026-03-31T00:15:01.355+0200] {standard_task_runner.py:64} INFO - Started process 234 to run task
[2026-03-31T00:15:01.359+0200] {standard_task_runner.py:90} INFO - Running: ['airflow', 'tasks', 'run', 'etl_api_to_bi', 'extract_customers', 'scheduled__2026-03-30T22:00:00+00:00', '--job-id', '10', '--raw', '--subdir', 'DAGS_FOLDER/etl_api_to_bi.py', '--cfg-path', '/tmp/tmpl76rs4v5']
[2026-03-31T00:15:01.364+0200] {standard_task_runner.py:91} INFO - Job 10: Subtask extract_customers
[2026-03-31T00:15:01.458+0200] {task_command.py:426} INFO - Running <TaskInstance: etl_api_to_bi.extract_customers scheduled__2026-03-30T22:00:00+00:00 [running]> on host c08873f45d31
[2026-03-31T00:15:01.790+0200] {taskinstance.py:2648} INFO - Exporting env vars: AIRFLOW_CTX_DAG_OWNER='data' AIRFLOW_CTX_DAG_ID='etl_api_to_bi' AIRFLOW_CTX_TASK_ID='extract_customers' AIRFLOW_CTX_EXECUTION_DATE='2026-03-30T22:00:00+00:00' AIRFLOW_CTX_TRY_NUMBER='1' AIRFLOW_CTX_DAG_RUN_ID='scheduled__2026-03-30T22:00:00+00:00'
[2026-03-31T00:15:01.794+0200] {taskinstance.py:430} INFO - ::endgroup::
[2026-03-31T00:16:01.920+0200] {crypto.py:82} WARNING - empty cryptography key - values will not be stored encrypted.
[2026-03-31T00:16:01.921+0200] {base.py:84} INFO - Using connection ID 'postgres_default' for task execution.
[2026-03-31T00:16:01.944+0200] {python.py:237} INFO - Done. Returned value was: 1
[2026-03-31T00:16:01.945+0200] {taskinstance.py:441} INFO - ::group::Post task execution logs
[2026-03-31T00:16:01.971+0200] {taskinstance.py:1206} INFO - Marking task as SUCCESS. dag_id=etl_api_to_bi, task_id=extract_customers, run_id=scheduled__2026-03-30T22:00:00+00:00, execution_date=20260330T220000, start_date=20260330T221501, end_date=20260330T221601
[2026-03-31T00:16:02.016+0200] {local_task_job_runner.py:243} INFO - Task exited with return code 0
[2026-03-31T00:16:02.040+0200] {taskinstance.py:3503} INFO - 0 downstream tasks scheduled from follow-on schedule check
[2026-03-31T00:16:02.043+0200] {local_task_job_runner.py:222} INFO - ::endgroup::
[2026-03-31T00:25:52.271+0200] {local_task_job_runner.py:120} INFO - ::group::Pre task execution logs
[2026-03-31T00:25:52.311+0200] {taskinstance.py:2076} INFO - Dependencies all met for dep_context=non-requeueable deps ti=<TaskInstance: etl_api_to_bi.extract_customers scheduled__2026-03-30T22:00:00+00:00 [queued]>
[2026-03-31T00:25:52.321+0200] {taskinstance.py:2076} INFO - Dependencies all met for dep_context=requeueable deps ti=<TaskInstance: etl_api_to_bi.extract_customers scheduled__2026-03-30T22:00:00+00:00 [queued]>
[2026-03-31T00:25:52.322+0200] {taskinstance.py:2306} INFO - Starting attempt 1 of 3
[2026-03-31T00:25:52.337+0200] {taskinstance.py:2330} INFO - Executing <Task(PythonOperator): extract_customers> on 2026-03-30 22:00:00+00:00
[2026-03-31T00:25:52.343+0200] {standard_task_runner.py:64} INFO - Started process 205 to run task
[2026-03-31T00:25:52.347+0200] {standard_task_runner.py:90} INFO - Running: ['airflow', 'tasks', 'run', 'etl_api_to_bi', 'extract_customers', 'scheduled__2026-03-30T22:00:00+00:00', '--job-id', '3', '--raw', '--subdir', 'DAGS_FOLDER/etl_api_to_bi.py', '--cfg-path', '/tmp/tmp2qnh80iy']
[2026-03-31T00:25:52.350+0200] {standard_task_runner.py:91} INFO - Job 3: Subtask extract_customers
[2026-03-31T00:25:52.435+0200] {task_command.py:426} INFO - Running <TaskInstance: etl_api_to_bi.extract_customers scheduled__2026-03-30T22:00:00+00:00 [running]> on host fcaa2f07ee84
[2026-03-31T00:25:52.730+0200] {taskinstance.py:2648} INFO - Exporting env vars: AIRFLOW_CTX_DAG_OWNER='data' AIRFLOW_CTX_DAG_ID='etl_api_to_bi' AIRFLOW_CTX_TASK_ID='extract_customers' AIRFLOW_CTX_EXECUTION_DATE='2026-03-30T22:00:00+00:00' AIRFLOW_CTX_TRY_NUMBER='1' AIRFLOW_CTX_DAG_RUN_ID='scheduled__2026-03-30T22:00:00+00:00'
[2026-03-31T00:25:52.731+0200] {taskinstance.py:430} INFO - ::endgroup::
[2026-03-31T00:25:52.829+0200] {crypto.py:82} WARNING - empty cryptography key - values will not be stored encrypted.
[2026-03-31T00:25:52.829+0200] {base.py:84} INFO - Using connection ID 'postgres_default' for task execution.
[2026-03-31T00:25:53.127+0200] {base.py:84} INFO - Using connection ID 'postgres_default' for task execution.
[2026-03-31T00:25:53.306+0200] {python.py:237} INFO - Done. Returned value was: 1000
[2026-03-31T00:25:53.308+0200] {taskinstance.py:441} INFO - ::group::Post task execution logs
[2026-03-31T00:25:53.339+0200] {taskinstance.py:1206} INFO - Marking task as SUCCESS. dag_id=etl_api_to_bi, task_id=extract_customers, run_id=scheduled__2026-03-30T22:00:00+00:00, execution_date=20260330T220000, start_date=20260330T222552, end_date=20260330T222553
[2026-03-31T00:25:53.368+0200] {local_task_job_runner.py:243} INFO - Task exited with return code 0
[2026-03-31T00:25:53.394+0200] {taskinstance.py:3503} INFO - 0 downstream tasks scheduled from follow-on schedule check
[2026-03-31T00:25:53.396+0200] {local_task_job_runner.py:222} INFO - ::endgroup::
