[2026-03-31T00:30:02.434+0200] {local_task_job_runner.py:120} INFO - ::group::Pre task execution logs
[2026-03-31T00:30:02.470+0200] {taskinstance.py:2076} INFO - Dependencies all met for dep_context=non-requeueable deps ti=<TaskInstance: etl_api_to_bi.dbt_deps scheduled__2026-03-30T22:15:00+00:00 [queued]>
[2026-03-31T00:30:02.480+0200] {taskinstance.py:2076} INFO - Dependencies all met for dep_context=requeueable deps ti=<TaskInstance: etl_api_to_bi.dbt_deps scheduled__2026-03-30T22:15:00+00:00 [queued]>
[2026-03-31T00:30:02.481+0200] {taskinstance.py:2306} INFO - Starting attempt 1 of 3
[2026-03-31T00:30:02.498+0200] {taskinstance.py:2330} INFO - Executing <Task(BashOperator): dbt_deps> on 2026-03-30 22:15:00+00:00
[2026-03-31T00:30:02.503+0200] {standard_task_runner.py:64} INFO - Started process 280 to run task
[2026-03-31T00:30:02.506+0200] {standard_task_runner.py:90} INFO - Running: ['airflow', 'tasks', 'run', 'etl_api_to_bi', 'dbt_deps', 'scheduled__2026-03-30T22:15:00+00:00', '--job-id', '10', '--raw', '--subdir', 'DAGS_FOLDER/etl_api_to_bi.py', '--cfg-path', '/tmp/tmp6opuk_xy']
[2026-03-31T00:30:02.509+0200] {standard_task_runner.py:91} INFO - Job 10: Subtask dbt_deps
[2026-03-31T00:30:02.590+0200] {task_command.py:426} INFO - Running <TaskInstance: etl_api_to_bi.dbt_deps scheduled__2026-03-30T22:15:00+00:00 [running]> on host fcaa2f07ee84
[2026-03-31T00:30:02.821+0200] {taskinstance.py:2648} INFO - Exporting env vars: AIRFLOW_CTX_DAG_OWNER='data' AIRFLOW_CTX_DAG_ID='etl_api_to_bi' AIRFLOW_CTX_TASK_ID='dbt_deps' AIRFLOW_CTX_EXECUTION_DATE='2026-03-30T22:15:00+00:00' AIRFLOW_CTX_TRY_NUMBER='1' AIRFLOW_CTX_DAG_RUN_ID='scheduled__2026-03-30T22:15:00+00:00'
[2026-03-31T00:30:02.822+0200] {taskinstance.py:430} INFO - ::endgroup::
[2026-03-31T00:30:02.832+0200] {subprocess.py:63} INFO - Tmp dir root location: /tmp
[2026-03-31T00:30:02.834+0200] {subprocess.py:75} INFO - Running command: ['/usr/bin/bash', '-c', "docker exec dbt bash -lc 'cd /usr/app && dbt deps --profiles-dir /root/.dbt'"]
[2026-03-31T00:30:02.844+0200] {subprocess.py:86} INFO - Output:
[2026-03-31T00:30:02.880+0200] {subprocess.py:93} INFO - Error response from daemon: container cce20099e90420fbfb99aa433f262aa44b49b3d7ae42a669ea357b20f3ed0124 is not running
[2026-03-31T00:30:02.881+0200] {subprocess.py:97} INFO - Command exited with return code 1
[2026-03-31T00:30:02.882+0200] {taskinstance.py:441} INFO - ::group::Post task execution logs
[2026-03-31T00:30:02.895+0200] {taskinstance.py:2905} ERROR - Task failed with exception
Traceback (most recent call last):
  File "/home/airflow/.local/lib/python3.11/site-packages/airflow/models/taskinstance.py", line 465, in _execute_task
    result = _execute_callable(context=context, **execute_callable_kwargs)
             ^^^^^^^^^^^^^^^^^^^^^^^^^^^^^^^^^^^^^^^^^^^^^^^^^^^^^^^^^^^^^
  File "/home/airflow/.local/lib/python3.11/site-packages/airflow/models/taskinstance.py", line 432, in _execute_callable
    return execute_callable(context=context, **execute_callable_kwargs)
           ^^^^^^^^^^^^^^^^^^^^^^^^^^^^^^^^^^^^^^^^^^^^^^^^^^^^^^^^^^^^
  File "/home/airflow/.local/lib/python3.11/site-packages/airflow/models/baseoperator.py", line 401, in wrapper
    return func(self, *args, **kwargs)
           ^^^^^^^^^^^^^^^^^^^^^^^^^^^
  File "/home/airflow/.local/lib/python3.11/site-packages/airflow/operators/bash.py", line 243, in execute
    raise AirflowException(
airflow.exceptions.AirflowException: Bash command failed. The command returned a non-zero exit code 1.
[2026-03-31T00:30:02.899+0200] {taskinstance.py:1206} INFO - Marking task as UP_FOR_RETRY. dag_id=etl_api_to_bi, task_id=dbt_deps, run_id=scheduled__2026-03-30T22:15:00+00:00, execution_date=20260330T221500, start_date=20260330T223002, end_date=20260330T223002
[2026-03-31T00:30:02.913+0200] {standard_task_runner.py:110} ERROR - Failed to execute job 10 for task dbt_deps (Bash command failed. The command returned a non-zero exit code 1.; 280)
[2026-03-31T00:30:02.962+0200] {local_task_job_runner.py:243} INFO - Task exited with return code 1
[2026-03-31T00:30:02.990+0200] {taskinstance.py:3503} INFO - 0 downstream tasks scheduled from follow-on schedule check
[2026-03-31T00:30:02.994+0200] {local_task_job_runner.py:222} INFO - ::endgroup::
