[2026-03-31T00:01:00.412+0200] {local_task_job_runner.py:120} INFO - ::group::Pre task execution logs
[2026-03-31T00:01:00.457+0200] {taskinstance.py:2076} INFO - Dependencies all met for dep_context=non-requeueable deps ti=<TaskInstance: etl_api_to_bi.extract_customers scheduled__2026-03-30T21:45:00+00:00 [queued]>
[2026-03-31T00:01:00.473+0200] {taskinstance.py:2076} INFO - Dependencies all met for dep_context=requeueable deps ti=<TaskInstance: etl_api_to_bi.extract_customers scheduled__2026-03-30T21:45:00+00:00 [queued]>
[2026-03-31T00:01:00.474+0200] {taskinstance.py:2306} INFO - Starting attempt 1 of 3
[2026-03-31T00:01:00.494+0200] {taskinstance.py:2330} INFO - Executing <Task(PythonOperator): extract_customers> on 2026-03-30 21:45:00+00:00
[2026-03-31T00:01:00.501+0200] {standard_task_runner.py:64} INFO - Started process 181 to run task
[2026-03-31T00:01:00.506+0200] {standard_task_runner.py:90} INFO - Running: ['airflow', 'tasks', 'run', 'etl_api_to_bi', 'extract_customers', 'scheduled__2026-03-30T21:45:00+00:00', '--job-id', '31', '--raw', '--subdir', 'DAGS_FOLDER/etl_api_to_bi.py', '--cfg-path', '/tmp/tmpfbsw9vev']
[2026-03-31T00:01:00.510+0200] {standard_task_runner.py:91} INFO - Job 31: Subtask extract_customers
[2026-03-31T00:01:00.615+0200] {task_command.py:426} INFO - Running <TaskInstance: etl_api_to_bi.extract_customers scheduled__2026-03-30T21:45:00+00:00 [running]> on host e771f172af05
[2026-03-31T00:01:00.979+0200] {taskinstance.py:2648} INFO - Exporting env vars: AIRFLOW_CTX_DAG_OWNER='data' AIRFLOW_CTX_DAG_ID='etl_api_to_bi' AIRFLOW_CTX_TASK_ID='extract_customers' AIRFLOW_CTX_EXECUTION_DATE='2026-03-30T21:45:00+00:00' AIRFLOW_CTX_TRY_NUMBER='1' AIRFLOW_CTX_DAG_RUN_ID='scheduled__2026-03-30T21:45:00+00:00'
[2026-03-31T00:01:00.982+0200] {taskinstance.py:430} INFO - ::endgroup::
[2026-03-31T00:01:01.225+0200] {crypto.py:82} WARNING - empty cryptography key - values will not be stored encrypted.
[2026-03-31T00:01:01.226+0200] {base.py:84} INFO - Using connection ID 'postgres_default' for task execution.
[2026-03-31T00:01:01.236+0200] {taskinstance.py:441} INFO - ::group::Post task execution logs
[2026-03-31T00:01:01.237+0200] {taskinstance.py:2905} ERROR - Task failed with exception
Traceback (most recent call last):
  File "/home/airflow/.local/lib/python3.11/site-packages/airflow/models/taskinstance.py", line 465, in _execute_task
    result = _execute_callable(context=context, **execute_callable_kwargs)
             ^^^^^^^^^^^^^^^^^^^^^^^^^^^^^^^^^^^^^^^^^^^^^^^^^^^^^^^^^^^^^
  File "/home/airflow/.local/lib/python3.11/site-packages/airflow/models/taskinstance.py", line 432, in _execute_callable
    return execute_callable(context=context, **execute_callable_kwargs)
           ^^^^^^^^^^^^^^^^^^^^^^^^^^^^^^^^^^^^^^^^^^^^^^^^^^^^^^^^^^^^
  File "/home/airflow/.local/lib/python3.11/site-packages/airflow/models/baseoperator.py", line 401, in wrapper
    return func(self, *args, **kwargs)
           ^^^^^^^^^^^^^^^^^^^^^^^^^^^
  File "/home/airflow/.local/lib/python3.11/site-packages/airflow/operators/python.py", line 235, in execute
    return_value = self.execute_callable()
                   ^^^^^^^^^^^^^^^^^^^^^^^
  File "/home/airflow/.local/lib/python3.11/site-packages/airflow/operators/python.py", line 252, in execute_callable
    return self.python_callable(*self.op_args, **self.op_kwargs)
           ^^^^^^^^^^^^^^^^^^^^^^^^^^^^^^^^^^^^^^^^^^^^^^^^^^^^^
  File "/opt/airflow/dags/etl_api_to_bi.py", line 84, in extract_table
    cur.executemany(
psycopg2.errors.UndefinedTable: relation "bronze.customers" does not exist
LINE 2:                         INSERT INTO bronze.customers(custome...
                                            ^

[2026-03-31T00:01:01.255+0200] {taskinstance.py:1206} INFO - Marking task as UP_FOR_RETRY. dag_id=etl_api_to_bi, task_id=extract_customers, run_id=scheduled__2026-03-30T21:45:00+00:00, execution_date=20260330T214500, start_date=20260330T220100, end_date=20260330T220101
[2026-03-31T00:01:01.271+0200] {standard_task_runner.py:110} ERROR - Failed to execute job 31 for task extract_customers (relation "bronze.customers" does not exist
LINE 2:                         INSERT INTO bronze.customers(custome...
                                            ^
; 181)
[2026-03-31T00:01:01.283+0200] {local_task_job_runner.py:243} INFO - Task exited with return code 1
[2026-03-31T00:01:01.315+0200] {taskinstance.py:3503} INFO - 0 downstream tasks scheduled from follow-on schedule check
[2026-03-31T00:01:01.318+0200] {local_task_job_runner.py:222} INFO - ::endgroup::
[2026-03-31T00:13:25.185+0200] {local_task_job_runner.py:120} INFO - ::group::Pre task execution logs
[2026-03-31T00:13:25.248+0200] {taskinstance.py:2076} INFO - Dependencies all met for dep_context=non-requeueable deps ti=<TaskInstance: etl_api_to_bi.extract_customers scheduled__2026-03-30T21:45:00+00:00 [queued]>
[2026-03-31T00:13:25.263+0200] {taskinstance.py:2076} INFO - Dependencies all met for dep_context=requeueable deps ti=<TaskInstance: etl_api_to_bi.extract_customers scheduled__2026-03-30T21:45:00+00:00 [queued]>
[2026-03-31T00:13:25.263+0200] {taskinstance.py:2306} INFO - Starting attempt 1 of 3
[2026-03-31T00:13:25.286+0200] {taskinstance.py:2330} INFO - Executing <Task(PythonOperator): extract_customers> on 2026-03-30 21:45:00+00:00
[2026-03-31T00:13:25.297+0200] {standard_task_runner.py:64} INFO - Started process 213 to run task
[2026-03-31T00:13:25.310+0200] {standard_task_runner.py:90} INFO - Running: ['airflow', 'tasks', 'run', 'etl_api_to_bi', 'extract_customers', 'scheduled__2026-03-30T21:45:00+00:00', '--job-id', '2', '--raw', '--subdir', 'DAGS_FOLDER/etl_api_to_bi.py', '--cfg-path', '/tmp/tmpoy2b0t1a']
[2026-03-31T00:13:25.314+0200] {standard_task_runner.py:91} INFO - Job 2: Subtask extract_customers
[2026-03-31T00:13:25.448+0200] {task_command.py:426} INFO - Running <TaskInstance: etl_api_to_bi.extract_customers scheduled__2026-03-30T21:45:00+00:00 [running]> on host c08873f45d31
[2026-03-31T00:13:25.959+0200] {taskinstance.py:2648} INFO - Exporting env vars: AIRFLOW_CTX_DAG_OWNER='data' AIRFLOW_CTX_DAG_ID='etl_api_to_bi' AIRFLOW_CTX_TASK_ID='extract_customers' AIRFLOW_CTX_EXECUTION_DATE='2026-03-30T21:45:00+00:00' AIRFLOW_CTX_TRY_NUMBER='1' AIRFLOW_CTX_DAG_RUN_ID='scheduled__2026-03-30T21:45:00+00:00'
[2026-03-31T00:13:25.961+0200] {taskinstance.py:430} INFO - ::endgroup::
[2026-03-31T00:13:26.595+0200] {crypto.py:82} WARNING - empty cryptography key - values will not be stored encrypted.
[2026-03-31T00:13:26.596+0200] {base.py:84} INFO - Using connection ID 'postgres_default' for task execution.
[2026-03-31T00:13:26.969+0200] {base.py:84} INFO - Using connection ID 'postgres_default' for task execution.
[2026-03-31T00:13:27.283+0200] {python.py:237} INFO - Done. Returned value was: 1000
[2026-03-31T00:13:27.285+0200] {taskinstance.py:441} INFO - ::group::Post task execution logs
[2026-03-31T00:13:27.319+0200] {taskinstance.py:1206} INFO - Marking task as SUCCESS. dag_id=etl_api_to_bi, task_id=extract_customers, run_id=scheduled__2026-03-30T21:45:00+00:00, execution_date=20260330T214500, start_date=20260330T221325, end_date=20260330T221327
[2026-03-31T00:13:27.376+0200] {local_task_job_runner.py:243} INFO - Task exited with return code 0
[2026-03-31T00:13:27.404+0200] {taskinstance.py:3503} INFO - 0 downstream tasks scheduled from follow-on schedule check
[2026-03-31T00:13:27.408+0200] {local_task_job_runner.py:222} INFO - ::endgroup::
