[2026-03-31T00:05:03.208+0200] {local_task_job_runner.py:120} INFO - ::group::Pre task execution logs
[2026-03-31T00:05:03.248+0200] {taskinstance.py:2076} INFO - Dependencies all met for dep_context=non-requeueable deps ti=<TaskInstance: etl_api_to_bi.extract_customers scheduled__2026-03-30T21:45:00+00:00 [queued]>
[2026-03-31T00:05:03.258+0200] {taskinstance.py:2076} INFO - Dependencies all met for dep_context=requeueable deps ti=<TaskInstance: etl_api_to_bi.extract_customers scheduled__2026-03-30T21:45:00+00:00 [queued]>
[2026-03-31T00:05:03.258+0200] {taskinstance.py:2306} INFO - Starting attempt 3 of 3
[2026-03-31T00:05:03.272+0200] {taskinstance.py:2330} INFO - Executing <Task(PythonOperator): extract_customers> on 2026-03-30 21:45:00+00:00
[2026-03-31T00:05:03.276+0200] {standard_task_runner.py:64} INFO - Started process 246 to run task
[2026-03-31T00:05:03.281+0200] {standard_task_runner.py:90} INFO - Running: ['airflow', 'tasks', 'run', 'etl_api_to_bi', 'extract_customers', 'scheduled__2026-03-30T21:45:00+00:00', '--job-id', '36', '--raw', '--subdir', 'DAGS_FOLDER/etl_api_to_bi.py', '--cfg-path', '/tmp/tmpevrn6q37']
[2026-03-31T00:05:03.284+0200] {standard_task_runner.py:91} INFO - Job 36: Subtask extract_customers
[2026-03-31T00:05:03.428+0200] {task_command.py:426} INFO - Running <TaskInstance: etl_api_to_bi.extract_customers scheduled__2026-03-30T21:45:00+00:00 [running]> on host e771f172af05
[2026-03-31T00:05:03.711+0200] {taskinstance.py:2648} INFO - Exporting env vars: AIRFLOW_CTX_DAG_OWNER='data' AIRFLOW_CTX_DAG_ID='etl_api_to_bi' AIRFLOW_CTX_TASK_ID='extract_customers' AIRFLOW_CTX_EXECUTION_DATE='2026-03-30T21:45:00+00:00' AIRFLOW_CTX_TRY_NUMBER='3' AIRFLOW_CTX_DAG_RUN_ID='scheduled__2026-03-30T21:45:00+00:00'
[2026-03-31T00:05:03.712+0200] {taskinstance.py:430} INFO - ::endgroup::
[2026-03-31T00:05:03.812+0200] {crypto.py:82} WARNING - empty cryptography key - values will not be stored encrypted.
[2026-03-31T00:05:03.813+0200] {base.py:84} INFO - Using connection ID 'postgres_default' for task execution.
[2026-03-31T00:05:03.821+0200] {taskinstance.py:441} INFO - ::group::Post task execution logs
[2026-03-31T00:05:03.822+0200] {taskinstance.py:2905} ERROR - Task failed with exception
Traceback (most recent call last):
  File "/home/airflow/.local/lib/python3.11/site-packages/airflow/models/taskinstance.py", line 465, in _execute_task
    result = _execute_callable(context=context, **execute_callable_kwargs)
             ^^^^^^^^^^^^^^^^^^^^^^^^^^^^^^^^^^^^^^^^^^^^^^^^^^^^^^^^^^^^^
  File "/home/airflow/.local/lib/python3.11/site-packages/airflow/models/taskinstance.py", line 432, in _execute_callable
    return execute_callable(context=context, **execute_callable_kwargs)
           ^^^^^^^^^^^^^^^^^^^^^^^^^^^^^^^^^^^^^^^^^^^^^^^^^^^^^^^^^^^^
  File "/home/airflow/.local/lib/python3.11/site-packages/airflow/models/baseoperator.py", line 401, in wrapper
    return func(self, *args, **kwargs)
           ^^^^^^^^^^^^^^^^^^^^^^^^^^^
  File "/home/airflow/.local/lib/python3.11/site-packages/airflow/operators/python.py", line 235, in execute
    return_value = self.execute_callable()
                   ^^^^^^^^^^^^^^^^^^^^^^^
  File "/home/airflow/.local/lib/python3.11/site-packages/airflow/operators/python.py", line 252, in execute_callable
    return self.python_callable(*self.op_args, **self.op_kwargs)
           ^^^^^^^^^^^^^^^^^^^^^^^^^^^^^^^^^^^^^^^^^^^^^^^^^^^^^
  File "/opt/airflow/dags/etl_api_to_bi.py", line 84, in extract_table
    cur.executemany(
psycopg2.errors.UndefinedTable: relation "bronze.customers" does not exist
LINE 2:                         INSERT INTO bronze.customers(custome...
                                            ^

[2026-03-31T00:05:03.836+0200] {taskinstance.py:1206} INFO - Marking task as FAILED. dag_id=etl_api_to_bi, task_id=extract_customers, run_id=scheduled__2026-03-30T21:45:00+00:00, execution_date=20260330T214500, start_date=20260330T220503, end_date=20260330T220503
[2026-03-31T00:05:03.850+0200] {standard_task_runner.py:110} ERROR - Failed to execute job 36 for task extract_customers (relation "bronze.customers" does not exist
LINE 2:                         INSERT INTO bronze.customers(custome...
                                            ^
; 246)
[2026-03-31T00:05:03.877+0200] {local_task_job_runner.py:243} INFO - Task exited with return code 1
[2026-03-31T00:05:03.904+0200] {taskinstance.py:3503} INFO - 0 downstream tasks scheduled from follow-on schedule check
[2026-03-31T00:05:03.910+0200] {local_task_job_runner.py:222} INFO - ::endgroup::
