[2026-03-31T00:17:59.271+0200] {local_task_job_runner.py:120} INFO - ::group::Pre task execution logs
[2026-03-31T00:17:59.319+0200] {taskinstance.py:2076} INFO - Dependencies all met for dep_context=non-requeueable deps ti=<TaskInstance: etl_api_to_bi.extract_payments manual__2026-03-30T22:13:24.033943+00:00 [queued]>
[2026-03-31T00:17:59.335+0200] {taskinstance.py:2076} INFO - Dependencies all met for dep_context=requeueable deps ti=<TaskInstance: etl_api_to_bi.extract_payments manual__2026-03-30T22:13:24.033943+00:00 [queued]>
[2026-03-31T00:17:59.336+0200] {taskinstance.py:2306} INFO - Starting attempt 3 of 3
[2026-03-31T00:17:59.354+0200] {taskinstance.py:2330} INFO - Executing <Task(PythonOperator): extract_payments> on 2026-03-30 22:13:24.033943+00:00
[2026-03-31T00:17:59.362+0200] {standard_task_runner.py:64} INFO - Started process 272 to run task
[2026-03-31T00:17:59.368+0200] {standard_task_runner.py:90} INFO - Running: ['airflow', 'tasks', 'run', 'etl_api_to_bi', 'extract_payments', 'manual__2026-03-30T22:13:24.033943+00:00', '--job-id', '14', '--raw', '--subdir', 'DAGS_FOLDER/etl_api_to_bi.py', '--cfg-path', '/tmp/tmpaz03is_f']
[2026-03-31T00:17:59.373+0200] {standard_task_runner.py:91} INFO - Job 14: Subtask extract_payments
[2026-03-31T00:17:59.471+0200] {task_command.py:426} INFO - Running <TaskInstance: etl_api_to_bi.extract_payments manual__2026-03-30T22:13:24.033943+00:00 [running]> on host c08873f45d31
[2026-03-31T00:17:59.852+0200] {taskinstance.py:2648} INFO - Exporting env vars: AIRFLOW_CTX_DAG_OWNER='data' AIRFLOW_CTX_DAG_ID='etl_api_to_bi' AIRFLOW_CTX_TASK_ID='extract_payments' AIRFLOW_CTX_EXECUTION_DATE='2026-03-30T22:13:24.033943+00:00' AIRFLOW_CTX_TRY_NUMBER='3' AIRFLOW_CTX_DAG_RUN_ID='manual__2026-03-30T22:13:24.033943+00:00'
[2026-03-31T00:17:59.855+0200] {taskinstance.py:430} INFO - ::endgroup::
[2026-03-31T00:18:00.088+0200] {crypto.py:82} WARNING - empty cryptography key - values will not be stored encrypted.
[2026-03-31T00:18:00.089+0200] {base.py:84} INFO - Using connection ID 'postgres_default' for task execution.
[2026-03-31T00:18:00.097+0200] {taskinstance.py:441} INFO - ::group::Post task execution logs
[2026-03-31T00:18:00.098+0200] {taskinstance.py:2905} ERROR - Task failed with exception
Traceback (most recent call last):
  File "/home/airflow/.local/lib/python3.11/site-packages/airflow/models/taskinstance.py", line 465, in _execute_task
    result = _execute_callable(context=context, **execute_callable_kwargs)
             ^^^^^^^^^^^^^^^^^^^^^^^^^^^^^^^^^^^^^^^^^^^^^^^^^^^^^^^^^^^^^
  File "/home/airflow/.local/lib/python3.11/site-packages/airflow/models/taskinstance.py", line 432, in _execute_callable
    return execute_callable(context=context, **execute_callable_kwargs)
           ^^^^^^^^^^^^^^^^^^^^^^^^^^^^^^^^^^^^^^^^^^^^^^^^^^^^^^^^^^^^
  File "/home/airflow/.local/lib/python3.11/site-packages/airflow/models/baseoperator.py", line 401, in wrapper
    return func(self, *args, **kwargs)
           ^^^^^^^^^^^^^^^^^^^^^^^^^^^
  File "/home/airflow/.local/lib/python3.11/site-packages/airflow/operators/python.py", line 235, in execute
    return_value = self.execute_callable()
                   ^^^^^^^^^^^^^^^^^^^^^^^
  File "/home/airflow/.local/lib/python3.11/site-packages/airflow/operators/python.py", line 252, in execute_callable
    return self.python_callable(*self.op_args, **self.op_kwargs)
           ^^^^^^^^^^^^^^^^^^^^^^^^^^^^^^^^^^^^^^^^^^^^^^^^^^^^^
  File "/opt/airflow/dags/etl_api_to_bi.py", line 100, in extract_table
    cur.executemany(
psycopg2.errors.UndefinedColumn: column "product" of relation "payments" does not exist
LINE 2: ...NSERT INTO bronze.payments(payment_id,customer_id,product,am...
                                                             ^

[2026-03-31T00:18:00.115+0200] {taskinstance.py:1206} INFO - Marking task as FAILED. dag_id=etl_api_to_bi, task_id=extract_payments, run_id=manual__2026-03-30T22:13:24.033943+00:00, execution_date=20260330T221324, start_date=20260330T221759, end_date=20260330T221800
[2026-03-31T00:18:00.128+0200] {standard_task_runner.py:110} ERROR - Failed to execute job 14 for task extract_payments (column "product" of relation "payments" does not exist
LINE 2: ...NSERT INTO bronze.payments(payment_id,customer_id,product,am...
                                                             ^
; 272)
[2026-03-31T00:18:00.145+0200] {local_task_job_runner.py:243} INFO - Task exited with return code 1
[2026-03-31T00:18:00.161+0200] {local_task_job_runner.py:222} INFO - ::endgroup::
