[2026-03-28T02:34:03.984+0100] {local_task_job_runner.py:120} INFO - ::group::Pre task execution logs
[2026-03-28T02:34:04.028+0100] {taskinstance.py:2076} INFO - Dependencies all met for dep_context=non-requeueable deps ti=<TaskInstance: etl_api_to_bi.extract_payments scheduled__2026-03-28T01:15:00+00:00 [queued]>
[2026-03-28T02:34:04.041+0100] {taskinstance.py:2076} INFO - Dependencies all met for dep_context=requeueable deps ti=<TaskInstance: etl_api_to_bi.extract_payments scheduled__2026-03-28T01:15:00+00:00 [queued]>
[2026-03-28T02:34:04.042+0100] {taskinstance.py:2306} INFO - Starting attempt 3 of 3
[2026-03-28T02:34:04.062+0100] {taskinstance.py:2330} INFO - Executing <Task(PythonOperator): extract_payments> on 2026-03-28 01:15:00+00:00
[2026-03-28T02:34:04.069+0100] {standard_task_runner.py:64} INFO - Started process 345 to run task
[2026-03-28T02:34:04.075+0100] {standard_task_runner.py:90} INFO - Running: ['airflow', 'tasks', 'run', 'etl_api_to_bi', 'extract_payments', 'scheduled__2026-03-28T01:15:00+00:00', '--job-id', '27', '--raw', '--subdir', 'DAGS_FOLDER/etl_api_to_bi.py', '--cfg-path', '/tmp/tmpcx0mhdpw']
[2026-03-28T02:34:04.078+0100] {standard_task_runner.py:91} INFO - Job 27: Subtask extract_payments
[2026-03-28T02:34:04.179+0100] {task_command.py:426} INFO - Running <TaskInstance: etl_api_to_bi.extract_payments scheduled__2026-03-28T01:15:00+00:00 [running]> on host 8b1b7fe0612f
[2026-03-28T02:34:04.460+0100] {taskinstance.py:2648} INFO - Exporting env vars: AIRFLOW_CTX_DAG_OWNER='data' AIRFLOW_CTX_DAG_ID='etl_api_to_bi' AIRFLOW_CTX_TASK_ID='extract_payments' AIRFLOW_CTX_EXECUTION_DATE='2026-03-28T01:15:00+00:00' AIRFLOW_CTX_TRY_NUMBER='3' AIRFLOW_CTX_DAG_RUN_ID='scheduled__2026-03-28T01:15:00+00:00'
[2026-03-28T02:34:04.461+0100] {taskinstance.py:430} INFO - ::endgroup::
[2026-03-28T02:34:04.720+0100] {crypto.py:82} WARNING - empty cryptography key - values will not be stored encrypted.
[2026-03-28T02:34:04.721+0100] {base.py:84} INFO - Using connection ID 'postgres_default' for task execution.
[2026-03-28T02:34:04.729+0100] {taskinstance.py:441} INFO - ::group::Post task execution logs
[2026-03-28T02:34:04.730+0100] {taskinstance.py:2905} ERROR - Task failed with exception
Traceback (most recent call last):
  File "/home/airflow/.local/lib/python3.11/site-packages/airflow/models/taskinstance.py", line 465, in _execute_task
    result = _execute_callable(context=context, **execute_callable_kwargs)
             ^^^^^^^^^^^^^^^^^^^^^^^^^^^^^^^^^^^^^^^^^^^^^^^^^^^^^^^^^^^^^
  File "/home/airflow/.local/lib/python3.11/site-packages/airflow/models/taskinstance.py", line 432, in _execute_callable
    return execute_callable(context=context, **execute_callable_kwargs)
           ^^^^^^^^^^^^^^^^^^^^^^^^^^^^^^^^^^^^^^^^^^^^^^^^^^^^^^^^^^^^
  File "/home/airflow/.local/lib/python3.11/site-packages/airflow/models/baseoperator.py", line 401, in wrapper
    return func(self, *args, **kwargs)
           ^^^^^^^^^^^^^^^^^^^^^^^^^^^
  File "/home/airflow/.local/lib/python3.11/site-packages/airflow/operators/python.py", line 235, in execute
    return_value = self.execute_callable()
                   ^^^^^^^^^^^^^^^^^^^^^^^
  File "/home/airflow/.local/lib/python3.11/site-packages/airflow/operators/python.py", line 252, in execute_callable
    return self.python_callable(*self.op_args, **self.op_kwargs)
           ^^^^^^^^^^^^^^^^^^^^^^^^^^^^^^^^^^^^^^^^^^^^^^^^^^^^^
  File "/opt/airflow/dags/etl_api_to_bi.py", line 100, in extract_table
    cur.executemany(
psycopg2.errors.UndefinedTable: relation "bronze.payments" does not exist
LINE 2:                         INSERT INTO bronze.payments(payment_...
                                            ^

[2026-03-28T02:34:04.744+0100] {taskinstance.py:1206} INFO - Marking task as FAILED. dag_id=etl_api_to_bi, task_id=extract_payments, run_id=scheduled__2026-03-28T01:15:00+00:00, execution_date=20260328T011500, start_date=20260328T013404, end_date=20260328T013404
[2026-03-28T02:34:04.758+0100] {standard_task_runner.py:110} ERROR - Failed to execute job 27 for task extract_payments (relation "bronze.payments" does not exist
LINE 2:                         INSERT INTO bronze.payments(payment_...
                                            ^
; 345)
[2026-03-28T02:34:04.772+0100] {local_task_job_runner.py:243} INFO - Task exited with return code 1
[2026-03-28T02:34:04.792+0100] {taskinstance.py:3503} INFO - 0 downstream tasks scheduled from follow-on schedule check
[2026-03-28T02:34:04.794+0100] {local_task_job_runner.py:222} INFO - ::endgroup::
