[2026-03-31T01:32:15.411+0200] {local_task_job_runner.py:120} INFO - ::group::Pre task execution logs
[2026-03-31T01:32:15.447+0200] {taskinstance.py:2076} INFO - Dependencies all met for dep_context=non-requeueable deps ti=<TaskInstance: etl_api_to_bi.dbt_build scheduled__2026-03-30T23:15:00+00:00 [queued]>
[2026-03-31T01:32:15.457+0200] {taskinstance.py:2076} INFO - Dependencies all met for dep_context=requeueable deps ti=<TaskInstance: etl_api_to_bi.dbt_build scheduled__2026-03-30T23:15:00+00:00 [queued]>
[2026-03-31T01:32:15.458+0200] {taskinstance.py:2306} INFO - Starting attempt 2 of 3
[2026-03-31T01:32:15.475+0200] {taskinstance.py:2330} INFO - Executing <Task(BashOperator): dbt_build> on 2026-03-30 23:15:00+00:00
[2026-03-31T01:32:15.477+0200] {standard_task_runner.py:64} INFO - Started process 259 to run task
[2026-03-31T01:32:15.481+0200] {standard_task_runner.py:90} INFO - Running: ['airflow', 'tasks', 'run', 'etl_api_to_bi', 'dbt_build', 'scheduled__2026-03-30T23:15:00+00:00', '--job-id', '62', '--raw', '--subdir', 'DAGS_FOLDER/etl_api_to_bi.py', '--cfg-path', '/tmp/tmphawsjr9y']
[2026-03-31T01:32:15.485+0200] {standard_task_runner.py:91} INFO - Job 62: Subtask dbt_build
[2026-03-31T01:32:15.570+0200] {task_command.py:426} INFO - Running <TaskInstance: etl_api_to_bi.dbt_build scheduled__2026-03-30T23:15:00+00:00 [running]> on host 533e6543a790
[2026-03-31T01:32:15.809+0200] {taskinstance.py:2648} INFO - Exporting env vars: AIRFLOW_CTX_DAG_OWNER='data' AIRFLOW_CTX_DAG_ID='etl_api_to_bi' AIRFLOW_CTX_TASK_ID='dbt_build' AIRFLOW_CTX_EXECUTION_DATE='2026-03-30T23:15:00+00:00' AIRFLOW_CTX_TRY_NUMBER='2' AIRFLOW_CTX_DAG_RUN_ID='scheduled__2026-03-30T23:15:00+00:00'
[2026-03-31T01:32:15.810+0200] {taskinstance.py:430} INFO - ::endgroup::
[2026-03-31T01:32:15.820+0200] {subprocess.py:63} INFO - Tmp dir root location: /tmp
[2026-03-31T01:32:15.821+0200] {subprocess.py:75} INFO - Running command: ['/usr/bin/bash', '-c', "docker exec dbt bash -lc 'cd /usr/app && dbt build --fail-fast --profiles-dir /root/.dbt'"]
[2026-03-31T01:32:15.830+0200] {subprocess.py:86} INFO - Output:
[2026-03-31T01:32:17.259+0200] {subprocess.py:93} INFO - [0m23:32:17  Running with dbt=1.8.3
[2026-03-31T01:32:17.601+0200] {subprocess.py:93} INFO - [0m23:32:17  Registered adapter: postgres=1.8.2
[2026-03-31T01:32:18.855+0200] {subprocess.py:93} INFO - [0m23:32:18  Found 6 models, 11 data tests, 531 macros
[2026-03-31T01:32:18.860+0200] {subprocess.py:93} INFO - [0m23:32:18
[2026-03-31T01:32:19.044+0200] {subprocess.py:93} INFO - [0m23:32:19  Concurrency: 4 threads (target='dev')
[2026-03-31T01:32:19.045+0200] {subprocess.py:93} INFO - [0m23:32:19
[2026-03-31T01:32:19.052+0200] {subprocess.py:93} INFO - [0m23:32:19  1 of 17 START sql table model public_silver.silver_customers ................... [RUN]
[2026-03-31T01:32:19.054+0200] {subprocess.py:93} INFO - [0m23:32:19  2 of 17 START sql table model public_silver.silver_payments .................... [RUN]
[2026-03-31T01:32:19.055+0200] {subprocess.py:93} INFO - [0m23:32:19  3 of 17 START sql table model public_silver.silver_sessions .................... [RUN]
[2026-03-31T01:32:19.298+0200] {subprocess.py:93} INFO - [0m23:32:19  1 of 17 OK created sql table model public_silver.silver_customers .............. [[32mSELECT 1002[0m in 0.23s]
[2026-03-31T01:32:19.311+0200] {subprocess.py:93} INFO - [0m23:32:19  4 of 17 START test not_null_silver_customers_country ........................... [RUN]
[2026-03-31T01:32:19.312+0200] {subprocess.py:93} INFO - [0m23:32:19  5 of 17 START test not_null_silver_customers_customer_id ....................... [RUN]
[2026-03-31T01:32:19.322+0200] {subprocess.py:93} INFO - [0m23:32:19  2 of 17 OK created sql table model public_silver.silver_payments ............... [[32mSELECT 9021[0m in 0.26s]
[2026-03-31T01:32:19.351+0200] {subprocess.py:93} INFO - [0m23:32:19  6 of 17 START test unique_silver_customers_customer_id ......................... [RUN]
[2026-03-31T01:32:19.426+0200] {subprocess.py:93} INFO - [0m23:32:19  3 of 17 OK created sql table model public_silver.silver_sessions ............... [[32mSELECT 28216[0m in 0.30s]
[2026-03-31T01:32:19.444+0200] {subprocess.py:93} INFO - [0m23:32:19  7 of 17 START test accepted_values_silver_payments_status__suceeded__failed__refunded  [RUN]
[2026-03-31T01:32:19.498+0200] {subprocess.py:93} INFO - [0m23:32:19  4 of 17 PASS not_null_silver_customers_country ................................. [[32mPASS[0m in 0.18s]
[2026-03-31T01:32:19.512+0200] {subprocess.py:93} INFO - [0m23:32:19  5 of 17 PASS not_null_silver_customers_customer_id ............................. [[32mPASS[0m in 0.19s]
[2026-03-31T01:32:19.513+0200] {subprocess.py:93} INFO - [0m23:32:19  8 of 17 START test not_null_silver_payments_payment_id ......................... [RUN]
[2026-03-31T01:32:19.525+0200] {subprocess.py:93} INFO - [0m23:32:19  9 of 17 START test unique_silver_payments_payment_id ........................... [RUN]
[2026-03-31T01:32:19.555+0200] {subprocess.py:93} INFO - [0m23:32:19  6 of 17 PASS unique_silver_customers_customer_id ............................... [[32mPASS[0m in 0.20s]
[2026-03-31T01:32:19.566+0200] {subprocess.py:93} INFO - [0m23:32:19  7 of 17 FAIL 1 accepted_values_silver_payments_status__suceeded__failed__refunded  [[31mFAIL 1[0m in 0.12s]
[2026-03-31T01:32:19.571+0200] {subprocess.py:93} INFO - [0m23:32:19  10 of 17 START test accepted_values_silver_sessions_source__google__direct__facebook__linkedin__newsletter__referral__bing  [RUN]
[2026-03-31T01:32:19.580+0200] {subprocess.py:93} INFO - [0m23:32:19  11 of 17 START test not_null_silver_sessions_session_id ........................ [RUN]
[2026-03-31T01:32:19.636+0200] {subprocess.py:93} INFO - [0m23:32:19  8 of 17 PASS not_null_silver_payments_payment_id ............................... [[32mPASS[0m in 0.12s]
[2026-03-31T01:32:19.653+0200] {subprocess.py:93} INFO - [0m23:32:19  12 of 17 START test unique_silver_sessions_session_id .......................... [RUN]
[2026-03-31T01:32:19.660+0200] {subprocess.py:93} INFO - [0m23:32:19  9 of 17 PASS unique_silver_payments_payment_id ................................. [[32mPASS[0m in 0.13s]
[2026-03-31T01:32:19.678+0200] {subprocess.py:93} INFO - [0m23:32:19  13 of 17 START sql table model public_gold.dim_customer ........................ [RUN]
[2026-03-31T01:32:19.720+0200] {subprocess.py:93} INFO - [0m23:32:19  CANCEL query test.api_bi_project.unique_silver_payments_payment_id.09d6b3ec83 .. [[31mCANCEL[0m]
[2026-03-31T01:32:19.722+0200] {subprocess.py:93} INFO - [0m23:32:19  CANCEL query test.api_bi_project.accepted_values_silver_sessions_source__google__direct__facebook__linkedin__newsletter__referral__bing.717fc87c90  [[31mCANCEL[0m]
[2026-03-31T01:32:19.729+0200] {subprocess.py:93} INFO - [0m23:32:19  CANCEL query test.api_bi_project.not_null_silver_sessions_session_id.f74024a05b  [[31mCANCEL[0m]
[2026-03-31T01:32:19.737+0200] {subprocess.py:93} INFO - [0m23:32:19  CANCEL query test.api_bi_project.unique_silver_sessions_session_id.9a8d5b03a8 .. [[31mCANCEL[0m]
[2026-03-31T01:32:19.739+0200] {subprocess.py:93} INFO - [0m23:32:19  10 of 17 FAIL 1 accepted_values_silver_sessions_source__google__direct__facebook__linkedin__newsletter__referral__bing  [[31mFAIL 1[0m in 0.16s]
[2026-03-31T01:32:19.741+0200] {subprocess.py:93} INFO - [0m23:32:19  11 of 17 PASS not_null_silver_sessions_session_id .............................. [[32mPASS[0m in 0.14s]
[2026-03-31T01:32:19.762+0200] {subprocess.py:93} INFO - [0m23:32:19  12 of 17 ERROR unique_silver_sessions_session_id ............................... [[31mERROR[0m in 0.11s]
[2026-03-31T01:32:19.827+0200] {subprocess.py:93} INFO - [0m23:32:19  13 of 17 OK created sql table model public_gold.dim_customer ................... [[32mSELECT 1002[0m in 0.14s]
[2026-03-31T01:32:19.831+0200] {subprocess.py:93} INFO - [0m23:32:19
[2026-03-31T01:32:19.832+0200] {subprocess.py:93} INFO - [0m23:32:19  [31mFailure in test accepted_values_silver_payments_status__suceeded__failed__refunded (models/models.yml)[0m
[2026-03-31T01:32:19.833+0200] {subprocess.py:93} INFO - [0m23:32:19    Got 1 result, configured to fail if != 0
[2026-03-31T01:32:19.834+0200] {subprocess.py:93} INFO - [0m23:32:19
[2026-03-31T01:32:19.836+0200] {subprocess.py:93} INFO - [0m23:32:19    compiled code at target/compiled/api_bi_project/models/models.yml/accepted_values_silver_payment_83378c4cb60bd3def108896b63bd51b7.sql
[2026-03-31T01:32:19.857+0200] {subprocess.py:93} INFO - [0m23:32:19
[2026-03-31T01:32:19.858+0200] {subprocess.py:93} INFO - [0m23:32:19  Finished running 6 table models, 11 data tests in 0 hours 0 minutes and 1.00 seconds (1.00s).
[2026-03-31T01:32:19.924+0200] {subprocess.py:93} INFO - [0m23:32:19
[2026-03-31T01:32:19.926+0200] {subprocess.py:93} INFO - [0m23:32:19  [31mCompleted with 9 errors and 0 warnings:[0m
[2026-03-31T01:32:19.928+0200] {subprocess.py:93} INFO - [0m23:32:19
[2026-03-31T01:32:19.930+0200] {subprocess.py:93} INFO - [0m23:32:19  [31mFailure in test accepted_values_silver_payments_status__suceeded__failed__refunded (models/models.yml)[0m
[2026-03-31T01:32:19.931+0200] {subprocess.py:93} INFO - [0m23:32:19    Got 1 result, configured to fail if != 0
[2026-03-31T01:32:19.933+0200] {subprocess.py:93} INFO - [0m23:32:19
[2026-03-31T01:32:19.935+0200] {subprocess.py:93} INFO - [0m23:32:19    compiled code at target/compiled/api_bi_project/models/models.yml/accepted_values_silver_payment_83378c4cb60bd3def108896b63bd51b7.sql
[2026-03-31T01:32:19.936+0200] {subprocess.py:93} INFO - [0m23:32:19
[2026-03-31T01:32:19.938+0200] {subprocess.py:93} INFO - [0m23:32:19    Skipping due to fail_fast
[2026-03-31T01:32:19.939+0200] {subprocess.py:93} INFO - [0m23:32:19
[2026-03-31T01:32:19.940+0200] {subprocess.py:93} INFO - [0m23:32:19    Skipping due to fail_fast
[2026-03-31T01:32:19.942+0200] {subprocess.py:93} INFO - [0m23:32:19
[2026-03-31T01:32:19.943+0200] {subprocess.py:93} INFO - [0m23:32:19    Skipping due to fail_fast
[2026-03-31T01:32:19.944+0200] {subprocess.py:93} INFO - [0m23:32:19
[2026-03-31T01:32:19.946+0200] {subprocess.py:93} INFO - [0m23:32:19    Skipping due to fail_fast
[2026-03-31T01:32:19.947+0200] {subprocess.py:93} INFO - [0m23:32:19
[2026-03-31T01:32:19.949+0200] {subprocess.py:93} INFO - [0m23:32:19    Skipping due to fail_fast
[2026-03-31T01:32:19.950+0200] {subprocess.py:93} INFO - [0m23:32:19
[2026-03-31T01:32:19.951+0200] {subprocess.py:93} INFO - [0m23:32:19    Skipping due to fail_fast
[2026-03-31T01:32:19.953+0200] {subprocess.py:93} INFO - [0m23:32:19
[2026-03-31T01:32:19.954+0200] {subprocess.py:93} INFO - [0m23:32:19    Skipping due to fail_fast
[2026-03-31T01:32:19.955+0200] {subprocess.py:93} INFO - [0m23:32:19
[2026-03-31T01:32:19.957+0200] {subprocess.py:93} INFO - [0m23:32:19    Skipping due to fail_fast
[2026-03-31T01:32:19.958+0200] {subprocess.py:93} INFO - [0m23:32:19
[2026-03-31T01:32:19.960+0200] {subprocess.py:93} INFO - [0m23:32:19  Done. PASS=8 WARN=0 ERROR=1 SKIP=8 TOTAL=17
[2026-03-31T01:32:20.667+0200] {subprocess.py:97} INFO - Command exited with return code 1
[2026-03-31T01:32:20.669+0200] {taskinstance.py:441} INFO - ::group::Post task execution logs
[2026-03-31T01:32:20.683+0200] {taskinstance.py:2905} ERROR - Task failed with exception
Traceback (most recent call last):
  File "/home/airflow/.local/lib/python3.11/site-packages/airflow/models/taskinstance.py", line 465, in _execute_task
    result = _execute_callable(context=context, **execute_callable_kwargs)
             ^^^^^^^^^^^^^^^^^^^^^^^^^^^^^^^^^^^^^^^^^^^^^^^^^^^^^^^^^^^^^
  File "/home/airflow/.local/lib/python3.11/site-packages/airflow/models/taskinstance.py", line 432, in _execute_callable
    return execute_callable(context=context, **execute_callable_kwargs)
           ^^^^^^^^^^^^^^^^^^^^^^^^^^^^^^^^^^^^^^^^^^^^^^^^^^^^^^^^^^^^
  File "/home/airflow/.local/lib/python3.11/site-packages/airflow/models/baseoperator.py", line 401, in wrapper
    return func(self, *args, **kwargs)
           ^^^^^^^^^^^^^^^^^^^^^^^^^^^
  File "/home/airflow/.local/lib/python3.11/site-packages/airflow/operators/bash.py", line 243, in execute
    raise AirflowException(
airflow.exceptions.AirflowException: Bash command failed. The command returned a non-zero exit code 1.
[2026-03-31T01:32:20.687+0200] {taskinstance.py:1206} INFO - Marking task as UP_FOR_RETRY. dag_id=etl_api_to_bi, task_id=dbt_build, run_id=scheduled__2026-03-30T23:15:00+00:00, execution_date=20260330T231500, start_date=20260330T233215, end_date=20260330T233220
[2026-03-31T01:32:20.702+0200] {standard_task_runner.py:110} ERROR - Failed to execute job 62 for task dbt_build (Bash command failed. The command returned a non-zero exit code 1.; 259)
[2026-03-31T01:32:20.733+0200] {local_task_job_runner.py:243} INFO - Task exited with return code 1
[2026-03-31T01:32:20.749+0200] {taskinstance.py:3503} INFO - 0 downstream tasks scheduled from follow-on schedule check
[2026-03-31T01:32:20.753+0200] {local_task_job_runner.py:222} INFO - ::endgroup::
