[2026-03-31T01:30:09.772+0200] {local_task_job_runner.py:120} INFO - ::group::Pre task execution logs
[2026-03-31T01:30:09.806+0200] {taskinstance.py:2076} INFO - Dependencies all met for dep_context=non-requeueable deps ti=<TaskInstance: etl_api_to_bi.dbt_build scheduled__2026-03-30T23:15:00+00:00 [queued]>
[2026-03-31T01:30:09.816+0200] {taskinstance.py:2076} INFO - Dependencies all met for dep_context=requeueable deps ti=<TaskInstance: etl_api_to_bi.dbt_build scheduled__2026-03-30T23:15:00+00:00 [queued]>
[2026-03-31T01:30:09.817+0200] {taskinstance.py:2306} INFO - Starting attempt 1 of 3
[2026-03-31T01:30:09.833+0200] {taskinstance.py:2330} INFO - Executing <Task(BashOperator): dbt_build> on 2026-03-30 23:15:00+00:00
[2026-03-31T01:30:09.838+0200] {standard_task_runner.py:64} INFO - Started process 226 to run task
[2026-03-31T01:30:09.842+0200] {standard_task_runner.py:90} INFO - Running: ['airflow', 'tasks', 'run', 'etl_api_to_bi', 'dbt_build', 'scheduled__2026-03-30T23:15:00+00:00', '--job-id', '61', '--raw', '--subdir', 'DAGS_FOLDER/etl_api_to_bi.py', '--cfg-path', '/tmp/tmpvum35dvo']
[2026-03-31T01:30:09.845+0200] {standard_task_runner.py:91} INFO - Job 61: Subtask dbt_build
[2026-03-31T01:30:09.922+0200] {task_command.py:426} INFO - Running <TaskInstance: etl_api_to_bi.dbt_build scheduled__2026-03-30T23:15:00+00:00 [running]> on host 533e6543a790
[2026-03-31T01:30:10.142+0200] {taskinstance.py:2648} INFO - Exporting env vars: AIRFLOW_CTX_DAG_OWNER='data' AIRFLOW_CTX_DAG_ID='etl_api_to_bi' AIRFLOW_CTX_TASK_ID='dbt_build' AIRFLOW_CTX_EXECUTION_DATE='2026-03-30T23:15:00+00:00' AIRFLOW_CTX_TRY_NUMBER='1' AIRFLOW_CTX_DAG_RUN_ID='scheduled__2026-03-30T23:15:00+00:00'
[2026-03-31T01:30:10.143+0200] {taskinstance.py:430} INFO - ::endgroup::
[2026-03-31T01:30:10.152+0200] {subprocess.py:63} INFO - Tmp dir root location: /tmp
[2026-03-31T01:30:10.154+0200] {subprocess.py:75} INFO - Running command: ['/usr/bin/bash', '-c', "docker exec dbt bash -lc 'cd /usr/app && dbt build --fail-fast --profiles-dir /root/.dbt'"]
[2026-03-31T01:30:10.163+0200] {subprocess.py:86} INFO - Output:
[2026-03-31T01:30:11.529+0200] {subprocess.py:93} INFO - [0m23:30:11  Running with dbt=1.8.3
[2026-03-31T01:30:11.798+0200] {subprocess.py:93} INFO - [0m23:30:11  Registered adapter: postgres=1.8.2
[2026-03-31T01:30:13.004+0200] {subprocess.py:93} INFO - [0m23:30:13  Found 6 models, 11 data tests, 531 macros
[2026-03-31T01:30:13.009+0200] {subprocess.py:93} INFO - [0m23:30:13
[2026-03-31T01:30:13.223+0200] {subprocess.py:93} INFO - [0m23:30:13  Concurrency: 4 threads (target='dev')
[2026-03-31T01:30:13.225+0200] {subprocess.py:93} INFO - [0m23:30:13
[2026-03-31T01:30:13.232+0200] {subprocess.py:93} INFO - [0m23:30:13  1 of 17 START sql table model public_silver.silver_customers ................... [RUN]
[2026-03-31T01:30:13.233+0200] {subprocess.py:93} INFO - [0m23:30:13  2 of 17 START sql table model public_silver.silver_payments .................... [RUN]
[2026-03-31T01:30:13.235+0200] {subprocess.py:93} INFO - [0m23:30:13  3 of 17 START sql table model public_silver.silver_sessions .................... [RUN]
[2026-03-31T01:30:13.513+0200] {subprocess.py:93} INFO - [0m23:30:13  1 of 17 OK created sql table model public_silver.silver_customers .............. [[32mSELECT 1002[0m in 0.27s]
[2026-03-31T01:30:13.525+0200] {subprocess.py:93} INFO - [0m23:30:13  4 of 17 START test not_null_silver_customers_country ........................... [RUN]
[2026-03-31T01:30:13.526+0200] {subprocess.py:93} INFO - [0m23:30:13  5 of 17 START test not_null_silver_customers_customer_id ....................... [RUN]
[2026-03-31T01:30:13.536+0200] {subprocess.py:93} INFO - [0m23:30:13  2 of 17 OK created sql table model public_silver.silver_payments ............... [[32mSELECT 9021[0m in 0.29s]
[2026-03-31T01:30:13.569+0200] {subprocess.py:93} INFO - [0m23:30:13  6 of 17 START test unique_silver_customers_customer_id ......................... [RUN]
[2026-03-31T01:30:13.640+0200] {subprocess.py:93} INFO - [0m23:30:13  3 of 17 OK created sql table model public_silver.silver_sessions ............... [[32mSELECT 28216[0m in 0.34s]
[2026-03-31T01:30:13.660+0200] {subprocess.py:93} INFO - [0m23:30:13  7 of 17 START test accepted_values_silver_payments_status__suceeded__failed__refunded  [RUN]
[2026-03-31T01:30:13.728+0200] {subprocess.py:93} INFO - [0m23:30:13  5 of 17 PASS not_null_silver_customers_customer_id ............................. [[32mPASS[0m in 0.19s]
[2026-03-31T01:30:13.734+0200] {subprocess.py:93} INFO - [0m23:30:13  4 of 17 PASS not_null_silver_customers_country ................................. [[32mPASS[0m in 0.20s]
[2026-03-31T01:30:13.741+0200] {subprocess.py:93} INFO - [0m23:30:13  8 of 17 START test not_null_silver_payments_payment_id ......................... [RUN]
[2026-03-31T01:30:13.748+0200] {subprocess.py:93} INFO - [0m23:30:13  9 of 17 START test unique_silver_payments_payment_id ........................... [RUN]
[2026-03-31T01:30:13.774+0200] {subprocess.py:93} INFO - [0m23:30:13  6 of 17 PASS unique_silver_customers_customer_id ............................... [[32mPASS[0m in 0.20s]
[2026-03-31T01:30:13.793+0200] {subprocess.py:93} INFO - [0m23:30:13  10 of 17 START test accepted_values_silver_sessions_source__google__direct__facebook__linkedin__newsletter__referral__bing  [RUN]
[2026-03-31T01:30:13.799+0200] {subprocess.py:93} INFO - [0m23:30:13  7 of 17 FAIL 1 accepted_values_silver_payments_status__suceeded__failed__refunded  [[31mFAIL 1[0m in 0.14s]
[2026-03-31T01:30:13.821+0200] {subprocess.py:93} INFO - [0m23:30:13  11 of 17 START test not_null_silver_sessions_session_id ........................ [RUN]
[2026-03-31T01:30:13.865+0200] {subprocess.py:93} INFO - [0m23:30:13  8 of 17 PASS not_null_silver_payments_payment_id ............................... [[32mPASS[0m in 0.12s]
[2026-03-31T01:30:13.871+0200] {subprocess.py:93} INFO - [0m23:30:13  9 of 17 PASS unique_silver_payments_payment_id ................................. [[32mPASS[0m in 0.12s]
[2026-03-31T01:30:13.880+0200] {subprocess.py:93} INFO - [0m23:30:13  12 of 17 START test unique_silver_sessions_session_id .......................... [RUN]
[2026-03-31T01:30:13.889+0200] {subprocess.py:93} INFO - [0m23:30:13  13 of 17 START sql table model public_gold.dim_customer ........................ [RUN]
[2026-03-31T01:30:13.921+0200] {subprocess.py:93} INFO - [0m23:30:13  CANCEL query test.api_bi_project.not_null_silver_payments_payment_id.71305d150f  [[31mCANCEL[0m]
[2026-03-31T01:30:13.924+0200] {subprocess.py:93} INFO - [0m23:30:13  CANCEL query test.api_bi_project.accepted_values_silver_sessions_source__google__direct__facebook__linkedin__newsletter__referral__bing.717fc87c90  [[31mCANCEL[0m]
[2026-03-31T01:30:13.931+0200] {subprocess.py:93} INFO - [0m23:30:13  CANCEL query test.api_bi_project.not_null_silver_sessions_session_id.f74024a05b  [[31mCANCEL[0m]
[2026-03-31T01:30:13.943+0200] {subprocess.py:93} INFO - [0m23:30:13  CANCEL query test.api_bi_project.unique_silver_payments_payment_id.09d6b3ec83 .. [[31mCANCEL[0m]
[2026-03-31T01:30:13.946+0200] {subprocess.py:93} INFO - [0m23:30:13  11 of 17 PASS not_null_silver_sessions_session_id .............................. [[32mPASS[0m in 0.12s]
[2026-03-31T01:30:13.948+0200] {subprocess.py:93} INFO - [0m23:30:13  10 of 17 FAIL 1 accepted_values_silver_sessions_source__google__direct__facebook__linkedin__newsletter__referral__bing  [[31mFAIL 1[0m in 0.15s]
[2026-03-31T01:30:14.022+0200] {subprocess.py:93} INFO - [0m23:30:14  12 of 17 PASS unique_silver_sessions_session_id ................................ [[32mPASS[0m in 0.14s]
[2026-03-31T01:30:14.046+0200] {subprocess.py:93} INFO - [0m23:30:14  13 of 17 OK created sql table model public_gold.dim_customer ................... [[32mSELECT 1002[0m in 0.15s]
[2026-03-31T01:30:14.048+0200] {subprocess.py:93} INFO - [0m23:30:14
[2026-03-31T01:30:14.050+0200] {subprocess.py:93} INFO - [0m23:30:14  [31mFailure in test accepted_values_silver_payments_status__suceeded__failed__refunded (models/models.yml)[0m
[2026-03-31T01:30:14.051+0200] {subprocess.py:93} INFO - [0m23:30:14    Got 1 result, configured to fail if != 0
[2026-03-31T01:30:14.052+0200] {subprocess.py:93} INFO - [0m23:30:14
[2026-03-31T01:30:14.054+0200] {subprocess.py:93} INFO - [0m23:30:14    compiled code at target/compiled/api_bi_project/models/models.yml/accepted_values_silver_payment_83378c4cb60bd3def108896b63bd51b7.sql
[2026-03-31T01:30:14.076+0200] {subprocess.py:93} INFO - [0m23:30:14
[2026-03-31T01:30:14.077+0200] {subprocess.py:93} INFO - [0m23:30:14  Finished running 6 table models, 11 data tests in 0 hours 0 minutes and 1.07 seconds (1.07s).
[2026-03-31T01:30:14.150+0200] {subprocess.py:93} INFO - [0m23:30:14
[2026-03-31T01:30:14.151+0200] {subprocess.py:93} INFO - [0m23:30:14  [31mCompleted with 9 errors and 0 warnings:[0m
[2026-03-31T01:30:14.153+0200] {subprocess.py:93} INFO - [0m23:30:14
[2026-03-31T01:30:14.155+0200] {subprocess.py:93} INFO - [0m23:30:14  [31mFailure in test accepted_values_silver_payments_status__suceeded__failed__refunded (models/models.yml)[0m
[2026-03-31T01:30:14.156+0200] {subprocess.py:93} INFO - [0m23:30:14    Got 1 result, configured to fail if != 0
[2026-03-31T01:30:14.158+0200] {subprocess.py:93} INFO - [0m23:30:14
[2026-03-31T01:30:14.160+0200] {subprocess.py:93} INFO - [0m23:30:14    compiled code at target/compiled/api_bi_project/models/models.yml/accepted_values_silver_payment_83378c4cb60bd3def108896b63bd51b7.sql
[2026-03-31T01:30:14.161+0200] {subprocess.py:93} INFO - [0m23:30:14
[2026-03-31T01:30:14.163+0200] {subprocess.py:93} INFO - [0m23:30:14    Skipping due to fail_fast
[2026-03-31T01:30:14.164+0200] {subprocess.py:93} INFO - [0m23:30:14
[2026-03-31T01:30:14.166+0200] {subprocess.py:93} INFO - [0m23:30:14    Skipping due to fail_fast
[2026-03-31T01:30:14.167+0200] {subprocess.py:93} INFO - [0m23:30:14
[2026-03-31T01:30:14.168+0200] {subprocess.py:93} INFO - [0m23:30:14    Skipping due to fail_fast
[2026-03-31T01:30:14.170+0200] {subprocess.py:93} INFO - [0m23:30:14
[2026-03-31T01:30:14.171+0200] {subprocess.py:93} INFO - [0m23:30:14    Skipping due to fail_fast
[2026-03-31T01:30:14.173+0200] {subprocess.py:93} INFO - [0m23:30:14
[2026-03-31T01:30:14.174+0200] {subprocess.py:93} INFO - [0m23:30:14    Skipping due to fail_fast
[2026-03-31T01:30:14.175+0200] {subprocess.py:93} INFO - [0m23:30:14
[2026-03-31T01:30:14.177+0200] {subprocess.py:93} INFO - [0m23:30:14    Skipping due to fail_fast
[2026-03-31T01:30:14.178+0200] {subprocess.py:93} INFO - [0m23:30:14
[2026-03-31T01:30:14.179+0200] {subprocess.py:93} INFO - [0m23:30:14    Skipping due to fail_fast
[2026-03-31T01:30:14.181+0200] {subprocess.py:93} INFO - [0m23:30:14
[2026-03-31T01:30:14.182+0200] {subprocess.py:93} INFO - [0m23:30:14    Skipping due to fail_fast
[2026-03-31T01:30:14.183+0200] {subprocess.py:93} INFO - [0m23:30:14
[2026-03-31T01:30:14.185+0200] {subprocess.py:93} INFO - [0m23:30:14  Done. PASS=8 WARN=0 ERROR=1 SKIP=8 TOTAL=17
[2026-03-31T01:30:14.913+0200] {subprocess.py:97} INFO - Command exited with return code 1
[2026-03-31T01:30:14.914+0200] {taskinstance.py:441} INFO - ::group::Post task execution logs
[2026-03-31T01:30:14.927+0200] {taskinstance.py:2905} ERROR - Task failed with exception
Traceback (most recent call last):
  File "/home/airflow/.local/lib/python3.11/site-packages/airflow/models/taskinstance.py", line 465, in _execute_task
    result = _execute_callable(context=context, **execute_callable_kwargs)
             ^^^^^^^^^^^^^^^^^^^^^^^^^^^^^^^^^^^^^^^^^^^^^^^^^^^^^^^^^^^^^
  File "/home/airflow/.local/lib/python3.11/site-packages/airflow/models/taskinstance.py", line 432, in _execute_callable
    return execute_callable(context=context, **execute_callable_kwargs)
           ^^^^^^^^^^^^^^^^^^^^^^^^^^^^^^^^^^^^^^^^^^^^^^^^^^^^^^^^^^^^
  File "/home/airflow/.local/lib/python3.11/site-packages/airflow/models/baseoperator.py", line 401, in wrapper
    return func(self, *args, **kwargs)
           ^^^^^^^^^^^^^^^^^^^^^^^^^^^
  File "/home/airflow/.local/lib/python3.11/site-packages/airflow/operators/bash.py", line 243, in execute
    raise AirflowException(
airflow.exceptions.AirflowException: Bash command failed. The command returned a non-zero exit code 1.
[2026-03-31T01:30:14.931+0200] {taskinstance.py:1206} INFO - Marking task as UP_FOR_RETRY. dag_id=etl_api_to_bi, task_id=dbt_build, run_id=scheduled__2026-03-30T23:15:00+00:00, execution_date=20260330T231500, start_date=20260330T233009, end_date=20260330T233014
[2026-03-31T01:30:14.945+0200] {standard_task_runner.py:110} ERROR - Failed to execute job 61 for task dbt_build (Bash command failed. The command returned a non-zero exit code 1.; 226)
[2026-03-31T01:30:14.971+0200] {local_task_job_runner.py:243} INFO - Task exited with return code 1
[2026-03-31T01:30:14.989+0200] {taskinstance.py:3503} INFO - 0 downstream tasks scheduled from follow-on schedule check
[2026-03-31T01:30:14.991+0200] {local_task_job_runner.py:222} INFO - ::endgroup::
