[2026-03-31T01:34:21.003+0200] {local_task_job_runner.py:120} INFO - ::group::Pre task execution logs
[2026-03-31T01:34:21.040+0200] {taskinstance.py:2076} INFO - Dependencies all met for dep_context=non-requeueable deps ti=<TaskInstance: etl_api_to_bi.dbt_build scheduled__2026-03-30T23:15:00+00:00 [queued]>
[2026-03-31T01:34:21.050+0200] {taskinstance.py:2076} INFO - Dependencies all met for dep_context=requeueable deps ti=<TaskInstance: etl_api_to_bi.dbt_build scheduled__2026-03-30T23:15:00+00:00 [queued]>
[2026-03-31T01:34:21.051+0200] {taskinstance.py:2306} INFO - Starting attempt 3 of 3
[2026-03-31T01:34:21.065+0200] {taskinstance.py:2330} INFO - Executing <Task(BashOperator): dbt_build> on 2026-03-30 23:15:00+00:00
[2026-03-31T01:34:21.072+0200] {standard_task_runner.py:64} INFO - Started process 292 to run task
[2026-03-31T01:34:21.076+0200] {standard_task_runner.py:90} INFO - Running: ['airflow', 'tasks', 'run', 'etl_api_to_bi', 'dbt_build', 'scheduled__2026-03-30T23:15:00+00:00', '--job-id', '63', '--raw', '--subdir', 'DAGS_FOLDER/etl_api_to_bi.py', '--cfg-path', '/tmp/tmppqt2uep5']
[2026-03-31T01:34:21.080+0200] {standard_task_runner.py:91} INFO - Job 63: Subtask dbt_build
[2026-03-31T01:34:21.169+0200] {task_command.py:426} INFO - Running <TaskInstance: etl_api_to_bi.dbt_build scheduled__2026-03-30T23:15:00+00:00 [running]> on host 533e6543a790
[2026-03-31T01:34:21.412+0200] {taskinstance.py:2648} INFO - Exporting env vars: AIRFLOW_CTX_DAG_OWNER='data' AIRFLOW_CTX_DAG_ID='etl_api_to_bi' AIRFLOW_CTX_TASK_ID='dbt_build' AIRFLOW_CTX_EXECUTION_DATE='2026-03-30T23:15:00+00:00' AIRFLOW_CTX_TRY_NUMBER='3' AIRFLOW_CTX_DAG_RUN_ID='scheduled__2026-03-30T23:15:00+00:00'
[2026-03-31T01:34:21.414+0200] {taskinstance.py:430} INFO - ::endgroup::
[2026-03-31T01:34:21.422+0200] {subprocess.py:63} INFO - Tmp dir root location: /tmp
[2026-03-31T01:34:21.424+0200] {subprocess.py:75} INFO - Running command: ['/usr/bin/bash', '-c', "docker exec dbt bash -lc 'cd /usr/app && dbt build --fail-fast --profiles-dir /root/.dbt'"]
[2026-03-31T01:34:21.433+0200] {subprocess.py:86} INFO - Output:
[2026-03-31T01:34:22.818+0200] {subprocess.py:93} INFO - [0m23:34:22  Running with dbt=1.8.3
[2026-03-31T01:34:23.075+0200] {subprocess.py:93} INFO - [0m23:34:23  Registered adapter: postgres=1.8.2
[2026-03-31T01:34:24.268+0200] {subprocess.py:93} INFO - [0m23:34:24  Found 6 models, 11 data tests, 531 macros
[2026-03-31T01:34:24.272+0200] {subprocess.py:93} INFO - [0m23:34:24
[2026-03-31T01:34:24.486+0200] {subprocess.py:93} INFO - [0m23:34:24  Concurrency: 4 threads (target='dev')
[2026-03-31T01:34:24.487+0200] {subprocess.py:93} INFO - [0m23:34:24
[2026-03-31T01:34:24.496+0200] {subprocess.py:93} INFO - [0m23:34:24  1 of 17 START sql table model public_silver.silver_customers ................... [RUN]
[2026-03-31T01:34:24.498+0200] {subprocess.py:93} INFO - [0m23:34:24  2 of 17 START sql table model public_silver.silver_payments .................... [RUN]
[2026-03-31T01:34:24.499+0200] {subprocess.py:93} INFO - [0m23:34:24  3 of 17 START sql table model public_silver.silver_sessions .................... [RUN]
[2026-03-31T01:34:24.762+0200] {subprocess.py:93} INFO - [0m23:34:24  1 of 17 OK created sql table model public_silver.silver_customers .............. [[32mSELECT 1002[0m in 0.25s]
[2026-03-31T01:34:24.771+0200] {subprocess.py:93} INFO - [0m23:34:24  4 of 17 START test not_null_silver_customers_country ........................... [RUN]
[2026-03-31T01:34:24.773+0200] {subprocess.py:93} INFO - [0m23:34:24  5 of 17 START test not_null_silver_customers_customer_id ....................... [RUN]
[2026-03-31T01:34:24.788+0200] {subprocess.py:93} INFO - [0m23:34:24  2 of 17 OK created sql table model public_silver.silver_payments ............... [[32mSELECT 9021[0m in 0.28s]
[2026-03-31T01:34:24.814+0200] {subprocess.py:93} INFO - [0m23:34:24  6 of 17 START test unique_silver_customers_customer_id ......................... [RUN]
[2026-03-31T01:34:24.906+0200] {subprocess.py:93} INFO - [0m23:34:24  3 of 17 OK created sql table model public_silver.silver_sessions ............... [[32mSELECT 28216[0m in 0.39s]
[2026-03-31T01:34:24.913+0200] {subprocess.py:93} INFO - [0m23:34:24  7 of 17 START test accepted_values_silver_payments_status__suceeded__failed__refunded  [RUN]
[2026-03-31T01:34:24.968+0200] {subprocess.py:93} INFO - [0m23:34:24  4 of 17 PASS not_null_silver_customers_country ................................. [[32mPASS[0m in 0.19s]
[2026-03-31T01:34:24.971+0200] {subprocess.py:93} INFO - [0m23:34:24  5 of 17 PASS not_null_silver_customers_customer_id ............................. [[32mPASS[0m in 0.19s]
[2026-03-31T01:34:24.982+0200] {subprocess.py:93} INFO - [0m23:34:24  8 of 17 START test not_null_silver_payments_payment_id ......................... [RUN]
[2026-03-31T01:34:24.983+0200] {subprocess.py:93} INFO - [0m23:34:24  9 of 17 START test unique_silver_payments_payment_id ........................... [RUN]
[2026-03-31T01:34:25.017+0200] {subprocess.py:93} INFO - [0m23:34:25  6 of 17 PASS unique_silver_customers_customer_id ............................... [[32mPASS[0m in 0.20s]
[2026-03-31T01:34:25.034+0200] {subprocess.py:93} INFO - [0m23:34:25  10 of 17 START test accepted_values_silver_sessions_source__google__direct__facebook__linkedin__newsletter__referral__bing  [RUN]
[2026-03-31T01:34:25.036+0200] {subprocess.py:93} INFO - [0m23:34:25  7 of 17 FAIL 1 accepted_values_silver_payments_status__suceeded__failed__refunded  [[31mFAIL 1[0m in 0.12s]
[2026-03-31T01:34:25.061+0200] {subprocess.py:93} INFO - [0m23:34:25  11 of 17 START test not_null_silver_sessions_session_id ........................ [RUN]
[2026-03-31T01:34:25.100+0200] {subprocess.py:93} INFO - [0m23:34:25  8 of 17 PASS not_null_silver_payments_payment_id ............................... [[32mPASS[0m in 0.11s]
[2026-03-31T01:34:25.106+0200] {subprocess.py:93} INFO - [0m23:34:25  9 of 17 PASS unique_silver_payments_payment_id ................................. [[32mPASS[0m in 0.12s]
[2026-03-31T01:34:25.113+0200] {subprocess.py:93} INFO - [0m23:34:25  12 of 17 START test unique_silver_sessions_session_id .......................... [RUN]
[2026-03-31T01:34:25.121+0200] {subprocess.py:93} INFO - [0m23:34:25  13 of 17 START sql table model public_gold.dim_customer ........................ [RUN]
[2026-03-31T01:34:25.180+0200] {subprocess.py:93} INFO - [0m23:34:25  CANCEL query test.api_bi_project.accepted_values_silver_sessions_source__google__direct__facebook__linkedin__newsletter__referral__bing.717fc87c90  [[31mCANCEL[0m]
[2026-03-31T01:34:25.183+0200] {subprocess.py:93} INFO - [0m23:34:25  CANCEL query test.api_bi_project.unique_silver_payments_payment_id.09d6b3ec83 .. [[31mCANCEL[0m]
[2026-03-31T01:34:25.189+0200] {subprocess.py:93} INFO - [0m23:34:25  CANCEL query test.api_bi_project.not_null_silver_sessions_session_id.f74024a05b  [[31mCANCEL[0m]
[2026-03-31T01:34:25.197+0200] {subprocess.py:93} INFO - [0m23:34:25  CANCEL query test.api_bi_project.unique_silver_sessions_session_id.9a8d5b03a8 .. [[31mCANCEL[0m]
[2026-03-31T01:34:25.199+0200] {subprocess.py:93} INFO - [0m23:34:25  11 of 17 PASS not_null_silver_sessions_session_id .............................. [[32mPASS[0m in 0.14s]
[2026-03-31T01:34:25.201+0200] {subprocess.py:93} INFO - [0m23:34:25  10 of 17 FAIL 1 accepted_values_silver_sessions_source__google__direct__facebook__linkedin__newsletter__referral__bing  [[31mFAIL 1[0m in 0.16s]
[2026-03-31T01:34:25.222+0200] {subprocess.py:93} INFO - [0m23:34:25  12 of 17 ERROR unique_silver_sessions_session_id ............................... [[31mERROR[0m in 0.10s]
[2026-03-31T01:34:25.287+0200] {subprocess.py:93} INFO - [0m23:34:25  13 of 17 OK created sql table model public_gold.dim_customer ................... [[32mSELECT 1002[0m in 0.16s]
[2026-03-31T01:34:25.290+0200] {subprocess.py:93} INFO - [0m23:34:25
[2026-03-31T01:34:25.292+0200] {subprocess.py:93} INFO - [0m23:34:25  [31mFailure in test accepted_values_silver_payments_status__suceeded__failed__refunded (models/models.yml)[0m
[2026-03-31T01:34:25.293+0200] {subprocess.py:93} INFO - [0m23:34:25    Got 1 result, configured to fail if != 0
[2026-03-31T01:34:25.294+0200] {subprocess.py:93} INFO - [0m23:34:25
[2026-03-31T01:34:25.296+0200] {subprocess.py:93} INFO - [0m23:34:25    compiled code at target/compiled/api_bi_project/models/models.yml/accepted_values_silver_payment_83378c4cb60bd3def108896b63bd51b7.sql
[2026-03-31T01:34:25.318+0200] {subprocess.py:93} INFO - [0m23:34:25
[2026-03-31T01:34:25.320+0200] {subprocess.py:93} INFO - [0m23:34:25  Finished running 6 table models, 11 data tests in 0 hours 0 minutes and 1.04 seconds (1.04s).
[2026-03-31T01:34:25.382+0200] {subprocess.py:93} INFO - [0m23:34:25
[2026-03-31T01:34:25.383+0200] {subprocess.py:93} INFO - [0m23:34:25  [31mCompleted with 9 errors and 0 warnings:[0m
[2026-03-31T01:34:25.385+0200] {subprocess.py:93} INFO - [0m23:34:25
[2026-03-31T01:34:25.387+0200] {subprocess.py:93} INFO - [0m23:34:25  [31mFailure in test accepted_values_silver_payments_status__suceeded__failed__refunded (models/models.yml)[0m
[2026-03-31T01:34:25.389+0200] {subprocess.py:93} INFO - [0m23:34:25    Got 1 result, configured to fail if != 0
[2026-03-31T01:34:25.390+0200] {subprocess.py:93} INFO - [0m23:34:25
[2026-03-31T01:34:25.392+0200] {subprocess.py:93} INFO - [0m23:34:25    compiled code at target/compiled/api_bi_project/models/models.yml/accepted_values_silver_payment_83378c4cb60bd3def108896b63bd51b7.sql
[2026-03-31T01:34:25.393+0200] {subprocess.py:93} INFO - [0m23:34:25
[2026-03-31T01:34:25.395+0200] {subprocess.py:93} INFO - [0m23:34:25    Skipping due to fail_fast
[2026-03-31T01:34:25.396+0200] {subprocess.py:93} INFO - [0m23:34:25
[2026-03-31T01:34:25.398+0200] {subprocess.py:93} INFO - [0m23:34:25    Skipping due to fail_fast
[2026-03-31T01:34:25.399+0200] {subprocess.py:93} INFO - [0m23:34:25
[2026-03-31T01:34:25.400+0200] {subprocess.py:93} INFO - [0m23:34:25    Skipping due to fail_fast
[2026-03-31T01:34:25.402+0200] {subprocess.py:93} INFO - [0m23:34:25
[2026-03-31T01:34:25.403+0200] {subprocess.py:93} INFO - [0m23:34:25    Skipping due to fail_fast
[2026-03-31T01:34:25.404+0200] {subprocess.py:93} INFO - [0m23:34:25
[2026-03-31T01:34:25.406+0200] {subprocess.py:93} INFO - [0m23:34:25    Skipping due to fail_fast
[2026-03-31T01:34:25.407+0200] {subprocess.py:93} INFO - [0m23:34:25
[2026-03-31T01:34:25.409+0200] {subprocess.py:93} INFO - [0m23:34:25    Skipping due to fail_fast
[2026-03-31T01:34:25.410+0200] {subprocess.py:93} INFO - [0m23:34:25
[2026-03-31T01:34:25.411+0200] {subprocess.py:93} INFO - [0m23:34:25    Skipping due to fail_fast
[2026-03-31T01:34:25.413+0200] {subprocess.py:93} INFO - [0m23:34:25
[2026-03-31T01:34:25.414+0200] {subprocess.py:93} INFO - [0m23:34:25    Skipping due to fail_fast
[2026-03-31T01:34:25.415+0200] {subprocess.py:93} INFO - [0m23:34:25
[2026-03-31T01:34:25.417+0200] {subprocess.py:93} INFO - [0m23:34:25  Done. PASS=8 WARN=0 ERROR=1 SKIP=8 TOTAL=17
[2026-03-31T01:34:26.112+0200] {subprocess.py:97} INFO - Command exited with return code 1
[2026-03-31T01:34:26.113+0200] {taskinstance.py:441} INFO - ::group::Post task execution logs
[2026-03-31T01:34:26.128+0200] {taskinstance.py:2905} ERROR - Task failed with exception
Traceback (most recent call last):
  File "/home/airflow/.local/lib/python3.11/site-packages/airflow/models/taskinstance.py", line 465, in _execute_task
    result = _execute_callable(context=context, **execute_callable_kwargs)
             ^^^^^^^^^^^^^^^^^^^^^^^^^^^^^^^^^^^^^^^^^^^^^^^^^^^^^^^^^^^^^
  File "/home/airflow/.local/lib/python3.11/site-packages/airflow/models/taskinstance.py", line 432, in _execute_callable
    return execute_callable(context=context, **execute_callable_kwargs)
           ^^^^^^^^^^^^^^^^^^^^^^^^^^^^^^^^^^^^^^^^^^^^^^^^^^^^^^^^^^^^
  File "/home/airflow/.local/lib/python3.11/site-packages/airflow/models/baseoperator.py", line 401, in wrapper
    return func(self, *args, **kwargs)
           ^^^^^^^^^^^^^^^^^^^^^^^^^^^
  File "/home/airflow/.local/lib/python3.11/site-packages/airflow/operators/bash.py", line 243, in execute
    raise AirflowException(
airflow.exceptions.AirflowException: Bash command failed. The command returned a non-zero exit code 1.
[2026-03-31T01:34:26.133+0200] {taskinstance.py:1206} INFO - Marking task as FAILED. dag_id=etl_api_to_bi, task_id=dbt_build, run_id=scheduled__2026-03-30T23:15:00+00:00, execution_date=20260330T231500, start_date=20260330T233421, end_date=20260330T233426
[2026-03-31T01:34:26.147+0200] {standard_task_runner.py:110} ERROR - Failed to execute job 63 for task dbt_build (Bash command failed. The command returned a non-zero exit code 1.; 292)
[2026-03-31T01:34:26.169+0200] {local_task_job_runner.py:243} INFO - Task exited with return code 1
[2026-03-31T01:34:26.187+0200] {taskinstance.py:3503} INFO - 0 downstream tasks scheduled from follow-on schedule check
[2026-03-31T01:34:26.191+0200] {local_task_job_runner.py:222} INFO - ::endgroup::
