[2026-03-31T01:08:26.387+0200] {local_task_job_runner.py:120} INFO - ::group::Pre task execution logs
[2026-03-31T01:08:26.434+0200] {taskinstance.py:2076} INFO - Dependencies all met for dep_context=non-requeueable deps ti=<TaskInstance: etl_api_to_bi.dbt_build scheduled__2026-03-30T22:45:00+00:00 [queued]>
[2026-03-31T01:08:26.444+0200] {taskinstance.py:2076} INFO - Dependencies all met for dep_context=requeueable deps ti=<TaskInstance: etl_api_to_bi.dbt_build scheduled__2026-03-30T22:45:00+00:00 [queued]>
[2026-03-31T01:08:26.445+0200] {taskinstance.py:2306} INFO - Starting attempt 3 of 3
[2026-03-31T01:08:26.461+0200] {taskinstance.py:2330} INFO - Executing <Task(BashOperator): dbt_build> on 2026-03-30 22:45:00+00:00
[2026-03-31T01:08:26.466+0200] {standard_task_runner.py:64} INFO - Started process 913 to run task
[2026-03-31T01:08:26.469+0200] {standard_task_runner.py:90} INFO - Running: ['airflow', 'tasks', 'run', 'etl_api_to_bi', 'dbt_build', 'scheduled__2026-03-30T22:45:00+00:00', '--job-id', '41', '--raw', '--subdir', 'DAGS_FOLDER/etl_api_to_bi.py', '--cfg-path', '/tmp/tmp2kc7vd_2']
[2026-03-31T01:08:26.472+0200] {standard_task_runner.py:91} INFO - Job 41: Subtask dbt_build
[2026-03-31T01:08:26.555+0200] {task_command.py:426} INFO - Running <TaskInstance: etl_api_to_bi.dbt_build scheduled__2026-03-30T22:45:00+00:00 [running]> on host fcaa2f07ee84
[2026-03-31T01:08:26.838+0200] {taskinstance.py:2648} INFO - Exporting env vars: AIRFLOW_CTX_DAG_OWNER='data' AIRFLOW_CTX_DAG_ID='etl_api_to_bi' AIRFLOW_CTX_TASK_ID='dbt_build' AIRFLOW_CTX_EXECUTION_DATE='2026-03-30T22:45:00+00:00' AIRFLOW_CTX_TRY_NUMBER='3' AIRFLOW_CTX_DAG_RUN_ID='scheduled__2026-03-30T22:45:00+00:00'
[2026-03-31T01:08:26.840+0200] {taskinstance.py:430} INFO - ::endgroup::
[2026-03-31T01:08:26.850+0200] {subprocess.py:63} INFO - Tmp dir root location: /tmp
[2026-03-31T01:08:26.851+0200] {subprocess.py:75} INFO - Running command: ['/usr/bin/bash', '-c', "docker exec dbt bash -lc 'cd /usr/app && dbt build --fail-fast --profiles-dir /root/.dbt'"]
[2026-03-31T01:08:26.861+0200] {subprocess.py:86} INFO - Output:
[2026-03-31T01:08:28.577+0200] {subprocess.py:93} INFO - [0m23:08:28  Running with dbt=1.8.3
[2026-03-31T01:08:28.885+0200] {subprocess.py:93} INFO - [0m23:08:28  Registered adapter: postgres=1.8.2
[2026-03-31T01:08:30.222+0200] {subprocess.py:93} INFO - [0m23:08:30  Found 6 models, 11 data tests, 531 macros
[2026-03-31T01:08:30.228+0200] {subprocess.py:93} INFO - [0m23:08:30
[2026-03-31T01:08:30.414+0200] {subprocess.py:93} INFO - [0m23:08:30  Concurrency: 4 threads (target='dev')
[2026-03-31T01:08:30.415+0200] {subprocess.py:93} INFO - [0m23:08:30
[2026-03-31T01:08:30.423+0200] {subprocess.py:93} INFO - [0m23:08:30  1 of 17 START sql table model public_silver.silver_customers ................... [RUN]
[2026-03-31T01:08:30.425+0200] {subprocess.py:93} INFO - [0m23:08:30  2 of 17 START sql table model public_silver.silver_payments .................... [RUN]
[2026-03-31T01:08:30.427+0200] {subprocess.py:93} INFO - [0m23:08:30  3 of 17 START sql table model public_silver.silver_sessions .................... [RUN]
[2026-03-31T01:08:30.766+0200] {subprocess.py:93} INFO - [0m23:08:30  1 of 17 OK created sql table model public_silver.silver_customers .............. [[32mSELECT 1000[0m in 0.33s]
[2026-03-31T01:08:30.784+0200] {subprocess.py:93} INFO - [0m23:08:30  4 of 17 START test not_null_silver_customers_country ........................... [RUN]
[2026-03-31T01:08:30.786+0200] {subprocess.py:93} INFO - [0m23:08:30  5 of 17 START test not_null_silver_customers_customer_id ....................... [RUN]
[2026-03-31T01:08:30.798+0200] {subprocess.py:93} INFO - [0m23:08:30  2 of 17 OK created sql table model public_silver.silver_payments ............... [[32mSELECT 9016[0m in 0.36s]
[2026-03-31T01:08:30.833+0200] {subprocess.py:93} INFO - [0m23:08:30  6 of 17 START test unique_silver_customers_customer_id ......................... [RUN]
[2026-03-31T01:08:30.912+0200] {subprocess.py:93} INFO - [0m23:08:30  3 of 17 OK created sql table model public_silver.silver_sessions ............... [[32mSELECT 28205[0m in 0.41s]
[2026-03-31T01:08:30.930+0200] {subprocess.py:93} INFO - [0m23:08:30  7 of 17 START test accepted_values_silver_payments_status__suceeded__failed__refunded  [RUN]
[2026-03-31T01:08:31.003+0200] {subprocess.py:93} INFO - [0m23:08:31  5 of 17 PASS not_null_silver_customers_customer_id ............................. [[32mPASS[0m in 0.21s]
[2026-03-31T01:08:31.006+0200] {subprocess.py:93} INFO - [0m23:08:31  4 of 17 PASS not_null_silver_customers_country ................................. [[32mPASS[0m in 0.21s]
[2026-03-31T01:08:31.020+0200] {subprocess.py:93} INFO - [0m23:08:31  8 of 17 START test not_null_silver_payments_payment_id ......................... [RUN]
[2026-03-31T01:08:31.023+0200] {subprocess.py:93} INFO - [0m23:08:31  9 of 17 START test unique_silver_payments_payment_id ........................... [RUN]
[2026-03-31T01:08:31.034+0200] {subprocess.py:93} INFO - [0m23:08:31  6 of 17 PASS unique_silver_customers_customer_id ............................... [[32mPASS[0m in 0.20s]
[2026-03-31T01:08:31.058+0200] {subprocess.py:93} INFO - [0m23:08:31  7 of 17 FAIL 1 accepted_values_silver_payments_status__suceeded__failed__refunded  [[31mFAIL 1[0m in 0.13s]
[2026-03-31T01:08:31.062+0200] {subprocess.py:93} INFO - [0m23:08:31  10 of 17 START test accepted_values_silver_sessions_source__google__direct__facebook__linkedin__newsletter__referral__bing  [RUN]
[2026-03-31T01:08:31.070+0200] {subprocess.py:93} INFO - [0m23:08:31  11 of 17 START test not_null_silver_sessions_session_id ........................ [RUN]
[2026-03-31T01:08:31.205+0200] {subprocess.py:93} INFO - [0m23:08:31  8 of 17 PASS not_null_silver_payments_payment_id ............................... [[32mPASS[0m in 0.18s]
[2026-03-31T01:08:31.214+0200] {subprocess.py:93} INFO - [0m23:08:31  9 of 17 PASS unique_silver_payments_payment_id ................................. [[32mPASS[0m in 0.18s]
[2026-03-31T01:08:31.221+0200] {subprocess.py:93} INFO - [0m23:08:31  12 of 17 START test unique_silver_sessions_session_id .......................... [RUN]
[2026-03-31T01:08:31.233+0200] {subprocess.py:93} INFO - [0m23:08:31  13 of 17 START sql table model public_gold.dim_customer ........................ [RUN]
[2026-03-31T01:08:31.253+0200] {subprocess.py:93} INFO - [0m23:08:31  CANCEL query test.api_bi_project.not_null_silver_payments_payment_id.71305d150f  [[31mCANCEL[0m]
[2026-03-31T01:08:31.254+0200] {subprocess.py:93} INFO - [0m23:08:31  10 of 17 FAIL 1 accepted_values_silver_sessions_source__google__direct__facebook__linkedin__newsletter__referral__bing  [[31mFAIL 1[0m in 0.19s]
[2026-03-31T01:08:31.256+0200] {subprocess.py:93} INFO - [0m23:08:31  11 of 17 PASS not_null_silver_sessions_session_id .............................. [[32mPASS[0m in 0.16s]
[2026-03-31T01:08:31.259+0200] {subprocess.py:93} INFO - [0m23:08:31  CANCEL query test.api_bi_project.accepted_values_silver_sessions_source__google__direct__facebook__linkedin__newsletter__referral__bing.717fc87c90  [[31mCANCEL[0m]
[2026-03-31T01:08:31.270+0200] {subprocess.py:93} INFO - [0m23:08:31  CANCEL query test.api_bi_project.not_null_silver_sessions_session_id.f74024a05b  [[31mCANCEL[0m]
[2026-03-31T01:08:31.280+0200] {subprocess.py:93} INFO - [0m23:08:31  CANCEL query test.api_bi_project.unique_silver_payments_payment_id.09d6b3ec83 .. [[31mCANCEL[0m]
[2026-03-31T01:08:31.351+0200] {subprocess.py:93} INFO - [0m23:08:31  12 of 17 PASS unique_silver_sessions_session_id ................................ [[32mPASS[0m in 0.12s]
[2026-03-31T01:08:31.390+0200] {subprocess.py:93} INFO - [0m23:08:31  13 of 17 OK created sql table model public_gold.dim_customer ................... [[32mSELECT 1000[0m in 0.15s]
[2026-03-31T01:08:31.395+0200] {subprocess.py:93} INFO - [0m23:08:31
[2026-03-31T01:08:31.396+0200] {subprocess.py:93} INFO - [0m23:08:31  [31mFailure in test accepted_values_silver_payments_status__suceeded__failed__refunded (models/models.yml)[0m
[2026-03-31T01:08:31.398+0200] {subprocess.py:93} INFO - [0m23:08:31    Got 1 result, configured to fail if != 0
[2026-03-31T01:08:31.399+0200] {subprocess.py:93} INFO - [0m23:08:31
[2026-03-31T01:08:31.401+0200] {subprocess.py:93} INFO - [0m23:08:31    compiled code at target/compiled/api_bi_project/models/models.yml/accepted_values_silver_payment_83378c4cb60bd3def108896b63bd51b7.sql
[2026-03-31T01:08:31.423+0200] {subprocess.py:93} INFO - [0m23:08:31
[2026-03-31T01:08:31.425+0200] {subprocess.py:93} INFO - [0m23:08:31  Finished running 6 table models, 11 data tests in 0 hours 0 minutes and 1.19 seconds (1.19s).
[2026-03-31T01:08:31.496+0200] {subprocess.py:93} INFO - [0m23:08:31
[2026-03-31T01:08:31.498+0200] {subprocess.py:93} INFO - [0m23:08:31  [31mCompleted with 9 errors and 0 warnings:[0m
[2026-03-31T01:08:31.499+0200] {subprocess.py:93} INFO - [0m23:08:31
[2026-03-31T01:08:31.501+0200] {subprocess.py:93} INFO - [0m23:08:31  [31mFailure in test accepted_values_silver_payments_status__suceeded__failed__refunded (models/models.yml)[0m
[2026-03-31T01:08:31.503+0200] {subprocess.py:93} INFO - [0m23:08:31    Got 1 result, configured to fail if != 0
[2026-03-31T01:08:31.504+0200] {subprocess.py:93} INFO - [0m23:08:31
[2026-03-31T01:08:31.506+0200] {subprocess.py:93} INFO - [0m23:08:31    compiled code at target/compiled/api_bi_project/models/models.yml/accepted_values_silver_payment_83378c4cb60bd3def108896b63bd51b7.sql
[2026-03-31T01:08:31.509+0200] {subprocess.py:93} INFO - [0m23:08:31
[2026-03-31T01:08:31.511+0200] {subprocess.py:93} INFO - [0m23:08:31    Skipping due to fail_fast
[2026-03-31T01:08:31.513+0200] {subprocess.py:93} INFO - [0m23:08:31
[2026-03-31T01:08:31.514+0200] {subprocess.py:93} INFO - [0m23:08:31    Skipping due to fail_fast
[2026-03-31T01:08:31.516+0200] {subprocess.py:93} INFO - [0m23:08:31
[2026-03-31T01:08:31.517+0200] {subprocess.py:93} INFO - [0m23:08:31    Skipping due to fail_fast
[2026-03-31T01:08:31.518+0200] {subprocess.py:93} INFO - [0m23:08:31
[2026-03-31T01:08:31.520+0200] {subprocess.py:93} INFO - [0m23:08:31    Skipping due to fail_fast
[2026-03-31T01:08:31.521+0200] {subprocess.py:93} INFO - [0m23:08:31
[2026-03-31T01:08:31.523+0200] {subprocess.py:93} INFO - [0m23:08:31    Skipping due to fail_fast
[2026-03-31T01:08:31.526+0200] {subprocess.py:93} INFO - [0m23:08:31
[2026-03-31T01:08:31.528+0200] {subprocess.py:93} INFO - [0m23:08:31    Skipping due to fail_fast
[2026-03-31T01:08:31.529+0200] {subprocess.py:93} INFO - [0m23:08:31
[2026-03-31T01:08:31.531+0200] {subprocess.py:93} INFO - [0m23:08:31    Skipping due to fail_fast
[2026-03-31T01:08:31.533+0200] {subprocess.py:93} INFO - [0m23:08:31
[2026-03-31T01:08:31.534+0200] {subprocess.py:93} INFO - [0m23:08:31    Skipping due to fail_fast
[2026-03-31T01:08:31.537+0200] {subprocess.py:93} INFO - [0m23:08:31
[2026-03-31T01:08:31.539+0200] {subprocess.py:93} INFO - [0m23:08:31  Done. PASS=8 WARN=0 ERROR=1 SKIP=8 TOTAL=17
[2026-03-31T01:08:32.196+0200] {subprocess.py:97} INFO - Command exited with return code 1
[2026-03-31T01:08:32.197+0200] {taskinstance.py:441} INFO - ::group::Post task execution logs
[2026-03-31T01:08:32.213+0200] {taskinstance.py:2905} ERROR - Task failed with exception
Traceback (most recent call last):
  File "/home/airflow/.local/lib/python3.11/site-packages/airflow/models/taskinstance.py", line 465, in _execute_task
    result = _execute_callable(context=context, **execute_callable_kwargs)
             ^^^^^^^^^^^^^^^^^^^^^^^^^^^^^^^^^^^^^^^^^^^^^^^^^^^^^^^^^^^^^
  File "/home/airflow/.local/lib/python3.11/site-packages/airflow/models/taskinstance.py", line 432, in _execute_callable
    return execute_callable(context=context, **execute_callable_kwargs)
           ^^^^^^^^^^^^^^^^^^^^^^^^^^^^^^^^^^^^^^^^^^^^^^^^^^^^^^^^^^^^
  File "/home/airflow/.local/lib/python3.11/site-packages/airflow/models/baseoperator.py", line 401, in wrapper
    return func(self, *args, **kwargs)
           ^^^^^^^^^^^^^^^^^^^^^^^^^^^
  File "/home/airflow/.local/lib/python3.11/site-packages/airflow/operators/bash.py", line 243, in execute
    raise AirflowException(
airflow.exceptions.AirflowException: Bash command failed. The command returned a non-zero exit code 1.
[2026-03-31T01:08:32.218+0200] {taskinstance.py:1206} INFO - Marking task as FAILED. dag_id=etl_api_to_bi, task_id=dbt_build, run_id=scheduled__2026-03-30T22:45:00+00:00, execution_date=20260330T224500, start_date=20260330T230826, end_date=20260330T230832
[2026-03-31T01:08:32.238+0200] {standard_task_runner.py:110} ERROR - Failed to execute job 41 for task dbt_build (Bash command failed. The command returned a non-zero exit code 1.; 913)
[2026-03-31T01:08:32.286+0200] {local_task_job_runner.py:243} INFO - Task exited with return code 1
[2026-03-31T01:08:32.305+0200] {taskinstance.py:3503} INFO - 0 downstream tasks scheduled from follow-on schedule check
[2026-03-31T01:08:32.310+0200] {local_task_job_runner.py:222} INFO - ::endgroup::
