[2026-03-31T01:04:13.598+0200] {local_task_job_runner.py:120} INFO - ::group::Pre task execution logs
[2026-03-31T01:04:13.639+0200] {taskinstance.py:2076} INFO - Dependencies all met for dep_context=non-requeueable deps ti=<TaskInstance: etl_api_to_bi.dbt_build scheduled__2026-03-30T22:45:00+00:00 [queued]>
[2026-03-31T01:04:13.649+0200] {taskinstance.py:2076} INFO - Dependencies all met for dep_context=requeueable deps ti=<TaskInstance: etl_api_to_bi.dbt_build scheduled__2026-03-30T22:45:00+00:00 [queued]>
[2026-03-31T01:04:13.650+0200] {taskinstance.py:2306} INFO - Starting attempt 1 of 3
[2026-03-31T01:04:13.665+0200] {taskinstance.py:2330} INFO - Executing <Task(BashOperator): dbt_build> on 2026-03-30 22:45:00+00:00
[2026-03-31T01:04:13.669+0200] {standard_task_runner.py:64} INFO - Started process 826 to run task
[2026-03-31T01:04:13.672+0200] {standard_task_runner.py:90} INFO - Running: ['airflow', 'tasks', 'run', 'etl_api_to_bi', 'dbt_build', 'scheduled__2026-03-30T22:45:00+00:00', '--job-id', '37', '--raw', '--subdir', 'DAGS_FOLDER/etl_api_to_bi.py', '--cfg-path', '/tmp/tmpngfe4okg']
[2026-03-31T01:04:13.675+0200] {standard_task_runner.py:91} INFO - Job 37: Subtask dbt_build
[2026-03-31T01:04:13.750+0200] {task_command.py:426} INFO - Running <TaskInstance: etl_api_to_bi.dbt_build scheduled__2026-03-30T22:45:00+00:00 [running]> on host fcaa2f07ee84
[2026-03-31T01:04:13.965+0200] {taskinstance.py:2648} INFO - Exporting env vars: AIRFLOW_CTX_DAG_OWNER='data' AIRFLOW_CTX_DAG_ID='etl_api_to_bi' AIRFLOW_CTX_TASK_ID='dbt_build' AIRFLOW_CTX_EXECUTION_DATE='2026-03-30T22:45:00+00:00' AIRFLOW_CTX_TRY_NUMBER='1' AIRFLOW_CTX_DAG_RUN_ID='scheduled__2026-03-30T22:45:00+00:00'
[2026-03-31T01:04:13.966+0200] {taskinstance.py:430} INFO - ::endgroup::
[2026-03-31T01:04:13.975+0200] {subprocess.py:63} INFO - Tmp dir root location: /tmp
[2026-03-31T01:04:13.977+0200] {subprocess.py:75} INFO - Running command: ['/usr/bin/bash', '-c', "docker exec dbt bash -lc 'cd /usr/app && dbt build --fail-fast --profiles-dir /root/.dbt'"]
[2026-03-31T01:04:13.987+0200] {subprocess.py:86} INFO - Output:
[2026-03-31T01:04:15.397+0200] {subprocess.py:93} INFO - [0m23:04:15  Running with dbt=1.8.3
[2026-03-31T01:04:15.687+0200] {subprocess.py:93} INFO - [0m23:04:15  Registered adapter: postgres=1.8.2
[2026-03-31T01:04:16.777+0200] {subprocess.py:93} INFO - [0m23:04:16  Found 6 models, 11 data tests, 531 macros
[2026-03-31T01:04:16.781+0200] {subprocess.py:93} INFO - [0m23:04:16
[2026-03-31T01:04:16.962+0200] {subprocess.py:93} INFO - [0m23:04:16  Concurrency: 4 threads (target='dev')
[2026-03-31T01:04:16.963+0200] {subprocess.py:93} INFO - [0m23:04:16
[2026-03-31T01:04:16.971+0200] {subprocess.py:93} INFO - [0m23:04:16  1 of 17 START sql table model public_silver.silver_customers ................... [RUN]
[2026-03-31T01:04:16.972+0200] {subprocess.py:93} INFO - [0m23:04:16  2 of 17 START sql table model public_silver.silver_payments .................... [RUN]
[2026-03-31T01:04:16.974+0200] {subprocess.py:93} INFO - [0m23:04:16  3 of 17 START sql table model public_silver.silver_sessions .................... [RUN]
[2026-03-31T01:04:17.260+0200] {subprocess.py:93} INFO - [0m23:04:17  1 of 17 OK created sql table model public_silver.silver_customers .............. [[32mSELECT 1000[0m in 0.28s]
[2026-03-31T01:04:17.261+0200] {subprocess.py:93} INFO - [0m23:04:17  2 of 17 OK created sql table model public_silver.silver_payments ............... [[32mSELECT 9016[0m in 0.28s]
[2026-03-31T01:04:17.273+0200] {subprocess.py:93} INFO - [0m23:04:17  4 of 17 START test not_null_silver_customers_country ........................... [RUN]
[2026-03-31T01:04:17.274+0200] {subprocess.py:93} INFO - [0m23:04:17  5 of 17 START test not_null_silver_customers_customer_id ....................... [RUN]
[2026-03-31T01:04:17.275+0200] {subprocess.py:93} INFO - [0m23:04:17  6 of 17 START test unique_silver_customers_customer_id ......................... [RUN]
[2026-03-31T01:04:17.403+0200] {subprocess.py:93} INFO - [0m23:04:17  3 of 17 OK created sql table model public_silver.silver_sessions ............... [[32mSELECT 28205[0m in 0.42s]
[2026-03-31T01:04:17.411+0200] {subprocess.py:93} INFO - [0m23:04:17  7 of 17 START test accepted_values_silver_payments_status__suceeded__failed__refunded  [RUN]
[2026-03-31T01:04:17.467+0200] {subprocess.py:93} INFO - [0m23:04:17  4 of 17 PASS not_null_silver_customers_country ................................. [[32mPASS[0m in 0.19s]
[2026-03-31T01:04:17.469+0200] {subprocess.py:93} INFO - [0m23:04:17  5 of 17 PASS not_null_silver_customers_customer_id ............................. [[32mPASS[0m in 0.19s]
[2026-03-31T01:04:17.472+0200] {subprocess.py:93} INFO - [0m23:04:17  6 of 17 PASS unique_silver_customers_customer_id ............................... [[32mPASS[0m in 0.19s]
[2026-03-31T01:04:17.483+0200] {subprocess.py:93} INFO - [0m23:04:17  8 of 17 START test not_null_silver_payments_payment_id ......................... [RUN]
[2026-03-31T01:04:17.484+0200] {subprocess.py:93} INFO - [0m23:04:17  9 of 17 START test unique_silver_payments_payment_id ........................... [RUN]
[2026-03-31T01:04:17.488+0200] {subprocess.py:93} INFO - [0m23:04:17  10 of 17 START test accepted_values_silver_sessions_source__google__direct__facebook__linkedin__newsletter__referral__bing  [RUN]
[2026-03-31T01:04:17.544+0200] {subprocess.py:93} INFO - [0m23:04:17  7 of 17 FAIL 1 accepted_values_silver_payments_status__suceeded__failed__refunded  [[31mFAIL 1[0m in 0.13s]
[2026-03-31T01:04:17.555+0200] {subprocess.py:93} INFO - [0m23:04:17  11 of 17 START test not_null_silver_sessions_session_id ........................ [RUN]
[2026-03-31T01:04:17.615+0200] {subprocess.py:93} INFO - [0m23:04:17  10 of 17 FAIL 1 accepted_values_silver_sessions_source__google__direct__facebook__linkedin__newsletter__referral__bing  [[31mFAIL 1[0m in 0.12s]
[2026-03-31T01:04:17.619+0200] {subprocess.py:93} INFO - [0m23:04:17  8 of 17 PASS not_null_silver_payments_payment_id ............................... [[32mPASS[0m in 0.13s]
[2026-03-31T01:04:17.623+0200] {subprocess.py:93} INFO - [0m23:04:17  9 of 17 PASS unique_silver_payments_payment_id ................................. [[32mPASS[0m in 0.13s]
[2026-03-31T01:04:17.635+0200] {subprocess.py:93} INFO - [0m23:04:17  12 of 17 START test unique_silver_sessions_session_id .......................... [RUN]
[2026-03-31T01:04:17.640+0200] {subprocess.py:93} INFO - [0m23:04:17  13 of 17 START sql table model public_gold.dim_customer ........................ [RUN]
[2026-03-31T01:04:17.668+0200] {subprocess.py:93} INFO - [0m23:04:17  CANCEL query test.api_bi_project.accepted_values_silver_sessions_source__google__direct__facebook__linkedin__newsletter__referral__bing.717fc87c90  [[31mCANCEL[0m]
[2026-03-31T01:04:17.671+0200] {subprocess.py:93} INFO - [0m23:04:17  CANCEL query test.api_bi_project.unique_silver_payments_payment_id.09d6b3ec83 .. [[31mCANCEL[0m]
[2026-03-31T01:04:17.679+0200] {subprocess.py:93} INFO - [0m23:04:17  CANCEL query test.api_bi_project.not_null_silver_sessions_session_id.f74024a05b  [[31mCANCEL[0m]
[2026-03-31T01:04:17.695+0200] {subprocess.py:93} INFO - [0m23:04:17  CANCEL query test.api_bi_project.not_null_silver_payments_payment_id.71305d150f  [[31mCANCEL[0m]
[2026-03-31T01:04:17.698+0200] {subprocess.py:93} INFO - [0m23:04:17  11 of 17 PASS not_null_silver_sessions_session_id .............................. [[32mPASS[0m in 0.13s]
[2026-03-31T01:04:17.772+0200] {subprocess.py:93} INFO - [0m23:04:17  12 of 17 PASS unique_silver_sessions_session_id ................................ [[32mPASS[0m in 0.13s]
[2026-03-31T01:04:17.797+0200] {subprocess.py:93} INFO - [0m23:04:17  13 of 17 OK created sql table model public_gold.dim_customer ................... [[32mSELECT 1000[0m in 0.15s]
[2026-03-31T01:04:17.800+0200] {subprocess.py:93} INFO - [0m23:04:17
[2026-03-31T01:04:17.801+0200] {subprocess.py:93} INFO - [0m23:04:17  [31mFailure in test accepted_values_silver_sessions_source__google__direct__facebook__linkedin__newsletter__referral__bing (models/models.yml)[0m
[2026-03-31T01:04:17.803+0200] {subprocess.py:93} INFO - [0m23:04:17    Got 1 result, configured to fail if != 0
[2026-03-31T01:04:17.804+0200] {subprocess.py:93} INFO - [0m23:04:17
[2026-03-31T01:04:17.806+0200] {subprocess.py:93} INFO - [0m23:04:17    compiled code at target/compiled/api_bi_project/models/models.yml/accepted_values_silver_session_2b1dd7cfe6c5ebf4293aff2670001faa.sql
[2026-03-31T01:04:17.830+0200] {subprocess.py:93} INFO - [0m23:04:17
[2026-03-31T01:04:17.832+0200] {subprocess.py:93} INFO - [0m23:04:17  Finished running 6 table models, 11 data tests in 0 hours 0 minutes and 1.05 seconds (1.05s).
[2026-03-31T01:04:17.904+0200] {subprocess.py:93} INFO - [0m23:04:17
[2026-03-31T01:04:17.906+0200] {subprocess.py:93} INFO - [0m23:04:17  [31mCompleted with 9 errors and 0 warnings:[0m
[2026-03-31T01:04:17.908+0200] {subprocess.py:93} INFO - [0m23:04:17
[2026-03-31T01:04:17.910+0200] {subprocess.py:93} INFO - [0m23:04:17  [31mFailure in test accepted_values_silver_payments_status__suceeded__failed__refunded (models/models.yml)[0m
[2026-03-31T01:04:17.912+0200] {subprocess.py:93} INFO - [0m23:04:17    Got 1 result, configured to fail if != 0
[2026-03-31T01:04:17.913+0200] {subprocess.py:93} INFO - [0m23:04:17
[2026-03-31T01:04:17.915+0200] {subprocess.py:93} INFO - [0m23:04:17    compiled code at target/compiled/api_bi_project/models/models.yml/accepted_values_silver_payment_83378c4cb60bd3def108896b63bd51b7.sql
[2026-03-31T01:04:17.917+0200] {subprocess.py:93} INFO - [0m23:04:17
[2026-03-31T01:04:17.919+0200] {subprocess.py:93} INFO - [0m23:04:17  [31mFailure in test accepted_values_silver_sessions_source__google__direct__facebook__linkedin__newsletter__referral__bing (models/models.yml)[0m
[2026-03-31T01:04:17.920+0200] {subprocess.py:93} INFO - [0m23:04:17    Got 1 result, configured to fail if != 0
[2026-03-31T01:04:17.921+0200] {subprocess.py:93} INFO - [0m23:04:17
[2026-03-31T01:04:17.923+0200] {subprocess.py:93} INFO - [0m23:04:17    compiled code at target/compiled/api_bi_project/models/models.yml/accepted_values_silver_session_2b1dd7cfe6c5ebf4293aff2670001faa.sql
[2026-03-31T01:04:17.924+0200] {subprocess.py:93} INFO - [0m23:04:17
[2026-03-31T01:04:17.926+0200] {subprocess.py:93} INFO - [0m23:04:17    Skipping due to fail_fast
[2026-03-31T01:04:17.927+0200] {subprocess.py:93} INFO - [0m23:04:17
[2026-03-31T01:04:17.929+0200] {subprocess.py:93} INFO - [0m23:04:17    Skipping due to fail_fast
[2026-03-31T01:04:17.930+0200] {subprocess.py:93} INFO - [0m23:04:17
[2026-03-31T01:04:17.931+0200] {subprocess.py:93} INFO - [0m23:04:17    Skipping due to fail_fast
[2026-03-31T01:04:17.933+0200] {subprocess.py:93} INFO - [0m23:04:17
[2026-03-31T01:04:17.934+0200] {subprocess.py:93} INFO - [0m23:04:17    Skipping due to fail_fast
[2026-03-31T01:04:17.936+0200] {subprocess.py:93} INFO - [0m23:04:17
[2026-03-31T01:04:17.937+0200] {subprocess.py:93} INFO - [0m23:04:17    Skipping due to fail_fast
[2026-03-31T01:04:17.938+0200] {subprocess.py:93} INFO - [0m23:04:17
[2026-03-31T01:04:17.940+0200] {subprocess.py:93} INFO - [0m23:04:17    Skipping due to fail_fast
[2026-03-31T01:04:17.941+0200] {subprocess.py:93} INFO - [0m23:04:17
[2026-03-31T01:04:17.943+0200] {subprocess.py:93} INFO - [0m23:04:17    Skipping due to fail_fast
[2026-03-31T01:04:17.944+0200] {subprocess.py:93} INFO - [0m23:04:17
[2026-03-31T01:04:17.946+0200] {subprocess.py:93} INFO - [0m23:04:17  Done. PASS=8 WARN=0 ERROR=2 SKIP=7 TOTAL=17
[2026-03-31T01:04:18.632+0200] {subprocess.py:97} INFO - Command exited with return code 1
[2026-03-31T01:04:18.633+0200] {taskinstance.py:441} INFO - ::group::Post task execution logs
[2026-03-31T01:04:18.653+0200] {taskinstance.py:2905} ERROR - Task failed with exception
Traceback (most recent call last):
  File "/home/airflow/.local/lib/python3.11/site-packages/airflow/models/taskinstance.py", line 465, in _execute_task
    result = _execute_callable(context=context, **execute_callable_kwargs)
             ^^^^^^^^^^^^^^^^^^^^^^^^^^^^^^^^^^^^^^^^^^^^^^^^^^^^^^^^^^^^^
  File "/home/airflow/.local/lib/python3.11/site-packages/airflow/models/taskinstance.py", line 432, in _execute_callable
    return execute_callable(context=context, **execute_callable_kwargs)
           ^^^^^^^^^^^^^^^^^^^^^^^^^^^^^^^^^^^^^^^^^^^^^^^^^^^^^^^^^^^^
  File "/home/airflow/.local/lib/python3.11/site-packages/airflow/models/baseoperator.py", line 401, in wrapper
    return func(self, *args, **kwargs)
           ^^^^^^^^^^^^^^^^^^^^^^^^^^^
  File "/home/airflow/.local/lib/python3.11/site-packages/airflow/operators/bash.py", line 243, in execute
    raise AirflowException(
airflow.exceptions.AirflowException: Bash command failed. The command returned a non-zero exit code 1.
[2026-03-31T01:04:18.657+0200] {taskinstance.py:1206} INFO - Marking task as UP_FOR_RETRY. dag_id=etl_api_to_bi, task_id=dbt_build, run_id=scheduled__2026-03-30T22:45:00+00:00, execution_date=20260330T224500, start_date=20260330T230413, end_date=20260330T230418
[2026-03-31T01:04:18.672+0200] {standard_task_runner.py:110} ERROR - Failed to execute job 37 for task dbt_build (Bash command failed. The command returned a non-zero exit code 1.; 826)
[2026-03-31T01:04:18.707+0200] {local_task_job_runner.py:243} INFO - Task exited with return code 1
[2026-03-31T01:04:18.726+0200] {taskinstance.py:3503} INFO - 0 downstream tasks scheduled from follow-on schedule check
[2026-03-31T01:04:18.729+0200] {local_task_job_runner.py:222} INFO - ::endgroup::
