[2026-03-31T01:06:19.729+0200] {local_task_job_runner.py:120} INFO - ::group::Pre task execution logs
[2026-03-31T01:06:19.772+0200] {taskinstance.py:2076} INFO - Dependencies all met for dep_context=non-requeueable deps ti=<TaskInstance: etl_api_to_bi.dbt_build scheduled__2026-03-30T22:45:00+00:00 [queued]>
[2026-03-31T01:06:19.784+0200] {taskinstance.py:2076} INFO - Dependencies all met for dep_context=requeueable deps ti=<TaskInstance: etl_api_to_bi.dbt_build scheduled__2026-03-30T22:45:00+00:00 [queued]>
[2026-03-31T01:06:19.785+0200] {taskinstance.py:2306} INFO - Starting attempt 2 of 3
[2026-03-31T01:06:19.803+0200] {taskinstance.py:2330} INFO - Executing <Task(BashOperator): dbt_build> on 2026-03-30 22:45:00+00:00
[2026-03-31T01:06:19.811+0200] {standard_task_runner.py:64} INFO - Started process 870 to run task
[2026-03-31T01:06:19.815+0200] {standard_task_runner.py:90} INFO - Running: ['airflow', 'tasks', 'run', 'etl_api_to_bi', 'dbt_build', 'scheduled__2026-03-30T22:45:00+00:00', '--job-id', '39', '--raw', '--subdir', 'DAGS_FOLDER/etl_api_to_bi.py', '--cfg-path', '/tmp/tmp7xpdctc5']
[2026-03-31T01:06:19.819+0200] {standard_task_runner.py:91} INFO - Job 39: Subtask dbt_build
[2026-03-31T01:06:19.911+0200] {task_command.py:426} INFO - Running <TaskInstance: etl_api_to_bi.dbt_build scheduled__2026-03-30T22:45:00+00:00 [running]> on host fcaa2f07ee84
[2026-03-31T01:06:20.200+0200] {taskinstance.py:2648} INFO - Exporting env vars: AIRFLOW_CTX_DAG_OWNER='data' AIRFLOW_CTX_DAG_ID='etl_api_to_bi' AIRFLOW_CTX_TASK_ID='dbt_build' AIRFLOW_CTX_EXECUTION_DATE='2026-03-30T22:45:00+00:00' AIRFLOW_CTX_TRY_NUMBER='2' AIRFLOW_CTX_DAG_RUN_ID='scheduled__2026-03-30T22:45:00+00:00'
[2026-03-31T01:06:20.202+0200] {taskinstance.py:430} INFO - ::endgroup::
[2026-03-31T01:06:20.216+0200] {subprocess.py:63} INFO - Tmp dir root location: /tmp
[2026-03-31T01:06:20.217+0200] {subprocess.py:75} INFO - Running command: ['/usr/bin/bash', '-c', "docker exec dbt bash -lc 'cd /usr/app && dbt build --fail-fast --profiles-dir /root/.dbt'"]
[2026-03-31T01:06:20.230+0200] {subprocess.py:86} INFO - Output:
[2026-03-31T01:06:21.992+0200] {subprocess.py:93} INFO - [0m23:06:21  Running with dbt=1.8.3
[2026-03-31T01:06:22.347+0200] {subprocess.py:93} INFO - [0m23:06:22  Registered adapter: postgres=1.8.2
[2026-03-31T01:06:23.774+0200] {subprocess.py:93} INFO - [0m23:06:23  Found 6 models, 11 data tests, 531 macros
[2026-03-31T01:06:23.781+0200] {subprocess.py:93} INFO - [0m23:06:23
[2026-03-31T01:06:23.980+0200] {subprocess.py:93} INFO - [0m23:06:23  Concurrency: 4 threads (target='dev')
[2026-03-31T01:06:23.981+0200] {subprocess.py:93} INFO - [0m23:06:23
[2026-03-31T01:06:23.989+0200] {subprocess.py:93} INFO - [0m23:06:23  1 of 17 START sql table model public_silver.silver_customers ................... [RUN]
[2026-03-31T01:06:23.990+0200] {subprocess.py:93} INFO - [0m23:06:23  2 of 17 START sql table model public_silver.silver_payments .................... [RUN]
[2026-03-31T01:06:23.992+0200] {subprocess.py:93} INFO - [0m23:06:23  3 of 17 START sql table model public_silver.silver_sessions .................... [RUN]
[2026-03-31T01:06:24.255+0200] {subprocess.py:93} INFO - [0m23:06:24  1 of 17 OK created sql table model public_silver.silver_customers .............. [[32mSELECT 1000[0m in 0.25s]
[2026-03-31T01:06:24.271+0200] {subprocess.py:93} INFO - [0m23:06:24  4 of 17 START test not_null_silver_customers_country ........................... [RUN]
[2026-03-31T01:06:24.273+0200] {subprocess.py:93} INFO - [0m23:06:24  5 of 17 START test not_null_silver_customers_customer_id ....................... [RUN]
[2026-03-31T01:06:24.285+0200] {subprocess.py:93} INFO - [0m23:06:24  2 of 17 OK created sql table model public_silver.silver_payments ............... [[32mSELECT 9016[0m in 0.28s]
[2026-03-31T01:06:24.317+0200] {subprocess.py:93} INFO - [0m23:06:24  6 of 17 START test unique_silver_customers_customer_id ......................... [RUN]
[2026-03-31T01:06:24.398+0200] {subprocess.py:93} INFO - [0m23:06:24  3 of 17 OK created sql table model public_silver.silver_sessions ............... [[32mSELECT 28205[0m in 0.33s]
[2026-03-31T01:06:24.416+0200] {subprocess.py:93} INFO - [0m23:06:24  7 of 17 START test accepted_values_silver_payments_status__suceeded__failed__refunded  [RUN]
[2026-03-31T01:06:24.480+0200] {subprocess.py:93} INFO - [0m23:06:24  5 of 17 PASS not_null_silver_customers_customer_id ............................. [[32mPASS[0m in 0.20s]
[2026-03-31T01:06:24.496+0200] {subprocess.py:93} INFO - [0m23:06:24  4 of 17 PASS not_null_silver_customers_country ................................. [[32mPASS[0m in 0.21s]
[2026-03-31T01:06:24.502+0200] {subprocess.py:93} INFO - [0m23:06:24  8 of 17 START test not_null_silver_payments_payment_id ......................... [RUN]
[2026-03-31T01:06:24.524+0200] {subprocess.py:93} INFO - [0m23:06:24  9 of 17 START test unique_silver_payments_payment_id ........................... [RUN]
[2026-03-31T01:06:24.547+0200] {subprocess.py:93} INFO - [0m23:06:24  6 of 17 PASS unique_silver_customers_customer_id ............................... [[32mPASS[0m in 0.22s]
[2026-03-31T01:06:24.574+0200] {subprocess.py:93} INFO - [0m23:06:24  10 of 17 START test accepted_values_silver_sessions_source__google__direct__facebook__linkedin__newsletter__referral__bing  [RUN]
[2026-03-31T01:06:24.601+0200] {subprocess.py:93} INFO - [0m23:06:24  7 of 17 FAIL 1 accepted_values_silver_payments_status__suceeded__failed__refunded  [[31mFAIL 1[0m in 0.18s]
[2026-03-31T01:06:24.657+0200] {subprocess.py:93} INFO - [0m23:06:24  11 of 17 START test not_null_silver_sessions_session_id ........................ [RUN]
[2026-03-31T01:06:24.704+0200] {subprocess.py:93} INFO - [0m23:06:24  8 of 17 PASS not_null_silver_payments_payment_id ............................... [[32mPASS[0m in 0.19s]
[2026-03-31T01:06:24.719+0200] {subprocess.py:93} INFO - [0m23:06:24  12 of 17 START test unique_silver_sessions_session_id .......................... [RUN]
[2026-03-31T01:06:24.731+0200] {subprocess.py:93} INFO - [0m23:06:24  9 of 17 PASS unique_silver_payments_payment_id ................................. [[32mPASS[0m in 0.19s]
[2026-03-31T01:06:24.749+0200] {subprocess.py:93} INFO - [0m23:06:24  13 of 17 START sql table model public_gold.dim_customer ........................ [RUN]
[2026-03-31T01:06:24.800+0200] {subprocess.py:93} INFO - [0m23:06:24  CANCEL query test.api_bi_project.unique_silver_sessions_session_id.9a8d5b03a8 .. [[31mCANCEL[0m]
[2026-03-31T01:06:24.802+0200] {subprocess.py:93} INFO - [0m23:06:24  CANCEL query test.api_bi_project.accepted_values_silver_sessions_source__google__direct__facebook__linkedin__newsletter__referral__bing.717fc87c90  [[31mCANCEL[0m]
[2026-03-31T01:06:24.809+0200] {subprocess.py:93} INFO - [0m23:06:24  CANCEL query test.api_bi_project.not_null_silver_sessions_session_id.f74024a05b  [[31mCANCEL[0m]
[2026-03-31T01:06:24.818+0200] {subprocess.py:93} INFO - [0m23:06:24  CANCEL query test.api_bi_project.unique_silver_payments_payment_id.09d6b3ec83 .. [[31mCANCEL[0m]
[2026-03-31T01:06:24.820+0200] {subprocess.py:93} INFO - [0m23:06:24  10 of 17 FAIL 1 accepted_values_silver_sessions_source__google__direct__facebook__linkedin__newsletter__referral__bing  [[31mFAIL 1[0m in 0.23s]
[2026-03-31T01:06:24.824+0200] {subprocess.py:93} INFO - [0m23:06:24  11 of 17 PASS not_null_silver_sessions_session_id .............................. [[32mPASS[0m in 0.16s]
[2026-03-31T01:06:24.849+0200] {subprocess.py:93} INFO - [0m23:06:24  12 of 17 ERROR unique_silver_sessions_session_id ............................... [[31mERROR[0m in 0.12s]
[2026-03-31T01:06:24.921+0200] {subprocess.py:93} INFO - [0m23:06:24  13 of 17 OK created sql table model public_gold.dim_customer ................... [[32mSELECT 1000[0m in 0.16s]
[2026-03-31T01:06:24.924+0200] {subprocess.py:93} INFO - [0m23:06:24
[2026-03-31T01:06:24.925+0200] {subprocess.py:93} INFO - [0m23:06:24  [31mFailure in test accepted_values_silver_payments_status__suceeded__failed__refunded (models/models.yml)[0m
[2026-03-31T01:06:24.928+0200] {subprocess.py:93} INFO - [0m23:06:24    Got 1 result, configured to fail if != 0
[2026-03-31T01:06:24.929+0200] {subprocess.py:93} INFO - [0m23:06:24
[2026-03-31T01:06:24.931+0200] {subprocess.py:93} INFO - [0m23:06:24    compiled code at target/compiled/api_bi_project/models/models.yml/accepted_values_silver_payment_83378c4cb60bd3def108896b63bd51b7.sql
[2026-03-31T01:06:24.953+0200] {subprocess.py:93} INFO - [0m23:06:24
[2026-03-31T01:06:24.954+0200] {subprocess.py:93} INFO - [0m23:06:24  Finished running 6 table models, 11 data tests in 0 hours 0 minutes and 1.17 seconds (1.17s).
[2026-03-31T01:06:25.022+0200] {subprocess.py:93} INFO - [0m23:06:25
[2026-03-31T01:06:25.023+0200] {subprocess.py:93} INFO - [0m23:06:25  [31mCompleted with 9 errors and 0 warnings:[0m
[2026-03-31T01:06:25.025+0200] {subprocess.py:93} INFO - [0m23:06:25
[2026-03-31T01:06:25.028+0200] {subprocess.py:93} INFO - [0m23:06:25  [31mFailure in test accepted_values_silver_payments_status__suceeded__failed__refunded (models/models.yml)[0m
[2026-03-31T01:06:25.030+0200] {subprocess.py:93} INFO - [0m23:06:25    Got 1 result, configured to fail if != 0
[2026-03-31T01:06:25.032+0200] {subprocess.py:93} INFO - [0m23:06:25
[2026-03-31T01:06:25.034+0200] {subprocess.py:93} INFO - [0m23:06:25    compiled code at target/compiled/api_bi_project/models/models.yml/accepted_values_silver_payment_83378c4cb60bd3def108896b63bd51b7.sql
[2026-03-31T01:06:25.035+0200] {subprocess.py:93} INFO - [0m23:06:25
[2026-03-31T01:06:25.037+0200] {subprocess.py:93} INFO - [0m23:06:25    Skipping due to fail_fast
[2026-03-31T01:06:25.039+0200] {subprocess.py:93} INFO - [0m23:06:25
[2026-03-31T01:06:25.040+0200] {subprocess.py:93} INFO - [0m23:06:25    Skipping due to fail_fast
[2026-03-31T01:06:25.042+0200] {subprocess.py:93} INFO - [0m23:06:25
[2026-03-31T01:06:25.044+0200] {subprocess.py:93} INFO - [0m23:06:25    Skipping due to fail_fast
[2026-03-31T01:06:25.046+0200] {subprocess.py:93} INFO - [0m23:06:25
[2026-03-31T01:06:25.047+0200] {subprocess.py:93} INFO - [0m23:06:25    Skipping due to fail_fast
[2026-03-31T01:06:25.049+0200] {subprocess.py:93} INFO - [0m23:06:25
[2026-03-31T01:06:25.050+0200] {subprocess.py:93} INFO - [0m23:06:25    Skipping due to fail_fast
[2026-03-31T01:06:25.052+0200] {subprocess.py:93} INFO - [0m23:06:25
[2026-03-31T01:06:25.053+0200] {subprocess.py:93} INFO - [0m23:06:25    Skipping due to fail_fast
[2026-03-31T01:06:25.054+0200] {subprocess.py:93} INFO - [0m23:06:25
[2026-03-31T01:06:25.056+0200] {subprocess.py:93} INFO - [0m23:06:25    Skipping due to fail_fast
[2026-03-31T01:06:25.058+0200] {subprocess.py:93} INFO - [0m23:06:25
[2026-03-31T01:06:25.059+0200] {subprocess.py:93} INFO - [0m23:06:25    Skipping due to fail_fast
[2026-03-31T01:06:25.062+0200] {subprocess.py:93} INFO - [0m23:06:25
[2026-03-31T01:06:25.064+0200] {subprocess.py:93} INFO - [0m23:06:25  Done. PASS=8 WARN=0 ERROR=1 SKIP=8 TOTAL=17
[2026-03-31T01:06:25.859+0200] {subprocess.py:97} INFO - Command exited with return code 1
[2026-03-31T01:06:25.862+0200] {taskinstance.py:441} INFO - ::group::Post task execution logs
[2026-03-31T01:06:25.876+0200] {taskinstance.py:2905} ERROR - Task failed with exception
Traceback (most recent call last):
  File "/home/airflow/.local/lib/python3.11/site-packages/airflow/models/taskinstance.py", line 465, in _execute_task
    result = _execute_callable(context=context, **execute_callable_kwargs)
             ^^^^^^^^^^^^^^^^^^^^^^^^^^^^^^^^^^^^^^^^^^^^^^^^^^^^^^^^^^^^^
  File "/home/airflow/.local/lib/python3.11/site-packages/airflow/models/taskinstance.py", line 432, in _execute_callable
    return execute_callable(context=context, **execute_callable_kwargs)
           ^^^^^^^^^^^^^^^^^^^^^^^^^^^^^^^^^^^^^^^^^^^^^^^^^^^^^^^^^^^^
  File "/home/airflow/.local/lib/python3.11/site-packages/airflow/models/baseoperator.py", line 401, in wrapper
    return func(self, *args, **kwargs)
           ^^^^^^^^^^^^^^^^^^^^^^^^^^^
  File "/home/airflow/.local/lib/python3.11/site-packages/airflow/operators/bash.py", line 243, in execute
    raise AirflowException(
airflow.exceptions.AirflowException: Bash command failed. The command returned a non-zero exit code 1.
[2026-03-31T01:06:25.882+0200] {taskinstance.py:1206} INFO - Marking task as UP_FOR_RETRY. dag_id=etl_api_to_bi, task_id=dbt_build, run_id=scheduled__2026-03-30T22:45:00+00:00, execution_date=20260330T224500, start_date=20260330T230619, end_date=20260330T230625
[2026-03-31T01:06:25.898+0200] {standard_task_runner.py:110} ERROR - Failed to execute job 39 for task dbt_build (Bash command failed. The command returned a non-zero exit code 1.; 870)
[2026-03-31T01:06:25.942+0200] {local_task_job_runner.py:243} INFO - Task exited with return code 1
[2026-03-31T01:06:25.961+0200] {taskinstance.py:3503} INFO - 0 downstream tasks scheduled from follow-on schedule check
[2026-03-31T01:06:25.966+0200] {local_task_job_runner.py:222} INFO - ::endgroup::
