[2026-03-31T02:00:02.480+0200] {local_task_job_runner.py:120} INFO - ::group::Pre task execution logs
[2026-03-31T02:00:02.516+0200] {taskinstance.py:2076} INFO - Dependencies all met for dep_context=non-requeueable deps ti=<TaskInstance: etl_api_to_bi.dbt_deps scheduled__2026-03-30T23:45:00+00:00 [queued]>
[2026-03-31T02:00:02.526+0200] {taskinstance.py:2076} INFO - Dependencies all met for dep_context=requeueable deps ti=<TaskInstance: etl_api_to_bi.dbt_deps scheduled__2026-03-30T23:45:00+00:00 [queued]>
[2026-03-31T02:00:02.527+0200] {taskinstance.py:2306} INFO - Starting attempt 1 of 3
[2026-03-31T02:00:02.545+0200] {taskinstance.py:2330} INFO - Executing <Task(BashOperator): dbt_deps> on 2026-03-30 23:45:00+00:00
[2026-03-31T02:00:02.551+0200] {standard_task_runner.py:64} INFO - Started process 729 to run task
[2026-03-31T02:00:02.554+0200] {standard_task_runner.py:90} INFO - Running: ['airflow', 'tasks', 'run', 'etl_api_to_bi', 'dbt_deps', 'scheduled__2026-03-30T23:45:00+00:00', '--job-id', '88', '--raw', '--subdir', 'DAGS_FOLDER/etl_api_to_bi.py', '--cfg-path', '/tmp/tmp1olbsiax']
[2026-03-31T02:00:02.556+0200] {standard_task_runner.py:91} INFO - Job 88: Subtask dbt_deps
[2026-03-31T02:00:02.632+0200] {task_command.py:426} INFO - Running <TaskInstance: etl_api_to_bi.dbt_deps scheduled__2026-03-30T23:45:00+00:00 [running]> on host 533e6543a790
[2026-03-31T02:00:02.844+0200] {taskinstance.py:2648} INFO - Exporting env vars: AIRFLOW_CTX_DAG_OWNER='data' AIRFLOW_CTX_DAG_ID='etl_api_to_bi' AIRFLOW_CTX_TASK_ID='dbt_deps' AIRFLOW_CTX_EXECUTION_DATE='2026-03-30T23:45:00+00:00' AIRFLOW_CTX_TRY_NUMBER='1' AIRFLOW_CTX_DAG_RUN_ID='scheduled__2026-03-30T23:45:00+00:00'
[2026-03-31T02:00:02.845+0200] {taskinstance.py:430} INFO - ::endgroup::
[2026-03-31T02:00:02.855+0200] {subprocess.py:63} INFO - Tmp dir root location: /tmp
[2026-03-31T02:00:02.857+0200] {subprocess.py:75} INFO - Running command: ['/usr/bin/bash', '-c', "docker exec dbt bash -lc 'cd /usr/app && dbt deps --profiles-dir /root/.dbt'"]
[2026-03-31T02:00:02.866+0200] {subprocess.py:86} INFO - Output:
[2026-03-31T02:00:04.228+0200] {subprocess.py:93} INFO - [0m00:00:04  Running with dbt=1.8.3
[2026-03-31T02:00:04.842+0200] {subprocess.py:93} INFO - [0m00:00:04  Installing dbt-labs/dbt_utils
[2026-03-31T02:00:08.727+0200] {subprocess.py:93} INFO - [0m00:00:08  Installed from version 1.3.3
[2026-03-31T02:00:08.728+0200] {subprocess.py:93} INFO - [0m00:00:08  Up to date!
[2026-03-31T02:00:09.401+0200] {subprocess.py:97} INFO - Command exited with return code 0
[2026-03-31T02:00:09.402+0200] {taskinstance.py:441} INFO - ::group::Post task execution logs
[2026-03-31T02:00:09.457+0200] {taskinstance.py:1206} INFO - Marking task as SUCCESS. dag_id=etl_api_to_bi, task_id=dbt_deps, run_id=scheduled__2026-03-30T23:45:00+00:00, execution_date=20260330T234500, start_date=20260331T000002, end_date=20260331T000009
[2026-03-31T02:00:09.524+0200] {local_task_job_runner.py:243} INFO - Task exited with return code 0
[2026-03-31T02:00:09.538+0200] {local_task_job_runner.py:222} INFO - ::endgroup::
